Log file open, 12/08/20 01:07:47
LogInit: Display: Running engine for game: ProjectFalls
LogPlatformFile: Not using cached read wrapper
LogTaskGraph: Started task graph with 5 named threads and 20 total threads with 3 sets of task threads.
LogStats: Stats thread started at 0.214570
LogD3D11RHI: Loaded GFSDK_Aftermath_Lib.x64.dll
LogICUInternationalization: ICU TimeZone Detection - Raw Offset: -3:00, Platform Override: ''
LogPluginManager: Mounting plugin Paper2D
LogPluginManager: Mounting plugin AISupport
LogPluginManager: Mounting plugin LightPropagationVolume
LogPluginManager: Mounting plugin CameraShakePreviewer
LogPluginManager: Mounting plugin ActorLayerUtilities
LogPluginManager: Mounting plugin AnimationSharing
LogPluginManager: Mounting plugin CLionSourceCodeAccess
LogPluginManager: Mounting plugin CodeLiteSourceCodeAccess
LogPluginManager: Mounting plugin GitSourceControl
LogPluginManager: Mounting plugin KDevelopSourceCodeAccess
LogPluginManager: Mounting plugin NullSourceCodeAccess
LogPluginManager: Mounting plugin PerforceSourceControl
LogPluginManager: Mounting plugin PlasticSourceControl
LogPluginManager: Mounting plugin RiderSourceCodeAccess
LogPluginManager: Mounting plugin SubversionSourceControl
LogPluginManager: Mounting plugin UObjectPlugin
LogPluginManager: Mounting plugin VisualStudioCodeSourceCodeAccess
LogPluginManager: Mounting plugin VisualStudioSourceCodeAccess
LogPluginManager: Mounting plugin XCodeSourceCodeAccess
LogPluginManager: Mounting plugin AssetManagerEditor
LogPluginManager: Mounting plugin CryptoKeys
LogPluginManager: Mounting plugin CurveEditorTools
LogPluginManager: Mounting plugin DataValidation
LogPluginManager: Mounting plugin EditorScriptingUtilities
LogPluginManager: Mounting plugin FacialAnimation
LogPluginManager: Mounting plugin GameplayTagsEditor
LogPluginManager: Mounting plugin GeometryMode
LogPluginManager: Mounting plugin MacGraphicsSwitching
LogPluginManager: Mounting plugin MaterialAnalyzer
LogPluginManager: Mounting plugin MobileLauncherProfileWizard
LogPluginManager: Mounting plugin PluginBrowser
LogPluginManager: Mounting plugin SpeedTreeImporter
LogPluginManager: Mounting plugin DatasmithContent
LogPluginManager: Mounting plugin VariantManagerContent
LogPluginManager: Mounting plugin AlembicImporter
LogPluginManager: Mounting plugin AutomationUtils
LogPluginManager: Mounting plugin BackChannel
LogPluginManager: Mounting plugin ChaosCloth
LogPluginManager: Mounting plugin ChaosClothEditor
LogPluginManager: Mounting plugin ChaosEditor
LogPluginManager: Mounting plugin ChaosNiagara
LogPluginManager: Mounting plugin ChaosSolverPlugin
LogPluginManager: Mounting plugin CharacterAI
LogPluginManager: Mounting plugin GeometryCache
LogPluginManager: Mounting plugin GeometryCollectionPlugin
LogPluginManager: Mounting plugin GeometryProcessing
LogPluginManager: Mounting plugin PlanarCut
LogPluginManager: Mounting plugin PlatformCrypto
LogPluginManager: Mounting plugin ProxyLODPlugin
LogPluginManager: Mounting plugin SkeletalReduction
LogPluginManager: Mounting plugin Niagara
LogPluginManager: Mounting plugin MagicLeap
LogPluginManager: Mounting plugin MagicLeapLightEstimation
LogPluginManager: Mounting plugin MagicLeapMedia
LogPluginManager: Mounting plugin MagicLeapPassableWorld
LogPluginManager: Mounting plugin MLSDK
LogPluginManager: Mounting plugin AndroidMedia
LogPluginManager: Mounting plugin AvfMedia
LogPluginManager: Mounting plugin ImgMedia
LogPluginManager: Mounting plugin MediaCompositing
LogPluginManager: Mounting plugin MediaPlayerEditor
LogPluginManager: Mounting plugin WebMMedia
LogPluginManager: Mounting plugin WmfMedia
LogPluginManager: Mounting plugin MeshPainting
LogPluginManager: Mounting plugin TcpMessaging
LogPluginManager: Mounting plugin UdpMessaging
LogPluginManager: Mounting plugin ActorSequence
LogPluginManager: Mounting plugin LevelSequenceEditor
LogPluginManager: Mounting plugin MatineeToLevelSequence
LogPluginManager: Mounting plugin MovieRenderPipeline
LogPluginManager: Mounting plugin TemplateSequence
LogPluginManager: Mounting plugin NetcodeUnitTest
LogPluginManager: Mounting plugin NUTUnrealEngine4
LogPluginManager: Mounting plugin OnlineSubsystemGooglePlay
LogPluginManager: Mounting plugin OnlineSubsystemIOS
LogPluginManager: Mounting plugin OnlineSubsystem
LogPluginManager: Mounting plugin OnlineSubsystemNull
LogPluginManager: Mounting plugin OnlineSubsystemUtils
LogPluginManager: Mounting plugin LauncherChunkInstaller
LogPluginManager: Mounting plugin AndroidDeviceProfileSelector
LogPluginManager: Mounting plugin AndroidMoviePlayer
LogPluginManager: Mounting plugin AndroidPermission
LogPluginManager: Mounting plugin AppleImageUtils
LogPluginManager: Mounting plugin AppleMoviePlayer
LogPluginManager: Mounting plugin ArchVisCharacter
LogPluginManager: Mounting plugin AssetTags
LogPluginManager: Mounting plugin AudioCapture
LogPluginManager: Mounting plugin CableComponent
LogPluginManager: Mounting plugin CustomMeshComponent
LogPluginManager: Mounting plugin EditableMesh
LogPluginManager: Mounting plugin ExampleDeviceProfileSelector
LogPluginManager: Mounting plugin GoogleCloudMessaging
LogPluginManager: Mounting plugin GooglePAD
LogPluginManager: Mounting plugin IOSDeviceProfileSelector
LogPluginManager: Mounting plugin LinuxDeviceProfileSelector
LogPluginManager: Mounting plugin LocationServicesBPLibrary
LogPluginManager: Mounting plugin MobilePatchingUtils
LogPluginManager: Mounting plugin OculusVR
LogPluginManager: Mounting plugin PhysXVehicles
LogPluginManager: Mounting plugin PostSplashScreen
LogPluginManager: Mounting plugin ProceduralMeshComponent
LogPluginManager: Mounting plugin RuntimePhysXCooking
LogPluginManager: Mounting plugin SignificanceManager
LogPluginManager: Mounting plugin SoundFields
LogPluginManager: Mounting plugin SteamVR
LogPluginManager: Mounting plugin Synthesis
LogPluginManager: Mounting plugin WebMMoviePlayer
LogPluginManager: Mounting plugin WindowsMoviePlayer
LogPluginManager: Mounting plugin ScreenshotTools
LogInit: Using libcurl 7.55.1-DEV
LogInit:  - built for x86_64-pc-win32
LogInit:  - supports SSL with OpenSSL/1.1.1
LogInit:  - supports HTTP deflate (compression) using libz 1.2.8
LogInit:  - other features:
LogInit:      CURL_VERSION_SSL
LogInit:      CURL_VERSION_LIBZ
LogInit:      CURL_VERSION_IPV6
LogInit:      CURL_VERSION_ASYNCHDNS
LogInit:      CURL_VERSION_LARGEFILE
LogInit:      CURL_VERSION_IDN
LogInit:  CurlRequestOptions (configurable via config and command line):
LogInit:  - bVerifyPeer = true  - Libcurl will verify peer certificate
LogInit:  - bUseHttpProxy = false  - Libcurl will NOT use HTTP proxy
LogInit:  - bDontReuseConnections = false  - Libcurl will reuse connections
LogInit:  - MaxHostConnections = 16  - Libcurl will limit the number of connections to a host
LogInit:  - LocalHostAddr = Default
LogInit:  - BufferSize = 65536
LogOnline: OSS: Creating online subsystem instance for: NULL
LogInit: WinSock: version 1.1 (2.2), MaxSocks=32767, MaxUdp=65467
LogOnline: OSS: TryLoadSubsystemAndSetDefault: Loaded subsystem for module [NULL]
LogInit: Build: ++UE4+Release-4.25-CL-14469661
LogInit: Engine Version: 4.25.4-14469661+++UE4+Release-4.25
LogInit: Compatible Engine Version: 4.25.0-13144385+++UE4+Release-4.25
LogInit: Net CL: 13144385
LogInit: OS: Windows 10 (Release 1909) (), CPU: Intel(R) Core(TM) i5-9400F CPU @ 2.90GHz, GPU: NVIDIA GeForce GTX 1050 Ti
LogInit: Compiled (64-bit): Oct 11 2020 08:10:49
LogInit: Compiled with Visual C++: 19.24.28315.00
LogInit: Build Configuration: Development
LogInit: Branch Name: ++UE4+Release-4.25
LogInit: Command Line: 
LogInit: Base Directory: E:/epic/UE_4.25/Engine/Binaries/Win64/
LogInit: Allocator: TBB
LogInit: Installed Engine Build: 1
LogDevObjectVersion: Number of dev versions registered: 26
LogDevObjectVersion:   Dev-Blueprints (B0D832E4-1F89-4F0D-ACCF-7EB736FD4AA2): 10
LogDevObjectVersion:   Dev-Build (E1C64328-A22C-4D53-A36C-8E866417BD8C): 0
LogDevObjectVersion:   Dev-Core (375EC13C-06E4-48FB-B500-84F0262A717E): 4
LogDevObjectVersion:   Dev-Editor (E4B068ED-F494-42E9-A231-DA0B2E46BB41): 38
LogDevObjectVersion:   Dev-Framework (CFFC743F-43B0-4480-9391-14DF171D2073): 37
LogDevObjectVersion:   Dev-Mobile (B02B49B5-BB20-44E9-A304-32B752E40360): 2
LogDevObjectVersion:   Dev-Networking (A4E4105C-59A1-49B5-A7C5-40C4547EDFEE): 0
LogDevObjectVersion:   Dev-Online (39C831C9-5AE6-47DC-9A44-9C173E1C8E7C): 0
LogDevObjectVersion:   Dev-Physics (78F01B33-EBEA-4F98-B9B4-84EACCB95AA2): 4
LogDevObjectVersion:   Dev-Platform (6631380F-2D4D-43E0-8009-CF276956A95A): 0
LogDevObjectVersion:   Dev-Rendering (12F88B9F-8875-4AFC-A67C-D90C383ABD29): 43
LogDevObjectVersion:   Dev-Sequencer (7B5AE74C-D270-4C10-A958-57980B212A5A): 12
LogDevObjectVersion:   Dev-VR (D7296918-1DD6-4BDD-9DE2-64A83CC13884): 3
LogDevObjectVersion:   Dev-LoadTimes (C2A15278-BFE7-4AFE-6C17-90FF531DF755): 1
LogDevObjectVersion:   Private-Geometry (6EACA3D4-40EC-4CC1-B786-8BED09428FC5): 3
LogDevObjectVersion:   Dev-AnimPhys (29E575DD-E0A3-4627-9D10-D276232CDCEA): 17
LogDevObjectVersion:   Dev-Anim (AF43A65D-7FD3-4947-9873-3E8ED9C1BB05): 7
LogDevObjectVersion:   Dev-ReflectionCapture (6B266CEC-1EC7-4B8F-A30B-E4D90942FC07): 1
LogDevObjectVersion:   Dev-Automation (0DF73D61-A23F-47EA-B727-89E90C41499A): 1
LogDevObjectVersion:   FortniteMain (601D1886-AC64-4F84-AA16-D3DE0DEAC7D6): 31
LogDevObjectVersion:   Dev-Enterprise (9DFFBCD6-494F-0158-E221-12823C92A888): 10
LogDevObjectVersion:   Dev-Niagara (F2AED0AC-9AFE-416F-8664-AA7FFA26D6FC): 1
LogDevObjectVersion:   Dev-Destruction (174F1F0B-B4C6-45A5-B13F-2EE8D0FB917D): 10
LogDevObjectVersion:   Dev-Physics-Ext (35F94A83-E258-406C-A318-09F59610247C): 37
LogDevObjectVersion:   Dev-PhysicsMaterial-Chaos (B68FC16E-8B1B-42E2-B453-215C058844FE): 1
LogDevObjectVersion:   Dev-CineCamera (B2E18506-4273-CFC2-A54E-F4BB758BBA07): 1
LogInit: Presizing for max 25165824 objects, including 0 objects not considered by GC, pre-allocating 0 bytes for permanent pool.
LogConfig: Applying CVar settings from Section [/Script/Engine.StreamingSettings] File [E:/Github/TheShadowsFall/ProjectFalls/Saved/Config/Windows/Engine.ini]
LogConfig: Setting CVar [[s.MinBulkDataSizeForAsyncLoading:131072]]
LogConfig: Setting CVar [[s.AsyncLoadingThreadEnabled:0]]
LogConfig: Setting CVar [[s.EventDrivenLoaderEnabled:1]]
LogConfig: Setting CVar [[s.WarnIfTimeLimitExceeded:0]]
LogConfig: Setting CVar [[s.TimeLimitExceededMultiplier:1.5]]
LogConfig: Setting CVar [[s.TimeLimitExceededMinTime:0.005]]
LogConfig: Setting CVar [[s.UseBackgroundLevelStreaming:1]]
LogConfig: Setting CVar [[s.PriorityAsyncLoadingExtraTime:15.0]]
LogConfig: Setting CVar [[s.LevelStreamingActorsUpdateTimeLimit:5.0]]
LogConfig: Setting CVar [[s.PriorityLevelStreamingActorsUpdateExtraTime:5.0]]
LogConfig: Setting CVar [[s.LevelStreamingComponentsRegistrationGranularity:10]]
LogConfig: Setting CVar [[s.UnregisterComponentsTimeLimit:1.0]]
LogConfig: Setting CVar [[s.LevelStreamingComponentsUnregistrationGranularity:5]]
LogConfig: Setting CVar [[s.FlushStreamingOnExit:1]]
LogInit: Object subsystem initialized
LogConfig: Setting CVar [[con.DebugEarlyDefault:1]]
LogConfig: Setting CVar [[r.setres:1280x720]]
[2020.12.08-04.07.47:625][  0]LogConfig: Setting CVar [[r.VSync:0]]
[2020.12.08-04.07.47:625][  0]LogConfig: Setting CVar [[r.RHICmdBypass:0]]
[2020.12.08-04.07.47:625][  0]LogConfig: Applying CVar settings from Section [/Script/Engine.RendererSettings] File [E:/Github/TheShadowsFall/ProjectFalls/Saved/Config/Windows/Engine.ini]
[2020.12.08-04.07.47:625][  0]LogConfig: Setting CVar [[r.GPUCrashDebugging:0]]
[2020.12.08-04.07.47:625][  0]LogConfig: Applying CVar settings from Section [/Script/Engine.RendererOverrideSettings] File [E:/Github/TheShadowsFall/ProjectFalls/Saved/Config/Windows/Engine.ini]
[2020.12.08-04.07.47:625][  0]LogConfig: Applying CVar settings from Section [/Script/Engine.StreamingSettings] File [E:/Github/TheShadowsFall/ProjectFalls/Saved/Config/Windows/Engine.ini]
[2020.12.08-04.07.47:625][  0]LogConfig: Setting CVar [[s.MinBulkDataSizeForAsyncLoading:131072]]
[2020.12.08-04.07.47:625][  0]LogConfig: Setting CVar [[s.AsyncLoadingThreadEnabled:0]]
[2020.12.08-04.07.47:625][  0]LogConfig: Setting CVar [[s.EventDrivenLoaderEnabled:1]]
[2020.12.08-04.07.47:625][  0]LogConfig: Setting CVar [[s.WarnIfTimeLimitExceeded:0]]
[2020.12.08-04.07.47:625][  0]LogConfig: Setting CVar [[s.TimeLimitExceededMultiplier:1.5]]
[2020.12.08-04.07.47:625][  0]LogConfig: Setting CVar [[s.TimeLimitExceededMinTime:0.005]]
[2020.12.08-04.07.47:625][  0]LogConfig: Setting CVar [[s.UseBackgroundLevelStreaming:1]]
[2020.12.08-04.07.47:625][  0]LogConfig: Setting CVar [[s.PriorityAsyncLoadingExtraTime:15.0]]
[2020.12.08-04.07.47:625][  0]LogConfig: Setting CVar [[s.LevelStreamingActorsUpdateTimeLimit:5.0]]
[2020.12.08-04.07.47:625][  0]LogConfig: Setting CVar [[s.PriorityLevelStreamingActorsUpdateExtraTime:5.0]]
[2020.12.08-04.07.47:625][  0]LogConfig: Setting CVar [[s.LevelStreamingComponentsRegistrationGranularity:10]]
[2020.12.08-04.07.47:625][  0]LogConfig: Setting CVar [[s.UnregisterComponentsTimeLimit:1.0]]
[2020.12.08-04.07.47:625][  0]LogConfig: Setting CVar [[s.LevelStreamingComponentsUnregistrationGranularity:5]]
[2020.12.08-04.07.47:625][  0]LogConfig: Setting CVar [[s.FlushStreamingOnExit:1]]
[2020.12.08-04.07.47:625][  0]LogConfig: Applying CVar settings from Section [/Script/Engine.GarbageCollectionSettings] File [E:/Github/TheShadowsFall/ProjectFalls/Saved/Config/Windows/Engine.ini]
[2020.12.08-04.07.47:625][  0]LogConfig: Setting CVar [[gc.MaxObjectsNotConsideredByGC:1]]
[2020.12.08-04.07.47:625][  0]LogConfig: Setting CVar [[gc.SizeOfPermanentObjectPool:0]]
[2020.12.08-04.07.47:625][  0]LogConfig: Setting CVar [[gc.FlushStreamingOnGC:0]]
[2020.12.08-04.07.47:625][  0]LogConfig: Setting CVar [[gc.NumRetriesBeforeForcingGC:10]]
[2020.12.08-04.07.47:625][  0]LogConfig: Setting CVar [[gc.AllowParallelGC:1]]
[2020.12.08-04.07.47:625][  0]LogConfig: Setting CVar [[gc.TimeBetweenPurgingPendingKillObjects:61.1]]
[2020.12.08-04.07.47:625][  0]LogConfig: Setting CVar [[gc.MaxObjectsInEditor:25165824]]
[2020.12.08-04.07.47:625][  0]LogConfig: Setting CVar [[gc.IncrementalBeginDestroyEnabled:1]]
[2020.12.08-04.07.47:625][  0]LogConfig: Setting CVar [[gc.CreateGCClusters:1]]
[2020.12.08-04.07.47:625][  0]LogConfig: Setting CVar [[gc.MinGCClusterSize:5]]
[2020.12.08-04.07.47:625][  0]LogConfig: Setting CVar [[gc.ActorClusteringEnabled:0]]
[2020.12.08-04.07.47:625][  0]LogConfig: Setting CVar [[gc.BlueprintClusteringEnabled:0]]
[2020.12.08-04.07.47:625][  0]LogConfig: Setting CVar [[gc.UseDisregardForGCOnDedicatedServers:0]]
[2020.12.08-04.07.47:625][  0]LogConfig: Applying CVar settings from Section [/Script/Engine.NetworkSettings] File [E:/Github/TheShadowsFall/ProjectFalls/Saved/Config/Windows/Engine.ini]
[2020.12.08-04.07.47:625][  0]LogConfig: Applying CVar settings from Section [/Script/UnrealEd.CookerSettings] File [E:/Github/TheShadowsFall/ProjectFalls/Saved/Config/Windows/Engine.ini]
[2020.12.08-04.07.47:628][  0]LogConfig: Applying CVar settings from Section [ViewDistanceQuality@3] File [E:/Github/TheShadowsFall/ProjectFalls/Saved/Config/Windows/Scalability.ini]
[2020.12.08-04.07.47:628][  0]LogConfig: Setting CVar [[r.SkeletalMeshLODBias:0]]
[2020.12.08-04.07.47:628][  0]LogConfig: Setting CVar [[r.ViewDistanceScale:1.0]]
[2020.12.08-04.07.47:628][  0]LogConfig: Applying CVar settings from Section [AntiAliasingQuality@3] File [E:/Github/TheShadowsFall/ProjectFalls/Saved/Config/Windows/Scalability.ini]
[2020.12.08-04.07.47:628][  0]LogConfig: Setting CVar [[r.PostProcessAAQuality:4]]
[2020.12.08-04.07.47:628][  0]LogConfig: Applying CVar settings from Section [ShadowQuality@3] File [E:/Github/TheShadowsFall/ProjectFalls/Saved/Config/Windows/Scalability.ini]
[2020.12.08-04.07.47:628][  0]LogConfig: Setting CVar [[r.LightFunctionQuality:1]]
[2020.12.08-04.07.47:628][  0]LogConfig: Setting CVar [[r.ShadowQuality:5]]
[2020.12.08-04.07.47:628][  0]LogConfig: Setting CVar [[r.Shadow.CSM.MaxCascades:10]]
[2020.12.08-04.07.47:628][  0]LogConfig: Setting CVar [[r.Shadow.MaxResolution:2048]]
[2020.12.08-04.07.47:628][  0]LogConfig: Setting CVar [[r.Shadow.MaxCSMResolution:2048]]
[2020.12.08-04.07.47:628][  0]LogConfig: Setting CVar [[r.Shadow.RadiusThreshold:0.01]]
[2020.12.08-04.07.47:628][  0]LogConfig: Setting CVar [[r.Shadow.DistanceScale:1.0]]
[2020.12.08-04.07.47:628][  0]LogConfig: Setting CVar [[r.Shadow.CSM.TransitionScale:1.0]]
[2020.12.08-04.07.47:628][  0]LogConfig: Setting CVar [[r.Shadow.PreShadowResolutionFactor:1.0]]
[2020.12.08-04.07.47:629][  0]LogConfig: Setting CVar [[r.DistanceFieldShadowing:1]]
[2020.12.08-04.07.47:629][  0]LogConfig: Setting CVar [[r.DistanceFieldAO:1]]
[2020.12.08-04.07.47:629][  0]LogConfig: Setting CVar [[r.AOQuality:2]]
[2020.12.08-04.07.47:629][  0]LogConfig: Setting CVar [[r.VolumetricFog:1]]
[2020.12.08-04.07.47:629][  0]LogConfig: Setting CVar [[r.VolumetricFog.GridPixelSize:8]]
[2020.12.08-04.07.47:629][  0]LogConfig: Setting CVar [[r.VolumetricFog.GridSizeZ:128]]
[2020.12.08-04.07.47:629][  0]LogConfig: Setting CVar [[r.VolumetricFog.HistoryMissSupersampleCount:4]]
[2020.12.08-04.07.47:629][  0]LogConfig: Setting CVar [[r.LightMaxDrawDistanceScale:1]]
[2020.12.08-04.07.47:629][  0]LogConfig: Setting CVar [[r.CapsuleShadows:1]]
[2020.12.08-04.07.47:629][  0]LogConfig: Applying CVar settings from Section [PostProcessQuality@3] File [E:/Github/TheShadowsFall/ProjectFalls/Saved/Config/Windows/Scalability.ini]
[2020.12.08-04.07.47:629][  0]LogConfig: Setting CVar [[r.MotionBlurQuality:4]]
[2020.12.08-04.07.47:629][  0]LogConfig: Setting CVar [[r.AmbientOcclusionMipLevelFactor:0.4]]
[2020.12.08-04.07.47:629][  0]LogConfig: Setting CVar [[r.AmbientOcclusionMaxQuality:100]]
[2020.12.08-04.07.47:629][  0]LogConfig: Setting CVar [[r.AmbientOcclusionLevels:-1]]
[2020.12.08-04.07.47:629][  0]LogConfig: Setting CVar [[r.AmbientOcclusionRadiusScale:1.0]]
[2020.12.08-04.07.47:629][  0]LogConfig: Setting CVar [[r.DepthOfFieldQuality:2]]
[2020.12.08-04.07.47:629][  0]LogConfig: Setting CVar [[r.RenderTargetPoolMin:400]]
[2020.12.08-04.07.47:629][  0]LogConfig: Setting CVar [[r.LensFlareQuality:2]]
[2020.12.08-04.07.47:629][  0]LogConfig: Setting CVar [[r.SceneColorFringeQuality:1]]
[2020.12.08-04.07.47:629][  0]LogConfig: Setting CVar [[r.EyeAdaptationQuality:2]]
[2020.12.08-04.07.47:629][  0]LogConfig: Setting CVar [[r.BloomQuality:5]]
[2020.12.08-04.07.47:629][  0]LogConfig: Setting CVar [[r.FastBlurThreshold:100]]
[2020.12.08-04.07.47:629][  0]LogConfig: Setting CVar [[r.Upscale.Quality:3]]
[2020.12.08-04.07.47:629][  0]LogConfig: Setting CVar [[r.Tonemapper.GrainQuantization:1]]
[2020.12.08-04.07.47:629][  0]LogConfig: Setting CVar [[r.LightShaftQuality:1]]
[2020.12.08-04.07.47:629][  0]LogConfig: Setting CVar [[r.Filter.SizeScale:1]]
[2020.12.08-04.07.47:629][  0]LogConfig: Setting CVar [[r.Tonemapper.Quality:5]]
[2020.12.08-04.07.47:629][  0]LogConfig: Setting CVar [[r.DOF.Gather.AccumulatorQuality:1        ; higher gathering accumulator quality]]
[2020.12.08-04.07.47:629][  0]LogConfig: Setting CVar [[r.DOF.Gather.PostfilterMethod:1          ; Median3x3 postfilering method]]
[2020.12.08-04.07.47:629][  0]LogConfig: Setting CVar [[r.DOF.Gather.EnableBokehSettings:0       ; no bokeh simulation when gathering]]
[2020.12.08-04.07.47:629][  0]LogConfig: Setting CVar [[r.DOF.Gather.RingCount:4                 ; medium number of samples when gathering]]
[2020.12.08-04.07.47:629][  0]LogConfig: Setting CVar [[r.DOF.Scatter.ForegroundCompositing:1    ; additive foreground scattering]]
[2020.12.08-04.07.47:629][  0]LogConfig: Setting CVar [[r.DOF.Scatter.BackgroundCompositing:2    ; additive background scattering]]
[2020.12.08-04.07.47:629][  0]LogConfig: Setting CVar [[r.DOF.Scatter.EnableBokehSettings:1      ; bokeh simulation when scattering]]
[2020.12.08-04.07.47:629][  0]LogConfig: Setting CVar [[r.DOF.Scatter.MaxSpriteRatio:0.1         ; only a maximum of 10% of scattered bokeh]]
[2020.12.08-04.07.47:629][  0]LogConfig: Setting CVar [[r.DOF.Recombine.Quality:1                ; cheap slight out of focus]]
[2020.12.08-04.07.47:629][  0]LogConfig: Setting CVar [[r.DOF.Recombine.EnableBokehSettings:0    ; no bokeh simulation on slight out of focus]]
[2020.12.08-04.07.47:629][  0]LogConfig: Setting CVar [[r.DOF.TemporalAAQuality:1                ; more stable temporal accumulation]]
[2020.12.08-04.07.47:629][  0]LogConfig: Setting CVar [[r.DOF.Kernel.MaxForegroundRadius:0.025]]
[2020.12.08-04.07.47:629][  0]LogConfig: Setting CVar [[r.DOF.Kernel.MaxBackgroundRadius:0.025]]
[2020.12.08-04.07.47:629][  0]LogConfig: Applying CVar settings from Section [TextureQuality@3] File [E:/Github/TheShadowsFall/ProjectFalls/Saved/Config/Windows/Scalability.ini]
[2020.12.08-04.07.47:629][  0]LogConfig: Setting CVar [[r.Streaming.MipBias:0]]
[2020.12.08-04.07.47:629][  0]LogConfig: Setting CVar [[r.Streaming.AmortizeCPUToGPUCopy:0]]
[2020.12.08-04.07.47:629][  0]LogConfig: Setting CVar [[r.Streaming.MaxNumTexturesToStreamPerFrame:0]]
[2020.12.08-04.07.47:629][  0]LogConfig: Setting CVar [[r.Streaming.Boost:1]]
[2020.12.08-04.07.47:629][  0]LogConfig: Setting CVar [[r.MaxAnisotropy:8]]
[2020.12.08-04.07.47:629][  0]LogConfig: Setting CVar [[r.VT.MaxAnisotropy:8]]
[2020.12.08-04.07.47:629][  0]LogConfig: Setting CVar [[r.Streaming.LimitPoolSizeToVRAM:0]]
[2020.12.08-04.07.47:629][  0]LogConfig: Setting CVar [[r.Streaming.PoolSize:1000]]
[2020.12.08-04.07.47:629][  0]LogConfig: Setting CVar [[r.Streaming.MaxEffectiveScreenSize:0]]
[2020.12.08-04.07.47:629][  0]LogConfig: Applying CVar settings from Section [EffectsQuality@3] File [E:/Github/TheShadowsFall/ProjectFalls/Saved/Config/Windows/Scalability.ini]
[2020.12.08-04.07.47:629][  0]LogConfig: Setting CVar [[r.TranslucencyLightingVolumeDim:64]]
[2020.12.08-04.07.47:629][  0]LogConfig: Setting CVar [[r.RefractionQuality:2]]
[2020.12.08-04.07.47:629][  0]LogConfig: Setting CVar [[r.SSR.Quality:3]]
[2020.12.08-04.07.47:629][  0]LogConfig: Setting CVar [[r.SSR.HalfResSceneColor:0]]
[2020.12.08-04.07.47:629][  0]LogConfig: Setting CVar [[r.SceneColorFormat:4]]
[2020.12.08-04.07.47:629][  0]LogConfig: Setting CVar [[r.DetailMode:2]]
[2020.12.08-04.07.47:629][  0]LogConfig: Setting CVar [[r.TranslucencyVolumeBlur:1]]
[2020.12.08-04.07.47:629][  0]LogConfig: Setting CVar [[r.MaterialQualityLevel:1 ; High quality]]
[2020.12.08-04.07.47:629][  0]LogConfig: Setting CVar [[r.SSS.Scale:1]]
[2020.12.08-04.07.47:629][  0]LogConfig: Setting CVar [[r.SSS.SampleSet:2]]
[2020.12.08-04.07.47:629][  0]LogConfig: Setting CVar [[r.SSS.Quality:1]]
[2020.12.08-04.07.47:629][  0]LogConfig: Setting CVar [[r.SSS.HalfRes:0]]
[2020.12.08-04.07.47:629][  0]LogConfig: Setting CVar [[r.SSGI.Quality:3]]
[2020.12.08-04.07.47:629][  0]LogConfig: Setting CVar [[r.EmitterSpawnRateScale:1.0]]
[2020.12.08-04.07.47:629][  0]LogConfig: Setting CVar [[r.ParticleLightQuality:2]]
[2020.12.08-04.07.47:629][  0]LogConfig: Setting CVar [[r.SkyAtmosphere.AerialPerspectiveLUT.FastApplyOnOpaque:1 ; Always have FastSkyLUT 1 in this case to avoid wrong sky]]
[2020.12.08-04.07.47:629][  0]LogConfig: Setting CVar [[r.SkyAtmosphere.AerialPerspectiveLUT.SampleCountPerSlice:1]]
[2020.12.08-04.07.47:629][  0]LogConfig: Setting CVar [[r.SkyAtmosphere.AerialPerspectiveLUT.DepthResolution:16.0]]
[2020.12.08-04.07.47:629][  0]LogConfig: Setting CVar [[r.SkyAtmosphere.FastSkyLUT:1]]
[2020.12.08-04.07.47:629][  0]LogConfig: Setting CVar [[r.SkyAtmosphere.FastSkyLUT.SampleCountMin:4.0]]
[2020.12.08-04.07.47:629][  0]LogConfig: Setting CVar [[r.SkyAtmosphere.FastSkyLUT.SampleCountMax:32.0]]
[2020.12.08-04.07.47:629][  0]LogConfig: Setting CVar [[r.SkyAtmosphere.SampleCountMin:4.0]]
[2020.12.08-04.07.47:629][  0]LogConfig: Setting CVar [[r.SkyAtmosphere.SampleCountMax:32.0]]
[2020.12.08-04.07.47:629][  0]LogConfig: Setting CVar [[r.SkyAtmosphere.TransmittanceLUT.UseSmallFormat:0]]
[2020.12.08-04.07.47:629][  0]LogConfig: Setting CVar [[r.SkyAtmosphere.TransmittanceLUT.SampleCount:10.0]]
[2020.12.08-04.07.47:629][  0]LogConfig: Setting CVar [[r.SkyAtmosphere.MultiScatteringLUT.SampleCount:15.0]]
[2020.12.08-04.07.47:630][  0]LogConfig: Applying CVar settings from Section [FoliageQuality@3] File [E:/Github/TheShadowsFall/ProjectFalls/Saved/Config/Windows/Scalability.ini]
[2020.12.08-04.07.47:630][  0]LogConfig: Setting CVar [[foliage.DensityScale:1.0]]
[2020.12.08-04.07.47:630][  0]LogConfig: Setting CVar [[grass.DensityScale:1.0]]
[2020.12.08-04.07.47:630][  0]LogConfig: Applying CVar settings from Section [ShadingQuality@3] File [E:/Github/TheShadowsFall/ProjectFalls/Saved/Config/Windows/Scalability.ini]
[2020.12.08-04.07.47:630][  0]LogConfig: Setting CVar [[r.HairStrands.SkyLighting.SampleCount:16]]
[2020.12.08-04.07.47:630][  0]LogConfig: Setting CVar [[r.HairStrands.SkyLighting.JitterIntegration:0]]
[2020.12.08-04.07.47:630][  0]LogConfig: Setting CVar [[r.HairStrands.SkyAO.SampleCount:16]]
[2020.12.08-04.07.47:630][  0]LogConfig: Setting CVar [[r.HairStrands.DeepShadow.SuperSampling:0]]
[2020.12.08-04.07.47:630][  0]LogConfig: Setting CVar [[r.HairStrands.VisibilityPPLL:0]]
[2020.12.08-04.07.47:630][  0]LogConfig: Setting CVar [[r.HairStrands.RasterizationScale:0.5]]
[2020.12.08-04.07.47:630][  0]LogConfig: Setting CVar [[r.HairStrands.VelocityRasterizationScale:1]]
[2020.12.08-04.07.47:630][  0]LogInit: Selected Device Profile: [Windows]
[2020.12.08-04.07.47:630][  0]LogInit: Applying CVar settings loaded from the selected device profile: [Windows]
[2020.12.08-04.07.47:630][  0]LogHAL: Display: Platform has ~ 24 GB [25699905536 / 34359738368 / 24], which maps to Larger [LargestMinGB=32, LargerMinGB=12, DefaultMinGB=8, SmallerMinGB=6, SmallestMinGB=0)
[2020.12.08-04.07.47:630][  0]LogInit: Going up to parent DeviceProfile []
[2020.12.08-04.07.47:630][  0]LogConfig: Applying CVar settings from Section [ViewDistanceQuality@2] File [E:/Github/TheShadowsFall/ProjectFalls/Saved/Config/Windows/Scalability.ini]
[2020.12.08-04.07.47:630][  0]LogConfig: Setting CVar [[r.SkeletalMeshLODBias:0]]
[2020.12.08-04.07.47:630][  0]LogConfig: Setting CVar [[r.ViewDistanceScale:0.8]]
[2020.12.08-04.07.47:630][  0]LogConfig: Applying CVar settings from Section [AntiAliasingQuality@2] File [E:/Github/TheShadowsFall/ProjectFalls/Saved/Config/Windows/Scalability.ini]
[2020.12.08-04.07.47:630][  0]LogConfig: Setting CVar [[r.PostProcessAAQuality:3]]
[2020.12.08-04.07.47:630][  0]LogConfig: Applying CVar settings from Section [ShadowQuality@2] File [E:/Github/TheShadowsFall/ProjectFalls/Saved/Config/Windows/Scalability.ini]
[2020.12.08-04.07.47:630][  0]LogConfig: Setting CVar [[r.LightFunctionQuality:1]]
[2020.12.08-04.07.47:630][  0]LogConfig: Setting CVar [[r.ShadowQuality:5]]
[2020.12.08-04.07.47:630][  0]LogConfig: Setting CVar [[r.Shadow.CSM.MaxCascades:4]]
[2020.12.08-04.07.47:630][  0]LogConfig: Setting CVar [[r.Shadow.MaxResolution:1024]]
[2020.12.08-04.07.47:630][  0]LogConfig: Setting CVar [[r.Shadow.MaxCSMResolution:2048]]
[2020.12.08-04.07.47:630][  0]LogConfig: Setting CVar [[r.Shadow.RadiusThreshold:0.04]]
[2020.12.08-04.07.47:630][  0]LogConfig: Setting CVar [[r.Shadow.DistanceScale:0.85]]
[2020.12.08-04.07.47:630][  0]LogConfig: Setting CVar [[r.Shadow.CSM.TransitionScale:0.8]]
[2020.12.08-04.07.47:630][  0]LogConfig: Setting CVar [[r.Shadow.PreShadowResolutionFactor:0.5]]
[2020.12.08-04.07.47:630][  0]LogConfig: Setting CVar [[r.DistanceFieldShadowing:1]]
[2020.12.08-04.07.47:630][  0]LogConfig: Setting CVar [[r.DistanceFieldAO:1]]
[2020.12.08-04.07.47:630][  0]LogConfig: Setting CVar [[r.AOQuality:1]]
[2020.12.08-04.07.47:630][  0]LogConfig: Setting CVar [[r.VolumetricFog:1]]
[2020.12.08-04.07.47:630][  0]LogConfig: Setting CVar [[r.VolumetricFog.GridPixelSize:16]]
[2020.12.08-04.07.47:630][  0]LogConfig: Setting CVar [[r.VolumetricFog.GridSizeZ:64]]
[2020.12.08-04.07.47:630][  0]LogConfig: Setting CVar [[r.VolumetricFog.HistoryMissSupersampleCount:4]]
[2020.12.08-04.07.47:630][  0]LogConfig: Setting CVar [[r.LightMaxDrawDistanceScale:1]]
[2020.12.08-04.07.47:630][  0]LogConfig: Setting CVar [[r.CapsuleShadows:1]]
[2020.12.08-04.07.47:630][  0]LogConfig: Applying CVar settings from Section [PostProcessQuality@2] File [E:/Github/TheShadowsFall/ProjectFalls/Saved/Config/Windows/Scalability.ini]
[2020.12.08-04.07.47:630][  0]LogConfig: Setting CVar [[r.MotionBlurQuality:3]]
[2020.12.08-04.07.47:630][  0]LogConfig: Setting CVar [[r.AmbientOcclusionMipLevelFactor:0.6]]
[2020.12.08-04.07.47:630][  0]LogConfig: Setting CVar [[r.AmbientOcclusionMaxQuality:100]]
[2020.12.08-04.07.47:630][  0]LogConfig: Setting CVar [[r.AmbientOcclusionLevels:-1]]
[2020.12.08-04.07.47:630][  0]LogConfig: Setting CVar [[r.AmbientOcclusionRadiusScale:1.5]]
[2020.12.08-04.07.47:630][  0]LogConfig: Setting CVar [[r.DepthOfFieldQuality:2]]
[2020.12.08-04.07.47:630][  0]LogConfig: Setting CVar [[r.RenderTargetPoolMin:400]]
[2020.12.08-04.07.47:630][  0]LogConfig: Setting CVar [[r.LensFlareQuality:2]]
[2020.12.08-04.07.47:630][  0]LogConfig: Setting CVar [[r.SceneColorFringeQuality:1]]
[2020.12.08-04.07.47:630][  0]LogConfig: Setting CVar [[r.EyeAdaptationQuality:2]]
[2020.12.08-04.07.47:630][  0]LogConfig: Setting CVar [[r.BloomQuality:5]]
[2020.12.08-04.07.47:630][  0]LogConfig: Setting CVar [[r.FastBlurThreshold:3]]
[2020.12.08-04.07.47:630][  0]LogConfig: Setting CVar [[r.Upscale.Quality:2]]
[2020.12.08-04.07.47:630][  0]LogConfig: Setting CVar [[r.Tonemapper.GrainQuantization:1]]
[2020.12.08-04.07.47:630][  0]LogConfig: Setting CVar [[r.LightShaftQuality:1]]
[2020.12.08-04.07.47:630][  0]LogConfig: Setting CVar [[r.Filter.SizeScale:0.8]]
[2020.12.08-04.07.47:630][  0]LogConfig: Setting CVar [[r.Tonemapper.Quality:5]]
[2020.12.08-04.07.47:630][  0]LogConfig: Setting CVar [[r.DOF.Gather.AccumulatorQuality:0        ; lower gathering accumulator quality]]
[2020.12.08-04.07.47:630][  0]LogConfig: Setting CVar [[r.DOF.Gather.PostfilterMethod:2          ; Max3x3 postfilering method]]
[2020.12.08-04.07.47:630][  0]LogConfig: Setting CVar [[r.DOF.Gather.EnableBokehSettings:0       ; no bokeh simulation when gathering]]
[2020.12.08-04.07.47:630][  0]LogConfig: Setting CVar [[r.DOF.Gather.RingCount:4                 ; medium number of samples when gathering]]
[2020.12.08-04.07.47:630][  0]LogConfig: Setting CVar [[r.DOF.Scatter.ForegroundCompositing:1    ; additive foreground scattering]]
[2020.12.08-04.07.47:630][  0]LogConfig: Setting CVar [[r.DOF.Scatter.BackgroundCompositing:1    ; no background occlusion]]
[2020.12.08-04.07.47:630][  0]LogConfig: Setting CVar [[r.DOF.Scatter.EnableBokehSettings:0      ; no bokeh simulation when scattering]]
[2020.12.08-04.07.47:630][  0]LogConfig: Setting CVar [[r.DOF.Scatter.MaxSpriteRatio:0.04        ; only a maximum of 4% of scattered bokeh]]
[2020.12.08-04.07.47:630][  0]LogConfig: Setting CVar [[r.DOF.Recombine.Quality:0                ; no slight out of focus]]
[2020.12.08-04.07.47:630][  0]LogConfig: Setting CVar [[r.DOF.TemporalAAQuality:0                ; faster temporal accumulation]]
[2020.12.08-04.07.47:630][  0]LogConfig: Setting CVar [[r.DOF.Kernel.MaxForegroundRadius:0.012   ; required because of AccumulatorQuality=0]]
[2020.12.08-04.07.47:630][  0]LogConfig: Setting CVar [[r.DOF.Kernel.MaxBackgroundRadius:0.012   ; required because of AccumulatorQuality=0]]
[2020.12.08-04.07.47:630][  0]LogConfig: Applying CVar settings from Section [TextureQuality@2] File [E:/Github/TheShadowsFall/ProjectFalls/Saved/Config/Windows/Scalability.ini]
[2020.12.08-04.07.47:631][  0]LogConfig: Setting CVar [[r.Streaming.MipBias:0]]
[2020.12.08-04.07.47:631][  0]LogConfig: Setting CVar [[r.Streaming.AmortizeCPUToGPUCopy:0]]
[2020.12.08-04.07.47:631][  0]LogConfig: Setting CVar [[r.Streaming.MaxNumTexturesToStreamPerFrame:0]]
[2020.12.08-04.07.47:631][  0]LogConfig: Setting CVar [[r.Streaming.Boost:1]]
[2020.12.08-04.07.47:631][  0]LogConfig: Setting CVar [[r.MaxAnisotropy:4]]
[2020.12.08-04.07.47:631][  0]LogConfig: Setting CVar [[r.VT.MaxAnisotropy:8]]
[2020.12.08-04.07.47:631][  0]LogConfig: Setting CVar [[r.Streaming.LimitPoolSizeToVRAM:1]]
[2020.12.08-04.07.47:631][  0]LogConfig: Setting CVar [[r.Streaming.PoolSize:800]]
[2020.12.08-04.07.47:631][  0]LogConfig: Setting CVar [[r.Streaming.MaxEffectiveScreenSize:0]]
[2020.12.08-04.07.47:631][  0]LogConfig: Applying CVar settings from Section [EffectsQuality@2] File [E:/Github/TheShadowsFall/ProjectFalls/Saved/Config/Windows/Scalability.ini]
[2020.12.08-04.07.47:631][  0]LogConfig: Setting CVar [[r.TranslucencyLightingVolumeDim:48]]
[2020.12.08-04.07.47:631][  0]LogConfig: Setting CVar [[r.RefractionQuality:2]]
[2020.12.08-04.07.47:631][  0]LogConfig: Setting CVar [[r.SSR.Quality:2]]
[2020.12.08-04.07.47:631][  0]LogConfig: Setting CVar [[r.SSR.HalfResSceneColor:1]]
[2020.12.08-04.07.47:631][  0]LogConfig: Setting CVar [[r.SceneColorFormat:3]]
[2020.12.08-04.07.47:631][  0]LogConfig: Setting CVar [[r.DetailMode:1]]
[2020.12.08-04.07.47:631][  0]LogConfig: Setting CVar [[r.TranslucencyVolumeBlur:1]]
[2020.12.08-04.07.47:631][  0]LogConfig: Setting CVar [[r.MaterialQualityLevel:1 ; High quality]]
[2020.12.08-04.07.47:631][  0]LogConfig: Setting CVar [[r.SSS.Scale:1]]
[2020.12.08-04.07.47:631][  0]LogConfig: Setting CVar [[r.SSS.SampleSet:1]]
[2020.12.08-04.07.47:631][  0]LogConfig: Setting CVar [[r.SSS.Quality:-1]]
[2020.12.08-04.07.47:631][  0]LogConfig: Setting CVar [[r.SSS.HalfRes:1]]
[2020.12.08-04.07.47:631][  0]LogConfig: Setting CVar [[r.SSGI.Quality:2]]
[2020.12.08-04.07.47:631][  0]LogConfig: Setting CVar [[r.EmitterSpawnRateScale:0.5]]
[2020.12.08-04.07.47:631][  0]LogConfig: Setting CVar [[r.ParticleLightQuality:1]]
[2020.12.08-04.07.47:631][  0]LogConfig: Setting CVar [[r.SkyAtmosphere.AerialPerspectiveLUT.FastApplyOnOpaque:1 ; Always have FastSkyLUT 1 in this case to avoid wrong sky]]
[2020.12.08-04.07.47:631][  0]LogConfig: Setting CVar [[r.SkyAtmosphere.AerialPerspectiveLUT.SampleCountPerSlice:1]]
[2020.12.08-04.07.47:631][  0]LogConfig: Setting CVar [[r.SkyAtmosphere.AerialPerspectiveLUT.DepthResolution:16.0]]
[2020.12.08-04.07.47:631][  0]LogConfig: Setting CVar [[r.SkyAtmosphere.FastSkyLUT:1]]
[2020.12.08-04.07.47:631][  0]LogConfig: Setting CVar [[r.SkyAtmosphere.FastSkyLUT.SampleCountMin:4.0]]
[2020.12.08-04.07.47:631][  0]LogConfig: Setting CVar [[r.SkyAtmosphere.FastSkyLUT.SampleCountMax:32.0]]
[2020.12.08-04.07.47:631][  0]LogConfig: Setting CVar [[r.SkyAtmosphere.SampleCountMin:4.0]]
[2020.12.08-04.07.47:631][  0]LogConfig: Setting CVar [[r.SkyAtmosphere.SampleCountMax:32.0]]
[2020.12.08-04.07.47:631][  0]LogConfig: Setting CVar [[r.SkyAtmosphere.TransmittanceLUT.UseSmallFormat:0]]
[2020.12.08-04.07.47:631][  0]LogConfig: Setting CVar [[r.SkyAtmosphere.TransmittanceLUT.SampleCount:10.0]]
[2020.12.08-04.07.47:631][  0]LogConfig: Setting CVar [[r.SkyAtmosphere.MultiScatteringLUT.SampleCount:15.0]]
[2020.12.08-04.07.47:631][  0]LogConfig: Applying CVar settings from Section [FoliageQuality@2] File [E:/Github/TheShadowsFall/ProjectFalls/Saved/Config/Windows/Scalability.ini]
[2020.12.08-04.07.47:631][  0]LogConfig: Setting CVar [[foliage.DensityScale:0.8]]
[2020.12.08-04.07.47:631][  0]LogConfig: Setting CVar [[grass.DensityScale:0.8]]
[2020.12.08-04.07.47:631][  0]LogConfig: Applying CVar settings from Section [ShadingQuality@2] File [E:/Github/TheShadowsFall/ProjectFalls/Saved/Config/Windows/Scalability.ini]
[2020.12.08-04.07.47:631][  0]LogConfig: Setting CVar [[r.HairStrands.SkyLighting.SampleCount:16]]
[2020.12.08-04.07.47:631][  0]LogConfig: Setting CVar [[r.HairStrands.SkyLighting.JitterIntegration:0]]
[2020.12.08-04.07.47:631][  0]LogConfig: Setting CVar [[r.HairStrands.SkyAO.SampleCount:16]]
[2020.12.08-04.07.47:631][  0]LogConfig: Setting CVar [[r.HairStrands.DeepShadow.SuperSampling:0]]
[2020.12.08-04.07.47:631][  0]LogConfig: Setting CVar [[r.HairStrands.VisibilityPPLL:0]]
[2020.12.08-04.07.47:631][  0]LogConfig: Setting CVar [[r.HairStrands.RasterizationScale:0.5]]
[2020.12.08-04.07.47:631][  0]LogConfig: Setting CVar [[r.HairStrands.VelocityRasterizationScale:1]]
[2020.12.08-04.07.47:631][  0]LogConfig: Applying CVar settings from Section [Startup] File [../../../Engine/Config/ConsoleVariables.ini]
[2020.12.08-04.07.47:632][  0]LogConfig: Setting CVar [[net.UseAdaptiveNetUpdateFrequency:0]]
[2020.12.08-04.07.47:632][  0]LogConfig: Setting CVar [[p.chaos.AllowCreatePhysxBodies:1]]
[2020.12.08-04.07.47:632][  0]LogConfig: Setting CVar [[fx.SkipVectorVMBackendOptimizations:1]]
[2020.12.08-04.07.47:632][  0]LogConfig: Applying CVar settings from Section [ConsoleVariables] File [E:/Github/TheShadowsFall/ProjectFalls/Saved/Config/Windows/Engine.ini]
[2020.12.08-04.07.47:632][  0]LogInit: Computer: BACON_PC
[2020.12.08-04.07.47:632][  0]LogInit: User: Kaue
[2020.12.08-04.07.47:632][  0]LogInit: CPU Page size=4096, Cores=6
[2020.12.08-04.07.47:632][  0]LogInit: High frequency timer resolution =10.000000 MHz
[2020.12.08-04.07.47:632][  0]LogMemory: Memory total: Physical=23.9GB (24GB approx)
[2020.12.08-04.07.47:632][  0]LogMemory: Platform Memory Stats for Windows
[2020.12.08-04.07.47:632][  0]LogMemory: Process Physical Memory: 113.94 MB used, 113.94 MB peak
[2020.12.08-04.07.47:632][  0]LogMemory: Process Virtual Memory: 95.85 MB used, 95.85 MB peak
[2020.12.08-04.07.47:632][  0]LogMemory: Physical Memory: 6407.91 MB used,  18101.43 MB free, 24509.34 MB total
[2020.12.08-04.07.47:632][  0]LogMemory: Virtual Memory: 5102.78 MB used,  134212624.00 MB free, 134217728.00 MB total
[2020.12.08-04.07.47:639][  0]LogWindows: WindowsPlatformFeatures enabled
[2020.12.08-04.07.47:732][  0]LogInit: Physics initialised using underlying interface: PhysX
[2020.12.08-04.07.47:734][  0]LogInit: Overriding language with editor language configuration option (en).
[2020.12.08-04.07.47:734][  0]LogInit: Overriding locale with editor locale configuration option (en).
[2020.12.08-04.07.47:908][  0]LogInit: Setting process to per monitor DPI aware
[2020.12.08-04.07.47:945][  0]LogSlate: New Slate User Created.  User Index 0, Is Virtual User: 0
[2020.12.08-04.07.47:945][  0]LogSlate: Slate User Registered.  User Index 0, Is Virtual User: 0
[2020.12.08-04.07.48:215][  0]LogHMD: Failed to initialize OpenVR with code 110
[2020.12.08-04.07.48:215][  0]LogD3D11RHI: D3D11 min allowed feature level: 11_0
[2020.12.08-04.07.48:215][  0]LogD3D11RHI: D3D11 max allowed feature level: 11_0
[2020.12.08-04.07.48:216][  0]LogD3D11RHI: D3D11 adapters:
[2020.12.08-04.07.48:285][  0]LogD3D11RHI:    0. 'NVIDIA GeForce GTX 1050 Ti' (Feature Level 11_0)
[2020.12.08-04.07.48:285][  0]LogD3D11RHI:       4018/0/12254 MB DedicatedVideo/DedicatedSystem/SharedSystem, Outputs:1, VendorId:0x10de
[2020.12.08-04.07.48:288][  0]LogD3D11RHI:    1. 'Microsoft Basic Render Driver' (Feature Level 11_0)
[2020.12.08-04.07.48:288][  0]LogD3D11RHI:       0/0/12254 MB DedicatedVideo/DedicatedSystem/SharedSystem, Outputs:0, VendorId:0x1414
[2020.12.08-04.07.48:288][  0]LogD3D11RHI: Chosen D3D11 Adapter: 0
[2020.12.08-04.07.48:294][  0]LogD3D11RHI: Creating new Direct3DDevice
[2020.12.08-04.07.48:294][  0]LogD3D11RHI:     GPU DeviceId: 0x1c82 (for the marketing name, search the web for "GPU Device Id")
[2020.12.08-04.07.48:294][  0]LogWindows: EnumDisplayDevices:
[2020.12.08-04.07.48:294][  0]LogWindows:    0. 'NVIDIA GeForce GTX 1050 Ti' (P:1 D:1)
[2020.12.08-04.07.48:295][  0]LogWindows:    1. 'NVIDIA GeForce GTX 1050 Ti' (P:0 D:0)
[2020.12.08-04.07.48:295][  0]LogWindows:    2. 'NVIDIA GeForce GTX 1050 Ti' (P:0 D:0)
[2020.12.08-04.07.48:296][  0]LogWindows:    3. 'NVIDIA GeForce GTX 1050 Ti' (P:0 D:0)
[2020.12.08-04.07.48:296][  0]LogWindows: DebugString: FoundDriverCount:4 
[2020.12.08-04.07.48:296][  0]LogD3D11RHI:     Adapter Name: NVIDIA GeForce GTX 1050 Ti
[2020.12.08-04.07.48:296][  0]LogD3D11RHI:   Driver Version: 457.51 (internal:27.21.14.5751, unified:457.51)
[2020.12.08-04.07.48:296][  0]LogD3D11RHI:      Driver Date: 11-22-2020
[2020.12.08-04.07.48:296][  0]LogRHI: Texture pool is 2812 MB (70% of 4018 MB)
[2020.12.08-04.07.48:335][  0]LogD3D11RHI: RHI has support for 64 bit atomics
[2020.12.08-04.07.48:335][  0]LogD3D11RHI: Async texture creation enabled
[2020.12.08-04.07.48:335][  0]LogD3D11RHI: Array index from any shader is supported
[2020.12.08-04.07.48:337][  0]LogD3D11RHI: HDR output is supported on display 0 (NvId: 0x80061082).
[2020.12.08-04.07.48:362][  0]LogD3D11RHI: GPU Timing Frequency: 1000.000000 (Debug: 2 1)
[2020.12.08-04.07.48:750][  0]LogTargetPlatformManager: Display: Loaded TargetPlatform 'AllDesktop'
[2020.12.08-04.07.48:773][  0]LogTargetPlatformManager: Display: Loaded TargetPlatform 'Android'
[2020.12.08-04.07.48:773][  0]LogTargetPlatformManager: Display: Loaded TargetPlatform 'Android_ASTC'
[2020.12.08-04.07.48:773][  0]LogTargetPlatformManager: Display: Loaded TargetPlatform 'Android_DXT'
[2020.12.08-04.07.48:773][  0]LogTargetPlatformManager: Display: Loaded TargetPlatform 'Android_ETC2'
[2020.12.08-04.07.48:773][  0]LogTargetPlatformManager: Display: Loaded TargetPlatform 'AndroidClient'
[2020.12.08-04.07.48:773][  0]LogTargetPlatformManager: Display: Loaded TargetPlatform 'Android_ASTCClient'
[2020.12.08-04.07.48:773][  0]LogTargetPlatformManager: Display: Loaded TargetPlatform 'Android_DXTClient'
[2020.12.08-04.07.48:773][  0]LogTargetPlatformManager: Display: Loaded TargetPlatform 'Android_ETC2Client'
[2020.12.08-04.07.48:773][  0]LogTargetPlatformManager: Display: Loaded TargetPlatform 'Android_Multi'
[2020.12.08-04.07.48:773][  0]LogTargetPlatformManager: Display: Loaded TargetPlatform 'Android_MultiClient'
[2020.12.08-04.07.48:800][  0]LogTargetPlatformManager: Display: Loaded TargetPlatform 'IOSClient'
[2020.12.08-04.07.48:800][  0]LogTargetPlatformManager: Display: Loaded TargetPlatform 'IOS'
[2020.12.08-04.07.48:813][  0]LogTargetPlatformManager: Display: Loaded TargetPlatform 'Linux'
[2020.12.08-04.07.48:824][  0]LogTargetPlatformManager: Display: Loaded TargetPlatform 'LinuxNoEditor'
[2020.12.08-04.07.48:835][  0]LogTargetPlatformManager: Display: Loaded TargetPlatform 'LinuxClient'
[2020.12.08-04.07.48:845][  0]LogTargetPlatformManager: Display: Loaded TargetPlatform 'LinuxServer'
[2020.12.08-04.07.48:855][  0]LogTargetPlatformManager: Display: Loaded TargetPlatform 'LinuxAArch64NoEditor'
[2020.12.08-04.07.48:866][  0]LogTargetPlatformManager: Display: Loaded TargetPlatform 'LinuxAArch64Client'
[2020.12.08-04.07.48:876][  0]LogTargetPlatformManager: Display: Loaded TargetPlatform 'LinuxAArch64Server'
[2020.12.08-04.07.48:907][  0]LogTargetPlatformManager: Display: Loaded TargetPlatform 'Lumin'
[2020.12.08-04.07.48:907][  0]LogTargetPlatformManager: Display: Loaded TargetPlatform 'LuminClient'
[2020.12.08-04.07.48:926][  0]LogTargetPlatformManager: Display: Loaded TargetPlatform 'TVOSClient'
[2020.12.08-04.07.48:926][  0]LogTargetPlatformManager: Display: Loaded TargetPlatform 'TVOS'
[2020.12.08-04.07.48:937][  0]LogTargetPlatformManager: Display: Loaded TargetPlatform 'WindowsNoEditor'
[2020.12.08-04.07.48:949][  0]LogTargetPlatformManager: Display: Loaded TargetPlatform 'Windows'
[2020.12.08-04.07.48:960][  0]LogTargetPlatformManager: Display: Loaded TargetPlatform 'WindowsClient'
[2020.12.08-04.07.48:971][  0]LogTargetPlatformManager: Display: Loaded TargetPlatform 'WindowsServer'
[2020.12.08-04.07.48:971][  0]LogTargetPlatformManager: Display: Building Assets For Windows
[2020.12.08-04.07.48:982][  0]LogAudioDebug: Display: Lib vorbis DLL was dynamically loaded.
[2020.12.08-04.07.49:074][  0]LogShaderCompilers: Guid format shader working directory is -5 characters bigger than the processId version (../../../../../Github/TheShadowsFall/ProjectFalls/Intermediate/Shaders/WorkingDirectory/12848/).
[2020.12.08-04.07.49:074][  0]LogShaderCompilers: Cleaned the shader compiler working directory 'C:/Users/Kaue/AppData/Local/Temp/UnrealShaderWorkingDir/BDF97974458870019D1E578BEEA899B1/'.
[2020.12.08-04.07.49:075][  0]LogXGEController: Cleaning working directory: C:/Users/Kaue/AppData/Local/Temp/UnrealXGEWorkingDir/
[2020.12.08-04.07.49:075][  0]LogXGEController: Cannot use XGE Controller as Incredibuild is not installed on this machine.
[2020.12.08-04.07.49:075][  0]LogShaderCompilers: Cannot use XGE Shader Compiler as Incredibuild is not installed on this machine.
[2020.12.08-04.07.49:075][  0]LogShaderCompilers: Display: Using Local Shader Compiler.
[2020.12.08-04.07.49:820][  0]LogDerivedDataCache: Display: Max Cache Size: 512 MB
[2020.12.08-04.07.49:871][  0]LogDerivedDataCache: Loaded boot cache 0.05s 75MB C:/Users/Kaue/AppData/Local/UnrealEngine/4.25/DerivedDataCache/Boot.ddc.
[2020.12.08-04.07.49:871][  0]LogDerivedDataCache: Display: Loaded Boot cache: C:/Users/Kaue/AppData/Local/UnrealEngine/4.25/DerivedDataCache/Boot.ddc
[2020.12.08-04.07.49:871][  0]LogDerivedDataCache: FDerivedDataBackendGraph:  Pak pak cache file ../../../../../Github/TheShadowsFall/ProjectFalls/DerivedDataCache/DDC.ddp not found, will not use a pak cache.
[2020.12.08-04.07.49:871][  0]LogDerivedDataCache: Unable to find inner node Pak for hierarchical cache Hierarchy.
[2020.12.08-04.07.49:871][  0]LogDerivedDataCache: FDerivedDataBackendGraph:  CompressedPak pak cache file ../../../../../Github/TheShadowsFall/ProjectFalls/DerivedDataCache/Compressed.ddp not found, will not use a pak cache.
[2020.12.08-04.07.49:871][  0]LogDerivedDataCache: Unable to find inner node CompressedPak for hierarchical cache Hierarchy.
[2020.12.08-04.07.49:881][  0]LogDerivedDataCache: Display: Pak cache opened for reading ../../../Engine/DerivedDataCache/Compressed.ddp.
[2020.12.08-04.07.49:881][  0]LogDerivedDataCache: FDerivedDataBackendGraph:  EnterprisePak pak cache file ../../../Enterprise/DerivedDataCache/Compressed.ddp not found, will not use a pak cache.
[2020.12.08-04.07.49:881][  0]LogDerivedDataCache: Unable to find inner node EnterprisePak for hierarchical cache Hierarchy.
[2020.12.08-04.07.49:882][  0]LogDerivedDataCache: Using Local data cache path C:/Users/Kaue/AppData/Local/UnrealEngine/Common/DerivedDataCache: Writable
[2020.12.08-04.07.49:882][  0]LogDerivedDataCache: Shared data cache path not found in *engine.ini, will not use an Shared cache.
[2020.12.08-04.07.49:882][  0]LogDerivedDataCache: Unable to find inner node Shared for hierarchical cache Hierarchy.
[2020.12.08-04.07.49:928][  0]LogSlate: Using FreeType 2.10.0
[2020.12.08-04.07.49:929][  0]LogSlate: SlateFontServices - WITH_FREETYPE: 1, WITH_HARFBUZZ: 1
[2020.12.08-04.07.49:960][  0]LogAssetRegistry: FAssetRegistry took 0.0027 seconds to start up
[2020.12.08-04.07.50:183][  0]LogInit: Selected Device Profile: [Windows]
[2020.12.08-04.07.50:300][  0]LogMeshReduction: Using QuadricMeshReduction for automatic static mesh reduction
[2020.12.08-04.07.50:300][  0]LogMeshReduction: Using SimplygonMeshReduction for automatic skeletal mesh reduction
[2020.12.08-04.07.50:300][  0]LogMeshReduction: Using ProxyLODMeshReduction for automatic mesh merging
[2020.12.08-04.07.50:300][  0]LogMeshReduction: No distributed automatic mesh merging module available
[2020.12.08-04.07.50:300][  0]LogMeshMerging: No distributed automatic mesh merging module available
[2020.12.08-04.07.50:316][  0]LogNetVersion: ProjectFalls 1.0.0, NetCL: 13144385, EngineNetVer: 14, GameNetVer: 0 (Checksum: 4208646214)
[2020.12.08-04.07.50:770][  0]LogAISub: UAISubsystem::UAISubsystem AISubsystem (0000026230F21BC0), frame # 0
[2020.12.08-04.07.50:770][  0]LogAISub: UAISubsystem::UAISubsystem AIPerceptionSystem (0000026230E66AC0), frame # 0
[2020.12.08-04.07.50:771][  0]LogAISub: UAISubsystem::UAISubsystem EnvQueryManager (0000026230EBDE00), frame # 0
[2020.12.08-04.07.50:812][  0]LogPackageLocalizationCache: Processed 19 localized package path(s) for 1 prioritized culture(s) in 0.035572 seconds
[2020.12.08-04.07.50:817][  0]LogUObjectArray: 15917 objects as part of root set at end of initial load.
[2020.12.08-04.07.50:817][  0]LogUObjectAllocator: 3965568 out of 0 bytes used by permanent object pool.
[2020.12.08-04.07.50:817][  0]LogUObjectArray: CloseDisregardForGC: 0/0 objects in disregard for GC pool
[2020.12.08-04.07.51:267][  0]LogTcpMessaging: Initializing TcpMessaging bridge
[2020.12.08-04.07.51:273][  0]LogUdpMessaging: Initializing bridge on interface 0.0.0.0:0 to multicast group 230.0.0.1:6666.
[2020.12.08-04.07.51:365][  0]SourceControl: Source control is disabled
[2020.12.08-04.07.51:365][  0]SourceControl: Source control is disabled
[2020.12.08-04.07.51:369][  0]SourceControl: Source control is disabled
[2020.12.08-04.07.51:373][  0]SourceControl: Source control is disabled
[2020.12.08-04.07.51:381][  0]SourceControl: Source control is disabled
[2020.12.08-04.07.51:398][  0]LogVSAccessor: Display: Unable to create Visual Studio setup instance: 80040154
[2020.12.08-04.07.51:398][  0]LogVSAccessor: Display: Unable to create Visual Studio setup instance: 80040154
[2020.12.08-04.07.51:703][  0]LogAndroidPermission: UAndroidPermissionCallbackProxy::GetInstance
[2020.12.08-04.07.51:728][  0]LogAudioCaptureCore: Display: No Audio Capture implementations found. Audio input will be silent.
[2020.12.08-04.07.51:728][  0]LogAudioCaptureCore: Display: No Audio Capture implementations found. Audio input will be silent.
[2020.12.08-04.07.51:790][  0]LogOcInput: OculusInput pre-init called
[2020.12.08-04.07.51:808][  0]LogWindows: Failed to load 'OVRPlugin.dll' (GetLastError=126)
[2020.12.08-04.07.51:808][  0]LogWindows: File 'OVRPlugin.dll' does not exist
[2020.12.08-04.07.51:871][  0]LogEngine: Initializing Engine...
[2020.12.08-04.07.51:872][  0]LogHMD: Failed to initialize OpenVR with code 110
[2020.12.08-04.07.51:872][  0]LogMagicLeap: Warning: VR disabled because ZI is not enabled.  To enable, in the editor, Edit -> Project Settings -> Plugins -> Magic Leap Plugin -> Enable Zero Iteration
[2020.12.08-04.07.51:873][  0]LogStats: UGameplayTagsManager::InitializeManager -  0.000 s
[2020.12.08-04.07.51:990][  0]LogInit: Initializing FReadOnlyCVARCache
[2020.12.08-04.07.51:999][  0]LogAIModule: Creating AISystem for world Untitled
[2020.12.08-04.07.51:999][  0]LogAISub: UAISubsystem::UAISubsystem EnvQueryManager (0000026234700600), frame # 0
[2020.12.08-04.07.51:999][  0]LogAISub: UAISubsystem::UAISubsystem AIPerceptionSystem (0000026234718900), frame # 0
[2020.12.08-04.07.52:017][  0]LogAudioMixer: Display: Audio Mixer Platform Settings:
[2020.12.08-04.07.52:017][  0]LogAudioMixer: Display: 	Sample Rate:						  48000
[2020.12.08-04.07.52:017][  0]LogAudioMixer: Display: 	Callback Buffer Frame Size Requested: 1024
[2020.12.08-04.07.52:017][  0]LogAudioMixer: Display: 	Callback Buffer Frame Size To Use:	  1024
[2020.12.08-04.07.52:017][  0]LogAudioMixer: Display: 	Number of buffers to queue:			  2
[2020.12.08-04.07.52:017][  0]LogAudioMixer: Display: 	Max Channels (voices):				  32
[2020.12.08-04.07.52:017][  0]LogAudioMixer: Display: 	Number of Async Source Workers:		  0
[2020.12.08-04.07.52:017][  0]LogAudio: Display: AudioDevice MaxSources: 32
[2020.12.08-04.07.52:017][  0]LogAudio: Display: Using built-in audio occlusion.
[2020.12.08-04.07.52:017][  0]LogAudioMixer: Display: Initializing audio mixer.
[2020.12.08-04.07.52:054][  0]LogAudioMixer: Display: 0: FrontLeft
[2020.12.08-04.07.52:054][  0]LogAudioMixer: Display: 1: FrontRight
[2020.12.08-04.07.52:148][  0]LogAudioMixer: Display: Using Audio Device LG HDR WFHD (NVIDIA High Definition Audio)
[2020.12.08-04.07.52:151][  0]LogAudioMixer: Display: Initializing Sound Submixes...
[2020.12.08-04.07.52:154][  0]LogAudioMixer: Display: Creating Master Submix 'MasterSubmixDefault'
[2020.12.08-04.07.52:154][  0]LogAudioMixer: Display: Creating Master Submix 'MasterReverbSubmixDefault'
[2020.12.08-04.07.52:155][  0]LogAudioMixer: Display: Creating Master Submix 'MasterEQSubmixDefault'
[2020.12.08-04.07.52:156][  0]LogInit: FAudioDevice initialized.
[2020.12.08-04.07.52:156][  0]LogNetVersion: Set ProjectVersion to 1.0.0.0. Version Checksum will be recalculated on next use.
[2020.12.08-04.07.52:231][  0]LogDerivedDataCache: Saved boot cache 0.08s 75MB C:/Users/Kaue/AppData/Local/UnrealEngine/4.25/DerivedDataCache/Boot.ddc.
[2020.12.08-04.07.52:235][  0]LogInit: Texture streaming: Enabled
[2020.12.08-04.07.52:262][  0]LogEngineSessionManager: EngineSessionManager initialized
[2020.12.08-04.07.52:262][  0]LogEngineSessionManager: EngineSessionManager sent abnormal shutdown report. Type=Crashed, SessionId={99A69A91-4366-1F38-6384-0799F8955B02}
[2020.12.08-04.07.52:262][  0]LogEditorSessionSummary: Verbose: Initializing EditorSessionSummaryWriter for editor session tracking
[2020.12.08-04.07.52:280][  0]LogEditorSessionSummary: EditorSessionSummaryWriter initialized
[2020.12.08-04.07.52:319][  0]LogInit: Transaction tracking system initialized
[2020.12.08-04.07.52:347][  0]BlueprintLog: New page: Editor Load
[2020.12.08-04.07.52:433][  0]LocalizationService: Localization service is disabled
[2020.12.08-04.07.52:532][  0]LogVSAccessor: Display: Unable to create Visual Studio setup instance: 80040154
[2020.12.08-04.07.52:533][  0]LogVSAccessor: Display: Unable to create Visual Studio setup instance: 80040154
[2020.12.08-04.07.52:620][  0]LogCook: Display: Max memory allowance for cook 16384mb min free memory 0mb
[2020.12.08-04.07.52:620][  0]LogCook: Display: Mobile HDR setting 1
[2020.12.08-04.07.52:733][  0]LogFileCache: Scanning file cache for directory 'E:/Github/TheShadowsFall/ProjectFalls/Content/' took 0.01s
[2020.12.08-04.07.53:018][  0]SourceControl: Source control is disabled
[2020.12.08-04.07.53:018][  0]LogUnrealEdMisc: Loading editor; pre map load, took 8.161
[2020.12.08-04.07.53:018][  0]Cmd: MAP LOAD FILE="../../../../../Github/TheShadowsFall/ProjectFalls/Content/ThirdPersonBP/Maps/ThirdPersonExampleMap.umap" TEMPLATE=0 SHOWPROGRESS=1 FEATURELEVEL=3
[2020.12.08-04.07.53:018][  0]LightingResults: New page: Lighting Build
[2020.12.08-04.07.53:019][  0]LogWorld: UWorld::CleanupWorld for Untitled, bSessionEnded=true, bCleanupResources=true
[2020.12.08-04.07.53:019][  0]LogSlate: InvalidateAllWidgets triggered.  All widgets were invalidated
[2020.12.08-04.07.53:019][  0]MapCheck: New page: Map Check
[2020.12.08-04.07.53:019][  0]LightingResults: New page: Lighting Build
[2020.12.08-04.07.53:028][  0]LogAISub: UAISubsystem::~UAISubsystem EnvQueryManager (0000026234700600), frame # 0
[2020.12.08-04.07.53:028][  0]LogAISub: UAISubsystem::~UAISubsystem AIPerceptionSystem (0000026234718900), frame # 0
[2020.12.08-04.07.53:029][  0]LogUObjectHash: Compacting FUObjectHashTables data took   0.58ms
[2020.12.08-04.07.53:556][  0]LogAIModule: Creating AISystem for world ThirdPersonExampleMap
[2020.12.08-04.07.53:556][  0]LogAISub: UAISubsystem::UAISubsystem EnvQueryManager (0000026226A6A400), frame # 0
[2020.12.08-04.07.53:556][  0]LogAISub: UAISubsystem::UAISubsystem AIPerceptionSystem (00000262210E39C0), frame # 0
[2020.12.08-04.07.53:565][  0]LogEditorServer: Finished looking for orphan Actors (0.000 secs)
[2020.12.08-04.07.53:576][  0]LogUObjectHash: Compacting FUObjectHashTables data took   0.86ms
[2020.12.08-04.07.53:577][  0]Cmd: MAP CHECKDEP NOCLEARLOG
[2020.12.08-04.07.53:577][  0]MapCheck: Map check complete: 0 Error(s), 0 Warning(s), took 0.244ms to complete.
[2020.12.08-04.07.53:577][  0]LogFileHelpers: Loading map 'ThirdPersonExampleMap' took 0.560
[2020.12.08-04.07.53:579][  0]LogUnrealEdMisc: Total Editor Startup Time, took 8.722
[2020.12.08-04.07.53:722][  0]LogSlate: Updating window title bar state: overlay mode, drag disabled, window buttons hidden, title bar hidden
[2020.12.08-04.07.53:728][  0]LogSlate: Updating window title bar state: overlay mode, drag disabled, window buttons hidden, title bar hidden
[2020.12.08-04.07.53:734][  0]LogSlate: Updating window title bar state: overlay mode, drag disabled, window buttons hidden, title bar hidden
[2020.12.08-04.07.53:741][  0]LogSlate: Updating window title bar state: overlay mode, drag disabled, window buttons hidden, title bar hidden
[2020.12.08-04.07.53:755][  0]LogCollectionManager: Loaded 0 collections in 0.001029 seconds
[2020.12.08-04.07.53:769][  0]LogFileCache: Scanning file cache for directory 'E:/Github/TheShadowsFall/ProjectFalls/Saved/Collections/' took 0.00s
[2020.12.08-04.07.53:769][  0]LogFileCache: Scanning file cache for directory 'E:/Github/TheShadowsFall/ProjectFalls/Content/Developers/Kaue/Collections/' took 0.00s
[2020.12.08-04.07.53:769][  0]LogFileCache: Scanning file cache for directory 'E:/Github/TheShadowsFall/ProjectFalls/Content/Collections/' took 0.00s
[2020.12.08-04.07.53:769][  0]LogContentBrowser: Native class hierarchy populated in 0.0081 seconds. Added 3427 classes and 821 folders.
[2020.12.08-04.07.53:772][  0]LogContentBrowser: Native class hierarchy updated for 'WidgetCarousel' in 0.0003 seconds. Added 0 classes and 0 folders.
[2020.12.08-04.07.53:881][  0]LogContentBrowser: Native class hierarchy updated for 'AddContentDialog' in 0.0003 seconds. Added 0 classes and 0 folders.
[2020.12.08-04.07.53:883][  0]LogContentBrowser: Native class hierarchy updated for 'SceneOutliner' in 0.0003 seconds. Added 2 classes and 0 folders.
[2020.12.08-04.07.54:038][  0]LogSlate: Took 0.000240 seconds to synchronously load lazily loaded font '../../../Engine/Content/Slate/Fonts/Roboto-Regular.ttf' (155K)
[2020.12.08-04.07.54:039][  0]LogSlate: Took 0.000231 seconds to synchronously load lazily loaded font '../../../Engine/Content/Slate/Fonts/Roboto-Bold.ttf' (160K)
[2020.12.08-04.07.54:043][  0]LogSlate: Took 0.000274 seconds to synchronously load lazily loaded font '../../../Engine/Content/Editor/Slate/Fonts/FontAwesome.ttf' (139K)
[2020.12.08-04.07.54:104][  0]LogRenderer: Reallocating scene render targets to support 1704x532 Format 9 NumSamples 1 (Frame:1).
[2020.12.08-04.07.54:212][  0]LogContentBrowser: Native class hierarchy updated for 'HierarchicalLODOutliner' in 0.0003 seconds. Added 0 classes and 0 folders.
[2020.12.08-04.07.54:213][  0]LogLoad: (Engine Initialization) Total time: 9.36 seconds
[2020.12.08-04.07.54:213][  0]LogLoad: (Engine Initialization) Total Blueprint compile time: 0.00 seconds
[2020.12.08-04.07.54:252][  0]LogAssetRegistry: Asset discovery search completed in 4.2937 seconds
[2020.12.08-04.07.54:255][  0]LogCollectionManager: Fixed up redirectors for 0 collections in 0.000002 seconds (updated 0 objects)
[2020.12.08-04.07.54:257][  0]LogContentStreaming: Texture pool size now 800 MB
[2020.12.08-04.07.54:342][  0]LogSlate: Took 0.000255 seconds to synchronously load lazily loaded font '../../../Engine/Content/Slate/Fonts/Roboto-Light.ttf' (167K)
[2020.12.08-04.07.55:255][ 86]LogSlate: Took 0.000288 seconds to synchronously load lazily loaded font '../../../Engine/Content/Slate/Fonts/Roboto-Light.ttf' (167K)
[2020.12.08-04.07.59:047][330]LogAssetEditorSubsystem: Opening Asset editor for AnimSequence /Game/Max/Animations/WalkRun/weapom/Crouch_Colt_Aim.Crouch_Colt_Aim
[2020.12.08-04.07.59:057][330]LogContentBrowser: Native class hierarchy updated for 'SkeletonEditor' in 0.0004 seconds. Added 1 classes and 2 folders.
[2020.12.08-04.07.59:211][330]LogActorComponent: RegisterComponentWithWorld: (/Engine/Transient.World_3:PersistentLevel.AnimationEditorPreviewActor_0.DebugSkelMeshComponent_0) Already registered. Aborting.
[2020.12.08-04.07.59:213][330]LogContentBrowser: Native class hierarchy updated for 'PinnedCommandList' in 0.0003 seconds. Added 1 classes and 0 folders.
[2020.12.08-04.07.59:334][330]LogSkeletalMesh: USkeletalMeshComponent::InitArticulated : Bodies already created (/Engine/Transient.World_3:PersistentLevel.AnimationEditorPreviewActor_0.DebugSkelMeshComponent_0) - call TermArticulated first.
[2020.12.08-04.07.59:721][330]LogRenderer: Reallocating scene render targets to support 1704x568 Format 9 NumSamples 1 (Frame:1).
[2020.12.08-04.07.59:721][330]LogContentBrowser: Verbose: The majority of assets in the view are of type: AnimSequence
[2020.12.08-04.08.47:591][401]LogSavePackage: Moving '../../../../../Github/TheShadowsFall/ProjectFalls/Saved/Crouch_Colt_Aim73EECFAE418AF12F8A80F08E5E9ABBC3.tmp' to '../../../../../Github/TheShadowsFall/ProjectFalls/Content/Max/Animations/WalkRun/weapom/Crouch_Colt_Aim.uasset'
[2020.12.08-04.08.47:614][401]AssetCheck: New page: Asset Save: Crouch_Colt_Aim
[2020.12.08-04.08.47:614][401]LogContentValidation: Display: Validating AnimSequence /Game/Max/Animations/WalkRun/weapom/Crouch_Colt_Aim.Crouch_Colt_Aim
[2020.12.08-04.08.51:471][547]LogSlate: Window 'Save Asset As' being destroyed
[2020.12.08-04.08.54:937][802]LogUObjectHash: Compacting FUObjectHashTables data took   0.54ms
[2020.12.08-04.09.13:252][ 58]Cmd: TRANSACTION UNDO
[2020.12.08-04.09.13:252][ 58]LogEditorTransaction: Undo Rotate Bone
[2020.12.08-04.09.13:333][ 58]LogActorComponent: RegisterComponentWithWorld: (/Engine/Transient.World_3:PersistentLevel.AnimationEditorPreviewActor_0.DebugSkelMeshComponent_0) Already registered. Aborting.
[2020.12.08-04.09.15:621][160]Cmd: TRANSACTION UNDO
[2020.12.08-04.09.15:621][160]LogEditorTransaction: Undo Remove Curves
[2020.12.08-04.09.15:692][160]LogActorComponent: RegisterComponentWithWorld: (/Engine/Transient.World_3:PersistentLevel.AnimationEditorPreviewActor_0.DebugSkelMeshComponent_0) Already registered. Aborting.
[2020.12.08-04.11.43:033][552]LogUObjectHash: Compacting FUObjectHashTables data took   0.54ms
[2020.12.08-04.11.43:053][552]Cmd: OBJ SAVEPACKAGE PACKAGE="/Game/Max/Max_Skeleton" FILE="../../../../../Github/TheShadowsFall/ProjectFalls/Content/Max/Max_Skeleton.uasset" SILENT=true
[2020.12.08-04.11.43:067][552]LogSavePackage: Moving '../../../../../Github/TheShadowsFall/ProjectFalls/Saved/Max_Skeleton38FD80804DACA901C9A7449B4C82E43C.tmp' to '../../../../../Github/TheShadowsFall/ProjectFalls/Content/Max/Max_Skeleton.uasset'
[2020.12.08-04.11.43:097][552]LogAnimationCompression: Building Anim DDC data for AnimSequence /Game/Max/Animations/WalkRun/weapom/Crouch_Colt_Aim.Crouch_Colt_Aim
[2020.12.08-04.11.43:153][552]LogSavePackage: Moving '../../../../../Github/TheShadowsFall/ProjectFalls/Saved/Crouch_Colt_Aim56405E9F4EF54EB16D96F8BFBE5B5FE0.tmp' to '../../../../../Github/TheShadowsFall/ProjectFalls/Content/Max/Animations/WalkRun/weapom/Crouch_Colt_Aim.uasset'
[2020.12.08-04.11.43:177][552]AssetCheck: New page: Asset Save: multiple assets
[2020.12.08-04.11.43:177][552]LogContentValidation: Display: Validating Skeleton /Game/Max/Max_Skeleton.Max_Skeleton
[2020.12.08-04.11.43:177][552]LogContentValidation: Display: Validating AnimSequence /Game/Max/Animations/WalkRun/weapom/Crouch_Colt_Aim.Crouch_Colt_Aim
[2020.12.08-04.11.45:033][675]LogUObjectHash: Compacting FUObjectHashTables data took   0.55ms
[2020.12.08-04.11.46:126][759]LogSlate: Window 'Crouch_Colt_Aim' being destroyed
[2020.12.08-04.11.46:131][759]LogSlate: Window 'Crouch_Colt_Aim' being destroyed
[2020.12.08-04.11.46:132][759]LogWorld: UWorld::CleanupWorld for World_3, bSessionEnded=true, bCleanupResources=true
[2020.12.08-04.11.46:132][759]LogSlate: InvalidateAllWidgets triggered.  All widgets were invalidated
[2020.12.08-04.11.46:153][759]LogWorld: UWorld::CleanupWorld for World_7, bSessionEnded=true, bCleanupResources=true
[2020.12.08-04.11.46:153][759]LogSlate: InvalidateAllWidgets triggered.  All widgets were invalidated
[2020.12.08-04.11.46:252][759]LogWorld: UWorld::CleanupWorld for World_4, bSessionEnded=true, bCleanupResources=true
[2020.12.08-04.11.46:252][759]LogSlate: InvalidateAllWidgets triggered.  All widgets were invalidated
[2020.12.08-04.11.48:278][953]LogEditorViewport: Clicking on Actor (LMB): ThirdPersonCharacter_C (ThirdPersonCharacter)
[2020.12.08-04.11.48:827][991]LogEditorViewport: Clicking on Actor (context menu): ThirdPersonCharacter_C (ThirdPersonCharacter)
[2020.12.08-04.11.50:025][102]LogAssetEditorSubsystem: Opening Asset editor for Blueprint /Game/ThirdPersonBP/Blueprints/ThirdPersonCharacter.ThirdPersonCharacter
[2020.12.08-04.11.50:234][102]LogContentBrowser: Native class hierarchy updated for 'BlueprintGraph' in 0.0005 seconds. Added 125 classes and 0 folders.
[2020.12.08-04.11.51:061][102]LogSlate: Took 0.000315 seconds to synchronously load lazily loaded font '../../../Engine/Content/Slate/Fonts/Roboto-BoldCondensed.ttf' (158K)
[2020.12.08-04.11.51:175][103]LogSlate: Took 0.000308 seconds to synchronously load lazily loaded font '../../../Engine/Content/Slate/Fonts/Roboto-Italic.ttf' (157K)
[2020.12.08-04.12.29:520][ 62]LogUObjectHash: Compacting FUObjectHashTables data took   1.72ms
[2020.12.08-04.12.29:558][ 62]LogUObjectHash: Compacting FUObjectHashTables data took   1.38ms
[2020.12.08-04.12.29:593][ 62]LogSavePackage: Moving '../../../../../Github/TheShadowsFall/ProjectFalls/Saved/ThirdPersonExampleMap2BF7036641B3F2D8D806C59146773DA5.tmp' to '../../../../../Github/TheShadowsFall/ProjectFalls/Content/ThirdPersonBP/Maps/ThirdPersonExampleMap.umap'
[2020.12.08-04.12.29:612][ 62]LogFileHelpers: Saving map 'ThirdPersonExampleMap' took 0.073
[2020.12.08-04.12.29:762][ 62]LogSavePackage: Moving '../../../../../Github/TheShadowsFall/ProjectFalls/Saved/ThirdPersonExampleMap_BuiltData8B8EA5D74F4FF70EF55EBC9ABF644374.tmp' to '../../../../../Github/TheShadowsFall/ProjectFalls/Content/ThirdPersonBP/Maps/ThirdPersonExampleMap_BuiltData.uasset'
[2020.12.08-04.12.29:834][ 62]LogSavePackage: Moving '../../../../../Github/TheShadowsFall/ProjectFalls/Saved/ThirdPersonCharacterA5C0DE704E892F4B618DF0A20ECFF95A.tmp' to '../../../../../Github/TheShadowsFall/ProjectFalls/Content/ThirdPersonBP/Blueprints/ThirdPersonCharacter.uasset'
[2020.12.08-04.12.29:865][ 62]AssetCheck: New page: Asset Save: multiple assets
[2020.12.08-04.12.29:865][ 62]LogContentValidation: Display: Validating World /Game/ThirdPersonBP/Maps/ThirdPersonExampleMap.ThirdPersonExampleMap
[2020.12.08-04.12.29:865][ 62]LogContentValidation: Display: Validating MapBuildDataRegistry /Game/ThirdPersonBP/Maps/ThirdPersonExampleMap_BuiltData.ThirdPersonExampleMap_BuiltData
[2020.12.08-04.12.29:865][ 62]LogContentValidation: Display: Validating Blueprint /Game/ThirdPersonBP/Blueprints/ThirdPersonCharacter.ThirdPersonCharacter
[2020.12.08-04.12.30:308][ 94]BlueprintLog: New page: Compile ThirdPersonCharacter
[2020.12.08-04.12.30:426][ 94]LogUObjectHash: Compacting FUObjectHashTables data took   1.59ms
[2020.12.08-04.12.30:570][ 94]LogSlate: Took 0.000290 seconds to synchronously load lazily loaded font '../../../Engine/Content/Slate/Fonts/DroidSansMono.ttf' (77K)
[2020.12.08-04.12.55:587][982]BlueprintLog: New page: Compile ThirdPersonCharacter
[2020.12.08-04.12.55:698][982]LogUObjectHash: Compacting FUObjectHashTables data took   2.04ms
[2020.12.08-04.12.57:196][ 78]LogUObjectHash: Compacting FUObjectHashTables data took   1.90ms
[2020.12.08-04.12.57:243][ 78]LogUObjectHash: Compacting FUObjectHashTables data took   0.40ms
[2020.12.08-04.12.57:270][ 78]LogSavePackage: Moving '../../../../../Github/TheShadowsFall/ProjectFalls/Saved/ThirdPersonExampleMapA23D3CA34B7D662EAA233D909D6A7B4F.tmp' to '../../../../../Github/TheShadowsFall/ProjectFalls/Content/ThirdPersonBP/Maps/ThirdPersonExampleMap.umap'
[2020.12.08-04.12.57:288][ 78]LogFileHelpers: Saving map 'ThirdPersonExampleMap' took 0.064
[2020.12.08-04.12.57:361][ 78]LogSavePackage: Moving '../../../../../Github/TheShadowsFall/ProjectFalls/Saved/ThirdPersonExampleMap_BuiltData30597A9E4995CB7CA32C48B3F2EB2E95.tmp' to '../../../../../Github/TheShadowsFall/ProjectFalls/Content/ThirdPersonBP/Maps/ThirdPersonExampleMap_BuiltData.uasset'
[2020.12.08-04.12.57:431][ 78]LogSavePackage: Moving '../../../../../Github/TheShadowsFall/ProjectFalls/Saved/ThirdPersonCharacterF3F0FD2B476AE2B821B1EC95C07FC63D.tmp' to '../../../../../Github/TheShadowsFall/ProjectFalls/Content/ThirdPersonBP/Blueprints/ThirdPersonCharacter.uasset'
[2020.12.08-04.12.57:459][ 78]AssetCheck: New page: Asset Save: multiple assets
[2020.12.08-04.12.57:459][ 78]LogContentValidation: Display: Validating World /Game/ThirdPersonBP/Maps/ThirdPersonExampleMap.ThirdPersonExampleMap
[2020.12.08-04.12.57:459][ 78]LogContentValidation: Display: Validating MapBuildDataRegistry /Game/ThirdPersonBP/Maps/ThirdPersonExampleMap_BuiltData.ThirdPersonExampleMap_BuiltData
[2020.12.08-04.12.57:460][ 78]LogContentValidation: Display: Validating Blueprint /Game/ThirdPersonBP/Blueprints/ThirdPersonCharacter.ThirdPersonCharacter
[2020.12.08-04.13.09:645][995]BlueprintLog: New page: Compile ThirdPersonCharacter
[2020.12.08-04.13.09:757][995]LogUObjectHash: Compacting FUObjectHashTables data took   1.63ms
[2020.12.08-04.13.10:909][ 59]LogUObjectHash: Compacting FUObjectHashTables data took   1.94ms
[2020.12.08-04.13.10:951][ 59]LogUObjectHash: Compacting FUObjectHashTables data took   0.41ms
[2020.12.08-04.13.10:979][ 59]LogSavePackage: Moving '../../../../../Github/TheShadowsFall/ProjectFalls/Saved/ThirdPersonExampleMapB27F421747979796A991FEAC90F96581.tmp' to '../../../../../Github/TheShadowsFall/ProjectFalls/Content/ThirdPersonBP/Maps/ThirdPersonExampleMap.umap'
[2020.12.08-04.13.10:996][ 59]LogFileHelpers: Saving map 'ThirdPersonExampleMap' took 0.064
[2020.12.08-04.13.11:068][ 59]LogSavePackage: Moving '../../../../../Github/TheShadowsFall/ProjectFalls/Saved/ThirdPersonExampleMap_BuiltData5077A10F4A7102A990F03FA1CDB00DC7.tmp' to '../../../../../Github/TheShadowsFall/ProjectFalls/Content/ThirdPersonBP/Maps/ThirdPersonExampleMap_BuiltData.uasset'
[2020.12.08-04.13.11:137][ 59]LogSavePackage: Moving '../../../../../Github/TheShadowsFall/ProjectFalls/Saved/ThirdPersonCharacter5728452D41C54692B646E09C1CEC638A.tmp' to '../../../../../Github/TheShadowsFall/ProjectFalls/Content/ThirdPersonBP/Blueprints/ThirdPersonCharacter.uasset'
[2020.12.08-04.13.11:165][ 59]AssetCheck: New page: Asset Save: multiple assets
[2020.12.08-04.13.11:165][ 59]LogContentValidation: Display: Validating World /Game/ThirdPersonBP/Maps/ThirdPersonExampleMap.ThirdPersonExampleMap
[2020.12.08-04.13.11:165][ 59]LogContentValidation: Display: Validating MapBuildDataRegistry /Game/ThirdPersonBP/Maps/ThirdPersonExampleMap_BuiltData.ThirdPersonExampleMap_BuiltData
[2020.12.08-04.13.11:165][ 59]LogContentValidation: Display: Validating Blueprint /Game/ThirdPersonBP/Blueprints/ThirdPersonCharacter.ThirdPersonCharacter
[2020.12.08-04.13.33:919][744]BlueprintLog: New page: Compile ThirdPersonCharacter
[2020.12.08-04.13.34:034][744]LogUObjectHash: Compacting FUObjectHashTables data took   1.61ms
[2020.12.08-04.13.34:933][791]LogUObjectHash: Compacting FUObjectHashTables data took   1.89ms
[2020.12.08-04.13.34:969][791]LogUObjectHash: Compacting FUObjectHashTables data took   0.40ms
[2020.12.08-04.13.34:997][791]LogSavePackage: Moving '../../../../../Github/TheShadowsFall/ProjectFalls/Saved/ThirdPersonExampleMapE1D9F76E483EAA40712E1EA84F078D82.tmp' to '../../../../../Github/TheShadowsFall/ProjectFalls/Content/ThirdPersonBP/Maps/ThirdPersonExampleMap.umap'
[2020.12.08-04.13.35:014][791]LogFileHelpers: Saving map 'ThirdPersonExampleMap' took 0.063
[2020.12.08-04.13.35:086][791]LogSavePackage: Moving '../../../../../Github/TheShadowsFall/ProjectFalls/Saved/ThirdPersonExampleMap_BuiltDataFB003A7E4CE6C3045D7DD582FA28223B.tmp' to '../../../../../Github/TheShadowsFall/ProjectFalls/Content/ThirdPersonBP/Maps/ThirdPersonExampleMap_BuiltData.uasset'
[2020.12.08-04.13.35:153][791]LogSavePackage: Moving '../../../../../Github/TheShadowsFall/ProjectFalls/Saved/ThirdPersonCharacter49C311874FA60C713BBE4BB6344EF4C6.tmp' to '../../../../../Github/TheShadowsFall/ProjectFalls/Content/ThirdPersonBP/Blueprints/ThirdPersonCharacter.uasset'
[2020.12.08-04.13.35:181][791]AssetCheck: New page: Asset Save: multiple assets
[2020.12.08-04.13.35:181][791]LogContentValidation: Display: Validating World /Game/ThirdPersonBP/Maps/ThirdPersonExampleMap.ThirdPersonExampleMap
[2020.12.08-04.13.35:181][791]LogContentValidation: Display: Validating MapBuildDataRegistry /Game/ThirdPersonBP/Maps/ThirdPersonExampleMap_BuiltData.ThirdPersonExampleMap_BuiltData
[2020.12.08-04.13.35:181][791]LogContentValidation: Display: Validating Blueprint /Game/ThirdPersonBP/Blueprints/ThirdPersonCharacter.ThirdPersonCharacter
[2020.12.08-04.13.35:952][847]LogSlate: Window 'ThirdPersonCharacter' being destroyed
[2020.12.08-04.13.35:958][847]LogSlate: Window 'ThirdPersonCharacter' being destroyed
[2020.12.08-04.13.35:959][847]LogWorld: UWorld::CleanupWorld for World_9, bSessionEnded=true, bCleanupResources=true
[2020.12.08-04.13.35:959][847]LogSlate: InvalidateAllWidgets triggered.  All widgets were invalidated
[2020.12.08-04.13.36:815][923]LogTemp: Repeating last play command: New Editor Window (PIE)
[2020.12.08-04.13.36:831][923]LogPlayLevel: PlayLevel: No blueprints needed recompiling
[2020.12.08-04.13.36:832][923]PIE: New page: PIE session: ThirdPersonExampleMap (Dec 7, 2020, 11:13:36 PM)
[2020.12.08-04.13.36:833][923]LogOnline: OSS: Creating online subsystem instance for: NULL
[2020.12.08-04.13.36:834][923]LogOnline: OSS: TryLoadSubsystemAndSetDefault: Loaded subsystem for module [NULL]
[2020.12.08-04.13.36:834][923]LogPlayLevel: Creating play world package: /Game/ThirdPersonBP/Maps/UEDPIE_0_ThirdPersonExampleMap
[2020.12.08-04.13.36:844][923]LogPlayLevel: PIE: StaticDuplicateObject took: (0.010231s)
[2020.12.08-04.13.36:845][923]LogAIModule: Creating AISystem for world ThirdPersonExampleMap
[2020.12.08-04.13.36:845][923]LogAISub: UAISubsystem::UAISubsystem EnvQueryManager (00000262E45E2200), frame # 22923
[2020.12.08-04.13.36:845][923]LogAISub: UAISubsystem::UAISubsystem AIPerceptionSystem (00000262DD049A80), frame # 22923
[2020.12.08-04.13.36:846][923]LogPlayLevel: PIE: World Init took: (0.001113s)
[2020.12.08-04.13.36:846][923]LogPlayLevel: PIE: Created PIE world by copying editor world from /Game/ThirdPersonBP/Maps/ThirdPersonExampleMap.ThirdPersonExampleMap to /Game/ThirdPersonBP/Maps/UEDPIE_0_ThirdPersonExampleMap.ThirdPersonExampleMap (0.011500s)
[2020.12.08-04.13.36:867][923]LogUObjectHash: Compacting FUObjectHashTables data took   1.69ms
[2020.12.08-04.13.36:868][923]LogAudioMixer: Display: Audio Mixer Platform Settings:
[2020.12.08-04.13.36:868][923]LogAudioMixer: Display: 	Sample Rate:						  48000
[2020.12.08-04.13.36:868][923]LogAudioMixer: Display: 	Callback Buffer Frame Size Requested: 1024
[2020.12.08-04.13.36:868][923]LogAudioMixer: Display: 	Callback Buffer Frame Size To Use:	  1024
[2020.12.08-04.13.36:868][923]LogAudioMixer: Display: 	Number of buffers to queue:			  2
[2020.12.08-04.13.36:868][923]LogAudioMixer: Display: 	Max Channels (voices):				  32
[2020.12.08-04.13.36:868][923]LogAudioMixer: Display: 	Number of Async Source Workers:		  0
[2020.12.08-04.13.36:868][923]LogAudio: Display: AudioDevice MaxSources: 32
[2020.12.08-04.13.36:869][923]LogAudio: Display: Using built-in audio occlusion.
[2020.12.08-04.13.36:869][923]LogAudioMixer: Display: Initializing audio mixer.
[2020.12.08-04.13.36:888][923]LogAudioMixer: Display: 0: FrontLeft
[2020.12.08-04.13.36:888][923]LogAudioMixer: Display: 1: FrontRight
[2020.12.08-04.13.36:933][923]LogAudioMixer: Display: Using Audio Device LG HDR WFHD (NVIDIA High Definition Audio)
[2020.12.08-04.13.36:933][923]LogAudioMixer: Display: Initializing Sound Submixes...
[2020.12.08-04.13.36:933][923]LogAudioMixer: Display: Creating Master Submix 'MasterSubmixDefault'
[2020.12.08-04.13.36:933][923]LogAudioMixer: Display: Creating Master Submix 'MasterReverbSubmixDefault'
[2020.12.08-04.13.36:933][923]LogAudioMixer: Display: Creating Master Submix 'MasterEQSubmixDefault'
[2020.12.08-04.13.36:946][923]LogInit: FAudioDevice initialized.
[2020.12.08-04.13.36:987][923]LogSlate: Updating window title bar state: overlay mode, drag disabled, window buttons hidden, title bar hidden
[2020.12.08-04.13.36:996][923]LogLoad: Game class is 'ThirdPersonGameMode_C'
[2020.12.08-04.13.36:998][923]LogWorld: Bringing World /Game/ThirdPersonBP/Maps/UEDPIE_0_ThirdPersonExampleMap.ThirdPersonExampleMap up for play (max tick rate 0) at 2020.12.08-01.13.36
[2020.12.08-04.13.36:998][923]LogWorld: Bringing up level for play took: 0.001240
[2020.12.08-04.13.36:998][923]LogOnline: OSS: Creating online subsystem instance for: :Context_12
[2020.12.08-04.13.37:011][923]LogContentBrowser: Native class hierarchy updated for 'MovieSceneCapture' in 0.0004 seconds. Added 20 classes and 0 folders.
[2020.12.08-04.13.37:013][923]PIE: Server logged in
[2020.12.08-04.13.37:015][923]PIE: Play in editor total start time 0.19 seconds.
[2020.12.08-04.13.37:126][924]LogRenderer: Reallocating scene render targets to support 1704x628 Format 9 NumSamples 1 (Frame:1).
[2020.12.08-04.13.44:545][727]LogSlate: Updating window title bar state: overlay mode, drag disabled, window buttons hidden, title bar hidden
[2020.12.08-04.13.44:545][727]LogWorld: BeginTearingDown for /Game/ThirdPersonBP/Maps/UEDPIE_0_ThirdPersonExampleMap
[2020.12.08-04.13.44:546][727]LogSlate: Window 'ProjectFalls Preview [NetMode: Standalone] (64-bit/Windows) ' being destroyed
[2020.12.08-04.13.44:561][727]LogWorld: UWorld::CleanupWorld for ThirdPersonExampleMap, bSessionEnded=true, bCleanupResources=true
[2020.12.08-04.13.44:561][727]LogSlate: InvalidateAllWidgets triggered.  All widgets were invalidated
[2020.12.08-04.13.44:571][727]LogPlayLevel: Display: Shutting down PIE online subsystems
[2020.12.08-04.13.44:575][727]LogSlate: InvalidateAllWidgets triggered.  All widgets were invalidated
[2020.12.08-04.13.44:625][727]LogAISub: UAISubsystem::~UAISubsystem AIPerceptionSystem (00000262DD049A80), frame # 23727
[2020.12.08-04.13.44:625][727]LogAISub: UAISubsystem::~UAISubsystem EnvQueryManager (00000262E45E2200), frame # 23727
[2020.12.08-04.13.44:647][727]LogUObjectHash: Compacting FUObjectHashTables data took   2.80ms
[2020.12.08-04.13.44:679][728]LogPlayLevel: Display: Destroying online subsystem :Context_12
[2020.12.08-04.13.45:624][834]LogUObjectHash: Compacting FUObjectHashTables data took   2.28ms
[2020.12.08-04.13.46:279][912]LogEditorViewport: Clicking on Actor (LMB): BP_Sky_Sphere_C (SkySphereBlueprint)
[2020.12.08-04.13.46:739][961]LogUObjectHash: Compacting FUObjectHashTables data took   0.36ms
[2020.12.08-04.13.59:351][191]LogAssetEditorSubsystem: Opening Asset editor for AnimBlueprint /Game/Max/Animations/Max_Blueprint.Max_Blueprint
[2020.12.08-04.13.59:357][191]LogActorComponent: RegisterComponentWithWorld: (/Engine/Transient.World_12:PersistentLevel.AnimationEditorPreviewActor_0.DebugSkelMeshComponent_0) Already registered. Aborting.
[2020.12.08-04.13.59:748][191]LogSkeletalMesh: USkeletalMeshComponent::InitArticulated : Bodies already created (/Engine/Transient.World_12:PersistentLevel.AnimationEditorPreviewActor_0.DebugSkelMeshComponent_0) - call TermArticulated first.
[2020.12.08-04.14.00:086][191]LogContentBrowser: Verbose: The majority of assets in the view are of type: AnimSequence
[2020.12.08-04.14.24:613][131]LogSlate: Window 'Max_Blueprint' being destroyed
[2020.12.08-04.14.24:628][131]LogSlate: Window 'Max_Blueprint' being destroyed
[2020.12.08-04.14.24:643][131]LogWorld: UWorld::CleanupWorld for World_12, bSessionEnded=true, bCleanupResources=true
[2020.12.08-04.14.24:644][131]LogSlate: InvalidateAllWidgets triggered.  All widgets were invalidated
[2020.12.08-04.14.24:646][131]LogWorld: UWorld::CleanupWorld for World_11, bSessionEnded=true, bCleanupResources=true
[2020.12.08-04.14.24:646][131]LogSlate: InvalidateAllWidgets triggered.  All widgets were invalidated
[2020.12.08-04.14.24:736][131]LogWorld: UWorld::CleanupWorld for World_13, bSessionEnded=true, bCleanupResources=true
[2020.12.08-04.14.24:736][131]LogSlate: InvalidateAllWidgets triggered.  All widgets were invalidated
[2020.12.08-04.14.38:988][484]LogAssetEditorSubsystem: Opening Asset editor for AnimSequence /Game/Max/Animations/WalkRun/Crouch_Idle.Crouch_Idle
[2020.12.08-04.14.38:993][484]LogActorComponent: RegisterComponentWithWorld: (/Engine/Transient.World_14:PersistentLevel.AnimationEditorPreviewActor_0.DebugSkelMeshComponent_0) Already registered. Aborting.
[2020.12.08-04.14.39:118][484]LogSkeletalMesh: USkeletalMeshComponent::InitArticulated : Bodies already created (/Engine/Transient.World_14:PersistentLevel.AnimationEditorPreviewActor_0.DebugSkelMeshComponent_0) - call TermArticulated first.
[2020.12.08-04.14.39:445][484]LogContentBrowser: Verbose: The majority of assets in the view are of type: AnimSequence
[2020.12.08-04.14.41:337][604]LogSlate: Window 'Crouch_Idle' being destroyed
[2020.12.08-04.14.41:353][604]LogSlate: Window 'Crouch_Idle' being destroyed
[2020.12.08-04.14.41:353][604]LogWorld: UWorld::CleanupWorld for World_14, bSessionEnded=true, bCleanupResources=true
[2020.12.08-04.14.41:353][604]LogSlate: InvalidateAllWidgets triggered.  All widgets were invalidated
[2020.12.08-04.14.41:408][604]LogWorld: UWorld::CleanupWorld for World_15, bSessionEnded=true, bCleanupResources=true
[2020.12.08-04.14.41:408][604]LogSlate: InvalidateAllWidgets triggered.  All widgets were invalidated
[2020.12.08-04.14.49:065][105]LogAssetEditorSubsystem: Opening Asset editor for AnimSequence /Game/Max/Animations/WalkRun/weapom/Crouch_Colt_Aim.Crouch_Colt_Aim
[2020.12.08-04.14.49:070][105]LogActorComponent: RegisterComponentWithWorld: (/Engine/Transient.World_16:PersistentLevel.AnimationEditorPreviewActor_0.DebugSkelMeshComponent_0) Already registered. Aborting.
[2020.12.08-04.14.49:197][105]LogSkeletalMesh: USkeletalMeshComponent::InitArticulated : Bodies already created (/Engine/Transient.World_16:PersistentLevel.AnimationEditorPreviewActor_0.DebugSkelMeshComponent_0) - call TermArticulated first.
[2020.12.08-04.14.49:509][105]LogContentBrowser: Verbose: The majority of assets in the view are of type: AnimSequence
[2020.12.08-04.14.52:068][274]LogSlate: Window 'Crouch_Colt_Aim' being destroyed
[2020.12.08-04.14.52:083][274]LogSlate: Window 'Crouch_Colt_Aim' being destroyed
[2020.12.08-04.14.52:084][274]LogWorld: UWorld::CleanupWorld for World_16, bSessionEnded=true, bCleanupResources=true
[2020.12.08-04.14.52:084][274]LogSlate: InvalidateAllWidgets triggered.  All widgets were invalidated
[2020.12.08-04.14.52:144][274]LogWorld: UWorld::CleanupWorld for World_17, bSessionEnded=true, bCleanupResources=true
[2020.12.08-04.14.52:144][274]LogSlate: InvalidateAllWidgets triggered.  All widgets were invalidated
[2020.12.08-04.14.54:506][448]LogAssetEditorSubsystem: Opening Asset editor for AnimSequence /Game/Max/Animations/WalkRun/weapom/Crouch_Colt.Crouch_Colt
[2020.12.08-04.14.54:511][448]LogActorComponent: RegisterComponentWithWorld: (/Engine/Transient.World_18:PersistentLevel.AnimationEditorPreviewActor_0.DebugSkelMeshComponent_0) Already registered. Aborting.
[2020.12.08-04.14.54:637][448]LogSkeletalMesh: USkeletalMeshComponent::InitArticulated : Bodies already created (/Engine/Transient.World_18:PersistentLevel.AnimationEditorPreviewActor_0.DebugSkelMeshComponent_0) - call TermArticulated first.
[2020.12.08-04.14.54:965][448]LogContentBrowser: Verbose: The majority of assets in the view are of type: AnimSequence
[2020.12.08-04.14.56:173][523]LogSlate: Window 'Crouch_Colt' being destroyed
[2020.12.08-04.14.56:188][523]LogSlate: Window 'Crouch_Colt' being destroyed
[2020.12.08-04.14.56:189][523]LogWorld: UWorld::CleanupWorld for World_18, bSessionEnded=true, bCleanupResources=true
[2020.12.08-04.14.56:189][523]LogSlate: InvalidateAllWidgets triggered.  All widgets were invalidated
[2020.12.08-04.14.56:246][523]LogWorld: UWorld::CleanupWorld for World_19, bSessionEnded=true, bCleanupResources=true
[2020.12.08-04.14.56:246][523]LogSlate: InvalidateAllWidgets triggered.  All widgets were invalidated
[2020.12.08-04.14.57:614][622]LogAssetEditorSubsystem: Opening Asset editor for AnimSequence /Game/Max/Animations/WalkRun/weapom/Crouch_walk_Colt.Crouch_walk_Colt
[2020.12.08-04.14.57:618][622]LogActorComponent: RegisterComponentWithWorld: (/Engine/Transient.World_20:PersistentLevel.AnimationEditorPreviewActor_0.DebugSkelMeshComponent_0) Already registered. Aborting.
[2020.12.08-04.14.57:746][622]LogSkeletalMesh: USkeletalMeshComponent::InitArticulated : Bodies already created (/Engine/Transient.World_20:PersistentLevel.AnimationEditorPreviewActor_0.DebugSkelMeshComponent_0) - call TermArticulated first.
[2020.12.08-04.14.58:072][622]LogContentBrowser: Verbose: The majority of assets in the view are of type: AnimSequence
[2020.12.08-04.14.59:327][706]LogSlate: Window 'Crouch_walk_Colt' being destroyed
[2020.12.08-04.14.59:342][706]LogSlate: Window 'Crouch_walk_Colt' being destroyed
[2020.12.08-04.14.59:342][706]LogWorld: UWorld::CleanupWorld for World_20, bSessionEnded=true, bCleanupResources=true
[2020.12.08-04.14.59:342][706]LogSlate: InvalidateAllWidgets triggered.  All widgets were invalidated
[2020.12.08-04.14.59:401][706]LogWorld: UWorld::CleanupWorld for World_21, bSessionEnded=true, bCleanupResources=true
[2020.12.08-04.14.59:401][706]LogSlate: InvalidateAllWidgets triggered.  All widgets were invalidated
[2020.12.08-04.15.16:831][169]LogSlate: Window 'Pick Skeleton' being destroyed
[2020.12.08-04.15.22:911][569]LogAssetEditorSubsystem: Opening Asset editor for BlendSpace /Game/Max/Animations/WalkRun/weapom/Crouch_AIM.Crouch_AIM
[2020.12.08-04.15.22:916][569]LogActorComponent: RegisterComponentWithWorld: (/Engine/Transient.World_22:PersistentLevel.AnimationEditorPreviewActor_0.DebugSkelMeshComponent_0) Already registered. Aborting.
[2020.12.08-04.15.23:031][569]LogSkeletalMesh: USkeletalMeshComponent::InitArticulated : Bodies already created (/Engine/Transient.World_22:PersistentLevel.AnimationEditorPreviewActor_0.DebugSkelMeshComponent_0) - call TermArticulated first.
[2020.12.08-04.15.23:343][569]LogContentBrowser: Verbose: The majority of assets in the view are of type: AnimSequence
[2020.12.08-04.15.39:541][464]LogAssetEditorSubsystem: Opening Asset editor for AnimSequence /Game/Max/Animations/WalkRun/weapom/Crouch_walk_Colt.Crouch_walk_Colt
[2020.12.08-04.15.56:337][379]LogSlate: Window 'Crouch_walk_Colt' being destroyed
[2020.12.08-04.15.56:353][379]LogSlate: Window 'Crouch_walk_Colt' being destroyed
[2020.12.08-04.15.56:354][379]LogWorld: UWorld::CleanupWorld for World_22, bSessionEnded=true, bCleanupResources=true
[2020.12.08-04.15.56:354][379]LogSlate: InvalidateAllWidgets triggered.  All widgets were invalidated
[2020.12.08-04.15.56:417][379]LogWorld: UWorld::CleanupWorld for World_23, bSessionEnded=true, bCleanupResources=true
[2020.12.08-04.15.56:418][379]LogSlate: InvalidateAllWidgets triggered.  All widgets were invalidated
[2020.12.08-04.16.00:325][828]Cmd: OBJ SAVEPACKAGE PACKAGE="/Game/Max/Animations/WalkRun/weapom/Crouch_AIM" FILE="../../../../../Github/TheShadowsFall/ProjectFalls/Content/Max/Animations/WalkRun/weapom/Crouch_AIM.uasset" SILENT=true
[2020.12.08-04.16.00:332][828]LogSavePackage: Moving '../../../../../Github/TheShadowsFall/ProjectFalls/Saved/Crouch_AIMAC55C6F647BC55D174C60BB5CF15D353.tmp' to '../../../../../Github/TheShadowsFall/ProjectFalls/Content/Max/Animations/WalkRun/weapom/Crouch_AIM.uasset'
[2020.12.08-04.16.00:348][828]AssetCheck: New page: Asset Save: Crouch_AIM
[2020.12.08-04.16.00:349][828]LogContentValidation: Display: Validating BlendSpace /Game/Max/Animations/WalkRun/weapom/Crouch_AIM.Crouch_AIM
[2020.12.08-04.16.01:809][  2]LogEditorViewport: Clicking on Actor (LMB): ThirdPersonCharacter_C (ThirdPersonCharacter)
[2020.12.08-04.16.02:189][ 28]LogEditorViewport: Clicking on Actor (context menu): ThirdPersonCharacter_C (ThirdPersonCharacter)
[2020.12.08-04.16.03:167][128]LogAssetEditorSubsystem: Opening Asset editor for Blueprint /Game/ThirdPersonBP/Blueprints/ThirdPersonCharacter.ThirdPersonCharacter
[2020.12.08-04.16.03:177][128]LogRHI: Error: Present Fail Count 1
[2020.12.08-04.16.03:177][128]LogRHI: Error: SyncInterval 0
[2020.12.08-04.16.03:177][128]LogRHI: Error: SwapChainDesc.BufferDesc.Width 648
[2020.12.08-04.16.03:177][128]LogRHI: Error: SwapChainDesc.BufferDesc.Height 97
[2020.12.08-04.16.03:177][128]LogRHI: Error: SwapChainDesc.BufferDesc.RefreshRate.Numerator 0
[2020.12.08-04.16.03:177][128]LogRHI: Error: SwapChainDesc.BufferDesc.RefreshRate.Denominator 0
[2020.12.08-04.16.03:177][128]LogRHI: Error: SwapChainDesc.BufferDesc.Format 24
[2020.12.08-04.16.03:177][128]LogRHI: Error: SwapChainDesc.BufferDesc.ScanlineOrdering 0
[2020.12.08-04.16.03:177][128]LogRHI: Error: SwapChainDesc.BufferDesc.Scaling 0
[2020.12.08-04.16.03:177][128]LogRHI: Error: SwapChainDesc.SampleDesc.Count 1
[2020.12.08-04.16.03:177][128]LogRHI: Error: SwapChainDesc.SampleDesc.Quality 0
[2020.12.08-04.16.03:177][128]LogRHI: Error: SwapChainDesc.BufferUsage 48
[2020.12.08-04.16.03:177][128]LogRHI: Error: SwapChainDesc.BufferCount 2
[2020.12.08-04.16.03:177][128]LogRHI: Error: SwapChainDesc.OutputWindow 00000000006801D6
[2020.12.08-04.16.03:177][128]LogRHI: Error: SwapChainDesc.Windowed true
[2020.12.08-04.16.03:177][128]LogRHI: Error: SwapChainDesc.SwapEffect 4
[2020.12.08-04.16.03:177][128]LogRHI: Error: SwapChainDesc.Flags 2050
[2020.12.08-04.16.03:177][128]LogD3D11RHI: Error: Result failed 
 at D:/Build/++UE4/Sync/Engine/Source/Runtime/Windows/D3D11RHI/Private/D3D11Query.cpp:348 
 with error DXGI_ERROR_DEVICE_REMOVED DXGI_ERROR_DRIVER_INTERNAL_ERROR
[2020.12.08-04.16.03:177][128]LogD3D11RHI: [Aftermath] GDynamicRHI=00000262786280C0, GDX11NVAfterMathEnabled=0, Result=0xFFFFFFFF, bDeviceActive=0
[2020.12.08-04.16.03:177][128]LogWindows: Windows GetLastError: A operação foi concluída com êxito. (0)
[2020.12.08-04.16.05:990][128]LogWindows: FPlatformMisc::RequestExit(0)
[2020.12.08-04.16.05:990][128]LogCore: Engine exit requested (reason: Win RequestExit)
[2020.12.08-04.16.05:990][128]LogWindows: FPlatformMisc::RequestExit(1)
[2020.12.08-04.16.05:990][128]LogCore: Engine exit requested (reason: Win RequestExit; note: exit was already requested)
[2020.12.08-04.16.06:046][128]Log file closed, 12/08/20 01:16:06
