Log file open, 12/09/20 00:00:09
LogInit: Display: Running engine for game: ProjectFalls
LogPlatformFile: Not using cached read wrapper
LogTaskGraph: Started task graph with 5 named threads and 20 total threads with 3 sets of task threads.
LogStats: Stats thread started at 0.210675
LogD3D11RHI: Loaded GFSDK_Aftermath_Lib.x64.dll
LogICUInternationalization: ICU TimeZone Detection - Raw Offset: -3:00, Platform Override: ''
LogPluginManager: Mounting plugin Paper2D
LogPluginManager: Mounting plugin AISupport
LogPluginManager: Mounting plugin LightPropagationVolume
LogPluginManager: Mounting plugin CameraShakePreviewer
LogPluginManager: Mounting plugin ActorLayerUtilities
LogPluginManager: Mounting plugin AnimationSharing
LogPluginManager: Mounting plugin CLionSourceCodeAccess
LogPluginManager: Mounting plugin CodeLiteSourceCodeAccess
LogPluginManager: Mounting plugin GitSourceControl
LogPluginManager: Mounting plugin KDevelopSourceCodeAccess
LogPluginManager: Mounting plugin NullSourceCodeAccess
LogPluginManager: Mounting plugin PerforceSourceControl
LogPluginManager: Mounting plugin PlasticSourceControl
LogPluginManager: Mounting plugin RiderSourceCodeAccess
LogPluginManager: Mounting plugin SubversionSourceControl
LogPluginManager: Mounting plugin UObjectPlugin
LogPluginManager: Mounting plugin VisualStudioCodeSourceCodeAccess
LogPluginManager: Mounting plugin VisualStudioSourceCodeAccess
LogPluginManager: Mounting plugin XCodeSourceCodeAccess
LogPluginManager: Mounting plugin AssetManagerEditor
LogPluginManager: Mounting plugin CryptoKeys
LogPluginManager: Mounting plugin CurveEditorTools
LogPluginManager: Mounting plugin DataValidation
LogPluginManager: Mounting plugin EditorScriptingUtilities
LogPluginManager: Mounting plugin FacialAnimation
LogPluginManager: Mounting plugin GameplayTagsEditor
LogPluginManager: Mounting plugin GeometryMode
LogPluginManager: Mounting plugin MacGraphicsSwitching
LogPluginManager: Mounting plugin MaterialAnalyzer
LogPluginManager: Mounting plugin MobileLauncherProfileWizard
LogPluginManager: Mounting plugin PluginBrowser
LogPluginManager: Mounting plugin SpeedTreeImporter
LogPluginManager: Mounting plugin DatasmithContent
LogPluginManager: Mounting plugin VariantManagerContent
LogPluginManager: Mounting plugin AlembicImporter
LogPluginManager: Mounting plugin AutomationUtils
LogPluginManager: Mounting plugin BackChannel
LogPluginManager: Mounting plugin ChaosCloth
LogPluginManager: Mounting plugin ChaosClothEditor
LogPluginManager: Mounting plugin ChaosEditor
LogPluginManager: Mounting plugin ChaosNiagara
LogPluginManager: Mounting plugin ChaosSolverPlugin
LogPluginManager: Mounting plugin CharacterAI
LogPluginManager: Mounting plugin GeometryCache
LogPluginManager: Mounting plugin GeometryCollectionPlugin
LogPluginManager: Mounting plugin GeometryProcessing
LogPluginManager: Mounting plugin PlanarCut
LogPluginManager: Mounting plugin PlatformCrypto
LogPluginManager: Mounting plugin ProxyLODPlugin
LogPluginManager: Mounting plugin SkeletalReduction
LogPluginManager: Mounting plugin Niagara
LogPluginManager: Mounting plugin MagicLeap
LogPluginManager: Mounting plugin MagicLeapLightEstimation
LogPluginManager: Mounting plugin MagicLeapMedia
LogPluginManager: Mounting plugin MagicLeapPassableWorld
LogPluginManager: Mounting plugin MLSDK
LogPluginManager: Mounting plugin AndroidMedia
LogPluginManager: Mounting plugin AvfMedia
LogPluginManager: Mounting plugin ImgMedia
LogPluginManager: Mounting plugin MediaCompositing
LogPluginManager: Mounting plugin MediaPlayerEditor
LogPluginManager: Mounting plugin WebMMedia
LogPluginManager: Mounting plugin WmfMedia
LogPluginManager: Mounting plugin MeshPainting
LogPluginManager: Mounting plugin TcpMessaging
LogPluginManager: Mounting plugin UdpMessaging
LogPluginManager: Mounting plugin ActorSequence
LogPluginManager: Mounting plugin LevelSequenceEditor
LogPluginManager: Mounting plugin MatineeToLevelSequence
LogPluginManager: Mounting plugin MovieRenderPipeline
LogPluginManager: Mounting plugin TemplateSequence
LogPluginManager: Mounting plugin NetcodeUnitTest
LogPluginManager: Mounting plugin NUTUnrealEngine4
LogPluginManager: Mounting plugin OnlineSubsystemGooglePlay
LogPluginManager: Mounting plugin OnlineSubsystemIOS
LogPluginManager: Mounting plugin OnlineSubsystem
LogPluginManager: Mounting plugin OnlineSubsystemNull
LogPluginManager: Mounting plugin OnlineSubsystemUtils
LogPluginManager: Mounting plugin LauncherChunkInstaller
LogPluginManager: Mounting plugin AndroidDeviceProfileSelector
LogPluginManager: Mounting plugin AndroidMoviePlayer
LogPluginManager: Mounting plugin AndroidPermission
LogPluginManager: Mounting plugin AppleImageUtils
LogPluginManager: Mounting plugin AppleMoviePlayer
LogPluginManager: Mounting plugin ArchVisCharacter
LogPluginManager: Mounting plugin AssetTags
LogPluginManager: Mounting plugin AudioCapture
LogPluginManager: Mounting plugin CableComponent
LogPluginManager: Mounting plugin CustomMeshComponent
LogPluginManager: Mounting plugin EditableMesh
LogPluginManager: Mounting plugin ExampleDeviceProfileSelector
LogPluginManager: Mounting plugin GoogleCloudMessaging
LogPluginManager: Mounting plugin GooglePAD
LogPluginManager: Mounting plugin IOSDeviceProfileSelector
LogPluginManager: Mounting plugin LinuxDeviceProfileSelector
LogPluginManager: Mounting plugin LocationServicesBPLibrary
LogPluginManager: Mounting plugin MobilePatchingUtils
LogPluginManager: Mounting plugin OculusVR
LogPluginManager: Mounting plugin PhysXVehicles
LogPluginManager: Mounting plugin PostSplashScreen
LogPluginManager: Mounting plugin ProceduralMeshComponent
LogPluginManager: Mounting plugin RuntimePhysXCooking
LogPluginManager: Mounting plugin SignificanceManager
LogPluginManager: Mounting plugin SoundFields
LogPluginManager: Mounting plugin SteamVR
LogPluginManager: Mounting plugin Synthesis
LogPluginManager: Mounting plugin WebMMoviePlayer
LogPluginManager: Mounting plugin WindowsMoviePlayer
LogPluginManager: Mounting plugin ScreenshotTools
LogInit: Using libcurl 7.55.1-DEV
LogInit:  - built for x86_64-pc-win32
LogInit:  - supports SSL with OpenSSL/1.1.1
LogInit:  - supports HTTP deflate (compression) using libz 1.2.8
LogInit:  - other features:
LogInit:      CURL_VERSION_SSL
LogInit:      CURL_VERSION_LIBZ
LogInit:      CURL_VERSION_IPV6
LogInit:      CURL_VERSION_ASYNCHDNS
LogInit:      CURL_VERSION_LARGEFILE
LogInit:      CURL_VERSION_IDN
LogInit:  CurlRequestOptions (configurable via config and command line):
LogInit:  - bVerifyPeer = true  - Libcurl will verify peer certificate
LogInit:  - bUseHttpProxy = false  - Libcurl will NOT use HTTP proxy
LogInit:  - bDontReuseConnections = false  - Libcurl will reuse connections
LogInit:  - MaxHostConnections = 16  - Libcurl will limit the number of connections to a host
LogInit:  - LocalHostAddr = Default
LogInit:  - BufferSize = 65536
LogOnline: OSS: Creating online subsystem instance for: NULL
LogInit: WinSock: version 1.1 (2.2), MaxSocks=32767, MaxUdp=65467
LogOnline: OSS: TryLoadSubsystemAndSetDefault: Loaded subsystem for module [NULL]
LogInit: Build: ++UE4+Release-4.25-CL-14469661
LogInit: Engine Version: 4.25.4-14469661+++UE4+Release-4.25
LogInit: Compatible Engine Version: 4.25.0-13144385+++UE4+Release-4.25
LogInit: Net CL: 13144385
LogInit: OS: Windows 10 (Release 1909) (), CPU: Intel(R) Core(TM) i5-9400F CPU @ 2.90GHz, GPU: NVIDIA GeForce GTX 1050 Ti
LogInit: Compiled (64-bit): Oct 11 2020 08:10:49
LogInit: Compiled with Visual C++: 19.24.28315.00
LogInit: Build Configuration: Development
LogInit: Branch Name: ++UE4+Release-4.25
LogInit: Command Line: 
LogInit: Base Directory: E:/epic/UE_4.25/Engine/Binaries/Win64/
LogInit: Allocator: TBB
LogInit: Installed Engine Build: 1
LogDevObjectVersion: Number of dev versions registered: 26
LogDevObjectVersion:   Dev-Blueprints (B0D832E4-1F89-4F0D-ACCF-7EB736FD4AA2): 10
LogDevObjectVersion:   Dev-Build (E1C64328-A22C-4D53-A36C-8E866417BD8C): 0
LogDevObjectVersion:   Dev-Core (375EC13C-06E4-48FB-B500-84F0262A717E): 4
LogDevObjectVersion:   Dev-Editor (E4B068ED-F494-42E9-A231-DA0B2E46BB41): 38
LogDevObjectVersion:   Dev-Framework (CFFC743F-43B0-4480-9391-14DF171D2073): 37
LogDevObjectVersion:   Dev-Mobile (B02B49B5-BB20-44E9-A304-32B752E40360): 2
LogDevObjectVersion:   Dev-Networking (A4E4105C-59A1-49B5-A7C5-40C4547EDFEE): 0
LogDevObjectVersion:   Dev-Online (39C831C9-5AE6-47DC-9A44-9C173E1C8E7C): 0
LogDevObjectVersion:   Dev-Physics (78F01B33-EBEA-4F98-B9B4-84EACCB95AA2): 4
LogDevObjectVersion:   Dev-Platform (6631380F-2D4D-43E0-8009-CF276956A95A): 0
LogDevObjectVersion:   Dev-Rendering (12F88B9F-8875-4AFC-A67C-D90C383ABD29): 43
LogDevObjectVersion:   Dev-Sequencer (7B5AE74C-D270-4C10-A958-57980B212A5A): 12
LogDevObjectVersion:   Dev-VR (D7296918-1DD6-4BDD-9DE2-64A83CC13884): 3
LogDevObjectVersion:   Dev-LoadTimes (C2A15278-BFE7-4AFE-6C17-90FF531DF755): 1
LogDevObjectVersion:   Private-Geometry (6EACA3D4-40EC-4CC1-B786-8BED09428FC5): 3
LogDevObjectVersion:   Dev-AnimPhys (29E575DD-E0A3-4627-9D10-D276232CDCEA): 17
LogDevObjectVersion:   Dev-Anim (AF43A65D-7FD3-4947-9873-3E8ED9C1BB05): 7
LogDevObjectVersion:   Dev-ReflectionCapture (6B266CEC-1EC7-4B8F-A30B-E4D90942FC07): 1
LogDevObjectVersion:   Dev-Automation (0DF73D61-A23F-47EA-B727-89E90C41499A): 1
LogDevObjectVersion:   FortniteMain (601D1886-AC64-4F84-AA16-D3DE0DEAC7D6): 31
LogDevObjectVersion:   Dev-Enterprise (9DFFBCD6-494F-0158-E221-12823C92A888): 10
LogDevObjectVersion:   Dev-Niagara (F2AED0AC-9AFE-416F-8664-AA7FFA26D6FC): 1
LogDevObjectVersion:   Dev-Destruction (174F1F0B-B4C6-45A5-B13F-2EE8D0FB917D): 10
LogDevObjectVersion:   Dev-Physics-Ext (35F94A83-E258-406C-A318-09F59610247C): 37
LogDevObjectVersion:   Dev-PhysicsMaterial-Chaos (B68FC16E-8B1B-42E2-B453-215C058844FE): 1
LogDevObjectVersion:   Dev-CineCamera (B2E18506-4273-CFC2-A54E-F4BB758BBA07): 1
LogInit: Presizing for max 25165824 objects, including 0 objects not considered by GC, pre-allocating 0 bytes for permanent pool.
LogConfig: Applying CVar settings from Section [/Script/Engine.StreamingSettings] File [E:/Github/TheShadowsFall/ProjectFalls/Saved/Config/Windows/Engine.ini]
LogConfig: Setting CVar [[s.MinBulkDataSizeForAsyncLoading:131072]]
LogConfig: Setting CVar [[s.AsyncLoadingThreadEnabled:0]]
LogConfig: Setting CVar [[s.EventDrivenLoaderEnabled:1]]
LogConfig: Setting CVar [[s.WarnIfTimeLimitExceeded:0]]
LogConfig: Setting CVar [[s.TimeLimitExceededMultiplier:1.5]]
LogConfig: Setting CVar [[s.TimeLimitExceededMinTime:0.005]]
LogConfig: Setting CVar [[s.UseBackgroundLevelStreaming:1]]
LogConfig: Setting CVar [[s.PriorityAsyncLoadingExtraTime:15.0]]
LogConfig: Setting CVar [[s.LevelStreamingActorsUpdateTimeLimit:5.0]]
LogConfig: Setting CVar [[s.PriorityLevelStreamingActorsUpdateExtraTime:5.0]]
LogConfig: Setting CVar [[s.LevelStreamingComponentsRegistrationGranularity:10]]
LogConfig: Setting CVar [[s.UnregisterComponentsTimeLimit:1.0]]
LogConfig: Setting CVar [[s.LevelStreamingComponentsUnregistrationGranularity:5]]
LogConfig: Setting CVar [[s.FlushStreamingOnExit:1]]
LogInit: Object subsystem initialized
LogConfig: Setting CVar [[con.DebugEarlyDefault:1]]
LogConfig: Setting CVar [[r.setres:1280x720]]
[2020.12.09-03.00.10:141][  0]LogConfig: Setting CVar [[r.VSync:0]]
[2020.12.09-03.00.10:141][  0]LogConfig: Setting CVar [[r.RHICmdBypass:0]]
[2020.12.09-03.00.10:141][  0]LogConfig: Applying CVar settings from Section [/Script/Engine.RendererSettings] File [E:/Github/TheShadowsFall/ProjectFalls/Saved/Config/Windows/Engine.ini]
[2020.12.09-03.00.10:141][  0]LogConfig: Setting CVar [[r.GPUCrashDebugging:0]]
[2020.12.09-03.00.10:141][  0]LogConfig: Applying CVar settings from Section [/Script/Engine.RendererOverrideSettings] File [E:/Github/TheShadowsFall/ProjectFalls/Saved/Config/Windows/Engine.ini]
[2020.12.09-03.00.10:141][  0]LogConfig: Applying CVar settings from Section [/Script/Engine.StreamingSettings] File [E:/Github/TheShadowsFall/ProjectFalls/Saved/Config/Windows/Engine.ini]
[2020.12.09-03.00.10:141][  0]LogConfig: Setting CVar [[s.MinBulkDataSizeForAsyncLoading:131072]]
[2020.12.09-03.00.10:141][  0]LogConfig: Setting CVar [[s.AsyncLoadingThreadEnabled:0]]
[2020.12.09-03.00.10:141][  0]LogConfig: Setting CVar [[s.EventDrivenLoaderEnabled:1]]
[2020.12.09-03.00.10:141][  0]LogConfig: Setting CVar [[s.WarnIfTimeLimitExceeded:0]]
[2020.12.09-03.00.10:141][  0]LogConfig: Setting CVar [[s.TimeLimitExceededMultiplier:1.5]]
[2020.12.09-03.00.10:141][  0]LogConfig: Setting CVar [[s.TimeLimitExceededMinTime:0.005]]
[2020.12.09-03.00.10:141][  0]LogConfig: Setting CVar [[s.UseBackgroundLevelStreaming:1]]
[2020.12.09-03.00.10:141][  0]LogConfig: Setting CVar [[s.PriorityAsyncLoadingExtraTime:15.0]]
[2020.12.09-03.00.10:142][  0]LogConfig: Setting CVar [[s.LevelStreamingActorsUpdateTimeLimit:5.0]]
[2020.12.09-03.00.10:142][  0]LogConfig: Setting CVar [[s.PriorityLevelStreamingActorsUpdateExtraTime:5.0]]
[2020.12.09-03.00.10:142][  0]LogConfig: Setting CVar [[s.LevelStreamingComponentsRegistrationGranularity:10]]
[2020.12.09-03.00.10:142][  0]LogConfig: Setting CVar [[s.UnregisterComponentsTimeLimit:1.0]]
[2020.12.09-03.00.10:142][  0]LogConfig: Setting CVar [[s.LevelStreamingComponentsUnregistrationGranularity:5]]
[2020.12.09-03.00.10:142][  0]LogConfig: Setting CVar [[s.FlushStreamingOnExit:1]]
[2020.12.09-03.00.10:142][  0]LogConfig: Applying CVar settings from Section [/Script/Engine.GarbageCollectionSettings] File [E:/Github/TheShadowsFall/ProjectFalls/Saved/Config/Windows/Engine.ini]
[2020.12.09-03.00.10:142][  0]LogConfig: Setting CVar [[gc.MaxObjectsNotConsideredByGC:1]]
[2020.12.09-03.00.10:142][  0]LogConfig: Setting CVar [[gc.SizeOfPermanentObjectPool:0]]
[2020.12.09-03.00.10:142][  0]LogConfig: Setting CVar [[gc.FlushStreamingOnGC:0]]
[2020.12.09-03.00.10:142][  0]LogConfig: Setting CVar [[gc.NumRetriesBeforeForcingGC:10]]
[2020.12.09-03.00.10:142][  0]LogConfig: Setting CVar [[gc.AllowParallelGC:1]]
[2020.12.09-03.00.10:142][  0]LogConfig: Setting CVar [[gc.TimeBetweenPurgingPendingKillObjects:61.1]]
[2020.12.09-03.00.10:142][  0]LogConfig: Setting CVar [[gc.MaxObjectsInEditor:25165824]]
[2020.12.09-03.00.10:142][  0]LogConfig: Setting CVar [[gc.IncrementalBeginDestroyEnabled:1]]
[2020.12.09-03.00.10:142][  0]LogConfig: Setting CVar [[gc.CreateGCClusters:1]]
[2020.12.09-03.00.10:142][  0]LogConfig: Setting CVar [[gc.MinGCClusterSize:5]]
[2020.12.09-03.00.10:142][  0]LogConfig: Setting CVar [[gc.ActorClusteringEnabled:0]]
[2020.12.09-03.00.10:142][  0]LogConfig: Setting CVar [[gc.BlueprintClusteringEnabled:0]]
[2020.12.09-03.00.10:142][  0]LogConfig: Setting CVar [[gc.UseDisregardForGCOnDedicatedServers:0]]
[2020.12.09-03.00.10:142][  0]LogConfig: Applying CVar settings from Section [/Script/Engine.NetworkSettings] File [E:/Github/TheShadowsFall/ProjectFalls/Saved/Config/Windows/Engine.ini]
[2020.12.09-03.00.10:142][  0]LogConfig: Applying CVar settings from Section [/Script/UnrealEd.CookerSettings] File [E:/Github/TheShadowsFall/ProjectFalls/Saved/Config/Windows/Engine.ini]
[2020.12.09-03.00.10:145][  0]LogConfig: Applying CVar settings from Section [ViewDistanceQuality@3] File [E:/Github/TheShadowsFall/ProjectFalls/Saved/Config/Windows/Scalability.ini]
[2020.12.09-03.00.10:145][  0]LogConfig: Setting CVar [[r.SkeletalMeshLODBias:0]]
[2020.12.09-03.00.10:145][  0]LogConfig: Setting CVar [[r.ViewDistanceScale:1.0]]
[2020.12.09-03.00.10:145][  0]LogConfig: Applying CVar settings from Section [AntiAliasingQuality@3] File [E:/Github/TheShadowsFall/ProjectFalls/Saved/Config/Windows/Scalability.ini]
[2020.12.09-03.00.10:145][  0]LogConfig: Setting CVar [[r.PostProcessAAQuality:4]]
[2020.12.09-03.00.10:145][  0]LogConfig: Applying CVar settings from Section [ShadowQuality@3] File [E:/Github/TheShadowsFall/ProjectFalls/Saved/Config/Windows/Scalability.ini]
[2020.12.09-03.00.10:145][  0]LogConfig: Setting CVar [[r.LightFunctionQuality:1]]
[2020.12.09-03.00.10:145][  0]LogConfig: Setting CVar [[r.ShadowQuality:5]]
[2020.12.09-03.00.10:145][  0]LogConfig: Setting CVar [[r.Shadow.CSM.MaxCascades:10]]
[2020.12.09-03.00.10:145][  0]LogConfig: Setting CVar [[r.Shadow.MaxResolution:2048]]
[2020.12.09-03.00.10:145][  0]LogConfig: Setting CVar [[r.Shadow.MaxCSMResolution:2048]]
[2020.12.09-03.00.10:145][  0]LogConfig: Setting CVar [[r.Shadow.RadiusThreshold:0.01]]
[2020.12.09-03.00.10:145][  0]LogConfig: Setting CVar [[r.Shadow.DistanceScale:1.0]]
[2020.12.09-03.00.10:145][  0]LogConfig: Setting CVar [[r.Shadow.CSM.TransitionScale:1.0]]
[2020.12.09-03.00.10:145][  0]LogConfig: Setting CVar [[r.Shadow.PreShadowResolutionFactor:1.0]]
[2020.12.09-03.00.10:145][  0]LogConfig: Setting CVar [[r.DistanceFieldShadowing:1]]
[2020.12.09-03.00.10:145][  0]LogConfig: Setting CVar [[r.DistanceFieldAO:1]]
[2020.12.09-03.00.10:145][  0]LogConfig: Setting CVar [[r.AOQuality:2]]
[2020.12.09-03.00.10:145][  0]LogConfig: Setting CVar [[r.VolumetricFog:1]]
[2020.12.09-03.00.10:145][  0]LogConfig: Setting CVar [[r.VolumetricFog.GridPixelSize:8]]
[2020.12.09-03.00.10:145][  0]LogConfig: Setting CVar [[r.VolumetricFog.GridSizeZ:128]]
[2020.12.09-03.00.10:145][  0]LogConfig: Setting CVar [[r.VolumetricFog.HistoryMissSupersampleCount:4]]
[2020.12.09-03.00.10:145][  0]LogConfig: Setting CVar [[r.LightMaxDrawDistanceScale:1]]
[2020.12.09-03.00.10:145][  0]LogConfig: Setting CVar [[r.CapsuleShadows:1]]
[2020.12.09-03.00.10:146][  0]LogConfig: Applying CVar settings from Section [PostProcessQuality@3] File [E:/Github/TheShadowsFall/ProjectFalls/Saved/Config/Windows/Scalability.ini]
[2020.12.09-03.00.10:146][  0]LogConfig: Setting CVar [[r.MotionBlurQuality:4]]
[2020.12.09-03.00.10:146][  0]LogConfig: Setting CVar [[r.AmbientOcclusionMipLevelFactor:0.4]]
[2020.12.09-03.00.10:146][  0]LogConfig: Setting CVar [[r.AmbientOcclusionMaxQuality:100]]
[2020.12.09-03.00.10:146][  0]LogConfig: Setting CVar [[r.AmbientOcclusionLevels:-1]]
[2020.12.09-03.00.10:146][  0]LogConfig: Setting CVar [[r.AmbientOcclusionRadiusScale:1.0]]
[2020.12.09-03.00.10:146][  0]LogConfig: Setting CVar [[r.DepthOfFieldQuality:2]]
[2020.12.09-03.00.10:146][  0]LogConfig: Setting CVar [[r.RenderTargetPoolMin:400]]
[2020.12.09-03.00.10:146][  0]LogConfig: Setting CVar [[r.LensFlareQuality:2]]
[2020.12.09-03.00.10:146][  0]LogConfig: Setting CVar [[r.SceneColorFringeQuality:1]]
[2020.12.09-03.00.10:146][  0]LogConfig: Setting CVar [[r.EyeAdaptationQuality:2]]
[2020.12.09-03.00.10:146][  0]LogConfig: Setting CVar [[r.BloomQuality:5]]
[2020.12.09-03.00.10:146][  0]LogConfig: Setting CVar [[r.FastBlurThreshold:100]]
[2020.12.09-03.00.10:146][  0]LogConfig: Setting CVar [[r.Upscale.Quality:3]]
[2020.12.09-03.00.10:146][  0]LogConfig: Setting CVar [[r.Tonemapper.GrainQuantization:1]]
[2020.12.09-03.00.10:146][  0]LogConfig: Setting CVar [[r.LightShaftQuality:1]]
[2020.12.09-03.00.10:146][  0]LogConfig: Setting CVar [[r.Filter.SizeScale:1]]
[2020.12.09-03.00.10:146][  0]LogConfig: Setting CVar [[r.Tonemapper.Quality:5]]
[2020.12.09-03.00.10:146][  0]LogConfig: Setting CVar [[r.DOF.Gather.AccumulatorQuality:1        ; higher gathering accumulator quality]]
[2020.12.09-03.00.10:146][  0]LogConfig: Setting CVar [[r.DOF.Gather.PostfilterMethod:1          ; Median3x3 postfilering method]]
[2020.12.09-03.00.10:146][  0]LogConfig: Setting CVar [[r.DOF.Gather.EnableBokehSettings:0       ; no bokeh simulation when gathering]]
[2020.12.09-03.00.10:146][  0]LogConfig: Setting CVar [[r.DOF.Gather.RingCount:4                 ; medium number of samples when gathering]]
[2020.12.09-03.00.10:146][  0]LogConfig: Setting CVar [[r.DOF.Scatter.ForegroundCompositing:1    ; additive foreground scattering]]
[2020.12.09-03.00.10:146][  0]LogConfig: Setting CVar [[r.DOF.Scatter.BackgroundCompositing:2    ; additive background scattering]]
[2020.12.09-03.00.10:146][  0]LogConfig: Setting CVar [[r.DOF.Scatter.EnableBokehSettings:1      ; bokeh simulation when scattering]]
[2020.12.09-03.00.10:146][  0]LogConfig: Setting CVar [[r.DOF.Scatter.MaxSpriteRatio:0.1         ; only a maximum of 10% of scattered bokeh]]
[2020.12.09-03.00.10:146][  0]LogConfig: Setting CVar [[r.DOF.Recombine.Quality:1                ; cheap slight out of focus]]
[2020.12.09-03.00.10:146][  0]LogConfig: Setting CVar [[r.DOF.Recombine.EnableBokehSettings:0    ; no bokeh simulation on slight out of focus]]
[2020.12.09-03.00.10:146][  0]LogConfig: Setting CVar [[r.DOF.TemporalAAQuality:1                ; more stable temporal accumulation]]
[2020.12.09-03.00.10:146][  0]LogConfig: Setting CVar [[r.DOF.Kernel.MaxForegroundRadius:0.025]]
[2020.12.09-03.00.10:146][  0]LogConfig: Setting CVar [[r.DOF.Kernel.MaxBackgroundRadius:0.025]]
[2020.12.09-03.00.10:146][  0]LogConfig: Applying CVar settings from Section [TextureQuality@3] File [E:/Github/TheShadowsFall/ProjectFalls/Saved/Config/Windows/Scalability.ini]
[2020.12.09-03.00.10:146][  0]LogConfig: Setting CVar [[r.Streaming.MipBias:0]]
[2020.12.09-03.00.10:146][  0]LogConfig: Setting CVar [[r.Streaming.AmortizeCPUToGPUCopy:0]]
[2020.12.09-03.00.10:146][  0]LogConfig: Setting CVar [[r.Streaming.MaxNumTexturesToStreamPerFrame:0]]
[2020.12.09-03.00.10:146][  0]LogConfig: Setting CVar [[r.Streaming.Boost:1]]
[2020.12.09-03.00.10:146][  0]LogConfig: Setting CVar [[r.MaxAnisotropy:8]]
[2020.12.09-03.00.10:146][  0]LogConfig: Setting CVar [[r.VT.MaxAnisotropy:8]]
[2020.12.09-03.00.10:146][  0]LogConfig: Setting CVar [[r.Streaming.LimitPoolSizeToVRAM:0]]
[2020.12.09-03.00.10:146][  0]LogConfig: Setting CVar [[r.Streaming.PoolSize:1000]]
[2020.12.09-03.00.10:146][  0]LogConfig: Setting CVar [[r.Streaming.MaxEffectiveScreenSize:0]]
[2020.12.09-03.00.10:146][  0]LogConfig: Applying CVar settings from Section [EffectsQuality@3] File [E:/Github/TheShadowsFall/ProjectFalls/Saved/Config/Windows/Scalability.ini]
[2020.12.09-03.00.10:146][  0]LogConfig: Setting CVar [[r.TranslucencyLightingVolumeDim:64]]
[2020.12.09-03.00.10:146][  0]LogConfig: Setting CVar [[r.RefractionQuality:2]]
[2020.12.09-03.00.10:146][  0]LogConfig: Setting CVar [[r.SSR.Quality:3]]
[2020.12.09-03.00.10:146][  0]LogConfig: Setting CVar [[r.SSR.HalfResSceneColor:0]]
[2020.12.09-03.00.10:146][  0]LogConfig: Setting CVar [[r.SceneColorFormat:4]]
[2020.12.09-03.00.10:146][  0]LogConfig: Setting CVar [[r.DetailMode:2]]
[2020.12.09-03.00.10:146][  0]LogConfig: Setting CVar [[r.TranslucencyVolumeBlur:1]]
[2020.12.09-03.00.10:146][  0]LogConfig: Setting CVar [[r.MaterialQualityLevel:1 ; High quality]]
[2020.12.09-03.00.10:147][  0]LogConfig: Setting CVar [[r.SSS.Scale:1]]
[2020.12.09-03.00.10:147][  0]LogConfig: Setting CVar [[r.SSS.SampleSet:2]]
[2020.12.09-03.00.10:147][  0]LogConfig: Setting CVar [[r.SSS.Quality:1]]
[2020.12.09-03.00.10:147][  0]LogConfig: Setting CVar [[r.SSS.HalfRes:0]]
[2020.12.09-03.00.10:147][  0]LogConfig: Setting CVar [[r.SSGI.Quality:3]]
[2020.12.09-03.00.10:147][  0]LogConfig: Setting CVar [[r.EmitterSpawnRateScale:1.0]]
[2020.12.09-03.00.10:147][  0]LogConfig: Setting CVar [[r.ParticleLightQuality:2]]
[2020.12.09-03.00.10:147][  0]LogConfig: Setting CVar [[r.SkyAtmosphere.AerialPerspectiveLUT.FastApplyOnOpaque:1 ; Always have FastSkyLUT 1 in this case to avoid wrong sky]]
[2020.12.09-03.00.10:147][  0]LogConfig: Setting CVar [[r.SkyAtmosphere.AerialPerspectiveLUT.SampleCountPerSlice:1]]
[2020.12.09-03.00.10:147][  0]LogConfig: Setting CVar [[r.SkyAtmosphere.AerialPerspectiveLUT.DepthResolution:16.0]]
[2020.12.09-03.00.10:147][  0]LogConfig: Setting CVar [[r.SkyAtmosphere.FastSkyLUT:1]]
[2020.12.09-03.00.10:147][  0]LogConfig: Setting CVar [[r.SkyAtmosphere.FastSkyLUT.SampleCountMin:4.0]]
[2020.12.09-03.00.10:147][  0]LogConfig: Setting CVar [[r.SkyAtmosphere.FastSkyLUT.SampleCountMax:32.0]]
[2020.12.09-03.00.10:147][  0]LogConfig: Setting CVar [[r.SkyAtmosphere.SampleCountMin:4.0]]
[2020.12.09-03.00.10:147][  0]LogConfig: Setting CVar [[r.SkyAtmosphere.SampleCountMax:32.0]]
[2020.12.09-03.00.10:147][  0]LogConfig: Setting CVar [[r.SkyAtmosphere.TransmittanceLUT.UseSmallFormat:0]]
[2020.12.09-03.00.10:147][  0]LogConfig: Setting CVar [[r.SkyAtmosphere.TransmittanceLUT.SampleCount:10.0]]
[2020.12.09-03.00.10:147][  0]LogConfig: Setting CVar [[r.SkyAtmosphere.MultiScatteringLUT.SampleCount:15.0]]
[2020.12.09-03.00.10:147][  0]LogConfig: Applying CVar settings from Section [FoliageQuality@3] File [E:/Github/TheShadowsFall/ProjectFalls/Saved/Config/Windows/Scalability.ini]
[2020.12.09-03.00.10:147][  0]LogConfig: Setting CVar [[foliage.DensityScale:1.0]]
[2020.12.09-03.00.10:147][  0]LogConfig: Setting CVar [[grass.DensityScale:1.0]]
[2020.12.09-03.00.10:147][  0]LogConfig: Applying CVar settings from Section [ShadingQuality@3] File [E:/Github/TheShadowsFall/ProjectFalls/Saved/Config/Windows/Scalability.ini]
[2020.12.09-03.00.10:147][  0]LogConfig: Setting CVar [[r.HairStrands.SkyLighting.SampleCount:16]]
[2020.12.09-03.00.10:147][  0]LogConfig: Setting CVar [[r.HairStrands.SkyLighting.JitterIntegration:0]]
[2020.12.09-03.00.10:147][  0]LogConfig: Setting CVar [[r.HairStrands.SkyAO.SampleCount:16]]
[2020.12.09-03.00.10:147][  0]LogConfig: Setting CVar [[r.HairStrands.DeepShadow.SuperSampling:0]]
[2020.12.09-03.00.10:147][  0]LogConfig: Setting CVar [[r.HairStrands.VisibilityPPLL:0]]
[2020.12.09-03.00.10:147][  0]LogConfig: Setting CVar [[r.HairStrands.RasterizationScale:0.5]]
[2020.12.09-03.00.10:147][  0]LogConfig: Setting CVar [[r.HairStrands.VelocityRasterizationScale:1]]
[2020.12.09-03.00.10:147][  0]LogInit: Selected Device Profile: [Windows]
[2020.12.09-03.00.10:147][  0]LogInit: Applying CVar settings loaded from the selected device profile: [Windows]
[2020.12.09-03.00.10:147][  0]LogHAL: Display: Platform has ~ 24 GB [25699905536 / 34359738368 / 24], which maps to Larger [LargestMinGB=32, LargerMinGB=12, DefaultMinGB=8, SmallerMinGB=6, SmallestMinGB=0)
[2020.12.09-03.00.10:147][  0]LogInit: Going up to parent DeviceProfile []
[2020.12.09-03.00.10:147][  0]LogConfig: Applying CVar settings from Section [ViewDistanceQuality@2] File [E:/Github/TheShadowsFall/ProjectFalls/Saved/Config/Windows/Scalability.ini]
[2020.12.09-03.00.10:147][  0]LogConfig: Setting CVar [[r.SkeletalMeshLODBias:0]]
[2020.12.09-03.00.10:147][  0]LogConfig: Setting CVar [[r.ViewDistanceScale:0.8]]
[2020.12.09-03.00.10:147][  0]LogConfig: Applying CVar settings from Section [AntiAliasingQuality@2] File [E:/Github/TheShadowsFall/ProjectFalls/Saved/Config/Windows/Scalability.ini]
[2020.12.09-03.00.10:147][  0]LogConfig: Setting CVar [[r.PostProcessAAQuality:3]]
[2020.12.09-03.00.10:147][  0]LogConfig: Applying CVar settings from Section [ShadowQuality@2] File [E:/Github/TheShadowsFall/ProjectFalls/Saved/Config/Windows/Scalability.ini]
[2020.12.09-03.00.10:147][  0]LogConfig: Setting CVar [[r.LightFunctionQuality:1]]
[2020.12.09-03.00.10:147][  0]LogConfig: Setting CVar [[r.ShadowQuality:5]]
[2020.12.09-03.00.10:147][  0]LogConfig: Setting CVar [[r.Shadow.CSM.MaxCascades:4]]
[2020.12.09-03.00.10:147][  0]LogConfig: Setting CVar [[r.Shadow.MaxResolution:1024]]
[2020.12.09-03.00.10:147][  0]LogConfig: Setting CVar [[r.Shadow.MaxCSMResolution:2048]]
[2020.12.09-03.00.10:147][  0]LogConfig: Setting CVar [[r.Shadow.RadiusThreshold:0.04]]
[2020.12.09-03.00.10:148][  0]LogConfig: Setting CVar [[r.Shadow.DistanceScale:0.85]]
[2020.12.09-03.00.10:148][  0]LogConfig: Setting CVar [[r.Shadow.CSM.TransitionScale:0.8]]
[2020.12.09-03.00.10:148][  0]LogConfig: Setting CVar [[r.Shadow.PreShadowResolutionFactor:0.5]]
[2020.12.09-03.00.10:148][  0]LogConfig: Setting CVar [[r.DistanceFieldShadowing:1]]
[2020.12.09-03.00.10:148][  0]LogConfig: Setting CVar [[r.DistanceFieldAO:1]]
[2020.12.09-03.00.10:148][  0]LogConfig: Setting CVar [[r.AOQuality:1]]
[2020.12.09-03.00.10:148][  0]LogConfig: Setting CVar [[r.VolumetricFog:1]]
[2020.12.09-03.00.10:148][  0]LogConfig: Setting CVar [[r.VolumetricFog.GridPixelSize:16]]
[2020.12.09-03.00.10:148][  0]LogConfig: Setting CVar [[r.VolumetricFog.GridSizeZ:64]]
[2020.12.09-03.00.10:148][  0]LogConfig: Setting CVar [[r.VolumetricFog.HistoryMissSupersampleCount:4]]
[2020.12.09-03.00.10:148][  0]LogConfig: Setting CVar [[r.LightMaxDrawDistanceScale:1]]
[2020.12.09-03.00.10:148][  0]LogConfig: Setting CVar [[r.CapsuleShadows:1]]
[2020.12.09-03.00.10:148][  0]LogConfig: Applying CVar settings from Section [PostProcessQuality@2] File [E:/Github/TheShadowsFall/ProjectFalls/Saved/Config/Windows/Scalability.ini]
[2020.12.09-03.00.10:148][  0]LogConfig: Setting CVar [[r.MotionBlurQuality:3]]
[2020.12.09-03.00.10:148][  0]LogConfig: Setting CVar [[r.AmbientOcclusionMipLevelFactor:0.6]]
[2020.12.09-03.00.10:148][  0]LogConfig: Setting CVar [[r.AmbientOcclusionMaxQuality:100]]
[2020.12.09-03.00.10:148][  0]LogConfig: Setting CVar [[r.AmbientOcclusionLevels:-1]]
[2020.12.09-03.00.10:148][  0]LogConfig: Setting CVar [[r.AmbientOcclusionRadiusScale:1.5]]
[2020.12.09-03.00.10:148][  0]LogConfig: Setting CVar [[r.DepthOfFieldQuality:2]]
[2020.12.09-03.00.10:148][  0]LogConfig: Setting CVar [[r.RenderTargetPoolMin:400]]
[2020.12.09-03.00.10:148][  0]LogConfig: Setting CVar [[r.LensFlareQuality:2]]
[2020.12.09-03.00.10:148][  0]LogConfig: Setting CVar [[r.SceneColorFringeQuality:1]]
[2020.12.09-03.00.10:148][  0]LogConfig: Setting CVar [[r.EyeAdaptationQuality:2]]
[2020.12.09-03.00.10:148][  0]LogConfig: Setting CVar [[r.BloomQuality:5]]
[2020.12.09-03.00.10:148][  0]LogConfig: Setting CVar [[r.FastBlurThreshold:3]]
[2020.12.09-03.00.10:148][  0]LogConfig: Setting CVar [[r.Upscale.Quality:2]]
[2020.12.09-03.00.10:148][  0]LogConfig: Setting CVar [[r.Tonemapper.GrainQuantization:1]]
[2020.12.09-03.00.10:148][  0]LogConfig: Setting CVar [[r.LightShaftQuality:1]]
[2020.12.09-03.00.10:148][  0]LogConfig: Setting CVar [[r.Filter.SizeScale:0.8]]
[2020.12.09-03.00.10:148][  0]LogConfig: Setting CVar [[r.Tonemapper.Quality:5]]
[2020.12.09-03.00.10:148][  0]LogConfig: Setting CVar [[r.DOF.Gather.AccumulatorQuality:0        ; lower gathering accumulator quality]]
[2020.12.09-03.00.10:148][  0]LogConfig: Setting CVar [[r.DOF.Gather.PostfilterMethod:2          ; Max3x3 postfilering method]]
[2020.12.09-03.00.10:148][  0]LogConfig: Setting CVar [[r.DOF.Gather.EnableBokehSettings:0       ; no bokeh simulation when gathering]]
[2020.12.09-03.00.10:148][  0]LogConfig: Setting CVar [[r.DOF.Gather.RingCount:4                 ; medium number of samples when gathering]]
[2020.12.09-03.00.10:148][  0]LogConfig: Setting CVar [[r.DOF.Scatter.ForegroundCompositing:1    ; additive foreground scattering]]
[2020.12.09-03.00.10:148][  0]LogConfig: Setting CVar [[r.DOF.Scatter.BackgroundCompositing:1    ; no background occlusion]]
[2020.12.09-03.00.10:148][  0]LogConfig: Setting CVar [[r.DOF.Scatter.EnableBokehSettings:0      ; no bokeh simulation when scattering]]
[2020.12.09-03.00.10:148][  0]LogConfig: Setting CVar [[r.DOF.Scatter.MaxSpriteRatio:0.04        ; only a maximum of 4% of scattered bokeh]]
[2020.12.09-03.00.10:148][  0]LogConfig: Setting CVar [[r.DOF.Recombine.Quality:0                ; no slight out of focus]]
[2020.12.09-03.00.10:148][  0]LogConfig: Setting CVar [[r.DOF.TemporalAAQuality:0                ; faster temporal accumulation]]
[2020.12.09-03.00.10:148][  0]LogConfig: Setting CVar [[r.DOF.Kernel.MaxForegroundRadius:0.012   ; required because of AccumulatorQuality=0]]
[2020.12.09-03.00.10:148][  0]LogConfig: Setting CVar [[r.DOF.Kernel.MaxBackgroundRadius:0.012   ; required because of AccumulatorQuality=0]]
[2020.12.09-03.00.10:148][  0]LogConfig: Applying CVar settings from Section [TextureQuality@2] File [E:/Github/TheShadowsFall/ProjectFalls/Saved/Config/Windows/Scalability.ini]
[2020.12.09-03.00.10:148][  0]LogConfig: Setting CVar [[r.Streaming.MipBias:0]]
[2020.12.09-03.00.10:148][  0]LogConfig: Setting CVar [[r.Streaming.AmortizeCPUToGPUCopy:0]]
[2020.12.09-03.00.10:148][  0]LogConfig: Setting CVar [[r.Streaming.MaxNumTexturesToStreamPerFrame:0]]
[2020.12.09-03.00.10:148][  0]LogConfig: Setting CVar [[r.Streaming.Boost:1]]
[2020.12.09-03.00.10:148][  0]LogConfig: Setting CVar [[r.MaxAnisotropy:4]]
[2020.12.09-03.00.10:148][  0]LogConfig: Setting CVar [[r.VT.MaxAnisotropy:8]]
[2020.12.09-03.00.10:148][  0]LogConfig: Setting CVar [[r.Streaming.LimitPoolSizeToVRAM:1]]
[2020.12.09-03.00.10:149][  0]LogConfig: Setting CVar [[r.Streaming.PoolSize:800]]
[2020.12.09-03.00.10:149][  0]LogConfig: Setting CVar [[r.Streaming.MaxEffectiveScreenSize:0]]
[2020.12.09-03.00.10:149][  0]LogConfig: Applying CVar settings from Section [EffectsQuality@2] File [E:/Github/TheShadowsFall/ProjectFalls/Saved/Config/Windows/Scalability.ini]
[2020.12.09-03.00.10:149][  0]LogConfig: Setting CVar [[r.TranslucencyLightingVolumeDim:48]]
[2020.12.09-03.00.10:149][  0]LogConfig: Setting CVar [[r.RefractionQuality:2]]
[2020.12.09-03.00.10:149][  0]LogConfig: Setting CVar [[r.SSR.Quality:2]]
[2020.12.09-03.00.10:149][  0]LogConfig: Setting CVar [[r.SSR.HalfResSceneColor:1]]
[2020.12.09-03.00.10:149][  0]LogConfig: Setting CVar [[r.SceneColorFormat:3]]
[2020.12.09-03.00.10:149][  0]LogConfig: Setting CVar [[r.DetailMode:1]]
[2020.12.09-03.00.10:149][  0]LogConfig: Setting CVar [[r.TranslucencyVolumeBlur:1]]
[2020.12.09-03.00.10:149][  0]LogConfig: Setting CVar [[r.MaterialQualityLevel:1 ; High quality]]
[2020.12.09-03.00.10:149][  0]LogConfig: Setting CVar [[r.SSS.Scale:1]]
[2020.12.09-03.00.10:149][  0]LogConfig: Setting CVar [[r.SSS.SampleSet:1]]
[2020.12.09-03.00.10:149][  0]LogConfig: Setting CVar [[r.SSS.Quality:-1]]
[2020.12.09-03.00.10:149][  0]LogConfig: Setting CVar [[r.SSS.HalfRes:1]]
[2020.12.09-03.00.10:149][  0]LogConfig: Setting CVar [[r.SSGI.Quality:2]]
[2020.12.09-03.00.10:149][  0]LogConfig: Setting CVar [[r.EmitterSpawnRateScale:0.5]]
[2020.12.09-03.00.10:149][  0]LogConfig: Setting CVar [[r.ParticleLightQuality:1]]
[2020.12.09-03.00.10:149][  0]LogConfig: Setting CVar [[r.SkyAtmosphere.AerialPerspectiveLUT.FastApplyOnOpaque:1 ; Always have FastSkyLUT 1 in this case to avoid wrong sky]]
[2020.12.09-03.00.10:149][  0]LogConfig: Setting CVar [[r.SkyAtmosphere.AerialPerspectiveLUT.SampleCountPerSlice:1]]
[2020.12.09-03.00.10:149][  0]LogConfig: Setting CVar [[r.SkyAtmosphere.AerialPerspectiveLUT.DepthResolution:16.0]]
[2020.12.09-03.00.10:149][  0]LogConfig: Setting CVar [[r.SkyAtmosphere.FastSkyLUT:1]]
[2020.12.09-03.00.10:149][  0]LogConfig: Setting CVar [[r.SkyAtmosphere.FastSkyLUT.SampleCountMin:4.0]]
[2020.12.09-03.00.10:149][  0]LogConfig: Setting CVar [[r.SkyAtmosphere.FastSkyLUT.SampleCountMax:32.0]]
[2020.12.09-03.00.10:149][  0]LogConfig: Setting CVar [[r.SkyAtmosphere.SampleCountMin:4.0]]
[2020.12.09-03.00.10:149][  0]LogConfig: Setting CVar [[r.SkyAtmosphere.SampleCountMax:32.0]]
[2020.12.09-03.00.10:149][  0]LogConfig: Setting CVar [[r.SkyAtmosphere.TransmittanceLUT.UseSmallFormat:0]]
[2020.12.09-03.00.10:149][  0]LogConfig: Setting CVar [[r.SkyAtmosphere.TransmittanceLUT.SampleCount:10.0]]
[2020.12.09-03.00.10:149][  0]LogConfig: Setting CVar [[r.SkyAtmosphere.MultiScatteringLUT.SampleCount:15.0]]
[2020.12.09-03.00.10:149][  0]LogConfig: Applying CVar settings from Section [FoliageQuality@2] File [E:/Github/TheShadowsFall/ProjectFalls/Saved/Config/Windows/Scalability.ini]
[2020.12.09-03.00.10:149][  0]LogConfig: Setting CVar [[foliage.DensityScale:0.8]]
[2020.12.09-03.00.10:149][  0]LogConfig: Setting CVar [[grass.DensityScale:0.8]]
[2020.12.09-03.00.10:149][  0]LogConfig: Applying CVar settings from Section [ShadingQuality@2] File [E:/Github/TheShadowsFall/ProjectFalls/Saved/Config/Windows/Scalability.ini]
[2020.12.09-03.00.10:149][  0]LogConfig: Setting CVar [[r.HairStrands.SkyLighting.SampleCount:16]]
[2020.12.09-03.00.10:149][  0]LogConfig: Setting CVar [[r.HairStrands.SkyLighting.JitterIntegration:0]]
[2020.12.09-03.00.10:149][  0]LogConfig: Setting CVar [[r.HairStrands.SkyAO.SampleCount:16]]
[2020.12.09-03.00.10:149][  0]LogConfig: Setting CVar [[r.HairStrands.DeepShadow.SuperSampling:0]]
[2020.12.09-03.00.10:149][  0]LogConfig: Setting CVar [[r.HairStrands.VisibilityPPLL:0]]
[2020.12.09-03.00.10:149][  0]LogConfig: Setting CVar [[r.HairStrands.RasterizationScale:0.5]]
[2020.12.09-03.00.10:149][  0]LogConfig: Setting CVar [[r.HairStrands.VelocityRasterizationScale:1]]
[2020.12.09-03.00.10:149][  0]LogConfig: Applying CVar settings from Section [Startup] File [../../../Engine/Config/ConsoleVariables.ini]
[2020.12.09-03.00.10:150][  0]LogConfig: Setting CVar [[net.UseAdaptiveNetUpdateFrequency:0]]
[2020.12.09-03.00.10:150][  0]LogConfig: Setting CVar [[p.chaos.AllowCreatePhysxBodies:1]]
[2020.12.09-03.00.10:150][  0]LogConfig: Setting CVar [[fx.SkipVectorVMBackendOptimizations:1]]
[2020.12.09-03.00.10:150][  0]LogConfig: Applying CVar settings from Section [ConsoleVariables] File [E:/Github/TheShadowsFall/ProjectFalls/Saved/Config/Windows/Engine.ini]
[2020.12.09-03.00.10:150][  0]LogInit: Computer: BACON_PC
[2020.12.09-03.00.10:150][  0]LogInit: User: Kaue
[2020.12.09-03.00.10:150][  0]LogInit: CPU Page size=4096, Cores=6
[2020.12.09-03.00.10:150][  0]LogInit: High frequency timer resolution =10.000000 MHz
[2020.12.09-03.00.10:150][  0]LogMemory: Memory total: Physical=23.9GB (24GB approx)
[2020.12.09-03.00.10:150][  0]LogMemory: Platform Memory Stats for Windows
[2020.12.09-03.00.10:150][  0]LogMemory: Process Physical Memory: 113.71 MB used, 113.72 MB peak
[2020.12.09-03.00.10:150][  0]LogMemory: Process Virtual Memory: 95.79 MB used, 95.79 MB peak
[2020.12.09-03.00.10:150][  0]LogMemory: Physical Memory: 5989.77 MB used,  18519.57 MB free, 24509.34 MB total
[2020.12.09-03.00.10:150][  0]LogMemory: Virtual Memory: 5102.78 MB used,  134212624.00 MB free, 134217728.00 MB total
[2020.12.09-03.00.10:157][  0]LogWindows: WindowsPlatformFeatures enabled
[2020.12.09-03.00.10:250][  0]LogInit: Physics initialised using underlying interface: PhysX
[2020.12.09-03.00.10:251][  0]LogInit: Overriding language with editor language configuration option (en).
[2020.12.09-03.00.10:251][  0]LogInit: Overriding locale with editor locale configuration option (en).
[2020.12.09-03.00.10:424][  0]LogInit: Setting process to per monitor DPI aware
[2020.12.09-03.00.10:459][  0]LogSlate: New Slate User Created.  User Index 0, Is Virtual User: 0
[2020.12.09-03.00.10:460][  0]LogSlate: Slate User Registered.  User Index 0, Is Virtual User: 0
[2020.12.09-03.00.10:723][  0]LogHMD: Failed to initialize OpenVR with code 110
[2020.12.09-03.00.10:723][  0]LogD3D11RHI: D3D11 min allowed feature level: 11_0
[2020.12.09-03.00.10:723][  0]LogD3D11RHI: D3D11 max allowed feature level: 11_0
[2020.12.09-03.00.10:723][  0]LogD3D11RHI: D3D11 adapters:
[2020.12.09-03.00.10:782][  0]LogD3D11RHI:    0. 'NVIDIA GeForce GTX 1050 Ti' (Feature Level 11_0)
[2020.12.09-03.00.10:782][  0]LogD3D11RHI:       4018/0/12254 MB DedicatedVideo/DedicatedSystem/SharedSystem, Outputs:1, VendorId:0x10de
[2020.12.09-03.00.10:785][  0]LogD3D11RHI:    1. 'Microsoft Basic Render Driver' (Feature Level 11_0)
[2020.12.09-03.00.10:785][  0]LogD3D11RHI:       0/0/12254 MB DedicatedVideo/DedicatedSystem/SharedSystem, Outputs:0, VendorId:0x1414
[2020.12.09-03.00.10:785][  0]LogD3D11RHI: Chosen D3D11 Adapter: 0
[2020.12.09-03.00.10:790][  0]LogD3D11RHI: Creating new Direct3DDevice
[2020.12.09-03.00.10:790][  0]LogD3D11RHI:     GPU DeviceId: 0x1c82 (for the marketing name, search the web for "GPU Device Id")
[2020.12.09-03.00.10:790][  0]LogWindows: EnumDisplayDevices:
[2020.12.09-03.00.10:791][  0]LogWindows:    0. 'NVIDIA GeForce GTX 1050 Ti' (P:1 D:1)
[2020.12.09-03.00.10:791][  0]LogWindows:    1. 'NVIDIA GeForce GTX 1050 Ti' (P:0 D:0)
[2020.12.09-03.00.10:792][  0]LogWindows:    2. 'NVIDIA GeForce GTX 1050 Ti' (P:0 D:0)
[2020.12.09-03.00.10:792][  0]LogWindows:    3. 'NVIDIA GeForce GTX 1050 Ti' (P:0 D:0)
[2020.12.09-03.00.10:793][  0]LogWindows: DebugString: FoundDriverCount:4 
[2020.12.09-03.00.10:793][  0]LogD3D11RHI:     Adapter Name: NVIDIA GeForce GTX 1050 Ti
[2020.12.09-03.00.10:793][  0]LogD3D11RHI:   Driver Version: 457.51 (internal:27.21.14.5751, unified:457.51)
[2020.12.09-03.00.10:793][  0]LogD3D11RHI:      Driver Date: 11-22-2020
[2020.12.09-03.00.10:793][  0]LogRHI: Texture pool is 2812 MB (70% of 4018 MB)
[2020.12.09-03.00.10:831][  0]LogD3D11RHI: RHI has support for 64 bit atomics
[2020.12.09-03.00.10:831][  0]LogD3D11RHI: Async texture creation enabled
[2020.12.09-03.00.10:831][  0]LogD3D11RHI: Array index from any shader is supported
[2020.12.09-03.00.10:833][  0]LogD3D11RHI: HDR output is supported on display 0 (NvId: 0x80061082).
[2020.12.09-03.00.10:859][  0]LogD3D11RHI: GPU Timing Frequency: 1000.000000 (Debug: 2 1)
[2020.12.09-03.00.11:236][  0]LogTargetPlatformManager: Display: Loaded TargetPlatform 'AllDesktop'
[2020.12.09-03.00.11:259][  0]LogTargetPlatformManager: Display: Loaded TargetPlatform 'Android'
[2020.12.09-03.00.11:259][  0]LogTargetPlatformManager: Display: Loaded TargetPlatform 'Android_ASTC'
[2020.12.09-03.00.11:259][  0]LogTargetPlatformManager: Display: Loaded TargetPlatform 'Android_DXT'
[2020.12.09-03.00.11:259][  0]LogTargetPlatformManager: Display: Loaded TargetPlatform 'Android_ETC2'
[2020.12.09-03.00.11:259][  0]LogTargetPlatformManager: Display: Loaded TargetPlatform 'AndroidClient'
[2020.12.09-03.00.11:259][  0]LogTargetPlatformManager: Display: Loaded TargetPlatform 'Android_ASTCClient'
[2020.12.09-03.00.11:259][  0]LogTargetPlatformManager: Display: Loaded TargetPlatform 'Android_DXTClient'
[2020.12.09-03.00.11:259][  0]LogTargetPlatformManager: Display: Loaded TargetPlatform 'Android_ETC2Client'
[2020.12.09-03.00.11:259][  0]LogTargetPlatformManager: Display: Loaded TargetPlatform 'Android_Multi'
[2020.12.09-03.00.11:259][  0]LogTargetPlatformManager: Display: Loaded TargetPlatform 'Android_MultiClient'
[2020.12.09-03.00.11:286][  0]LogTargetPlatformManager: Display: Loaded TargetPlatform 'IOSClient'
[2020.12.09-03.00.11:286][  0]LogTargetPlatformManager: Display: Loaded TargetPlatform 'IOS'
[2020.12.09-03.00.11:299][  0]LogTargetPlatformManager: Display: Loaded TargetPlatform 'Linux'
[2020.12.09-03.00.11:310][  0]LogTargetPlatformManager: Display: Loaded TargetPlatform 'LinuxNoEditor'
[2020.12.09-03.00.11:320][  0]LogTargetPlatformManager: Display: Loaded TargetPlatform 'LinuxClient'
[2020.12.09-03.00.11:331][  0]LogTargetPlatformManager: Display: Loaded TargetPlatform 'LinuxServer'
[2020.12.09-03.00.11:342][  0]LogTargetPlatformManager: Display: Loaded TargetPlatform 'LinuxAArch64NoEditor'
[2020.12.09-03.00.11:352][  0]LogTargetPlatformManager: Display: Loaded TargetPlatform 'LinuxAArch64Client'
[2020.12.09-03.00.11:363][  0]LogTargetPlatformManager: Display: Loaded TargetPlatform 'LinuxAArch64Server'
[2020.12.09-03.00.11:393][  0]LogTargetPlatformManager: Display: Loaded TargetPlatform 'Lumin'
[2020.12.09-03.00.11:393][  0]LogTargetPlatformManager: Display: Loaded TargetPlatform 'LuminClient'
[2020.12.09-03.00.11:411][  0]LogTargetPlatformManager: Display: Loaded TargetPlatform 'TVOSClient'
[2020.12.09-03.00.11:412][  0]LogTargetPlatformManager: Display: Loaded TargetPlatform 'TVOS'
[2020.12.09-03.00.11:422][  0]LogTargetPlatformManager: Display: Loaded TargetPlatform 'WindowsNoEditor'
[2020.12.09-03.00.11:434][  0]LogTargetPlatformManager: Display: Loaded TargetPlatform 'Windows'
[2020.12.09-03.00.11:444][  0]LogTargetPlatformManager: Display: Loaded TargetPlatform 'WindowsClient'
[2020.12.09-03.00.11:455][  0]LogTargetPlatformManager: Display: Loaded TargetPlatform 'WindowsServer'
[2020.12.09-03.00.11:455][  0]LogTargetPlatformManager: Display: Building Assets For Windows
[2020.12.09-03.00.11:466][  0]LogAudioDebug: Display: Lib vorbis DLL was dynamically loaded.
[2020.12.09-03.00.11:561][  0]LogShaderCompilers: Guid format shader working directory is -5 characters bigger than the processId version (../../../../../Github/TheShadowsFall/ProjectFalls/Intermediate/Shaders/WorkingDirectory/19280/).
[2020.12.09-03.00.11:561][  0]LogShaderCompilers: Cleaned the shader compiler working directory 'C:/Users/Kaue/AppData/Local/Temp/UnrealShaderWorkingDir/2F38B3014A1C967BC147E58C9AC1A21A/'.
[2020.12.09-03.00.11:562][  0]LogXGEController: Cleaning working directory: C:/Users/Kaue/AppData/Local/Temp/UnrealXGEWorkingDir/
[2020.12.09-03.00.11:562][  0]LogXGEController: Cannot use XGE Controller as Incredibuild is not installed on this machine.
[2020.12.09-03.00.11:563][  0]LogShaderCompilers: Cannot use XGE Shader Compiler as Incredibuild is not installed on this machine.
[2020.12.09-03.00.11:563][  0]LogShaderCompilers: Display: Using Local Shader Compiler.
[2020.12.09-03.00.12:295][  0]LogDerivedDataCache: Display: Max Cache Size: 512 MB
[2020.12.09-03.00.12:347][  0]LogDerivedDataCache: Loaded boot cache 0.05s 75MB C:/Users/Kaue/AppData/Local/UnrealEngine/4.25/DerivedDataCache/Boot.ddc.
[2020.12.09-03.00.12:348][  0]LogDerivedDataCache: Display: Loaded Boot cache: C:/Users/Kaue/AppData/Local/UnrealEngine/4.25/DerivedDataCache/Boot.ddc
[2020.12.09-03.00.12:348][  0]LogDerivedDataCache: FDerivedDataBackendGraph:  Pak pak cache file ../../../../../Github/TheShadowsFall/ProjectFalls/DerivedDataCache/DDC.ddp not found, will not use a pak cache.
[2020.12.09-03.00.12:348][  0]LogDerivedDataCache: Unable to find inner node Pak for hierarchical cache Hierarchy.
[2020.12.09-03.00.12:348][  0]LogDerivedDataCache: FDerivedDataBackendGraph:  CompressedPak pak cache file ../../../../../Github/TheShadowsFall/ProjectFalls/DerivedDataCache/Compressed.ddp not found, will not use a pak cache.
[2020.12.09-03.00.12:348][  0]LogDerivedDataCache: Unable to find inner node CompressedPak for hierarchical cache Hierarchy.
[2020.12.09-03.00.12:358][  0]LogDerivedDataCache: Display: Pak cache opened for reading ../../../Engine/DerivedDataCache/Compressed.ddp.
[2020.12.09-03.00.12:358][  0]LogDerivedDataCache: FDerivedDataBackendGraph:  EnterprisePak pak cache file ../../../Enterprise/DerivedDataCache/Compressed.ddp not found, will not use a pak cache.
[2020.12.09-03.00.12:358][  0]LogDerivedDataCache: Unable to find inner node EnterprisePak for hierarchical cache Hierarchy.
[2020.12.09-03.00.12:359][  0]LogDerivedDataCache: Using Local data cache path C:/Users/Kaue/AppData/Local/UnrealEngine/Common/DerivedDataCache: Writable
[2020.12.09-03.00.12:359][  0]LogDerivedDataCache: Shared data cache path not found in *engine.ini, will not use an Shared cache.
[2020.12.09-03.00.12:359][  0]LogDerivedDataCache: Unable to find inner node Shared for hierarchical cache Hierarchy.
[2020.12.09-03.00.12:404][  0]LogSlate: Using FreeType 2.10.0
[2020.12.09-03.00.12:405][  0]LogSlate: SlateFontServices - WITH_FREETYPE: 1, WITH_HARFBUZZ: 1
[2020.12.09-03.00.12:434][  0]LogAssetRegistry: FAssetRegistry took 0.0026 seconds to start up
[2020.12.09-03.00.12:653][  0]LogInit: Selected Device Profile: [Windows]
[2020.12.09-03.00.12:769][  0]LogMeshReduction: Using QuadricMeshReduction for automatic static mesh reduction
[2020.12.09-03.00.12:769][  0]LogMeshReduction: Using SimplygonMeshReduction for automatic skeletal mesh reduction
[2020.12.09-03.00.12:769][  0]LogMeshReduction: Using ProxyLODMeshReduction for automatic mesh merging
[2020.12.09-03.00.12:769][  0]LogMeshReduction: No distributed automatic mesh merging module available
[2020.12.09-03.00.12:770][  0]LogMeshMerging: No distributed automatic mesh merging module available
[2020.12.09-03.00.12:786][  0]LogNetVersion: ProjectFalls 1.0.0, NetCL: 13144385, EngineNetVer: 14, GameNetVer: 0 (Checksum: 4208646214)
[2020.12.09-03.00.13:242][  0]LogAISub: UAISubsystem::UAISubsystem AISubsystem (0000016AA7CE9BC0), frame # 0
[2020.12.09-03.00.13:242][  0]LogAISub: UAISubsystem::UAISubsystem AIPerceptionSystem (0000016AA7C2EAC0), frame # 0
[2020.12.09-03.00.13:243][  0]LogAISub: UAISubsystem::UAISubsystem EnvQueryManager (0000016AA7C89E00), frame # 0
[2020.12.09-03.00.13:289][  0]LogPackageLocalizationCache: Processed 19 localized package path(s) for 1 prioritized culture(s) in 0.040751 seconds
[2020.12.09-03.00.13:293][  0]LogUObjectArray: 15917 objects as part of root set at end of initial load.
[2020.12.09-03.00.13:293][  0]LogUObjectAllocator: 3965568 out of 0 bytes used by permanent object pool.
[2020.12.09-03.00.13:293][  0]LogUObjectArray: CloseDisregardForGC: 0/0 objects in disregard for GC pool
[2020.12.09-03.00.13:722][  0]LogTcpMessaging: Initializing TcpMessaging bridge
[2020.12.09-03.00.13:727][  0]LogUdpMessaging: Initializing bridge on interface 0.0.0.0:0 to multicast group 230.0.0.1:6666.
[2020.12.09-03.00.13:823][  0]SourceControl: Source control is disabled
[2020.12.09-03.00.13:823][  0]SourceControl: Source control is disabled
[2020.12.09-03.00.13:827][  0]SourceControl: Source control is disabled
[2020.12.09-03.00.13:831][  0]SourceControl: Source control is disabled
[2020.12.09-03.00.13:839][  0]SourceControl: Source control is disabled
[2020.12.09-03.00.13:856][  0]LogVSAccessor: Display: Unable to create Visual Studio setup instance: 80040154
[2020.12.09-03.00.13:856][  0]LogVSAccessor: Display: Unable to create Visual Studio setup instance: 80040154
[2020.12.09-03.00.14:164][  0]LogAndroidPermission: UAndroidPermissionCallbackProxy::GetInstance
[2020.12.09-03.00.14:189][  0]LogAudioCaptureCore: Display: No Audio Capture implementations found. Audio input will be silent.
[2020.12.09-03.00.14:189][  0]LogAudioCaptureCore: Display: No Audio Capture implementations found. Audio input will be silent.
[2020.12.09-03.00.14:249][  0]LogOcInput: OculusInput pre-init called
[2020.12.09-03.00.14:267][  0]LogWindows: Failed to load 'OVRPlugin.dll' (GetLastError=126)
[2020.12.09-03.00.14:267][  0]LogWindows: File 'OVRPlugin.dll' does not exist
[2020.12.09-03.00.14:331][  0]LogEngine: Initializing Engine...
[2020.12.09-03.00.14:332][  0]LogHMD: Failed to initialize OpenVR with code 110
[2020.12.09-03.00.14:332][  0]LogMagicLeap: Warning: VR disabled because ZI is not enabled.  To enable, in the editor, Edit -> Project Settings -> Plugins -> Magic Leap Plugin -> Enable Zero Iteration
[2020.12.09-03.00.14:333][  0]LogStats: UGameplayTagsManager::InitializeManager -  0.000 s
[2020.12.09-03.00.14:449][  0]LogInit: Initializing FReadOnlyCVARCache
[2020.12.09-03.00.14:458][  0]LogAIModule: Creating AISystem for world Untitled
[2020.12.09-03.00.14:458][  0]LogAISub: UAISubsystem::UAISubsystem EnvQueryManager (0000016AAB2F4600), frame # 0
[2020.12.09-03.00.14:458][  0]LogAISub: UAISubsystem::UAISubsystem AIPerceptionSystem (0000016AAB30C900), frame # 0
[2020.12.09-03.00.14:475][  0]LogAudioMixer: Display: Audio Mixer Platform Settings:
[2020.12.09-03.00.14:475][  0]LogAudioMixer: Display: 	Sample Rate:						  48000
[2020.12.09-03.00.14:475][  0]LogAudioMixer: Display: 	Callback Buffer Frame Size Requested: 1024
[2020.12.09-03.00.14:475][  0]LogAudioMixer: Display: 	Callback Buffer Frame Size To Use:	  1024
[2020.12.09-03.00.14:475][  0]LogAudioMixer: Display: 	Number of buffers to queue:			  2
[2020.12.09-03.00.14:475][  0]LogAudioMixer: Display: 	Max Channels (voices):				  32
[2020.12.09-03.00.14:476][  0]LogAudioMixer: Display: 	Number of Async Source Workers:		  0
[2020.12.09-03.00.14:476][  0]LogAudio: Display: AudioDevice MaxSources: 32
[2020.12.09-03.00.14:476][  0]LogAudio: Display: Using built-in audio occlusion.
[2020.12.09-03.00.14:476][  0]LogAudioMixer: Display: Initializing audio mixer.
[2020.12.09-03.00.14:513][  0]LogAudioMixer: Display: 0: FrontLeft
[2020.12.09-03.00.14:513][  0]LogAudioMixer: Display: 1: FrontRight
[2020.12.09-03.00.14:608][  0]LogAudioMixer: Display: Using Audio Device LG HDR WFHD (NVIDIA High Definition Audio)
[2020.12.09-03.00.14:611][  0]LogAudioMixer: Display: Initializing Sound Submixes...
[2020.12.09-03.00.14:614][  0]LogAudioMixer: Display: Creating Master Submix 'MasterSubmixDefault'
[2020.12.09-03.00.14:614][  0]LogAudioMixer: Display: Creating Master Submix 'MasterReverbSubmixDefault'
[2020.12.09-03.00.14:615][  0]LogAudioMixer: Display: Creating Master Submix 'MasterEQSubmixDefault'
[2020.12.09-03.00.14:616][  0]LogInit: FAudioDevice initialized.
[2020.12.09-03.00.14:616][  0]LogNetVersion: Set ProjectVersion to 1.0.0.0. Version Checksum will be recalculated on next use.
[2020.12.09-03.00.14:695][  0]LogDerivedDataCache: Saved boot cache 0.08s 75MB C:/Users/Kaue/AppData/Local/UnrealEngine/4.25/DerivedDataCache/Boot.ddc.
[2020.12.09-03.00.14:699][  0]LogInit: Texture streaming: Enabled
[2020.12.09-03.00.14:726][  0]LogEngineSessionManager: EngineSessionManager initialized
[2020.12.09-03.00.14:726][  0]LogEngineSessionManager: EngineSessionManager sent abnormal shutdown report. Type=Crashed, SessionId={AF7A2692-4530-9191-9DF5-C6B8A3C0A4AE}
[2020.12.09-03.00.14:726][  0]LogEditorSessionSummary: Verbose: Initializing EditorSessionSummaryWriter for editor session tracking
[2020.12.09-03.00.14:743][  0]LogEditorSessionSummary: EditorSessionSummaryWriter initialized
[2020.12.09-03.00.14:781][  0]LogInit: Transaction tracking system initialized
[2020.12.09-03.00.14:809][  0]BlueprintLog: New page: Editor Load
[2020.12.09-03.00.14:897][  0]LocalizationService: Localization service is disabled
[2020.12.09-03.00.14:996][  0]LogVSAccessor: Display: Unable to create Visual Studio setup instance: 80040154
[2020.12.09-03.00.14:997][  0]LogVSAccessor: Display: Unable to create Visual Studio setup instance: 80040154
[2020.12.09-03.00.15:083][  0]LogCook: Display: Max memory allowance for cook 16384mb min free memory 0mb
[2020.12.09-03.00.15:083][  0]LogCook: Display: Mobile HDR setting 1
[2020.12.09-03.00.15:243][  0]LogFileCache: Scanning file cache for directory 'E:/Github/TheShadowsFall/ProjectFalls/Content/' took 0.01s
[2020.12.09-03.00.15:493][  0]SourceControl: Source control is disabled
[2020.12.09-03.00.15:493][  0]LogUnrealEdMisc: Loading editor; pre map load, took 8.124
[2020.12.09-03.00.15:493][  0]Cmd: MAP LOAD FILE="../../../../../Github/TheShadowsFall/ProjectFalls/Content/ThirdPersonBP/Maps/ThirdPersonExampleMap.umap" TEMPLATE=0 SHOWPROGRESS=1 FEATURELEVEL=3
[2020.12.09-03.00.15:494][  0]LightingResults: New page: Lighting Build
[2020.12.09-03.00.15:495][  0]LogWorld: UWorld::CleanupWorld for Untitled, bSessionEnded=true, bCleanupResources=true
[2020.12.09-03.00.15:495][  0]LogSlate: InvalidateAllWidgets triggered.  All widgets were invalidated
[2020.12.09-03.00.15:495][  0]MapCheck: New page: Map Check
[2020.12.09-03.00.15:495][  0]LightingResults: New page: Lighting Build
[2020.12.09-03.00.15:504][  0]LogAISub: UAISubsystem::~UAISubsystem EnvQueryManager (0000016AAB2F4600), frame # 0
[2020.12.09-03.00.15:504][  0]LogAISub: UAISubsystem::~UAISubsystem AIPerceptionSystem (0000016AAB30C900), frame # 0
[2020.12.09-03.00.15:504][  0]LogUObjectHash: Compacting FUObjectHashTables data took   0.57ms
[2020.12.09-03.00.16:049][  0]LogAIModule: Creating AISystem for world ThirdPersonExampleMap
[2020.12.09-03.00.16:049][  0]LogAISub: UAISubsystem::UAISubsystem EnvQueryManager (0000016A9E5D6200), frame # 0
[2020.12.09-03.00.16:049][  0]LogAISub: UAISubsystem::UAISubsystem AIPerceptionSystem (0000016A9D141BC0), frame # 0
[2020.12.09-03.00.16:060][  0]LogEditorServer: Finished looking for orphan Actors (0.000 secs)
[2020.12.09-03.00.16:070][  0]LogUObjectHash: Compacting FUObjectHashTables data took   0.69ms
[2020.12.09-03.00.16:070][  0]Cmd: MAP CHECKDEP NOCLEARLOG
[2020.12.09-03.00.16:071][  0]MapCheck: Map check complete: 0 Error(s), 0 Warning(s), took 0.248ms to complete.
[2020.12.09-03.00.16:071][  0]LogFileHelpers: Loading map 'ThirdPersonExampleMap' took 0.578
[2020.12.09-03.00.16:072][  0]LogUnrealEdMisc: Total Editor Startup Time, took 8.704
[2020.12.09-03.00.16:198][  0]LogSlate: Updating window title bar state: overlay mode, drag disabled, window buttons hidden, title bar hidden
[2020.12.09-03.00.16:204][  0]LogSlate: Updating window title bar state: overlay mode, drag disabled, window buttons hidden, title bar hidden
[2020.12.09-03.00.16:210][  0]LogSlate: Updating window title bar state: overlay mode, drag disabled, window buttons hidden, title bar hidden
[2020.12.09-03.00.16:217][  0]LogSlate: Updating window title bar state: overlay mode, drag disabled, window buttons hidden, title bar hidden
[2020.12.09-03.00.16:230][  0]LogCollectionManager: Loaded 0 collections in 0.001032 seconds
[2020.12.09-03.00.16:244][  0]LogFileCache: Scanning file cache for directory 'E:/Github/TheShadowsFall/ProjectFalls/Saved/Collections/' took 0.00s
[2020.12.09-03.00.16:244][  0]LogFileCache: Scanning file cache for directory 'E:/Github/TheShadowsFall/ProjectFalls/Content/Developers/Kaue/Collections/' took 0.00s
[2020.12.09-03.00.16:244][  0]LogFileCache: Scanning file cache for directory 'E:/Github/TheShadowsFall/ProjectFalls/Content/Collections/' took 0.00s
[2020.12.09-03.00.16:244][  0]LogContentBrowser: Native class hierarchy populated in 0.0080 seconds. Added 3427 classes and 821 folders.
[2020.12.09-03.00.16:247][  0]LogContentBrowser: Native class hierarchy updated for 'WidgetCarousel' in 0.0003 seconds. Added 0 classes and 0 folders.
[2020.12.09-03.00.16:353][  0]LogContentBrowser: Native class hierarchy updated for 'AddContentDialog' in 0.0003 seconds. Added 0 classes and 0 folders.
[2020.12.09-03.00.16:354][  0]LogContentBrowser: Native class hierarchy updated for 'SceneOutliner' in 0.0003 seconds. Added 2 classes and 0 folders.
[2020.12.09-03.00.16:501][  0]LogSlate: Took 0.000257 seconds to synchronously load lazily loaded font '../../../Engine/Content/Slate/Fonts/Roboto-Regular.ttf' (155K)
[2020.12.09-03.00.16:502][  0]LogSlate: Took 0.000237 seconds to synchronously load lazily loaded font '../../../Engine/Content/Slate/Fonts/Roboto-Bold.ttf' (160K)
[2020.12.09-03.00.16:506][  0]LogSlate: Took 0.000232 seconds to synchronously load lazily loaded font '../../../Engine/Content/Editor/Slate/Fonts/FontAwesome.ttf' (139K)
[2020.12.09-03.00.16:573][  0]LogRenderer: Reallocating scene render targets to support 1704x532 Format 9 NumSamples 1 (Frame:1).
[2020.12.09-03.00.16:680][  0]LogContentBrowser: Native class hierarchy updated for 'HierarchicalLODOutliner' in 0.0003 seconds. Added 0 classes and 0 folders.
[2020.12.09-03.00.16:680][  0]LogLoad: (Engine Initialization) Total time: 9.31 seconds
[2020.12.09-03.00.16:680][  0]LogLoad: (Engine Initialization) Total Blueprint compile time: 0.00 seconds
[2020.12.09-03.00.16:717][  0]LogAssetRegistry: Asset discovery search completed in 4.2841 seconds
[2020.12.09-03.00.16:721][  0]LogCollectionManager: Fixed up redirectors for 0 collections in 0.000002 seconds (updated 0 objects)
[2020.12.09-03.00.16:722][  0]LogContentStreaming: Texture pool size now 800 MB
[2020.12.09-03.00.16:779][  0]LogSlate: Took 0.000247 seconds to synchronously load lazily loaded font '../../../Engine/Content/Slate/Fonts/Roboto-Light.ttf' (167K)
[2020.12.09-03.00.17:730][ 75]LogSlate: Took 0.000226 seconds to synchronously load lazily loaded font '../../../Engine/Content/Slate/Fonts/Roboto-Light.ttf' (167K)
[2020.12.09-03.00.18:550][116]LogAssetEditorSubsystem: Opening Asset editor for AnimBlueprint /Game/Max/Animations/Max_Blueprint.Max_Blueprint
[2020.12.09-03.00.18:558][116]LogContentBrowser: Native class hierarchy updated for 'SkeletonEditor' in 0.0003 seconds. Added 1 classes and 2 folders.
[2020.12.09-03.00.18:713][116]LogActorComponent: RegisterComponentWithWorld: (/Engine/Transient.World_3:PersistentLevel.AnimationEditorPreviewActor_0.DebugSkelMeshComponent_0) Already registered. Aborting.
[2020.12.09-03.00.18:716][116]LogContentBrowser: Native class hierarchy updated for 'PinnedCommandList' in 0.0004 seconds. Added 1 classes and 0 folders.
[2020.12.09-03.00.18:935][116]LogContentBrowser: Native class hierarchy updated for 'BlueprintGraph' in 0.0005 seconds. Added 125 classes and 0 folders.
[2020.12.09-03.00.19:662][116]LogSkeletalMesh: USkeletalMeshComponent::InitArticulated : Bodies already created (/Engine/Transient.World_3:PersistentLevel.AnimationEditorPreviewActor_0.DebugSkelMeshComponent_0) - call TermArticulated first.
[2020.12.09-03.00.20:009][116]LogSlate: Took 0.000263 seconds to synchronously load lazily loaded font '../../../Engine/Content/Slate/Fonts/Roboto-BoldCondensed.ttf' (158K)
[2020.12.09-03.00.20:054][116]LogContentBrowser: Verbose: The majority of assets in the view are of type: AnimSequence
[2020.12.09-03.00.25:609][429]LogSlate: Took 0.000250 seconds to synchronously load lazily loaded font '../../../Engine/Content/Slate/Fonts/Roboto-Italic.ttf' (157K)
[2020.12.09-03.00.31:611][952]BlueprintLog: New page: Compile Max_Blueprint
[2020.12.09-03.00.31:652][952]LogUObjectHash: Compacting FUObjectHashTables data took   1.64ms
[2020.12.09-03.00.31:688][952]LogSlate: Took 0.000230 seconds to synchronously load lazily loaded font '../../../Engine/Content/Slate/Fonts/DroidSansMono.ttf' (77K)
[2020.12.09-03.00.32:660][ 26]LogUObjectHash: Compacting FUObjectHashTables data took   1.77ms
[2020.12.09-03.00.32:695][ 26]Cmd: OBJ SAVEPACKAGE PACKAGE="/Game/Max/Animations/Max_Blueprint" FILE="../../../../../Github/TheShadowsFall/ProjectFalls/Content/Max/Animations/Max_Blueprint.uasset" SILENT=true
[2020.12.09-03.00.32:760][ 26]LogSavePackage: Moving '../../../../../Github/TheShadowsFall/ProjectFalls/Saved/Max_Blueprint93E34CE34BAE804A5C2EDF9D8C37BDEC.tmp' to '../../../../../Github/TheShadowsFall/ProjectFalls/Content/Max/Animations/Max_Blueprint.uasset'
[2020.12.09-03.00.32:783][ 26]AssetCheck: New page: Asset Save: Max_Blueprint
[2020.12.09-03.00.32:783][ 26]LogContentValidation: Display: Validating AnimBlueprint /Game/Max/Animations/Max_Blueprint.Max_Blueprint
[2020.12.09-03.00.34:490][183]LogSlate: Window 'Max_Blueprint' being destroyed
[2020.12.09-03.00.34:494][183]LogSlate: Window 'Max_Blueprint' being destroyed
[2020.12.09-03.00.34:509][183]LogWorld: UWorld::CleanupWorld for World_3, bSessionEnded=true, bCleanupResources=true
[2020.12.09-03.00.34:509][183]LogSlate: InvalidateAllWidgets triggered.  All widgets were invalidated
[2020.12.09-03.00.34:512][183]LogWorld: UWorld::CleanupWorld for World_2, bSessionEnded=true, bCleanupResources=true
[2020.12.09-03.00.34:512][183]LogSlate: InvalidateAllWidgets triggered.  All widgets were invalidated
[2020.12.09-03.00.34:585][183]LogWorld: UWorld::CleanupWorld for World_4, bSessionEnded=true, bCleanupResources=true
[2020.12.09-03.00.34:585][183]LogSlate: InvalidateAllWidgets triggered.  All widgets were invalidated
[2020.12.09-03.00.35:204][251]LogTemp: Repeating last play command: New Editor Window (PIE)
[2020.12.09-03.00.35:220][251]LogPlayLevel: PlayLevel: No blueprints needed recompiling
[2020.12.09-03.00.35:220][251]PIE: New page: PIE session: ThirdPersonExampleMap (Dec 8, 2020, 10:00:35 PM)
[2020.12.09-03.00.35:221][251]LogOnline: OSS: Creating online subsystem instance for: NULL
[2020.12.09-03.00.35:222][251]LogOnline: OSS: TryLoadSubsystemAndSetDefault: Loaded subsystem for module [NULL]
[2020.12.09-03.00.35:222][251]LogPlayLevel: Creating play world package: /Game/ThirdPersonBP/Maps/UEDPIE_0_ThirdPersonExampleMap
[2020.12.09-03.00.35:236][251]LogPlayLevel: PIE: StaticDuplicateObject took: (0.013318s)
[2020.12.09-03.00.35:237][251]LogAIModule: Creating AISystem for world ThirdPersonExampleMap
[2020.12.09-03.00.35:237][251]LogAISub: UAISubsystem::UAISubsystem EnvQueryManager (0000016B320CAC00), frame # 1251
[2020.12.09-03.00.35:237][251]LogAISub: UAISubsystem::UAISubsystem AIPerceptionSystem (0000016B36DCE980), frame # 1251
[2020.12.09-03.00.35:237][251]LogPlayLevel: PIE: World Init took: (0.001626s)
[2020.12.09-03.00.35:238][251]LogPlayLevel: PIE: Created PIE world by copying editor world from /Game/ThirdPersonBP/Maps/ThirdPersonExampleMap.ThirdPersonExampleMap to /Game/ThirdPersonBP/Maps/UEDPIE_0_ThirdPersonExampleMap.ThirdPersonExampleMap (0.015268s)
[2020.12.09-03.00.35:261][251]LogUObjectHash: Compacting FUObjectHashTables data took   1.43ms
[2020.12.09-03.00.35:263][251]LogAudioMixer: Display: Audio Mixer Platform Settings:
[2020.12.09-03.00.35:263][251]LogAudioMixer: Display: 	Sample Rate:						  48000
[2020.12.09-03.00.35:263][251]LogAudioMixer: Display: 	Callback Buffer Frame Size Requested: 1024
[2020.12.09-03.00.35:263][251]LogAudioMixer: Display: 	Callback Buffer Frame Size To Use:	  1024
[2020.12.09-03.00.35:263][251]LogAudioMixer: Display: 	Number of buffers to queue:			  2
[2020.12.09-03.00.35:263][251]LogAudioMixer: Display: 	Max Channels (voices):				  32
[2020.12.09-03.00.35:263][251]LogAudioMixer: Display: 	Number of Async Source Workers:		  0
[2020.12.09-03.00.35:263][251]LogAudio: Display: AudioDevice MaxSources: 32
[2020.12.09-03.00.35:264][251]LogAudio: Display: Using built-in audio occlusion.
[2020.12.09-03.00.35:264][251]LogAudioMixer: Display: Initializing audio mixer.
[2020.12.09-03.00.35:282][251]LogAudioMixer: Display: 0: FrontLeft
[2020.12.09-03.00.35:282][251]LogAudioMixer: Display: 1: FrontRight
[2020.12.09-03.00.35:325][251]LogAudioMixer: Display: Using Audio Device LG HDR WFHD (NVIDIA High Definition Audio)
[2020.12.09-03.00.35:325][251]LogAudioMixer: Display: Initializing Sound Submixes...
[2020.12.09-03.00.35:325][251]LogAudioMixer: Display: Creating Master Submix 'MasterSubmixDefault'
[2020.12.09-03.00.35:325][251]LogAudioMixer: Display: Creating Master Submix 'MasterReverbSubmixDefault'
[2020.12.09-03.00.35:325][251]LogAudioMixer: Display: Creating Master Submix 'MasterEQSubmixDefault'
[2020.12.09-03.00.35:337][251]LogInit: FAudioDevice initialized.
[2020.12.09-03.00.35:375][251]LogSlate: Updating window title bar state: overlay mode, drag disabled, window buttons hidden, title bar hidden
[2020.12.09-03.00.35:379][251]LogLoad: Game class is 'ThirdPersonGameMode_C'
[2020.12.09-03.00.35:381][251]LogWorld: Bringing World /Game/ThirdPersonBP/Maps/UEDPIE_0_ThirdPersonExampleMap.ThirdPersonExampleMap up for play (max tick rate 0) at 2020.12.09-00.00.35
[2020.12.09-03.00.35:381][251]LogWorld: Bringing up level for play took: 0.001405
[2020.12.09-03.00.35:381][251]LogOnline: OSS: Creating online subsystem instance for: :Context_8
[2020.12.09-03.00.35:394][251]LogContentBrowser: Native class hierarchy updated for 'MovieSceneCapture' in 0.0004 seconds. Added 20 classes and 0 folders.
[2020.12.09-03.00.35:396][251]PIE: Server logged in
[2020.12.09-03.00.35:397][251]PIE: Play in editor total start time 0.185 seconds.
[2020.12.09-03.00.35:458][252]LogRenderer: Reallocating scene render targets to support 1704x628 Format 9 NumSamples 1 (Frame:1).
[2020.12.09-03.01.02:746][482]LogSlate: Updating window title bar state: overlay mode, drag disabled, window buttons hidden, title bar hidden
[2020.12.09-03.01.02:746][482]LogWorld: BeginTearingDown for /Game/ThirdPersonBP/Maps/UEDPIE_0_ThirdPersonExampleMap
[2020.12.09-03.01.02:746][482]LogSlate: Window 'ProjectFalls Preview [NetMode: Standalone] (64-bit/Windows) ' being destroyed
[2020.12.09-03.01.02:753][482]LogWorld: UWorld::CleanupWorld for ThirdPersonExampleMap, bSessionEnded=true, bCleanupResources=true
[2020.12.09-03.01.02:753][482]LogSlate: InvalidateAllWidgets triggered.  All widgets were invalidated
[2020.12.09-03.01.02:764][482]LogPlayLevel: Display: Shutting down PIE online subsystems
[2020.12.09-03.01.02:767][482]LogSlate: InvalidateAllWidgets triggered.  All widgets were invalidated
[2020.12.09-03.01.02:821][482]LogAISub: UAISubsystem::~UAISubsystem AIPerceptionSystem (0000016B36DCE980), frame # 4482
[2020.12.09-03.01.02:821][482]LogAISub: UAISubsystem::~UAISubsystem EnvQueryManager (0000016B320CAC00), frame # 4482
[2020.12.09-03.01.02:839][482]LogUObjectHash: Compacting FUObjectHashTables data took   3.11ms
[2020.12.09-03.01.02:862][483]LogPlayLevel: Display: Destroying online subsystem :Context_8
[2020.12.09-03.01.05:304][762]LogUObjectHash: Compacting FUObjectHashTables data took   2.51ms
[2020.12.09-03.01.07:395][980]LogUObjectHash: Compacting FUObjectHashTables data took   0.36ms
[2020.12.09-03.01.08:153][ 70]LogEditorViewport: Clicking on Actor (LMB): ThirdPersonCharacter_C (ThirdPersonCharacter)
[2020.12.09-03.01.08:437][ 85]LogEditorViewport: Clicking on Actor (context menu): ThirdPersonCharacter_C (ThirdPersonCharacter)
[2020.12.09-03.01.09:152][159]LogAssetEditorSubsystem: Opening Asset editor for Blueprint /Game/ThirdPersonBP/Blueprints/ThirdPersonCharacter.ThirdPersonCharacter
[2020.12.09-03.01.14:359][475]LogRenderer: Reallocating scene render targets to support 1704x692 Format 9 NumSamples 1 (Frame:1).
[2020.12.09-03.01.36:053][  4]BlueprintLog: New page: Compile ThirdPersonCharacter
[2020.12.09-03.01.36:180][  4]LogUObjectHash: Compacting FUObjectHashTables data took   1.74ms
[2020.12.09-03.01.37:226][ 67]LogSlate: Window 'ThirdPersonCharacter' being destroyed
[2020.12.09-03.01.37:241][ 67]LogSlate: Window 'ThirdPersonCharacter' being destroyed
[2020.12.09-03.01.37:242][ 67]LogWorld: UWorld::CleanupWorld for World_8, bSessionEnded=true, bCleanupResources=true
[2020.12.09-03.01.37:242][ 67]LogSlate: InvalidateAllWidgets triggered.  All widgets were invalidated
[2020.12.09-03.01.38:033][134]LogUObjectHash: Compacting FUObjectHashTables data took   2.23ms
[2020.12.09-03.01.38:068][134]LogUObjectHash: Compacting FUObjectHashTables data took   0.39ms
[2020.12.09-03.01.38:103][134]LogSavePackage: Moving '../../../../../Github/TheShadowsFall/ProjectFalls/Saved/ThirdPersonExampleMap10C8D15B4B2A8D730D490788F6560883.tmp' to '../../../../../Github/TheShadowsFall/ProjectFalls/Content/ThirdPersonBP/Maps/ThirdPersonExampleMap.umap'
[2020.12.09-03.01.38:120][134]LogFileHelpers: Saving map 'ThirdPersonExampleMap' took 0.067
[2020.12.09-03.01.38:237][134]LogSavePackage: Moving '../../../../../Github/TheShadowsFall/ProjectFalls/Saved/ThirdPersonExampleMap_BuiltData79E062DD4138ADCAEA7B9AB047D8D974.tmp' to '../../../../../Github/TheShadowsFall/ProjectFalls/Content/ThirdPersonBP/Maps/ThirdPersonExampleMap_BuiltData.uasset'
[2020.12.09-03.01.38:325][134]LogSavePackage: Moving '../../../../../Github/TheShadowsFall/ProjectFalls/Saved/ThirdPersonCharacter153BC99E4CE25E34BB81FA85EAB3CA3E.tmp' to '../../../../../Github/TheShadowsFall/ProjectFalls/Content/ThirdPersonBP/Blueprints/ThirdPersonCharacter.uasset'
[2020.12.09-03.01.38:345][134]AssetCheck: New page: Asset Save: multiple assets
[2020.12.09-03.01.38:345][134]LogContentValidation: Display: Validating World /Game/ThirdPersonBP/Maps/ThirdPersonExampleMap.ThirdPersonExampleMap
[2020.12.09-03.01.38:345][134]LogContentValidation: Display: Validating MapBuildDataRegistry /Game/ThirdPersonBP/Maps/ThirdPersonExampleMap_BuiltData.ThirdPersonExampleMap_BuiltData
[2020.12.09-03.01.38:345][134]LogContentValidation: Display: Validating Blueprint /Game/ThirdPersonBP/Blueprints/ThirdPersonCharacter.ThirdPersonCharacter
[2020.12.09-03.01.38:939][189]LogTemp: Repeating last play command: New Editor Window (PIE)
[2020.12.09-03.01.38:955][189]LogPlayLevel: PlayLevel: No blueprints needed recompiling
[2020.12.09-03.01.38:955][189]PIE: New page: PIE session: ThirdPersonExampleMap (Dec 8, 2020, 10:01:38 PM)
[2020.12.09-03.01.38:955][189]LogPlayLevel: Creating play world package: /Game/ThirdPersonBP/Maps/UEDPIE_0_ThirdPersonExampleMap
[2020.12.09-03.01.38:966][189]LogPlayLevel: PIE: StaticDuplicateObject took: (0.010481s)
[2020.12.09-03.01.38:967][189]LogAIModule: Creating AISystem for world ThirdPersonExampleMap
[2020.12.09-03.01.38:967][189]LogAISub: UAISubsystem::UAISubsystem EnvQueryManager (0000016A9CB2E000), frame # 7189
[2020.12.09-03.01.38:967][189]LogAISub: UAISubsystem::UAISubsystem AIPerceptionSystem (0000016B3D8AD6C0), frame # 7189
[2020.12.09-03.01.38:967][189]LogPlayLevel: PIE: World Init took: (0.001204s)
[2020.12.09-03.01.38:967][189]LogPlayLevel: PIE: Created PIE world by copying editor world from /Game/ThirdPersonBP/Maps/ThirdPersonExampleMap.ThirdPersonExampleMap to /Game/ThirdPersonBP/Maps/UEDPIE_0_ThirdPersonExampleMap.ThirdPersonExampleMap (0.011880s)
[2020.12.09-03.01.38:987][189]LogUObjectHash: Compacting FUObjectHashTables data took   1.59ms
[2020.12.09-03.01.38:988][189]LogAudioMixer: Display: Audio Mixer Platform Settings:
[2020.12.09-03.01.38:988][189]LogAudioMixer: Display: 	Sample Rate:						  48000
[2020.12.09-03.01.38:988][189]LogAudioMixer: Display: 	Callback Buffer Frame Size Requested: 1024
[2020.12.09-03.01.38:988][189]LogAudioMixer: Display: 	Callback Buffer Frame Size To Use:	  1024
[2020.12.09-03.01.38:988][189]LogAudioMixer: Display: 	Number of buffers to queue:			  2
[2020.12.09-03.01.38:988][189]LogAudioMixer: Display: 	Max Channels (voices):				  32
[2020.12.09-03.01.38:988][189]LogAudioMixer: Display: 	Number of Async Source Workers:		  0
[2020.12.09-03.01.38:988][189]LogAudio: Display: AudioDevice MaxSources: 32
[2020.12.09-03.01.38:989][189]LogAudio: Display: Using built-in audio occlusion.
[2020.12.09-03.01.38:989][189]LogAudioMixer: Display: Initializing audio mixer.
[2020.12.09-03.01.39:008][189]LogAudioMixer: Display: 0: FrontLeft
[2020.12.09-03.01.39:008][189]LogAudioMixer: Display: 1: FrontRight
[2020.12.09-03.01.39:051][189]LogAudioMixer: Display: Using Audio Device LG HDR WFHD (NVIDIA High Definition Audio)
[2020.12.09-03.01.39:051][189]LogAudioMixer: Display: Initializing Sound Submixes...
[2020.12.09-03.01.39:051][189]LogAudioMixer: Display: Creating Master Submix 'MasterSubmixDefault'
[2020.12.09-03.01.39:051][189]LogAudioMixer: Display: Creating Master Submix 'MasterReverbSubmixDefault'
[2020.12.09-03.01.39:051][189]LogAudioMixer: Display: Creating Master Submix 'MasterEQSubmixDefault'
[2020.12.09-03.01.39:052][189]LogInit: FAudioDevice initialized.
[2020.12.09-03.01.39:091][189]LogSlate: Updating window title bar state: overlay mode, drag disabled, window buttons hidden, title bar hidden
[2020.12.09-03.01.39:091][189]LogLoad: Game class is 'ThirdPersonGameMode_C'
[2020.12.09-03.01.39:093][189]LogWorld: Bringing World /Game/ThirdPersonBP/Maps/UEDPIE_0_ThirdPersonExampleMap.ThirdPersonExampleMap up for play (max tick rate 0) at 2020.12.09-00.01.39
[2020.12.09-03.01.39:093][189]LogWorld: Bringing up level for play took: 0.001252
[2020.12.09-03.01.39:093][189]LogOnline: OSS: Creating online subsystem instance for: :Context_12
[2020.12.09-03.01.39:098][189]PIE: Server logged in
[2020.12.09-03.01.39:099][189]PIE: Play in editor total start time 0.151 seconds.
[2020.12.09-03.01.42:948][630]LogSlate: Updating window title bar state: overlay mode, drag disabled, window buttons hidden, title bar hidden
[2020.12.09-03.01.42:948][630]LogWorld: BeginTearingDown for /Game/ThirdPersonBP/Maps/UEDPIE_0_ThirdPersonExampleMap
[2020.12.09-03.01.42:948][630]LogSlate: Window 'ProjectFalls Preview [NetMode: Standalone] (64-bit/Windows) ' being destroyed
[2020.12.09-03.01.42:964][630]LogWorld: UWorld::CleanupWorld for ThirdPersonExampleMap, bSessionEnded=true, bCleanupResources=true
[2020.12.09-03.01.42:964][630]LogSlate: InvalidateAllWidgets triggered.  All widgets were invalidated
[2020.12.09-03.01.42:974][630]LogPlayLevel: Display: Shutting down PIE online subsystems
[2020.12.09-03.01.42:977][630]LogSlate: InvalidateAllWidgets triggered.  All widgets were invalidated
[2020.12.09-03.01.43:008][630]LogAISub: UAISubsystem::~UAISubsystem AIPerceptionSystem (0000016B3D8AD6C0), frame # 7630
[2020.12.09-03.01.43:008][630]LogAISub: UAISubsystem::~UAISubsystem EnvQueryManager (0000016A9CB2E000), frame # 7630
[2020.12.09-03.01.43:009][630]LogUObjectHash: Compacting FUObjectHashTables data took   1.49ms
[2020.12.09-03.01.43:040][631]LogPlayLevel: Display: Destroying online subsystem :Context_12
[2020.12.09-03.01.44:248][773]LogEditorViewport: Clicking on Actor (context menu): ThirdPersonCharacter_C (ThirdPersonCharacter)
[2020.12.09-03.01.44:852][822]LogAssetEditorSubsystem: Opening Asset editor for Blueprint /Game/ThirdPersonBP/Blueprints/ThirdPersonCharacter.ThirdPersonCharacter
[2020.12.09-03.01.57:510][680]BlueprintLog: New page: Compile ThirdPersonCharacter
[2020.12.09-03.01.57:625][680]LogUObjectHash: Compacting FUObjectHashTables data took   1.66ms
[2020.12.09-03.01.58:278][709]LogUObjectHash: Compacting FUObjectHashTables data took   1.86ms
[2020.12.09-03.01.58:315][709]LogUObjectHash: Compacting FUObjectHashTables data took   0.40ms
[2020.12.09-03.01.58:344][709]LogSavePackage: Moving '../../../../../Github/TheShadowsFall/ProjectFalls/Saved/ThirdPersonExampleMapF95FE2D24FFDE57C911C00A3E6F1C1FA.tmp' to '../../../../../Github/TheShadowsFall/ProjectFalls/Content/ThirdPersonBP/Maps/ThirdPersonExampleMap.umap'
[2020.12.09-03.01.58:361][709]LogFileHelpers: Saving map 'ThirdPersonExampleMap' took 0.064
[2020.12.09-03.01.58:434][709]LogSavePackage: Moving '../../../../../Github/TheShadowsFall/ProjectFalls/Saved/ThirdPersonExampleMap_BuiltData5E37746D4407C97E229BF6838C5B0D3D.tmp' to '../../../../../Github/TheShadowsFall/ProjectFalls/Content/ThirdPersonBP/Maps/ThirdPersonExampleMap_BuiltData.uasset'
[2020.12.09-03.01.58:506][709]LogSavePackage: Moving '../../../../../Github/TheShadowsFall/ProjectFalls/Saved/ThirdPersonCharacterAAEA467E4F17504233137482198720D3.tmp' to '../../../../../Github/TheShadowsFall/ProjectFalls/Content/ThirdPersonBP/Blueprints/ThirdPersonCharacter.uasset'
[2020.12.09-03.01.58:534][709]AssetCheck: New page: Asset Save: multiple assets
[2020.12.09-03.01.58:534][709]LogContentValidation: Display: Validating World /Game/ThirdPersonBP/Maps/ThirdPersonExampleMap.ThirdPersonExampleMap
[2020.12.09-03.01.58:534][709]LogContentValidation: Display: Validating MapBuildDataRegistry /Game/ThirdPersonBP/Maps/ThirdPersonExampleMap_BuiltData.ThirdPersonExampleMap_BuiltData
[2020.12.09-03.01.58:534][709]LogContentValidation: Display: Validating Blueprint /Game/ThirdPersonBP/Blueprints/ThirdPersonCharacter.ThirdPersonCharacter
[2020.12.09-03.02.00:151][834]LogTemp: Repeating last play command: New Editor Window (PIE)
[2020.12.09-03.02.00:167][834]LogPlayLevel: PlayLevel: No blueprints needed recompiling
[2020.12.09-03.02.00:167][834]PIE: New page: PIE session: ThirdPersonExampleMap (Dec 8, 2020, 10:02:00 PM)
[2020.12.09-03.02.00:167][834]LogPlayLevel: Creating play world package: /Game/ThirdPersonBP/Maps/UEDPIE_0_ThirdPersonExampleMap
[2020.12.09-03.02.00:177][834]LogPlayLevel: PIE: StaticDuplicateObject took: (0.009966s)
[2020.12.09-03.02.00:178][834]LogAIModule: Creating AISystem for world ThirdPersonExampleMap
[2020.12.09-03.02.00:178][834]LogAISub: UAISubsystem::UAISubsystem EnvQueryManager (0000016B2A25E400), frame # 8834
[2020.12.09-03.02.00:178][834]LogAISub: UAISubsystem::UAISubsystem AIPerceptionSystem (0000016ADBDBB740), frame # 8834
[2020.12.09-03.02.00:178][834]LogPlayLevel: PIE: World Init took: (0.001135s)
[2020.12.09-03.02.00:178][834]LogPlayLevel: PIE: Created PIE world by copying editor world from /Game/ThirdPersonBP/Maps/ThirdPersonExampleMap.ThirdPersonExampleMap to /Game/ThirdPersonBP/Maps/UEDPIE_0_ThirdPersonExampleMap.ThirdPersonExampleMap (0.011346s)
[2020.12.09-03.02.00:197][834]LogUObjectHash: Compacting FUObjectHashTables data took   1.43ms
[2020.12.09-03.02.00:199][834]LogAudioMixer: Display: Audio Mixer Platform Settings:
[2020.12.09-03.02.00:199][834]LogAudioMixer: Display: 	Sample Rate:						  48000
[2020.12.09-03.02.00:199][834]LogAudioMixer: Display: 	Callback Buffer Frame Size Requested: 1024
[2020.12.09-03.02.00:199][834]LogAudioMixer: Display: 	Callback Buffer Frame Size To Use:	  1024
[2020.12.09-03.02.00:199][834]LogAudioMixer: Display: 	Number of buffers to queue:			  2
[2020.12.09-03.02.00:199][834]LogAudioMixer: Display: 	Max Channels (voices):				  32
[2020.12.09-03.02.00:199][834]LogAudioMixer: Display: 	Number of Async Source Workers:		  0
[2020.12.09-03.02.00:199][834]LogAudio: Display: AudioDevice MaxSources: 32
[2020.12.09-03.02.00:200][834]LogAudio: Display: Using built-in audio occlusion.
[2020.12.09-03.02.00:200][834]LogAudioMixer: Display: Initializing audio mixer.
[2020.12.09-03.02.00:219][834]LogAudioMixer: Display: 0: FrontLeft
[2020.12.09-03.02.00:219][834]LogAudioMixer: Display: 1: FrontRight
[2020.12.09-03.02.00:262][834]LogAudioMixer: Display: Using Audio Device LG HDR WFHD (NVIDIA High Definition Audio)
[2020.12.09-03.02.00:262][834]LogAudioMixer: Display: Initializing Sound Submixes...
[2020.12.09-03.02.00:262][834]LogAudioMixer: Display: Creating Master Submix 'MasterSubmixDefault'
[2020.12.09-03.02.00:262][834]LogAudioMixer: Display: Creating Master Submix 'MasterReverbSubmixDefault'
[2020.12.09-03.02.00:262][834]LogAudioMixer: Display: Creating Master Submix 'MasterEQSubmixDefault'
[2020.12.09-03.02.00:274][834]LogInit: FAudioDevice initialized.
[2020.12.09-03.02.00:321][834]LogSlate: Updating window title bar state: overlay mode, drag disabled, window buttons hidden, title bar hidden
[2020.12.09-03.02.00:321][834]LogLoad: Game class is 'ThirdPersonGameMode_C'
[2020.12.09-03.02.00:323][834]LogWorld: Bringing World /Game/ThirdPersonBP/Maps/UEDPIE_0_ThirdPersonExampleMap.ThirdPersonExampleMap up for play (max tick rate 0) at 2020.12.09-00.02.00
[2020.12.09-03.02.00:323][834]LogWorld: Bringing up level for play took: 0.001235
[2020.12.09-03.02.00:323][834]LogOnline: OSS: Creating online subsystem instance for: :Context_14
[2020.12.09-03.02.00:328][834]PIE: Server logged in
[2020.12.09-03.02.00:330][834]PIE: Play in editor total start time 0.17 seconds.
[2020.12.09-03.02.19:359][421]LogSlate: Updating window title bar state: overlay mode, drag disabled, window buttons hidden, title bar hidden
[2020.12.09-03.02.19:359][421]LogWorld: BeginTearingDown for /Game/ThirdPersonBP/Maps/UEDPIE_0_ThirdPersonExampleMap
[2020.12.09-03.02.19:359][421]LogSlate: Window 'ProjectFalls Preview [NetMode: Standalone] (64-bit/Windows) ' being destroyed
[2020.12.09-03.02.19:374][421]LogWorld: UWorld::CleanupWorld for ThirdPersonExampleMap, bSessionEnded=true, bCleanupResources=true
[2020.12.09-03.02.19:374][421]LogSlate: InvalidateAllWidgets triggered.  All widgets were invalidated
[2020.12.09-03.02.19:382][421]LogPlayLevel: Display: Shutting down PIE online subsystems
[2020.12.09-03.02.19:385][421]LogSlate: InvalidateAllWidgets triggered.  All widgets were invalidated
[2020.12.09-03.02.19:418][421]LogAISub: UAISubsystem::~UAISubsystem AIPerceptionSystem (0000016ADBDBB740), frame # 10421
[2020.12.09-03.02.19:418][421]LogAISub: UAISubsystem::~UAISubsystem EnvQueryManager (0000016B2A25E400), frame # 10421
[2020.12.09-03.02.19:420][421]LogUObjectHash: Compacting FUObjectHashTables data took   1.51ms
[2020.12.09-03.02.19:501][422]LogPlayLevel: Display: Destroying online subsystem :Context_14
[2020.12.09-03.02.20:156][484]LogUObjectHash: Compacting FUObjectHashTables data took   1.48ms
[2020.12.09-03.02.48:281][123]LogUObjectHash: Compacting FUObjectHashTables data took   2.00ms
[2020.12.09-03.02.48:322][123]LogUObjectHash: Compacting FUObjectHashTables data took   0.41ms
[2020.12.09-03.02.48:352][123]LogSavePackage: Moving '../../../../../Github/TheShadowsFall/ProjectFalls/Saved/ThirdPersonExampleMap44E4ED54436ACA47BB219ABC399CAC10.tmp' to '../../../../../Github/TheShadowsFall/ProjectFalls/Content/ThirdPersonBP/Maps/ThirdPersonExampleMap.umap'
[2020.12.09-03.02.48:368][123]LogFileHelpers: Saving map 'ThirdPersonExampleMap' took 0.064
[2020.12.09-03.02.48:441][123]LogSavePackage: Moving '../../../../../Github/TheShadowsFall/ProjectFalls/Saved/ThirdPersonExampleMap_BuiltData218FED574491F894285BBBB85F1903D5.tmp' to '../../../../../Github/TheShadowsFall/ProjectFalls/Content/ThirdPersonBP/Maps/ThirdPersonExampleMap_BuiltData.uasset'
[2020.12.09-03.02.48:514][123]LogSavePackage: Moving '../../../../../Github/TheShadowsFall/ProjectFalls/Saved/ThirdPersonCharacter05EE447549C962E10240A2BA1876D90C.tmp' to '../../../../../Github/TheShadowsFall/ProjectFalls/Content/ThirdPersonBP/Blueprints/ThirdPersonCharacter.uasset'
[2020.12.09-03.02.48:541][123]AssetCheck: New page: Asset Save: multiple assets
[2020.12.09-03.02.48:541][123]LogContentValidation: Display: Validating World /Game/ThirdPersonBP/Maps/ThirdPersonExampleMap.ThirdPersonExampleMap
[2020.12.09-03.02.48:541][123]LogContentValidation: Display: Validating MapBuildDataRegistry /Game/ThirdPersonBP/Maps/ThirdPersonExampleMap_BuiltData.ThirdPersonExampleMap_BuiltData
[2020.12.09-03.02.48:541][123]LogContentValidation: Display: Validating Blueprint /Game/ThirdPersonBP/Blueprints/ThirdPersonCharacter.ThirdPersonCharacter
[2020.12.09-03.03.49:747][250]BlueprintLog: New page: Compile ThirdPersonCharacter
[2020.12.09-03.03.49:802][250]LogUObjectHash: Compacting FUObjectHashTables data took   1.72ms
[2020.12.09-03.03.51:480][372]BlueprintLog: New page: Compile ThirdPersonCharacter
[2020.12.09-03.03.51:535][372]LogUObjectHash: Compacting FUObjectHashTables data took   2.10ms
[2020.12.09-03.03.52:512][443]BlueprintLog: New page: Compile ThirdPersonCharacter
[2020.12.09-03.03.52:566][443]LogUObjectHash: Compacting FUObjectHashTables data took   2.06ms
[2020.12.09-03.03.53:622][521]BlueprintLog: New page: Compile ThirdPersonCharacter
[2020.12.09-03.03.53:678][521]LogUObjectHash: Compacting FUObjectHashTables data took   2.06ms
[2020.12.09-03.03.59:991][ 26]BlueprintLog: New page: Compile ThirdPersonCharacter
[2020.12.09-03.04.00:056][ 26]LogUObjectHash: Compacting FUObjectHashTables data took   2.17ms
[2020.12.09-03.04.29:816][579]LogSlate: Window 'ThirdPersonCharacter' being destroyed
[2020.12.09-03.04.29:831][579]LogSlate: Window 'ThirdPersonCharacter' being destroyed
[2020.12.09-03.04.29:839][579]LogWorld: UWorld::CleanupWorld for World_10, bSessionEnded=true, bCleanupResources=true
[2020.12.09-03.04.29:839][579]LogSlate: InvalidateAllWidgets triggered.  All widgets were invalidated
[2020.12.09-03.04.31:480][766]LogUObjectHash: Compacting FUObjectHashTables data took   2.03ms
[2020.12.09-03.04.31:521][766]LogUObjectHash: Compacting FUObjectHashTables data took   0.39ms
[2020.12.09-03.04.31:550][766]LogSavePackage: Moving '../../../../../Github/TheShadowsFall/ProjectFalls/Saved/ThirdPersonExampleMapA8CB2B4E4E770FA34E2F589EC1B5B828.tmp' to '../../../../../Github/TheShadowsFall/ProjectFalls/Content/ThirdPersonBP/Maps/ThirdPersonExampleMap.umap'
[2020.12.09-03.04.31:567][766]LogFileHelpers: Saving map 'ThirdPersonExampleMap' took 0.063
[2020.12.09-03.04.31:640][766]LogSavePackage: Moving '../../../../../Github/TheShadowsFall/ProjectFalls/Saved/ThirdPersonExampleMap_BuiltDataF73B0D25463E9E339B3A4288377D15DE.tmp' to '../../../../../Github/TheShadowsFall/ProjectFalls/Content/ThirdPersonBP/Maps/ThirdPersonExampleMap_BuiltData.uasset'
[2020.12.09-03.04.31:715][766]LogSavePackage: Moving '../../../../../Github/TheShadowsFall/ProjectFalls/Saved/ThirdPersonCharacter78F4DEA24BE7604C39380C8972B79C13.tmp' to '../../../../../Github/TheShadowsFall/ProjectFalls/Content/ThirdPersonBP/Blueprints/ThirdPersonCharacter.uasset'
[2020.12.09-03.04.31:735][766]AssetCheck: New page: Asset Save: multiple assets
[2020.12.09-03.04.31:735][766]LogContentValidation: Display: Validating World /Game/ThirdPersonBP/Maps/ThirdPersonExampleMap.ThirdPersonExampleMap
[2020.12.09-03.04.31:735][766]LogContentValidation: Display: Validating MapBuildDataRegistry /Game/ThirdPersonBP/Maps/ThirdPersonExampleMap_BuiltData.ThirdPersonExampleMap_BuiltData
[2020.12.09-03.04.31:735][766]LogContentValidation: Display: Validating Blueprint /Game/ThirdPersonBP/Blueprints/ThirdPersonCharacter.ThirdPersonCharacter
[2020.12.09-03.04.54:964][719]LogAssetEditorSubsystem: Opening Asset editor for AnimSequence /Game/Max/Animations/WalkRun/weapom/Pistol_Walk.Pistol_Walk
[2020.12.09-03.04.54:978][719]LogActorComponent: RegisterComponentWithWorld: (/Engine/Transient.World_13:PersistentLevel.AnimationEditorPreviewActor_0.DebugSkelMeshComponent_0) Already registered. Aborting.
[2020.12.09-03.04.55:101][719]LogSkeletalMesh: USkeletalMeshComponent::InitArticulated : Bodies already created (/Engine/Transient.World_13:PersistentLevel.AnimationEditorPreviewActor_0.DebugSkelMeshComponent_0) - call TermArticulated first.
[2020.12.09-03.04.55:729][719]LogContentBrowser: Verbose: The majority of assets in the view are of type: AnimSequence
[2020.12.09-03.05.22:430][479]Cmd: TRANSACTION UNDO
[2020.12.09-03.05.22:430][479]LogEditorTransaction: Undo Attach Assets to Skeleton
[2020.12.09-03.05.22:527][479]LogActorComponent: RegisterComponentWithWorld: (/Engine/Transient.World_13:PersistentLevel.AnimationEditorPreviewActor_0.DebugSkelMeshComponent_0) Already registered. Aborting.
[2020.12.09-03.05.36:006][486]LogSlate: Window 'Pistol_Walk' being destroyed
[2020.12.09-03.05.36:020][486]LogSlate: Window 'Pistol_Walk' being destroyed
[2020.12.09-03.05.36:021][486]LogWorld: UWorld::CleanupWorld for World_13, bSessionEnded=true, bCleanupResources=true
[2020.12.09-03.05.36:021][486]LogSlate: InvalidateAllWidgets triggered.  All widgets were invalidated
[2020.12.09-03.05.36:035][486]LogWorld: UWorld::CleanupWorld for World_15, bSessionEnded=true, bCleanupResources=true
[2020.12.09-03.05.36:035][486]LogSlate: InvalidateAllWidgets triggered.  All widgets were invalidated
[2020.12.09-03.05.36:094][486]LogWorld: UWorld::CleanupWorld for World_14, bSessionEnded=true, bCleanupResources=true
[2020.12.09-03.05.36:094][486]LogSlate: InvalidateAllWidgets triggered.  All widgets were invalidated
[2020.12.09-03.05.37:368][591]LogAssetEditorSubsystem: Opening Asset editor for AnimSequence /Game/Max/Animations/WalkRun/weapom/Pistol_Walk.Pistol_Walk
[2020.12.09-03.05.37:372][591]LogActorComponent: RegisterComponentWithWorld: (/Engine/Transient.World_16:PersistentLevel.AnimationEditorPreviewActor_0.DebugSkelMeshComponent_0) Already registered. Aborting.
[2020.12.09-03.05.37:500][591]LogSkeletalMesh: USkeletalMeshComponent::InitArticulated : Bodies already created (/Engine/Transient.World_16:PersistentLevel.AnimationEditorPreviewActor_0.DebugSkelMeshComponent_0) - call TermArticulated first.
[2020.12.09-03.05.37:821][591]LogContentBrowser: Verbose: The majority of assets in the view are of type: AnimSequence
[2020.12.09-03.05.48:591][307]LogSlate: Window 'Message' being destroyed
[2020.12.09-03.05.48:606][307]Message dialog closed, result: Yes, title: Message, text: This action can't be undone. Would you like to continue?
[2020.12.09-03.06.12:809][ 46]LogUObjectHash: Compacting FUObjectHashTables data took   3.02ms
[2020.12.09-03.06.12:837][ 46]Cmd: OBJ SAVEPACKAGE PACKAGE="/Game/Max/MaxNew/MAX_new" FILE="../../../../../Github/TheShadowsFall/ProjectFalls/Content/Max/MaxNew/MAX_new.uasset" SILENT=true
[2020.12.09-03.06.15:762][ 46]LogSavePackage: Moving '../../../../../Github/TheShadowsFall/ProjectFalls/Saved/MAX_newB64F51B14BCDC9122CF653A0E4574DAE.tmp' to '../../../../../Github/TheShadowsFall/ProjectFalls/Content/Max/MaxNew/MAX_new.uasset'
[2020.12.09-03.06.15:798][ 46]AssetCheck: New page: Asset Save: MAX_new
[2020.12.09-03.06.15:798][ 46]LogContentValidation: Display: Validating SkeletalMesh /Game/Max/MaxNew/MAX_new.MAX_new
[2020.12.09-03.06.44:074][927]LogUObjectHash: Compacting FUObjectHashTables data took   2.54ms
[2020.12.09-03.06.44:099][927]Cmd: OBJ SAVEPACKAGE PACKAGE="/Game/Max/Max_Skeleton" FILE="../../../../../Github/TheShadowsFall/ProjectFalls/Content/Max/Max_Skeleton.uasset" SILENT=true
[2020.12.09-03.06.44:115][927]LogSavePackage: Moving '../../../../../Github/TheShadowsFall/ProjectFalls/Saved/Max_Skeleton95A0275F4D32E290796FA49ED19A4655.tmp' to '../../../../../Github/TheShadowsFall/ProjectFalls/Content/Max/Max_Skeleton.uasset'
[2020.12.09-03.06.44:117][927]Cmd: OBJ SAVEPACKAGE PACKAGE="/Game/Max/MaxNew/MAX_new" FILE="../../../../../Github/TheShadowsFall/ProjectFalls/Content/Max/MaxNew/MAX_new.uasset" SILENT=true
[2020.12.09-03.06.46:974][927]LogSavePackage: Moving '../../../../../Github/TheShadowsFall/ProjectFalls/Saved/MAX_newAD16EF98402CA906AB358395E6C2614D.tmp' to '../../../../../Github/TheShadowsFall/ProjectFalls/Content/Max/MaxNew/MAX_new.uasset'
[2020.12.09-03.06.47:005][927]AssetCheck: New page: Asset Save: multiple assets
[2020.12.09-03.06.47:005][927]LogContentValidation: Display: Validating Skeleton /Game/Max/Max_Skeleton.Max_Skeleton
[2020.12.09-03.06.47:005][927]LogContentValidation: Display: Validating SkeletalMesh /Game/Max/MaxNew/MAX_new.MAX_new
[2020.12.09-03.07.00:374][780]LogRHI: Error: Present Fail Count 1
[2020.12.09-03.07.00:374][780]LogRHI: Error: SyncInterval 0
[2020.12.09-03.07.00:374][780]LogRHI: Error: SwapChainDesc.BufferDesc.Width 648
[2020.12.09-03.07.00:374][780]LogRHI: Error: SwapChainDesc.BufferDesc.Height 97
[2020.12.09-03.07.00:374][780]LogRHI: Error: SwapChainDesc.BufferDesc.RefreshRate.Numerator 0
[2020.12.09-03.07.00:374][780]LogRHI: Error: SwapChainDesc.BufferDesc.RefreshRate.Denominator 0
[2020.12.09-03.07.00:374][780]LogRHI: Error: SwapChainDesc.BufferDesc.Format 24
[2020.12.09-03.07.00:374][780]LogRHI: Error: SwapChainDesc.BufferDesc.ScanlineOrdering 0
[2020.12.09-03.07.00:374][780]LogRHI: Error: SwapChainDesc.BufferDesc.Scaling 0
[2020.12.09-03.07.00:374][780]LogRHI: Error: SwapChainDesc.SampleDesc.Count 1
[2020.12.09-03.07.00:374][780]LogRHI: Error: SwapChainDesc.SampleDesc.Quality 0
[2020.12.09-03.07.00:374][780]LogRHI: Error: SwapChainDesc.BufferUsage 48
[2020.12.09-03.07.00:374][780]LogRHI: Error: SwapChainDesc.BufferCount 2
[2020.12.09-03.07.00:374][780]LogRHI: Error: SwapChainDesc.OutputWindow 00000000002C05A2
[2020.12.09-03.07.00:374][780]LogRHI: Error: SwapChainDesc.Windowed true
[2020.12.09-03.07.00:374][780]LogRHI: Error: SwapChainDesc.SwapEffect 4
[2020.12.09-03.07.00:374][780]LogRHI: Error: SwapChainDesc.Flags 2050
[2020.12.09-03.07.00:374][780]LogD3D11RHI: Error: Result failed 
 at D:/Build/++UE4/Sync/Engine/Source/Runtime/Windows/D3D11RHI/Private/D3D11Query.cpp:348 
 with error DXGI_ERROR_DEVICE_REMOVED DXGI_ERROR_DRIVER_INTERNAL_ERROR
[2020.12.09-03.07.00:374][780]LogD3D11RHI: [Aftermath] GDynamicRHI=0000016AEF0680C0, GDX11NVAfterMathEnabled=0, Result=0xFFFFFFFF, bDeviceActive=0
[2020.12.09-03.07.00:374][780]LogWindows: Windows GetLastError: A operação foi concluída com êxito. (0)
[2020.12.09-03.07.03:315][780]LogWindows: FPlatformMisc::RequestExit(0)
[2020.12.09-03.07.03:315][780]LogCore: Engine exit requested (reason: Win RequestExit)
[2020.12.09-03.07.03:315][780]LogWindows: FPlatformMisc::RequestExit(1)
[2020.12.09-03.07.03:315][780]LogCore: Engine exit requested (reason: Win RequestExit; note: exit was already requested)
[2020.12.09-03.07.03:375][780]Log file closed, 12/09/20 00:07:03
