Log file open, 12/06/20 22:59:03
LogInit: Display: Running engine for game: ProjectFalls
LogPlatformFile: Not using cached read wrapper
LogTaskGraph: Started task graph with 5 named threads and 20 total threads with 3 sets of task threads.
LogStats: Stats thread started at 0.211256
LogD3D11RHI: Loaded GFSDK_Aftermath_Lib.x64.dll
LogICUInternationalization: ICU TimeZone Detection - Raw Offset: -3:00, Platform Override: ''
LogPluginManager: Mounting plugin Paper2D
LogPluginManager: Mounting plugin AISupport
LogPluginManager: Mounting plugin LightPropagationVolume
LogPluginManager: Mounting plugin CameraShakePreviewer
LogPluginManager: Mounting plugin ActorLayerUtilities
LogPluginManager: Mounting plugin AnimationSharing
LogPluginManager: Mounting plugin CLionSourceCodeAccess
LogPluginManager: Mounting plugin CodeLiteSourceCodeAccess
LogPluginManager: Mounting plugin GitSourceControl
LogPluginManager: Mounting plugin KDevelopSourceCodeAccess
LogPluginManager: Mounting plugin NullSourceCodeAccess
LogPluginManager: Mounting plugin PerforceSourceControl
LogPluginManager: Mounting plugin PlasticSourceControl
LogPluginManager: Mounting plugin RiderSourceCodeAccess
LogPluginManager: Mounting plugin SubversionSourceControl
LogPluginManager: Mounting plugin UObjectPlugin
LogPluginManager: Mounting plugin VisualStudioCodeSourceCodeAccess
LogPluginManager: Mounting plugin VisualStudioSourceCodeAccess
LogPluginManager: Mounting plugin XCodeSourceCodeAccess
LogPluginManager: Mounting plugin AssetManagerEditor
LogPluginManager: Mounting plugin CryptoKeys
LogPluginManager: Mounting plugin CurveEditorTools
LogPluginManager: Mounting plugin DataValidation
LogPluginManager: Mounting plugin EditorScriptingUtilities
LogPluginManager: Mounting plugin FacialAnimation
LogPluginManager: Mounting plugin GameplayTagsEditor
LogPluginManager: Mounting plugin GeometryMode
LogPluginManager: Mounting plugin MacGraphicsSwitching
LogPluginManager: Mounting plugin MaterialAnalyzer
LogPluginManager: Mounting plugin MobileLauncherProfileWizard
LogPluginManager: Mounting plugin PluginBrowser
LogPluginManager: Mounting plugin SpeedTreeImporter
LogPluginManager: Mounting plugin DatasmithContent
LogPluginManager: Mounting plugin VariantManagerContent
LogPluginManager: Mounting plugin AlembicImporter
LogPluginManager: Mounting plugin AutomationUtils
LogPluginManager: Mounting plugin BackChannel
LogPluginManager: Mounting plugin ChaosCloth
LogPluginManager: Mounting plugin ChaosClothEditor
LogPluginManager: Mounting plugin ChaosEditor
LogPluginManager: Mounting plugin ChaosNiagara
LogPluginManager: Mounting plugin ChaosSolverPlugin
LogPluginManager: Mounting plugin CharacterAI
LogPluginManager: Mounting plugin GeometryCache
LogPluginManager: Mounting plugin GeometryCollectionPlugin
LogPluginManager: Mounting plugin GeometryProcessing
LogPluginManager: Mounting plugin PlanarCut
LogPluginManager: Mounting plugin PlatformCrypto
LogPluginManager: Mounting plugin ProxyLODPlugin
LogPluginManager: Mounting plugin SkeletalReduction
LogPluginManager: Mounting plugin Niagara
LogPluginManager: Mounting plugin MagicLeap
LogPluginManager: Mounting plugin MagicLeapLightEstimation
LogPluginManager: Mounting plugin MagicLeapMedia
LogPluginManager: Mounting plugin MagicLeapPassableWorld
LogPluginManager: Mounting plugin MLSDK
LogPluginManager: Mounting plugin AndroidMedia
LogPluginManager: Mounting plugin AvfMedia
LogPluginManager: Mounting plugin ImgMedia
LogPluginManager: Mounting plugin MediaCompositing
LogPluginManager: Mounting plugin MediaPlayerEditor
LogPluginManager: Mounting plugin WebMMedia
LogPluginManager: Mounting plugin WmfMedia
LogPluginManager: Mounting plugin MeshPainting
LogPluginManager: Mounting plugin TcpMessaging
LogPluginManager: Mounting plugin UdpMessaging
LogPluginManager: Mounting plugin ActorSequence
LogPluginManager: Mounting plugin LevelSequenceEditor
LogPluginManager: Mounting plugin MatineeToLevelSequence
LogPluginManager: Mounting plugin MovieRenderPipeline
LogPluginManager: Mounting plugin TemplateSequence
LogPluginManager: Mounting plugin NetcodeUnitTest
LogPluginManager: Mounting plugin NUTUnrealEngine4
LogPluginManager: Mounting plugin OnlineSubsystemGooglePlay
LogPluginManager: Mounting plugin OnlineSubsystemIOS
LogPluginManager: Mounting plugin OnlineSubsystem
LogPluginManager: Mounting plugin OnlineSubsystemNull
LogPluginManager: Mounting plugin OnlineSubsystemUtils
LogPluginManager: Mounting plugin LauncherChunkInstaller
LogPluginManager: Mounting plugin AndroidDeviceProfileSelector
LogPluginManager: Mounting plugin AndroidMoviePlayer
LogPluginManager: Mounting plugin AndroidPermission
LogPluginManager: Mounting plugin AppleImageUtils
LogPluginManager: Mounting plugin AppleMoviePlayer
LogPluginManager: Mounting plugin ArchVisCharacter
LogPluginManager: Mounting plugin AssetTags
LogPluginManager: Mounting plugin AudioCapture
LogPluginManager: Mounting plugin CableComponent
LogPluginManager: Mounting plugin CustomMeshComponent
LogPluginManager: Mounting plugin EditableMesh
LogPluginManager: Mounting plugin ExampleDeviceProfileSelector
LogPluginManager: Mounting plugin GoogleCloudMessaging
LogPluginManager: Mounting plugin GooglePAD
LogPluginManager: Mounting plugin IOSDeviceProfileSelector
LogPluginManager: Mounting plugin LinuxDeviceProfileSelector
LogPluginManager: Mounting plugin LocationServicesBPLibrary
LogPluginManager: Mounting plugin MobilePatchingUtils
LogPluginManager: Mounting plugin OculusVR
LogPluginManager: Mounting plugin PhysXVehicles
LogPluginManager: Mounting plugin PostSplashScreen
LogPluginManager: Mounting plugin ProceduralMeshComponent
LogPluginManager: Mounting plugin RuntimePhysXCooking
LogPluginManager: Mounting plugin SignificanceManager
LogPluginManager: Mounting plugin SoundFields
LogPluginManager: Mounting plugin SteamVR
LogPluginManager: Mounting plugin Synthesis
LogPluginManager: Mounting plugin WebMMoviePlayer
LogPluginManager: Mounting plugin WindowsMoviePlayer
LogPluginManager: Mounting plugin ScreenshotTools
LogInit: Using libcurl 7.55.1-DEV
LogInit:  - built for x86_64-pc-win32
LogInit:  - supports SSL with OpenSSL/1.1.1
LogInit:  - supports HTTP deflate (compression) using libz 1.2.8
LogInit:  - other features:
LogInit:      CURL_VERSION_SSL
LogInit:      CURL_VERSION_LIBZ
LogInit:      CURL_VERSION_IPV6
LogInit:      CURL_VERSION_ASYNCHDNS
LogInit:      CURL_VERSION_LARGEFILE
LogInit:      CURL_VERSION_IDN
LogInit:  CurlRequestOptions (configurable via config and command line):
LogInit:  - bVerifyPeer = true  - Libcurl will verify peer certificate
LogInit:  - bUseHttpProxy = false  - Libcurl will NOT use HTTP proxy
LogInit:  - bDontReuseConnections = false  - Libcurl will reuse connections
LogInit:  - MaxHostConnections = 16  - Libcurl will limit the number of connections to a host
LogInit:  - LocalHostAddr = Default
LogInit:  - BufferSize = 65536
LogOnline: OSS: Creating online subsystem instance for: NULL
LogInit: WinSock: version 1.1 (2.2), MaxSocks=32767, MaxUdp=65467
LogOnline: OSS: TryLoadSubsystemAndSetDefault: Loaded subsystem for module [NULL]
LogInit: Build: ++UE4+Release-4.25-CL-14469661
LogInit: Engine Version: 4.25.4-14469661+++UE4+Release-4.25
LogInit: Compatible Engine Version: 4.25.0-13144385+++UE4+Release-4.25
LogInit: Net CL: 13144385
LogInit: OS: Windows 10 (Release 1909) (), CPU: Intel(R) Core(TM) i5-9400F CPU @ 2.90GHz, GPU: NVIDIA GeForce GTX 1050 Ti
LogInit: Compiled (64-bit): Oct 11 2020 08:10:49
LogInit: Compiled with Visual C++: 19.24.28315.00
LogInit: Build Configuration: Development
LogInit: Branch Name: ++UE4+Release-4.25
LogInit: Command Line: 
LogInit: Base Directory: E:/epic/UE_4.25/Engine/Binaries/Win64/
LogInit: Allocator: TBB
LogInit: Installed Engine Build: 1
LogDevObjectVersion: Number of dev versions registered: 26
LogDevObjectVersion:   Dev-Blueprints (B0D832E4-1F89-4F0D-ACCF-7EB736FD4AA2): 10
LogDevObjectVersion:   Dev-Build (E1C64328-A22C-4D53-A36C-8E866417BD8C): 0
LogDevObjectVersion:   Dev-Core (375EC13C-06E4-48FB-B500-84F0262A717E): 4
LogDevObjectVersion:   Dev-Editor (E4B068ED-F494-42E9-A231-DA0B2E46BB41): 38
LogDevObjectVersion:   Dev-Framework (CFFC743F-43B0-4480-9391-14DF171D2073): 37
LogDevObjectVersion:   Dev-Mobile (B02B49B5-BB20-44E9-A304-32B752E40360): 2
LogDevObjectVersion:   Dev-Networking (A4E4105C-59A1-49B5-A7C5-40C4547EDFEE): 0
LogDevObjectVersion:   Dev-Online (39C831C9-5AE6-47DC-9A44-9C173E1C8E7C): 0
LogDevObjectVersion:   Dev-Physics (78F01B33-EBEA-4F98-B9B4-84EACCB95AA2): 4
LogDevObjectVersion:   Dev-Platform (6631380F-2D4D-43E0-8009-CF276956A95A): 0
LogDevObjectVersion:   Dev-Rendering (12F88B9F-8875-4AFC-A67C-D90C383ABD29): 43
LogDevObjectVersion:   Dev-Sequencer (7B5AE74C-D270-4C10-A958-57980B212A5A): 12
LogDevObjectVersion:   Dev-VR (D7296918-1DD6-4BDD-9DE2-64A83CC13884): 3
LogDevObjectVersion:   Dev-LoadTimes (C2A15278-BFE7-4AFE-6C17-90FF531DF755): 1
LogDevObjectVersion:   Private-Geometry (6EACA3D4-40EC-4CC1-B786-8BED09428FC5): 3
LogDevObjectVersion:   Dev-AnimPhys (29E575DD-E0A3-4627-9D10-D276232CDCEA): 17
LogDevObjectVersion:   Dev-Anim (AF43A65D-7FD3-4947-9873-3E8ED9C1BB05): 7
LogDevObjectVersion:   Dev-ReflectionCapture (6B266CEC-1EC7-4B8F-A30B-E4D90942FC07): 1
LogDevObjectVersion:   Dev-Automation (0DF73D61-A23F-47EA-B727-89E90C41499A): 1
LogDevObjectVersion:   FortniteMain (601D1886-AC64-4F84-AA16-D3DE0DEAC7D6): 31
LogDevObjectVersion:   Dev-Enterprise (9DFFBCD6-494F-0158-E221-12823C92A888): 10
LogDevObjectVersion:   Dev-Niagara (F2AED0AC-9AFE-416F-8664-AA7FFA26D6FC): 1
LogDevObjectVersion:   Dev-Destruction (174F1F0B-B4C6-45A5-B13F-2EE8D0FB917D): 10
LogDevObjectVersion:   Dev-Physics-Ext (35F94A83-E258-406C-A318-09F59610247C): 37
LogDevObjectVersion:   Dev-PhysicsMaterial-Chaos (B68FC16E-8B1B-42E2-B453-215C058844FE): 1
LogDevObjectVersion:   Dev-CineCamera (B2E18506-4273-CFC2-A54E-F4BB758BBA07): 1
LogInit: Presizing for max 25165824 objects, including 0 objects not considered by GC, pre-allocating 0 bytes for permanent pool.
LogConfig: Applying CVar settings from Section [/Script/Engine.StreamingSettings] File [E:/UNREAL/ProjectFalls/Saved/Config/Windows/Engine.ini]
LogConfig: Setting CVar [[s.MinBulkDataSizeForAsyncLoading:131072]]
LogConfig: Setting CVar [[s.AsyncLoadingThreadEnabled:0]]
LogConfig: Setting CVar [[s.EventDrivenLoaderEnabled:1]]
LogConfig: Setting CVar [[s.WarnIfTimeLimitExceeded:0]]
LogConfig: Setting CVar [[s.TimeLimitExceededMultiplier:1.5]]
LogConfig: Setting CVar [[s.TimeLimitExceededMinTime:0.005]]
LogConfig: Setting CVar [[s.UseBackgroundLevelStreaming:1]]
LogConfig: Setting CVar [[s.PriorityAsyncLoadingExtraTime:15.0]]
LogConfig: Setting CVar [[s.LevelStreamingActorsUpdateTimeLimit:5.0]]
LogConfig: Setting CVar [[s.PriorityLevelStreamingActorsUpdateExtraTime:5.0]]
LogConfig: Setting CVar [[s.LevelStreamingComponentsRegistrationGranularity:10]]
LogConfig: Setting CVar [[s.UnregisterComponentsTimeLimit:1.0]]
LogConfig: Setting CVar [[s.LevelStreamingComponentsUnregistrationGranularity:5]]
LogConfig: Setting CVar [[s.FlushStreamingOnExit:1]]
LogInit: Object subsystem initialized
LogConfig: Setting CVar [[con.DebugEarlyDefault:1]]
LogConfig: Setting CVar [[r.setres:1280x720]]
[2020.12.07-01.59.04:383][  0]LogConfig: Setting CVar [[r.VSync:0]]
[2020.12.07-01.59.04:383][  0]LogConfig: Setting CVar [[r.RHICmdBypass:0]]
[2020.12.07-01.59.04:383][  0]LogConfig: Applying CVar settings from Section [/Script/Engine.RendererSettings] File [E:/UNREAL/ProjectFalls/Saved/Config/Windows/Engine.ini]
[2020.12.07-01.59.04:383][  0]LogConfig: Setting CVar [[r.GPUCrashDebugging:0]]
[2020.12.07-01.59.04:383][  0]LogConfig: Applying CVar settings from Section [/Script/Engine.RendererOverrideSettings] File [E:/UNREAL/ProjectFalls/Saved/Config/Windows/Engine.ini]
[2020.12.07-01.59.04:383][  0]LogConfig: Applying CVar settings from Section [/Script/Engine.StreamingSettings] File [E:/UNREAL/ProjectFalls/Saved/Config/Windows/Engine.ini]
[2020.12.07-01.59.04:383][  0]LogConfig: Setting CVar [[s.MinBulkDataSizeForAsyncLoading:131072]]
[2020.12.07-01.59.04:383][  0]LogConfig: Setting CVar [[s.AsyncLoadingThreadEnabled:0]]
[2020.12.07-01.59.04:383][  0]LogConfig: Setting CVar [[s.EventDrivenLoaderEnabled:1]]
[2020.12.07-01.59.04:383][  0]LogConfig: Setting CVar [[s.WarnIfTimeLimitExceeded:0]]
[2020.12.07-01.59.04:383][  0]LogConfig: Setting CVar [[s.TimeLimitExceededMultiplier:1.5]]
[2020.12.07-01.59.04:383][  0]LogConfig: Setting CVar [[s.TimeLimitExceededMinTime:0.005]]
[2020.12.07-01.59.04:383][  0]LogConfig: Setting CVar [[s.UseBackgroundLevelStreaming:1]]
[2020.12.07-01.59.04:383][  0]LogConfig: Setting CVar [[s.PriorityAsyncLoadingExtraTime:15.0]]
[2020.12.07-01.59.04:383][  0]LogConfig: Setting CVar [[s.LevelStreamingActorsUpdateTimeLimit:5.0]]
[2020.12.07-01.59.04:383][  0]LogConfig: Setting CVar [[s.PriorityLevelStreamingActorsUpdateExtraTime:5.0]]
[2020.12.07-01.59.04:383][  0]LogConfig: Setting CVar [[s.LevelStreamingComponentsRegistrationGranularity:10]]
[2020.12.07-01.59.04:383][  0]LogConfig: Setting CVar [[s.UnregisterComponentsTimeLimit:1.0]]
[2020.12.07-01.59.04:383][  0]LogConfig: Setting CVar [[s.LevelStreamingComponentsUnregistrationGranularity:5]]
[2020.12.07-01.59.04:383][  0]LogConfig: Setting CVar [[s.FlushStreamingOnExit:1]]
[2020.12.07-01.59.04:383][  0]LogConfig: Applying CVar settings from Section [/Script/Engine.GarbageCollectionSettings] File [E:/UNREAL/ProjectFalls/Saved/Config/Windows/Engine.ini]
[2020.12.07-01.59.04:383][  0]LogConfig: Setting CVar [[gc.MaxObjectsNotConsideredByGC:1]]
[2020.12.07-01.59.04:383][  0]LogConfig: Setting CVar [[gc.SizeOfPermanentObjectPool:0]]
[2020.12.07-01.59.04:383][  0]LogConfig: Setting CVar [[gc.FlushStreamingOnGC:0]]
[2020.12.07-01.59.04:383][  0]LogConfig: Setting CVar [[gc.NumRetriesBeforeForcingGC:10]]
[2020.12.07-01.59.04:383][  0]LogConfig: Setting CVar [[gc.AllowParallelGC:1]]
[2020.12.07-01.59.04:383][  0]LogConfig: Setting CVar [[gc.TimeBetweenPurgingPendingKillObjects:61.1]]
[2020.12.07-01.59.04:383][  0]LogConfig: Setting CVar [[gc.MaxObjectsInEditor:25165824]]
[2020.12.07-01.59.04:383][  0]LogConfig: Setting CVar [[gc.IncrementalBeginDestroyEnabled:1]]
[2020.12.07-01.59.04:383][  0]LogConfig: Setting CVar [[gc.CreateGCClusters:1]]
[2020.12.07-01.59.04:383][  0]LogConfig: Setting CVar [[gc.MinGCClusterSize:5]]
[2020.12.07-01.59.04:383][  0]LogConfig: Setting CVar [[gc.ActorClusteringEnabled:0]]
[2020.12.07-01.59.04:384][  0]LogConfig: Setting CVar [[gc.BlueprintClusteringEnabled:0]]
[2020.12.07-01.59.04:384][  0]LogConfig: Setting CVar [[gc.UseDisregardForGCOnDedicatedServers:0]]
[2020.12.07-01.59.04:384][  0]LogConfig: Applying CVar settings from Section [/Script/Engine.NetworkSettings] File [E:/UNREAL/ProjectFalls/Saved/Config/Windows/Engine.ini]
[2020.12.07-01.59.04:384][  0]LogConfig: Applying CVar settings from Section [/Script/UnrealEd.CookerSettings] File [E:/UNREAL/ProjectFalls/Saved/Config/Windows/Engine.ini]
[2020.12.07-01.59.04:387][  0]LogConfig: Applying CVar settings from Section [ViewDistanceQuality@3] File [E:/UNREAL/ProjectFalls/Saved/Config/Windows/Scalability.ini]
[2020.12.07-01.59.04:387][  0]LogConfig: Setting CVar [[r.SkeletalMeshLODBias:0]]
[2020.12.07-01.59.04:387][  0]LogConfig: Setting CVar [[r.ViewDistanceScale:1.0]]
[2020.12.07-01.59.04:387][  0]LogConfig: Applying CVar settings from Section [AntiAliasingQuality@3] File [E:/UNREAL/ProjectFalls/Saved/Config/Windows/Scalability.ini]
[2020.12.07-01.59.04:387][  0]LogConfig: Setting CVar [[r.PostProcessAAQuality:4]]
[2020.12.07-01.59.04:387][  0]LogConfig: Applying CVar settings from Section [ShadowQuality@3] File [E:/UNREAL/ProjectFalls/Saved/Config/Windows/Scalability.ini]
[2020.12.07-01.59.04:387][  0]LogConfig: Setting CVar [[r.LightFunctionQuality:1]]
[2020.12.07-01.59.04:387][  0]LogConfig: Setting CVar [[r.ShadowQuality:5]]
[2020.12.07-01.59.04:387][  0]LogConfig: Setting CVar [[r.Shadow.CSM.MaxCascades:10]]
[2020.12.07-01.59.04:387][  0]LogConfig: Setting CVar [[r.Shadow.MaxResolution:2048]]
[2020.12.07-01.59.04:387][  0]LogConfig: Setting CVar [[r.Shadow.MaxCSMResolution:2048]]
[2020.12.07-01.59.04:387][  0]LogConfig: Setting CVar [[r.Shadow.RadiusThreshold:0.01]]
[2020.12.07-01.59.04:387][  0]LogConfig: Setting CVar [[r.Shadow.DistanceScale:1.0]]
[2020.12.07-01.59.04:387][  0]LogConfig: Setting CVar [[r.Shadow.CSM.TransitionScale:1.0]]
[2020.12.07-01.59.04:387][  0]LogConfig: Setting CVar [[r.Shadow.PreShadowResolutionFactor:1.0]]
[2020.12.07-01.59.04:387][  0]LogConfig: Setting CVar [[r.DistanceFieldShadowing:1]]
[2020.12.07-01.59.04:387][  0]LogConfig: Setting CVar [[r.DistanceFieldAO:1]]
[2020.12.07-01.59.04:387][  0]LogConfig: Setting CVar [[r.AOQuality:2]]
[2020.12.07-01.59.04:387][  0]LogConfig: Setting CVar [[r.VolumetricFog:1]]
[2020.12.07-01.59.04:387][  0]LogConfig: Setting CVar [[r.VolumetricFog.GridPixelSize:8]]
[2020.12.07-01.59.04:387][  0]LogConfig: Setting CVar [[r.VolumetricFog.GridSizeZ:128]]
[2020.12.07-01.59.04:387][  0]LogConfig: Setting CVar [[r.VolumetricFog.HistoryMissSupersampleCount:4]]
[2020.12.07-01.59.04:387][  0]LogConfig: Setting CVar [[r.LightMaxDrawDistanceScale:1]]
[2020.12.07-01.59.04:387][  0]LogConfig: Setting CVar [[r.CapsuleShadows:1]]
[2020.12.07-01.59.04:387][  0]LogConfig: Applying CVar settings from Section [PostProcessQuality@3] File [E:/UNREAL/ProjectFalls/Saved/Config/Windows/Scalability.ini]
[2020.12.07-01.59.04:387][  0]LogConfig: Setting CVar [[r.MotionBlurQuality:4]]
[2020.12.07-01.59.04:387][  0]LogConfig: Setting CVar [[r.AmbientOcclusionMipLevelFactor:0.4]]
[2020.12.07-01.59.04:387][  0]LogConfig: Setting CVar [[r.AmbientOcclusionMaxQuality:100]]
[2020.12.07-01.59.04:387][  0]LogConfig: Setting CVar [[r.AmbientOcclusionLevels:-1]]
[2020.12.07-01.59.04:387][  0]LogConfig: Setting CVar [[r.AmbientOcclusionRadiusScale:1.0]]
[2020.12.07-01.59.04:387][  0]LogConfig: Setting CVar [[r.DepthOfFieldQuality:2]]
[2020.12.07-01.59.04:388][  0]LogConfig: Setting CVar [[r.RenderTargetPoolMin:400]]
[2020.12.07-01.59.04:388][  0]LogConfig: Setting CVar [[r.LensFlareQuality:2]]
[2020.12.07-01.59.04:388][  0]LogConfig: Setting CVar [[r.SceneColorFringeQuality:1]]
[2020.12.07-01.59.04:388][  0]LogConfig: Setting CVar [[r.EyeAdaptationQuality:2]]
[2020.12.07-01.59.04:388][  0]LogConfig: Setting CVar [[r.BloomQuality:5]]
[2020.12.07-01.59.04:388][  0]LogConfig: Setting CVar [[r.FastBlurThreshold:100]]
[2020.12.07-01.59.04:388][  0]LogConfig: Setting CVar [[r.Upscale.Quality:3]]
[2020.12.07-01.59.04:388][  0]LogConfig: Setting CVar [[r.Tonemapper.GrainQuantization:1]]
[2020.12.07-01.59.04:388][  0]LogConfig: Setting CVar [[r.LightShaftQuality:1]]
[2020.12.07-01.59.04:388][  0]LogConfig: Setting CVar [[r.Filter.SizeScale:1]]
[2020.12.07-01.59.04:388][  0]LogConfig: Setting CVar [[r.Tonemapper.Quality:5]]
[2020.12.07-01.59.04:388][  0]LogConfig: Setting CVar [[r.DOF.Gather.AccumulatorQuality:1        ; higher gathering accumulator quality]]
[2020.12.07-01.59.04:388][  0]LogConfig: Setting CVar [[r.DOF.Gather.PostfilterMethod:1          ; Median3x3 postfilering method]]
[2020.12.07-01.59.04:388][  0]LogConfig: Setting CVar [[r.DOF.Gather.EnableBokehSettings:0       ; no bokeh simulation when gathering]]
[2020.12.07-01.59.04:388][  0]LogConfig: Setting CVar [[r.DOF.Gather.RingCount:4                 ; medium number of samples when gathering]]
[2020.12.07-01.59.04:388][  0]LogConfig: Setting CVar [[r.DOF.Scatter.ForegroundCompositing:1    ; additive foreground scattering]]
[2020.12.07-01.59.04:388][  0]LogConfig: Setting CVar [[r.DOF.Scatter.BackgroundCompositing:2    ; additive background scattering]]
[2020.12.07-01.59.04:388][  0]LogConfig: Setting CVar [[r.DOF.Scatter.EnableBokehSettings:1      ; bokeh simulation when scattering]]
[2020.12.07-01.59.04:388][  0]LogConfig: Setting CVar [[r.DOF.Scatter.MaxSpriteRatio:0.1         ; only a maximum of 10% of scattered bokeh]]
[2020.12.07-01.59.04:388][  0]LogConfig: Setting CVar [[r.DOF.Recombine.Quality:1                ; cheap slight out of focus]]
[2020.12.07-01.59.04:388][  0]LogConfig: Setting CVar [[r.DOF.Recombine.EnableBokehSettings:0    ; no bokeh simulation on slight out of focus]]
[2020.12.07-01.59.04:388][  0]LogConfig: Setting CVar [[r.DOF.TemporalAAQuality:1                ; more stable temporal accumulation]]
[2020.12.07-01.59.04:388][  0]LogConfig: Setting CVar [[r.DOF.Kernel.MaxForegroundRadius:0.025]]
[2020.12.07-01.59.04:388][  0]LogConfig: Setting CVar [[r.DOF.Kernel.MaxBackgroundRadius:0.025]]
[2020.12.07-01.59.04:388][  0]LogConfig: Applying CVar settings from Section [TextureQuality@3] File [E:/UNREAL/ProjectFalls/Saved/Config/Windows/Scalability.ini]
[2020.12.07-01.59.04:388][  0]LogConfig: Setting CVar [[r.Streaming.MipBias:0]]
[2020.12.07-01.59.04:388][  0]LogConfig: Setting CVar [[r.Streaming.AmortizeCPUToGPUCopy:0]]
[2020.12.07-01.59.04:388][  0]LogConfig: Setting CVar [[r.Streaming.MaxNumTexturesToStreamPerFrame:0]]
[2020.12.07-01.59.04:388][  0]LogConfig: Setting CVar [[r.Streaming.Boost:1]]
[2020.12.07-01.59.04:388][  0]LogConfig: Setting CVar [[r.MaxAnisotropy:8]]
[2020.12.07-01.59.04:388][  0]LogConfig: Setting CVar [[r.VT.MaxAnisotropy:8]]
[2020.12.07-01.59.04:388][  0]LogConfig: Setting CVar [[r.Streaming.LimitPoolSizeToVRAM:0]]
[2020.12.07-01.59.04:388][  0]LogConfig: Setting CVar [[r.Streaming.PoolSize:1000]]
[2020.12.07-01.59.04:388][  0]LogConfig: Setting CVar [[r.Streaming.MaxEffectiveScreenSize:0]]
[2020.12.07-01.59.04:388][  0]LogConfig: Applying CVar settings from Section [EffectsQuality@3] File [E:/UNREAL/ProjectFalls/Saved/Config/Windows/Scalability.ini]
[2020.12.07-01.59.04:388][  0]LogConfig: Setting CVar [[r.TranslucencyLightingVolumeDim:64]]
[2020.12.07-01.59.04:388][  0]LogConfig: Setting CVar [[r.RefractionQuality:2]]
[2020.12.07-01.59.04:388][  0]LogConfig: Setting CVar [[r.SSR.Quality:3]]
[2020.12.07-01.59.04:388][  0]LogConfig: Setting CVar [[r.SSR.HalfResSceneColor:0]]
[2020.12.07-01.59.04:388][  0]LogConfig: Setting CVar [[r.SceneColorFormat:4]]
[2020.12.07-01.59.04:388][  0]LogConfig: Setting CVar [[r.DetailMode:2]]
[2020.12.07-01.59.04:388][  0]LogConfig: Setting CVar [[r.TranslucencyVolumeBlur:1]]
[2020.12.07-01.59.04:388][  0]LogConfig: Setting CVar [[r.MaterialQualityLevel:1 ; High quality]]
[2020.12.07-01.59.04:388][  0]LogConfig: Setting CVar [[r.SSS.Scale:1]]
[2020.12.07-01.59.04:388][  0]LogConfig: Setting CVar [[r.SSS.SampleSet:2]]
[2020.12.07-01.59.04:388][  0]LogConfig: Setting CVar [[r.SSS.Quality:1]]
[2020.12.07-01.59.04:388][  0]LogConfig: Setting CVar [[r.SSS.HalfRes:0]]
[2020.12.07-01.59.04:388][  0]LogConfig: Setting CVar [[r.SSGI.Quality:3]]
[2020.12.07-01.59.04:388][  0]LogConfig: Setting CVar [[r.EmitterSpawnRateScale:1.0]]
[2020.12.07-01.59.04:388][  0]LogConfig: Setting CVar [[r.ParticleLightQuality:2]]
[2020.12.07-01.59.04:388][  0]LogConfig: Setting CVar [[r.SkyAtmosphere.AerialPerspectiveLUT.FastApplyOnOpaque:1 ; Always have FastSkyLUT 1 in this case to avoid wrong sky]]
[2020.12.07-01.59.04:389][  0]LogConfig: Setting CVar [[r.SkyAtmosphere.AerialPerspectiveLUT.SampleCountPerSlice:1]]
[2020.12.07-01.59.04:389][  0]LogConfig: Setting CVar [[r.SkyAtmosphere.AerialPerspectiveLUT.DepthResolution:16.0]]
[2020.12.07-01.59.04:389][  0]LogConfig: Setting CVar [[r.SkyAtmosphere.FastSkyLUT:1]]
[2020.12.07-01.59.04:389][  0]LogConfig: Setting CVar [[r.SkyAtmosphere.FastSkyLUT.SampleCountMin:4.0]]
[2020.12.07-01.59.04:389][  0]LogConfig: Setting CVar [[r.SkyAtmosphere.FastSkyLUT.SampleCountMax:32.0]]
[2020.12.07-01.59.04:389][  0]LogConfig: Setting CVar [[r.SkyAtmosphere.SampleCountMin:4.0]]
[2020.12.07-01.59.04:389][  0]LogConfig: Setting CVar [[r.SkyAtmosphere.SampleCountMax:32.0]]
[2020.12.07-01.59.04:389][  0]LogConfig: Setting CVar [[r.SkyAtmosphere.TransmittanceLUT.UseSmallFormat:0]]
[2020.12.07-01.59.04:389][  0]LogConfig: Setting CVar [[r.SkyAtmosphere.TransmittanceLUT.SampleCount:10.0]]
[2020.12.07-01.59.04:389][  0]LogConfig: Setting CVar [[r.SkyAtmosphere.MultiScatteringLUT.SampleCount:15.0]]
[2020.12.07-01.59.04:389][  0]LogConfig: Applying CVar settings from Section [FoliageQuality@3] File [E:/UNREAL/ProjectFalls/Saved/Config/Windows/Scalability.ini]
[2020.12.07-01.59.04:389][  0]LogConfig: Setting CVar [[foliage.DensityScale:1.0]]
[2020.12.07-01.59.04:389][  0]LogConfig: Setting CVar [[grass.DensityScale:1.0]]
[2020.12.07-01.59.04:389][  0]LogConfig: Applying CVar settings from Section [ShadingQuality@3] File [E:/UNREAL/ProjectFalls/Saved/Config/Windows/Scalability.ini]
[2020.12.07-01.59.04:389][  0]LogConfig: Setting CVar [[r.HairStrands.SkyLighting.SampleCount:16]]
[2020.12.07-01.59.04:389][  0]LogConfig: Setting CVar [[r.HairStrands.SkyLighting.JitterIntegration:0]]
[2020.12.07-01.59.04:389][  0]LogConfig: Setting CVar [[r.HairStrands.SkyAO.SampleCount:16]]
[2020.12.07-01.59.04:389][  0]LogConfig: Setting CVar [[r.HairStrands.DeepShadow.SuperSampling:0]]
[2020.12.07-01.59.04:389][  0]LogConfig: Setting CVar [[r.HairStrands.VisibilityPPLL:0]]
[2020.12.07-01.59.04:389][  0]LogConfig: Setting CVar [[r.HairStrands.RasterizationScale:0.5]]
[2020.12.07-01.59.04:389][  0]LogConfig: Setting CVar [[r.HairStrands.VelocityRasterizationScale:1]]
[2020.12.07-01.59.04:389][  0]LogInit: Selected Device Profile: [Windows]
[2020.12.07-01.59.04:389][  0]LogInit: Applying CVar settings loaded from the selected device profile: [Windows]
[2020.12.07-01.59.04:389][  0]LogHAL: Display: Platform has ~ 24 GB [25699905536 / 34359738368 / 24], which maps to Larger [LargestMinGB=32, LargerMinGB=12, DefaultMinGB=8, SmallerMinGB=6, SmallestMinGB=0)
[2020.12.07-01.59.04:389][  0]LogInit: Going up to parent DeviceProfile []
[2020.12.07-01.59.04:389][  0]LogConfig: Applying CVar settings from Section [ViewDistanceQuality@2] File [E:/UNREAL/ProjectFalls/Saved/Config/Windows/Scalability.ini]
[2020.12.07-01.59.04:389][  0]LogConfig: Setting CVar [[r.SkeletalMeshLODBias:0]]
[2020.12.07-01.59.04:389][  0]LogConfig: Setting CVar [[r.ViewDistanceScale:0.8]]
[2020.12.07-01.59.04:389][  0]LogConfig: Applying CVar settings from Section [AntiAliasingQuality@2] File [E:/UNREAL/ProjectFalls/Saved/Config/Windows/Scalability.ini]
[2020.12.07-01.59.04:389][  0]LogConfig: Setting CVar [[r.PostProcessAAQuality:3]]
[2020.12.07-01.59.04:389][  0]LogConfig: Applying CVar settings from Section [ShadowQuality@2] File [E:/UNREAL/ProjectFalls/Saved/Config/Windows/Scalability.ini]
[2020.12.07-01.59.04:389][  0]LogConfig: Setting CVar [[r.LightFunctionQuality:1]]
[2020.12.07-01.59.04:389][  0]LogConfig: Setting CVar [[r.ShadowQuality:5]]
[2020.12.07-01.59.04:389][  0]LogConfig: Setting CVar [[r.Shadow.CSM.MaxCascades:4]]
[2020.12.07-01.59.04:389][  0]LogConfig: Setting CVar [[r.Shadow.MaxResolution:1024]]
[2020.12.07-01.59.04:389][  0]LogConfig: Setting CVar [[r.Shadow.MaxCSMResolution:2048]]
[2020.12.07-01.59.04:389][  0]LogConfig: Setting CVar [[r.Shadow.RadiusThreshold:0.04]]
[2020.12.07-01.59.04:389][  0]LogConfig: Setting CVar [[r.Shadow.DistanceScale:0.85]]
[2020.12.07-01.59.04:389][  0]LogConfig: Setting CVar [[r.Shadow.CSM.TransitionScale:0.8]]
[2020.12.07-01.59.04:389][  0]LogConfig: Setting CVar [[r.Shadow.PreShadowResolutionFactor:0.5]]
[2020.12.07-01.59.04:389][  0]LogConfig: Setting CVar [[r.DistanceFieldShadowing:1]]
[2020.12.07-01.59.04:389][  0]LogConfig: Setting CVar [[r.DistanceFieldAO:1]]
[2020.12.07-01.59.04:389][  0]LogConfig: Setting CVar [[r.AOQuality:1]]
[2020.12.07-01.59.04:390][  0]LogConfig: Setting CVar [[r.VolumetricFog:1]]
[2020.12.07-01.59.04:390][  0]LogConfig: Setting CVar [[r.VolumetricFog.GridPixelSize:16]]
[2020.12.07-01.59.04:390][  0]LogConfig: Setting CVar [[r.VolumetricFog.GridSizeZ:64]]
[2020.12.07-01.59.04:390][  0]LogConfig: Setting CVar [[r.VolumetricFog.HistoryMissSupersampleCount:4]]
[2020.12.07-01.59.04:390][  0]LogConfig: Setting CVar [[r.LightMaxDrawDistanceScale:1]]
[2020.12.07-01.59.04:390][  0]LogConfig: Setting CVar [[r.CapsuleShadows:1]]
[2020.12.07-01.59.04:390][  0]LogConfig: Applying CVar settings from Section [PostProcessQuality@2] File [E:/UNREAL/ProjectFalls/Saved/Config/Windows/Scalability.ini]
[2020.12.07-01.59.04:390][  0]LogConfig: Setting CVar [[r.MotionBlurQuality:3]]
[2020.12.07-01.59.04:390][  0]LogConfig: Setting CVar [[r.AmbientOcclusionMipLevelFactor:0.6]]
[2020.12.07-01.59.04:390][  0]LogConfig: Setting CVar [[r.AmbientOcclusionMaxQuality:100]]
[2020.12.07-01.59.04:390][  0]LogConfig: Setting CVar [[r.AmbientOcclusionLevels:-1]]
[2020.12.07-01.59.04:390][  0]LogConfig: Setting CVar [[r.AmbientOcclusionRadiusScale:1.5]]
[2020.12.07-01.59.04:390][  0]LogConfig: Setting CVar [[r.DepthOfFieldQuality:2]]
[2020.12.07-01.59.04:390][  0]LogConfig: Setting CVar [[r.RenderTargetPoolMin:400]]
[2020.12.07-01.59.04:390][  0]LogConfig: Setting CVar [[r.LensFlareQuality:2]]
[2020.12.07-01.59.04:390][  0]LogConfig: Setting CVar [[r.SceneColorFringeQuality:1]]
[2020.12.07-01.59.04:390][  0]LogConfig: Setting CVar [[r.EyeAdaptationQuality:2]]
[2020.12.07-01.59.04:390][  0]LogConfig: Setting CVar [[r.BloomQuality:5]]
[2020.12.07-01.59.04:390][  0]LogConfig: Setting CVar [[r.FastBlurThreshold:3]]
[2020.12.07-01.59.04:390][  0]LogConfig: Setting CVar [[r.Upscale.Quality:2]]
[2020.12.07-01.59.04:390][  0]LogConfig: Setting CVar [[r.Tonemapper.GrainQuantization:1]]
[2020.12.07-01.59.04:390][  0]LogConfig: Setting CVar [[r.LightShaftQuality:1]]
[2020.12.07-01.59.04:390][  0]LogConfig: Setting CVar [[r.Filter.SizeScale:0.8]]
[2020.12.07-01.59.04:390][  0]LogConfig: Setting CVar [[r.Tonemapper.Quality:5]]
[2020.12.07-01.59.04:390][  0]LogConfig: Setting CVar [[r.DOF.Gather.AccumulatorQuality:0        ; lower gathering accumulator quality]]
[2020.12.07-01.59.04:390][  0]LogConfig: Setting CVar [[r.DOF.Gather.PostfilterMethod:2          ; Max3x3 postfilering method]]
[2020.12.07-01.59.04:390][  0]LogConfig: Setting CVar [[r.DOF.Gather.EnableBokehSettings:0       ; no bokeh simulation when gathering]]
[2020.12.07-01.59.04:390][  0]LogConfig: Setting CVar [[r.DOF.Gather.RingCount:4                 ; medium number of samples when gathering]]
[2020.12.07-01.59.04:390][  0]LogConfig: Setting CVar [[r.DOF.Scatter.ForegroundCompositing:1    ; additive foreground scattering]]
[2020.12.07-01.59.04:390][  0]LogConfig: Setting CVar [[r.DOF.Scatter.BackgroundCompositing:1    ; no background occlusion]]
[2020.12.07-01.59.04:390][  0]LogConfig: Setting CVar [[r.DOF.Scatter.EnableBokehSettings:0      ; no bokeh simulation when scattering]]
[2020.12.07-01.59.04:390][  0]LogConfig: Setting CVar [[r.DOF.Scatter.MaxSpriteRatio:0.04        ; only a maximum of 4% of scattered bokeh]]
[2020.12.07-01.59.04:390][  0]LogConfig: Setting CVar [[r.DOF.Recombine.Quality:0                ; no slight out of focus]]
[2020.12.07-01.59.04:390][  0]LogConfig: Setting CVar [[r.DOF.TemporalAAQuality:0                ; faster temporal accumulation]]
[2020.12.07-01.59.04:390][  0]LogConfig: Setting CVar [[r.DOF.Kernel.MaxForegroundRadius:0.012   ; required because of AccumulatorQuality=0]]
[2020.12.07-01.59.04:390][  0]LogConfig: Setting CVar [[r.DOF.Kernel.MaxBackgroundRadius:0.012   ; required because of AccumulatorQuality=0]]
[2020.12.07-01.59.04:390][  0]LogConfig: Applying CVar settings from Section [TextureQuality@2] File [E:/UNREAL/ProjectFalls/Saved/Config/Windows/Scalability.ini]
[2020.12.07-01.59.04:391][  0]LogConfig: Setting CVar [[r.Streaming.MipBias:0]]
[2020.12.07-01.59.04:391][  0]LogConfig: Setting CVar [[r.Streaming.AmortizeCPUToGPUCopy:0]]
[2020.12.07-01.59.04:391][  0]LogConfig: Setting CVar [[r.Streaming.MaxNumTexturesToStreamPerFrame:0]]
[2020.12.07-01.59.04:391][  0]LogConfig: Setting CVar [[r.Streaming.Boost:1]]
[2020.12.07-01.59.04:391][  0]LogConfig: Setting CVar [[r.MaxAnisotropy:4]]
[2020.12.07-01.59.04:391][  0]LogConfig: Setting CVar [[r.VT.MaxAnisotropy:8]]
[2020.12.07-01.59.04:391][  0]LogConfig: Setting CVar [[r.Streaming.LimitPoolSizeToVRAM:1]]
[2020.12.07-01.59.04:391][  0]LogConfig: Setting CVar [[r.Streaming.PoolSize:800]]
[2020.12.07-01.59.04:391][  0]LogConfig: Setting CVar [[r.Streaming.MaxEffectiveScreenSize:0]]
[2020.12.07-01.59.04:391][  0]LogConfig: Applying CVar settings from Section [EffectsQuality@2] File [E:/UNREAL/ProjectFalls/Saved/Config/Windows/Scalability.ini]
[2020.12.07-01.59.04:391][  0]LogConfig: Setting CVar [[r.TranslucencyLightingVolumeDim:48]]
[2020.12.07-01.59.04:391][  0]LogConfig: Setting CVar [[r.RefractionQuality:2]]
[2020.12.07-01.59.04:391][  0]LogConfig: Setting CVar [[r.SSR.Quality:2]]
[2020.12.07-01.59.04:391][  0]LogConfig: Setting CVar [[r.SSR.HalfResSceneColor:1]]
[2020.12.07-01.59.04:391][  0]LogConfig: Setting CVar [[r.SceneColorFormat:3]]
[2020.12.07-01.59.04:391][  0]LogConfig: Setting CVar [[r.DetailMode:1]]
[2020.12.07-01.59.04:391][  0]LogConfig: Setting CVar [[r.TranslucencyVolumeBlur:1]]
[2020.12.07-01.59.04:391][  0]LogConfig: Setting CVar [[r.MaterialQualityLevel:1 ; High quality]]
[2020.12.07-01.59.04:391][  0]LogConfig: Setting CVar [[r.SSS.Scale:1]]
[2020.12.07-01.59.04:391][  0]LogConfig: Setting CVar [[r.SSS.SampleSet:1]]
[2020.12.07-01.59.04:391][  0]LogConfig: Setting CVar [[r.SSS.Quality:-1]]
[2020.12.07-01.59.04:391][  0]LogConfig: Setting CVar [[r.SSS.HalfRes:1]]
[2020.12.07-01.59.04:391][  0]LogConfig: Setting CVar [[r.SSGI.Quality:2]]
[2020.12.07-01.59.04:391][  0]LogConfig: Setting CVar [[r.EmitterSpawnRateScale:0.5]]
[2020.12.07-01.59.04:391][  0]LogConfig: Setting CVar [[r.ParticleLightQuality:1]]
[2020.12.07-01.59.04:391][  0]LogConfig: Setting CVar [[r.SkyAtmosphere.AerialPerspectiveLUT.FastApplyOnOpaque:1 ; Always have FastSkyLUT 1 in this case to avoid wrong sky]]
[2020.12.07-01.59.04:391][  0]LogConfig: Setting CVar [[r.SkyAtmosphere.AerialPerspectiveLUT.SampleCountPerSlice:1]]
[2020.12.07-01.59.04:391][  0]LogConfig: Setting CVar [[r.SkyAtmosphere.AerialPerspectiveLUT.DepthResolution:16.0]]
[2020.12.07-01.59.04:391][  0]LogConfig: Setting CVar [[r.SkyAtmosphere.FastSkyLUT:1]]
[2020.12.07-01.59.04:391][  0]LogConfig: Setting CVar [[r.SkyAtmosphere.FastSkyLUT.SampleCountMin:4.0]]
[2020.12.07-01.59.04:391][  0]LogConfig: Setting CVar [[r.SkyAtmosphere.FastSkyLUT.SampleCountMax:32.0]]
[2020.12.07-01.59.04:391][  0]LogConfig: Setting CVar [[r.SkyAtmosphere.SampleCountMin:4.0]]
[2020.12.07-01.59.04:391][  0]LogConfig: Setting CVar [[r.SkyAtmosphere.SampleCountMax:32.0]]
[2020.12.07-01.59.04:391][  0]LogConfig: Setting CVar [[r.SkyAtmosphere.TransmittanceLUT.UseSmallFormat:0]]
[2020.12.07-01.59.04:391][  0]LogConfig: Setting CVar [[r.SkyAtmosphere.TransmittanceLUT.SampleCount:10.0]]
[2020.12.07-01.59.04:391][  0]LogConfig: Setting CVar [[r.SkyAtmosphere.MultiScatteringLUT.SampleCount:15.0]]
[2020.12.07-01.59.04:391][  0]LogConfig: Applying CVar settings from Section [FoliageQuality@2] File [E:/UNREAL/ProjectFalls/Saved/Config/Windows/Scalability.ini]
[2020.12.07-01.59.04:391][  0]LogConfig: Setting CVar [[foliage.DensityScale:0.8]]
[2020.12.07-01.59.04:391][  0]LogConfig: Setting CVar [[grass.DensityScale:0.8]]
[2020.12.07-01.59.04:391][  0]LogConfig: Applying CVar settings from Section [ShadingQuality@2] File [E:/UNREAL/ProjectFalls/Saved/Config/Windows/Scalability.ini]
[2020.12.07-01.59.04:391][  0]LogConfig: Setting CVar [[r.HairStrands.SkyLighting.SampleCount:16]]
[2020.12.07-01.59.04:391][  0]LogConfig: Setting CVar [[r.HairStrands.SkyLighting.JitterIntegration:0]]
[2020.12.07-01.59.04:391][  0]LogConfig: Setting CVar [[r.HairStrands.SkyAO.SampleCount:16]]
[2020.12.07-01.59.04:391][  0]LogConfig: Setting CVar [[r.HairStrands.DeepShadow.SuperSampling:0]]
[2020.12.07-01.59.04:391][  0]LogConfig: Setting CVar [[r.HairStrands.VisibilityPPLL:0]]
[2020.12.07-01.59.04:391][  0]LogConfig: Setting CVar [[r.HairStrands.RasterizationScale:0.5]]
[2020.12.07-01.59.04:391][  0]LogConfig: Setting CVar [[r.HairStrands.VelocityRasterizationScale:1]]
[2020.12.07-01.59.04:391][  0]LogConfig: Applying CVar settings from Section [Startup] File [../../../Engine/Config/ConsoleVariables.ini]
[2020.12.07-01.59.04:392][  0]LogConfig: Setting CVar [[net.UseAdaptiveNetUpdateFrequency:0]]
[2020.12.07-01.59.04:392][  0]LogConfig: Setting CVar [[p.chaos.AllowCreatePhysxBodies:1]]
[2020.12.07-01.59.04:392][  0]LogConfig: Setting CVar [[fx.SkipVectorVMBackendOptimizations:1]]
[2020.12.07-01.59.04:392][  0]LogConfig: Applying CVar settings from Section [ConsoleVariables] File [E:/UNREAL/ProjectFalls/Saved/Config/Windows/Engine.ini]
[2020.12.07-01.59.04:392][  0]LogInit: Computer: BACON_PC
[2020.12.07-01.59.04:392][  0]LogInit: User: Kaue
[2020.12.07-01.59.04:392][  0]LogInit: CPU Page size=4096, Cores=6
[2020.12.07-01.59.04:392][  0]LogInit: High frequency timer resolution =10.000000 MHz
[2020.12.07-01.59.04:392][  0]LogMemory: Memory total: Physical=23.9GB (24GB approx)
[2020.12.07-01.59.04:392][  0]LogMemory: Platform Memory Stats for Windows
[2020.12.07-01.59.04:392][  0]LogMemory: Process Physical Memory: 113.82 MB used, 113.82 MB peak
[2020.12.07-01.59.04:392][  0]LogMemory: Process Virtual Memory: 95.98 MB used, 95.98 MB peak
[2020.12.07-01.59.04:392][  0]LogMemory: Physical Memory: 6178.38 MB used,  18330.96 MB free, 24509.34 MB total
[2020.12.07-01.59.04:392][  0]LogMemory: Virtual Memory: 5102.78 MB used,  134212624.00 MB free, 134217728.00 MB total
[2020.12.07-01.59.04:400][  0]LogWindows: WindowsPlatformFeatures enabled
[2020.12.07-01.59.04:498][  0]LogInit: Physics initialised using underlying interface: PhysX
[2020.12.07-01.59.04:500][  0]LogInit: Overriding language with editor language configuration option (en).
[2020.12.07-01.59.04:500][  0]LogInit: Overriding locale with editor locale configuration option (en).
[2020.12.07-01.59.04:673][  0]LogInit: Setting process to per monitor DPI aware
[2020.12.07-01.59.04:709][  0]LogSlate: New Slate User Created.  User Index 0, Is Virtual User: 0
[2020.12.07-01.59.04:709][  0]LogSlate: Slate User Registered.  User Index 0, Is Virtual User: 0
[2020.12.07-01.59.04:975][  0]LogHMD: Failed to initialize OpenVR with code 110
[2020.12.07-01.59.04:975][  0]LogD3D11RHI: D3D11 min allowed feature level: 11_0
[2020.12.07-01.59.04:975][  0]LogD3D11RHI: D3D11 max allowed feature level: 11_0
[2020.12.07-01.59.04:975][  0]LogD3D11RHI: D3D11 adapters:
[2020.12.07-01.59.05:043][  0]LogD3D11RHI:    0. 'NVIDIA GeForce GTX 1050 Ti' (Feature Level 11_0)
[2020.12.07-01.59.05:043][  0]LogD3D11RHI:       4018/0/12254 MB DedicatedVideo/DedicatedSystem/SharedSystem, Outputs:1, VendorId:0x10de
[2020.12.07-01.59.05:046][  0]LogD3D11RHI:    1. 'Microsoft Basic Render Driver' (Feature Level 11_0)
[2020.12.07-01.59.05:046][  0]LogD3D11RHI:       0/0/12254 MB DedicatedVideo/DedicatedSystem/SharedSystem, Outputs:0, VendorId:0x1414
[2020.12.07-01.59.05:046][  0]LogD3D11RHI: Chosen D3D11 Adapter: 0
[2020.12.07-01.59.05:052][  0]LogD3D11RHI: Creating new Direct3DDevice
[2020.12.07-01.59.05:052][  0]LogD3D11RHI:     GPU DeviceId: 0x1c82 (for the marketing name, search the web for "GPU Device Id")
[2020.12.07-01.59.05:052][  0]LogWindows: EnumDisplayDevices:
[2020.12.07-01.59.05:052][  0]LogWindows:    0. 'NVIDIA GeForce GTX 1050 Ti' (P:1 D:1)
[2020.12.07-01.59.05:053][  0]LogWindows:    1. 'NVIDIA GeForce GTX 1050 Ti' (P:0 D:0)
[2020.12.07-01.59.05:054][  0]LogWindows:    2. 'NVIDIA GeForce GTX 1050 Ti' (P:0 D:0)
[2020.12.07-01.59.05:054][  0]LogWindows:    3. 'NVIDIA GeForce GTX 1050 Ti' (P:0 D:0)
[2020.12.07-01.59.05:055][  0]LogWindows: DebugString: FoundDriverCount:4 
[2020.12.07-01.59.05:055][  0]LogD3D11RHI:     Adapter Name: NVIDIA GeForce GTX 1050 Ti
[2020.12.07-01.59.05:055][  0]LogD3D11RHI:   Driver Version: 457.51 (internal:27.21.14.5751, unified:457.51)
[2020.12.07-01.59.05:055][  0]LogD3D11RHI:      Driver Date: 11-22-2020
[2020.12.07-01.59.05:055][  0]LogRHI: Texture pool is 2812 MB (70% of 4018 MB)
[2020.12.07-01.59.05:092][  0]LogD3D11RHI: RHI has support for 64 bit atomics
[2020.12.07-01.59.05:092][  0]LogD3D11RHI: Async texture creation enabled
[2020.12.07-01.59.05:092][  0]LogD3D11RHI: Array index from any shader is supported
[2020.12.07-01.59.05:094][  0]LogD3D11RHI: HDR output is supported on display 0 (NvId: 0x80061082).
[2020.12.07-01.59.05:118][  0]LogD3D11RHI: GPU Timing Frequency: 1000.000000 (Debug: 2 1)
[2020.12.07-01.59.05:484][  0]LogTargetPlatformManager: Display: Loaded TargetPlatform 'AllDesktop'
[2020.12.07-01.59.05:507][  0]LogTargetPlatformManager: Display: Loaded TargetPlatform 'Android'
[2020.12.07-01.59.05:508][  0]LogTargetPlatformManager: Display: Loaded TargetPlatform 'Android_ASTC'
[2020.12.07-01.59.05:508][  0]LogTargetPlatformManager: Display: Loaded TargetPlatform 'Android_DXT'
[2020.12.07-01.59.05:508][  0]LogTargetPlatformManager: Display: Loaded TargetPlatform 'Android_ETC2'
[2020.12.07-01.59.05:508][  0]LogTargetPlatformManager: Display: Loaded TargetPlatform 'AndroidClient'
[2020.12.07-01.59.05:508][  0]LogTargetPlatformManager: Display: Loaded TargetPlatform 'Android_ASTCClient'
[2020.12.07-01.59.05:508][  0]LogTargetPlatformManager: Display: Loaded TargetPlatform 'Android_DXTClient'
[2020.12.07-01.59.05:508][  0]LogTargetPlatformManager: Display: Loaded TargetPlatform 'Android_ETC2Client'
[2020.12.07-01.59.05:508][  0]LogTargetPlatformManager: Display: Loaded TargetPlatform 'Android_Multi'
[2020.12.07-01.59.05:508][  0]LogTargetPlatformManager: Display: Loaded TargetPlatform 'Android_MultiClient'
[2020.12.07-01.59.05:535][  0]LogTargetPlatformManager: Display: Loaded TargetPlatform 'IOSClient'
[2020.12.07-01.59.05:535][  0]LogTargetPlatformManager: Display: Loaded TargetPlatform 'IOS'
[2020.12.07-01.59.05:547][  0]LogTargetPlatformManager: Display: Loaded TargetPlatform 'Linux'
[2020.12.07-01.59.05:558][  0]LogTargetPlatformManager: Display: Loaded TargetPlatform 'LinuxNoEditor'
[2020.12.07-01.59.05:569][  0]LogTargetPlatformManager: Display: Loaded TargetPlatform 'LinuxClient'
[2020.12.07-01.59.05:579][  0]LogTargetPlatformManager: Display: Loaded TargetPlatform 'LinuxServer'
[2020.12.07-01.59.05:590][  0]LogTargetPlatformManager: Display: Loaded TargetPlatform 'LinuxAArch64NoEditor'
[2020.12.07-01.59.05:601][  0]LogTargetPlatformManager: Display: Loaded TargetPlatform 'LinuxAArch64Client'
[2020.12.07-01.59.05:611][  0]LogTargetPlatformManager: Display: Loaded TargetPlatform 'LinuxAArch64Server'
[2020.12.07-01.59.05:642][  0]LogTargetPlatformManager: Display: Loaded TargetPlatform 'Lumin'
[2020.12.07-01.59.05:642][  0]LogTargetPlatformManager: Display: Loaded TargetPlatform 'LuminClient'
[2020.12.07-01.59.05:660][  0]LogTargetPlatformManager: Display: Loaded TargetPlatform 'TVOSClient'
[2020.12.07-01.59.05:660][  0]LogTargetPlatformManager: Display: Loaded TargetPlatform 'TVOS'
[2020.12.07-01.59.05:671][  0]LogTargetPlatformManager: Display: Loaded TargetPlatform 'WindowsNoEditor'
[2020.12.07-01.59.05:683][  0]LogTargetPlatformManager: Display: Loaded TargetPlatform 'Windows'
[2020.12.07-01.59.05:694][  0]LogTargetPlatformManager: Display: Loaded TargetPlatform 'WindowsClient'
[2020.12.07-01.59.05:705][  0]LogTargetPlatformManager: Display: Loaded TargetPlatform 'WindowsServer'
[2020.12.07-01.59.05:705][  0]LogTargetPlatformManager: Display: Building Assets For Windows
[2020.12.07-01.59.05:715][  0]LogAudioDebug: Display: Lib vorbis DLL was dynamically loaded.
[2020.12.07-01.59.05:810][  0]LogShaderCompilers: Guid format shader working directory is 10 characters bigger than the processId version (../../../../../UNREAL/ProjectFalls/Intermediate/Shaders/WorkingDirectory/16804/).
[2020.12.07-01.59.05:810][  0]LogShaderCompilers: Cleaned the shader compiler working directory 'C:/Users/Kaue/AppData/Local/Temp/UnrealShaderWorkingDir/0D2085694B61C74105B3C991003EF146/'.
[2020.12.07-01.59.05:811][  0]LogXGEController: Cleaning working directory: C:/Users/Kaue/AppData/Local/Temp/UnrealXGEWorkingDir/
[2020.12.07-01.59.05:811][  0]LogXGEController: Cannot use XGE Controller as Incredibuild is not installed on this machine.
[2020.12.07-01.59.05:811][  0]LogShaderCompilers: Cannot use XGE Shader Compiler as Incredibuild is not installed on this machine.
[2020.12.07-01.59.05:811][  0]LogShaderCompilers: Display: Using Local Shader Compiler.
[2020.12.07-01.59.06:556][  0]LogDerivedDataCache: Display: Max Cache Size: 512 MB
[2020.12.07-01.59.06:604][  0]LogDerivedDataCache: Loaded boot cache 0.05s 75MB C:/Users/Kaue/AppData/Local/UnrealEngine/4.25/DerivedDataCache/Boot.ddc.
[2020.12.07-01.59.06:604][  0]LogDerivedDataCache: Display: Loaded Boot cache: C:/Users/Kaue/AppData/Local/UnrealEngine/4.25/DerivedDataCache/Boot.ddc
[2020.12.07-01.59.06:604][  0]LogDerivedDataCache: FDerivedDataBackendGraph:  Pak pak cache file ../../../../../UNREAL/ProjectFalls/DerivedDataCache/DDC.ddp not found, will not use a pak cache.
[2020.12.07-01.59.06:604][  0]LogDerivedDataCache: Unable to find inner node Pak for hierarchical cache Hierarchy.
[2020.12.07-01.59.06:604][  0]LogDerivedDataCache: FDerivedDataBackendGraph:  CompressedPak pak cache file ../../../../../UNREAL/ProjectFalls/DerivedDataCache/Compressed.ddp not found, will not use a pak cache.
[2020.12.07-01.59.06:604][  0]LogDerivedDataCache: Unable to find inner node CompressedPak for hierarchical cache Hierarchy.
[2020.12.07-01.59.06:614][  0]LogDerivedDataCache: Display: Pak cache opened for reading ../../../Engine/DerivedDataCache/Compressed.ddp.
[2020.12.07-01.59.06:614][  0]LogDerivedDataCache: FDerivedDataBackendGraph:  EnterprisePak pak cache file ../../../Enterprise/DerivedDataCache/Compressed.ddp not found, will not use a pak cache.
[2020.12.07-01.59.06:614][  0]LogDerivedDataCache: Unable to find inner node EnterprisePak for hierarchical cache Hierarchy.
[2020.12.07-01.59.06:615][  0]LogDerivedDataCache: Using Local data cache path C:/Users/Kaue/AppData/Local/UnrealEngine/Common/DerivedDataCache: Writable
[2020.12.07-01.59.06:615][  0]LogDerivedDataCache: Shared data cache path not found in *engine.ini, will not use an Shared cache.
[2020.12.07-01.59.06:615][  0]LogDerivedDataCache: Unable to find inner node Shared for hierarchical cache Hierarchy.
[2020.12.07-01.59.06:660][  0]LogSlate: Using FreeType 2.10.0
[2020.12.07-01.59.06:660][  0]LogSlate: SlateFontServices - WITH_FREETYPE: 1, WITH_HARFBUZZ: 1
[2020.12.07-01.59.06:690][  0]LogAssetRegistry: FAssetRegistry took 0.0026 seconds to start up
[2020.12.07-01.59.06:921][  0]LogInit: Selected Device Profile: [Windows]
[2020.12.07-01.59.07:040][  0]LogMeshReduction: Using QuadricMeshReduction for automatic static mesh reduction
[2020.12.07-01.59.07:040][  0]LogMeshReduction: Using SimplygonMeshReduction for automatic skeletal mesh reduction
[2020.12.07-01.59.07:040][  0]LogMeshReduction: Using ProxyLODMeshReduction for automatic mesh merging
[2020.12.07-01.59.07:040][  0]LogMeshReduction: No distributed automatic mesh merging module available
[2020.12.07-01.59.07:040][  0]LogMeshMerging: No distributed automatic mesh merging module available
[2020.12.07-01.59.07:057][  0]LogNetVersion: ProjectFalls 1.0.0, NetCL: 13144385, EngineNetVer: 14, GameNetVer: 0 (Checksum: 4208646214)
[2020.12.07-01.59.07:509][  0]LogAISub: UAISubsystem::UAISubsystem AISubsystem (0000025C3FAD4340), frame # 0
[2020.12.07-01.59.07:509][  0]LogAISub: UAISubsystem::UAISubsystem AIPerceptionSystem (0000025C3FA03C40), frame # 0
[2020.12.07-01.59.07:510][  0]LogAISub: UAISubsystem::UAISubsystem EnvQueryManager (0000025C3FA6DE00), frame # 0
[2020.12.07-01.59.07:551][  0]LogPackageLocalizationCache: Processed 19 localized package path(s) for 1 prioritized culture(s) in 0.035458 seconds
[2020.12.07-01.59.07:556][  0]LogUObjectArray: 15917 objects as part of root set at end of initial load.
[2020.12.07-01.59.07:556][  0]LogUObjectAllocator: 3965568 out of 0 bytes used by permanent object pool.
[2020.12.07-01.59.07:556][  0]LogUObjectArray: CloseDisregardForGC: 0/0 objects in disregard for GC pool
[2020.12.07-01.59.07:994][  0]LogTcpMessaging: Initializing TcpMessaging bridge
[2020.12.07-01.59.07:999][  0]LogUdpMessaging: Initializing bridge on interface 0.0.0.0:0 to multicast group 230.0.0.1:6666.
[2020.12.07-01.59.08:093][  0]SourceControl: Source control is disabled
[2020.12.07-01.59.08:093][  0]SourceControl: Source control is disabled
[2020.12.07-01.59.08:097][  0]SourceControl: Source control is disabled
[2020.12.07-01.59.08:100][  0]SourceControl: Source control is disabled
[2020.12.07-01.59.08:109][  0]SourceControl: Source control is disabled
[2020.12.07-01.59.08:126][  0]LogVSAccessor: Display: Unable to create Visual Studio setup instance: 80040154
[2020.12.07-01.59.08:126][  0]LogVSAccessor: Display: Unable to create Visual Studio setup instance: 80040154
[2020.12.07-01.59.08:439][  0]LogAndroidPermission: UAndroidPermissionCallbackProxy::GetInstance
[2020.12.07-01.59.08:464][  0]LogAudioCaptureCore: Display: No Audio Capture implementations found. Audio input will be silent.
[2020.12.07-01.59.08:465][  0]LogAudioCaptureCore: Display: No Audio Capture implementations found. Audio input will be silent.
[2020.12.07-01.59.08:525][  0]LogOcInput: OculusInput pre-init called
[2020.12.07-01.59.08:542][  0]LogWindows: Failed to load 'OVRPlugin.dll' (GetLastError=126)
[2020.12.07-01.59.08:542][  0]LogWindows: File 'OVRPlugin.dll' does not exist
[2020.12.07-01.59.08:605][  0]LogEngine: Initializing Engine...
[2020.12.07-01.59.08:606][  0]LogHMD: Failed to initialize OpenVR with code 110
[2020.12.07-01.59.08:606][  0]LogMagicLeap: Warning: VR disabled because ZI is not enabled.  To enable, in the editor, Edit -> Project Settings -> Plugins -> Magic Leap Plugin -> Enable Zero Iteration
[2020.12.07-01.59.08:607][  0]LogStats: UGameplayTagsManager::InitializeManager -  0.000 s
[2020.12.07-01.59.08:726][  0]LogInit: Initializing FReadOnlyCVARCache
[2020.12.07-01.59.08:735][  0]LogAIModule: Creating AISystem for world Untitled
[2020.12.07-01.59.08:736][  0]LogAISub: UAISubsystem::UAISubsystem EnvQueryManager (0000025C42098600), frame # 0
[2020.12.07-01.59.08:736][  0]LogAISub: UAISubsystem::UAISubsystem AIPerceptionSystem (0000025C420B1940), frame # 0
[2020.12.07-01.59.08:753][  0]LogAudioMixer: Display: Audio Mixer Platform Settings:
[2020.12.07-01.59.08:753][  0]LogAudioMixer: Display: 	Sample Rate:						  48000
[2020.12.07-01.59.08:753][  0]LogAudioMixer: Display: 	Callback Buffer Frame Size Requested: 1024
[2020.12.07-01.59.08:753][  0]LogAudioMixer: Display: 	Callback Buffer Frame Size To Use:	  1024
[2020.12.07-01.59.08:753][  0]LogAudioMixer: Display: 	Number of buffers to queue:			  2
[2020.12.07-01.59.08:753][  0]LogAudioMixer: Display: 	Max Channels (voices):				  32
[2020.12.07-01.59.08:753][  0]LogAudioMixer: Display: 	Number of Async Source Workers:		  0
[2020.12.07-01.59.08:753][  0]LogAudio: Display: AudioDevice MaxSources: 32
[2020.12.07-01.59.08:753][  0]LogAudio: Display: Using built-in audio occlusion.
[2020.12.07-01.59.08:753][  0]LogAudioMixer: Display: Initializing audio mixer.
[2020.12.07-01.59.08:791][  0]LogAudioMixer: Display: 0: FrontLeft
[2020.12.07-01.59.08:792][  0]LogAudioMixer: Display: 1: FrontRight
[2020.12.07-01.59.08:889][  0]LogAudioMixer: Display: Using Audio Device Alto-falantes (Jabra EVOLVE 20)
[2020.12.07-01.59.08:892][  0]LogAudioMixer: Display: Initializing Sound Submixes...
[2020.12.07-01.59.08:895][  0]LogAudioMixer: Display: Creating Master Submix 'MasterSubmixDefault'
[2020.12.07-01.59.08:895][  0]LogAudioMixer: Display: Creating Master Submix 'MasterReverbSubmixDefault'
[2020.12.07-01.59.08:896][  0]LogAudioMixer: Display: Creating Master Submix 'MasterEQSubmixDefault'
[2020.12.07-01.59.08:897][  0]LogInit: FAudioDevice initialized.
[2020.12.07-01.59.08:897][  0]LogNetVersion: Set ProjectVersion to 1.0.0.0. Version Checksum will be recalculated on next use.
[2020.12.07-01.59.08:971][  0]LogDerivedDataCache: Saved boot cache 0.07s 75MB C:/Users/Kaue/AppData/Local/UnrealEngine/4.25/DerivedDataCache/Boot.ddc.
[2020.12.07-01.59.08:976][  0]LogInit: Texture streaming: Enabled
[2020.12.07-01.59.09:003][  0]LogEngineSessionManager: EngineSessionManager initialized
[2020.12.07-01.59.09:004][  0]LogEngineSessionManager: EngineSessionManager sent abnormal shutdown report. Type=Crashed, SessionId={CA0CF8E4-423A-8B3F-2DDF-6182CAEBE603}
[2020.12.07-01.59.09:004][  0]LogEditorSessionSummary: Verbose: Initializing EditorSessionSummaryWriter for editor session tracking
[2020.12.07-01.59.09:019][  0]LogEditorSessionSummary: EditorSessionSummaryWriter initialized
[2020.12.07-01.59.09:057][  0]LogInit: Transaction tracking system initialized
[2020.12.07-01.59.09:084][  0]BlueprintLog: New page: Editor Load
[2020.12.07-01.59.09:171][  0]LocalizationService: Localization service is disabled
[2020.12.07-01.59.09:272][  0]LogVSAccessor: Display: Unable to create Visual Studio setup instance: 80040154
[2020.12.07-01.59.09:272][  0]LogVSAccessor: Display: Unable to create Visual Studio setup instance: 80040154
[2020.12.07-01.59.09:358][  0]LogCook: Display: Max memory allowance for cook 16384mb min free memory 0mb
[2020.12.07-01.59.09:358][  0]LogCook: Display: Mobile HDR setting 1
[2020.12.07-01.59.09:515][  0]LogFileCache: Scanning file cache for directory 'E:/UNREAL/ProjectFalls/Content/' took 0.01s
[2020.12.07-01.59.09:785][  0]SourceControl: Source control is disabled
[2020.12.07-01.59.09:786][  0]LogUnrealEdMisc: Loading editor; pre map load, took 8.138
[2020.12.07-01.59.09:786][  0]Cmd: MAP LOAD FILE="../../../../../UNREAL/ProjectFalls/Content/ThirdPersonBP/Maps/ThirdPersonExampleMap.umap" TEMPLATE=0 SHOWPROGRESS=1 FEATURELEVEL=3
[2020.12.07-01.59.09:786][  0]LightingResults: New page: Lighting Build
[2020.12.07-01.59.09:787][  0]LogWorld: UWorld::CleanupWorld for Untitled, bSessionEnded=true, bCleanupResources=true
[2020.12.07-01.59.09:787][  0]LogSlate: InvalidateAllWidgets triggered.  All widgets were invalidated
[2020.12.07-01.59.09:787][  0]MapCheck: New page: Map Check
[2020.12.07-01.59.09:787][  0]LightingResults: New page: Lighting Build
[2020.12.07-01.59.09:796][  0]LogAISub: UAISubsystem::~UAISubsystem EnvQueryManager (0000025C42098600), frame # 0
[2020.12.07-01.59.09:796][  0]LogAISub: UAISubsystem::~UAISubsystem AIPerceptionSystem (0000025C420B1940), frame # 0
[2020.12.07-01.59.09:797][  0]LogUObjectHash: Compacting FUObjectHashTables data took   0.57ms
[2020.12.07-01.59.10:314][  0]LogAIModule: Creating AISystem for world ThirdPersonExampleMap
[2020.12.07-01.59.10:314][  0]LogAISub: UAISubsystem::UAISubsystem EnvQueryManager (0000025C33993E00), frame # 0
[2020.12.07-01.59.10:314][  0]LogAISub: UAISubsystem::UAISubsystem AIPerceptionSystem (0000025C34062480), frame # 0
[2020.12.07-01.59.10:323][  0]LogEditorServer: Finished looking for orphan Actors (0.000 secs)
[2020.12.07-01.59.10:335][  0]LogUObjectHash: Compacting FUObjectHashTables data took   0.76ms
[2020.12.07-01.59.10:338][  0]Cmd: MAP CHECKDEP NOCLEARLOG
[2020.12.07-01.59.10:338][  0]MapCheck: Map check complete: 0 Error(s), 0 Warning(s), took 0.249ms to complete.
[2020.12.07-01.59.10:338][  0]LogFileHelpers: Loading map 'ThirdPersonExampleMap' took 0.552
[2020.12.07-01.59.10:340][  0]LogUnrealEdMisc: Total Editor Startup Time, took 8.692
[2020.12.07-01.59.10:469][  0]LogSlate: Updating window title bar state: overlay mode, drag disabled, window buttons hidden, title bar hidden
[2020.12.07-01.59.10:475][  0]LogSlate: Updating window title bar state: overlay mode, drag disabled, window buttons hidden, title bar hidden
[2020.12.07-01.59.10:482][  0]LogSlate: Updating window title bar state: overlay mode, drag disabled, window buttons hidden, title bar hidden
[2020.12.07-01.59.10:488][  0]LogSlate: Updating window title bar state: overlay mode, drag disabled, window buttons hidden, title bar hidden
[2020.12.07-01.59.10:501][  0]LogCollectionManager: Loaded 0 collections in 0.001023 seconds
[2020.12.07-01.59.10:514][  0]LogFileCache: Scanning file cache for directory 'E:/UNREAL/ProjectFalls/Saved/Collections/' took 0.00s
[2020.12.07-01.59.10:514][  0]LogFileCache: Scanning file cache for directory 'E:/UNREAL/ProjectFalls/Content/Developers/Kaue/Collections/' took 0.00s
[2020.12.07-01.59.10:514][  0]LogFileCache: Scanning file cache for directory 'E:/UNREAL/ProjectFalls/Content/Collections/' took 0.00s
[2020.12.07-01.59.10:514][  0]LogContentBrowser: Native class hierarchy populated in 0.0079 seconds. Added 3427 classes and 821 folders.
[2020.12.07-01.59.10:517][  0]LogContentBrowser: Native class hierarchy updated for 'WidgetCarousel' in 0.0003 seconds. Added 0 classes and 0 folders.
[2020.12.07-01.59.10:621][  0]LogContentBrowser: Native class hierarchy updated for 'AddContentDialog' in 0.0003 seconds. Added 0 classes and 0 folders.
[2020.12.07-01.59.10:622][  0]LogContentBrowser: Native class hierarchy updated for 'SceneOutliner' in 0.0003 seconds. Added 2 classes and 0 folders.
[2020.12.07-01.59.10:775][  0]LogSlate: Took 0.000328 seconds to synchronously load lazily loaded font '../../../Engine/Content/Slate/Fonts/Roboto-Regular.ttf' (155K)
[2020.12.07-01.59.10:776][  0]LogSlate: Took 0.000273 seconds to synchronously load lazily loaded font '../../../Engine/Content/Slate/Fonts/Roboto-Bold.ttf' (160K)
[2020.12.07-01.59.10:780][  0]LogSlate: Took 0.000274 seconds to synchronously load lazily loaded font '../../../Engine/Content/Editor/Slate/Fonts/FontAwesome.ttf' (139K)
[2020.12.07-01.59.10:838][  0]LogRenderer: Reallocating scene render targets to support 1704x852 Format 9 NumSamples 1 (Frame:1).
[2020.12.07-01.59.10:941][  0]LogContentBrowser: Native class hierarchy updated for 'HierarchicalLODOutliner' in 0.0003 seconds. Added 0 classes and 0 folders.
[2020.12.07-01.59.10:941][  0]LogLoad: (Engine Initialization) Total time: 9.29 seconds
[2020.12.07-01.59.10:941][  0]LogLoad: (Engine Initialization) Total Blueprint compile time: 0.00 seconds
[2020.12.07-01.59.10:981][  0]LogAssetRegistry: Asset discovery search completed in 4.2910 seconds
[2020.12.07-01.59.10:984][  0]LogCollectionManager: Fixed up redirectors for 0 collections in 0.000003 seconds (updated 0 objects)
[2020.12.07-01.59.10:986][  0]LogContentStreaming: Texture pool size now 800 MB
[2020.12.07-01.59.17:038][218]LogEditorViewport: Clicking on Actor (LMB): ThirdPersonCharacter_C (ThirdPersonCharacter)
[2020.12.07-01.59.17:237][222]LogEditorViewport: Clicking on Actor (context menu): ThirdPersonCharacter_C (ThirdPersonCharacter)
[2020.12.07-01.59.17:975][296]LogSlate: Took 0.000246 seconds to synchronously load lazily loaded font '../../../Engine/Content/Slate/Fonts/Roboto-Light.ttf' (167K)
[2020.12.07-01.59.17:996][296]LogAssetEditorSubsystem: Opening Asset editor for Blueprint /Game/ThirdPersonBP/Blueprints/ThirdPersonCharacter.ThirdPersonCharacter
[2020.12.07-01.59.18:207][296]LogContentBrowser: Native class hierarchy updated for 'BlueprintGraph' in 0.0005 seconds. Added 125 classes and 0 folders.
[2020.12.07-01.59.19:023][296]LogSlate: Took 0.000247 seconds to synchronously load lazily loaded font '../../../Engine/Content/Slate/Fonts/Roboto-BoldCondensed.ttf' (158K)
[2020.12.07-01.59.19:133][297]LogSlate: Took 0.000240 seconds to synchronously load lazily loaded font '../../../Engine/Content/Slate/Fonts/Roboto-Italic.ttf' (157K)
[2020.12.07-01.59.57:120][468]BlueprintLog: New page: Compile ThirdPersonCharacter
[2020.12.07-01.59.57:229][468]LogUObjectHash: Compacting FUObjectHashTables data took   1.74ms
[2020.12.07-01.59.57:355][468]LogSlate: Took 0.000267 seconds to synchronously load lazily loaded font '../../../Engine/Content/Slate/Fonts/DroidSansMono.ttf' (77K)
[2020.12.07-01.59.57:954][507]Cmd: OBJ SAVEPACKAGE PACKAGE="/Game/ThirdPersonBP/Blueprints/ThirdPersonCharacter" FILE="../../../../../UNREAL/ProjectFalls/Content/ThirdPersonBP/Blueprints/ThirdPersonCharacter.uasset" SILENT=true
[2020.12.07-01.59.58:007][507]LogSavePackage: Moving '../../../../../UNREAL/ProjectFalls/Saved/ThirdPersonCharacter56811A8840290FA926E66782C450F5D3.tmp' to '../../../../../UNREAL/ProjectFalls/Content/ThirdPersonBP/Blueprints/ThirdPersonCharacter.uasset'
[2020.12.07-01.59.58:030][507]AssetCheck: New page: Asset Save: ThirdPersonCharacter
[2020.12.07-01.59.58:030][507]LogContentValidation: Display: Validating Blueprint /Game/ThirdPersonBP/Blueprints/ThirdPersonCharacter.ThirdPersonCharacter
[2020.12.07-02.00.00:285][605]LogSlate: Window 'ThirdPersonCharacter' being destroyed
[2020.12.07-02.00.00:290][605]LogSlate: Window 'ThirdPersonCharacter' being destroyed
[2020.12.07-02.00.00:297][605]LogWorld: UWorld::CleanupWorld for World_2, bSessionEnded=true, bCleanupResources=true
[2020.12.07-02.00.00:297][605]LogSlate: InvalidateAllWidgets triggered.  All widgets were invalidated
[2020.12.07-02.00.01:411][698]LogTemp: Repeating last play command: New Editor Window (PIE)
[2020.12.07-02.00.01:425][698]LogPlayLevel: PlayLevel: No blueprints needed recompiling
[2020.12.07-02.00.01:425][698]PIE: New page: PIE session: ThirdPersonExampleMap (Dec 6, 2020, 9:00:01 PM)
[2020.12.07-02.00.01:426][698]LogOnline: OSS: Creating online subsystem instance for: NULL
[2020.12.07-02.00.01:427][698]LogOnline: OSS: TryLoadSubsystemAndSetDefault: Loaded subsystem for module [NULL]
[2020.12.07-02.00.01:428][698]LogPlayLevel: Creating play world package: /Game/ThirdPersonBP/Maps/UEDPIE_0_ThirdPersonExampleMap
[2020.12.07-02.00.01:440][698]LogPlayLevel: PIE: StaticDuplicateObject took: (0.012526s)
[2020.12.07-02.00.01:441][698]LogAIModule: Creating AISystem for world ThirdPersonExampleMap
[2020.12.07-02.00.01:442][698]LogAISub: UAISubsystem::UAISubsystem EnvQueryManager (0000025C737BD800), frame # 3698
[2020.12.07-02.00.01:442][698]LogAISub: UAISubsystem::UAISubsystem AIPerceptionSystem (0000025C9D0D4900), frame # 3698
[2020.12.07-02.00.01:442][698]LogPlayLevel: PIE: World Init took: (0.001691s)
[2020.12.07-02.00.01:442][698]LogPlayLevel: PIE: Created PIE world by copying editor world from /Game/ThirdPersonBP/Maps/ThirdPersonExampleMap.ThirdPersonExampleMap to /Game/ThirdPersonBP/Maps/UEDPIE_0_ThirdPersonExampleMap.ThirdPersonExampleMap (0.014439s)
[2020.12.07-02.00.01:462][698]LogUObjectHash: Compacting FUObjectHashTables data took   1.69ms
[2020.12.07-02.00.01:464][698]LogAudioMixer: Display: Audio Mixer Platform Settings:
[2020.12.07-02.00.01:464][698]LogAudioMixer: Display: 	Sample Rate:						  48000
[2020.12.07-02.00.01:464][698]LogAudioMixer: Display: 	Callback Buffer Frame Size Requested: 1024
[2020.12.07-02.00.01:464][698]LogAudioMixer: Display: 	Callback Buffer Frame Size To Use:	  1024
[2020.12.07-02.00.01:464][698]LogAudioMixer: Display: 	Number of buffers to queue:			  2
[2020.12.07-02.00.01:464][698]LogAudioMixer: Display: 	Max Channels (voices):				  32
[2020.12.07-02.00.01:464][698]LogAudioMixer: Display: 	Number of Async Source Workers:		  0
[2020.12.07-02.00.01:464][698]LogAudio: Display: AudioDevice MaxSources: 32
[2020.12.07-02.00.01:464][698]LogAudio: Display: Using built-in audio occlusion.
[2020.12.07-02.00.01:464][698]LogAudioMixer: Display: Initializing audio mixer.
[2020.12.07-02.00.01:484][698]LogAudioMixer: Display: 0: FrontLeft
[2020.12.07-02.00.01:484][698]LogAudioMixer: Display: 1: FrontRight
[2020.12.07-02.00.01:530][698]LogAudioMixer: Display: Using Audio Device Alto-falantes (Jabra EVOLVE 20)
[2020.12.07-02.00.01:530][698]LogAudioMixer: Display: Initializing Sound Submixes...
[2020.12.07-02.00.01:530][698]LogAudioMixer: Display: Creating Master Submix 'MasterSubmixDefault'
[2020.12.07-02.00.01:530][698]LogAudioMixer: Display: Creating Master Submix 'MasterReverbSubmixDefault'
[2020.12.07-02.00.01:530][698]LogAudioMixer: Display: Creating Master Submix 'MasterEQSubmixDefault'
[2020.12.07-02.00.01:542][698]LogInit: FAudioDevice initialized.
[2020.12.07-02.00.01:588][698]LogSlate: Updating window title bar state: overlay mode, drag disabled, window buttons hidden, title bar hidden
[2020.12.07-02.00.01:596][698]LogLoad: Game class is 'ThirdPersonGameMode_C'
[2020.12.07-02.00.01:598][698]LogWorld: Bringing World /Game/ThirdPersonBP/Maps/UEDPIE_0_ThirdPersonExampleMap.ThirdPersonExampleMap up for play (max tick rate 0) at 2020.12.06-23.00.01
[2020.12.07-02.00.01:598][698]LogWorld: Bringing up level for play took: 0.001180
[2020.12.07-02.00.01:598][698]LogOnline: OSS: Creating online subsystem instance for: :Context_5
[2020.12.07-02.00.01:611][698]LogContentBrowser: Native class hierarchy updated for 'MovieSceneCapture' in 0.0004 seconds. Added 20 classes and 0 folders.
[2020.12.07-02.00.01:613][698]PIE: Server logged in
[2020.12.07-02.00.01:614][698]PIE: Play in editor total start time 0.196 seconds.
[2020.12.07-02.00.05:189][ 66]LogSlate: Updating window title bar state: overlay mode, drag disabled, window buttons hidden, title bar hidden
[2020.12.07-02.00.05:189][ 66]LogWorld: BeginTearingDown for /Game/ThirdPersonBP/Maps/UEDPIE_0_ThirdPersonExampleMap
[2020.12.07-02.00.05:190][ 66]LogSlate: Window 'ProjectFalls Preview [NetMode: Standalone] (64-bit/Windows) ' being destroyed
[2020.12.07-02.00.05:204][ 66]LogWorld: UWorld::CleanupWorld for ThirdPersonExampleMap, bSessionEnded=true, bCleanupResources=true
[2020.12.07-02.00.05:204][ 66]LogSlate: InvalidateAllWidgets triggered.  All widgets were invalidated
[2020.12.07-02.00.05:211][ 66]LogPlayLevel: Display: Shutting down PIE online subsystems
[2020.12.07-02.00.05:214][ 66]LogSlate: InvalidateAllWidgets triggered.  All widgets were invalidated
[2020.12.07-02.00.05:258][ 66]LogAISub: UAISubsystem::~UAISubsystem AIPerceptionSystem (0000025C9D0D4900), frame # 4066
[2020.12.07-02.00.05:258][ 66]LogAISub: UAISubsystem::~UAISubsystem EnvQueryManager (0000025C737BD800), frame # 4066
[2020.12.07-02.00.05:285][ 66]LogUObjectHash: Compacting FUObjectHashTables data took   2.81ms
[2020.12.07-02.00.05:319][ 67]LogPlayLevel: Display: Destroying online subsystem :Context_5
[2020.12.07-02.00.06:178][160]LogTemp: Repeating last play command: New Editor Window (PIE)
[2020.12.07-02.00.06:193][160]LogPlayLevel: PlayLevel: No blueprints needed recompiling
[2020.12.07-02.00.06:193][160]PIE: New page: PIE session: ThirdPersonExampleMap (Dec 6, 2020, 9:00:06 PM)
[2020.12.07-02.00.06:193][160]LogPlayLevel: Creating play world package: /Game/ThirdPersonBP/Maps/UEDPIE_0_ThirdPersonExampleMap
[2020.12.07-02.00.06:202][160]LogPlayLevel: PIE: StaticDuplicateObject took: (0.009164s)
[2020.12.07-02.00.06:203][160]LogAIModule: Creating AISystem for world ThirdPersonExampleMap
[2020.12.07-02.00.06:203][160]LogAISub: UAISubsystem::UAISubsystem EnvQueryManager (0000025C775BD400), frame # 4160
[2020.12.07-02.00.06:203][160]LogAISub: UAISubsystem::UAISubsystem AIPerceptionSystem (0000025C9FF3C7C0), frame # 4160
[2020.12.07-02.00.06:204][160]LogPlayLevel: PIE: World Init took: (0.001257s)
[2020.12.07-02.00.06:204][160]LogPlayLevel: PIE: Created PIE world by copying editor world from /Game/ThirdPersonBP/Maps/ThirdPersonExampleMap.ThirdPersonExampleMap to /Game/ThirdPersonBP/Maps/UEDPIE_0_ThirdPersonExampleMap.ThirdPersonExampleMap (0.010598s)
[2020.12.07-02.00.06:240][160]LogUObjectHash: Compacting FUObjectHashTables data took   1.94ms
[2020.12.07-02.00.06:243][160]LogAudioMixer: Display: Audio Mixer Platform Settings:
[2020.12.07-02.00.06:243][160]LogAudioMixer: Display: 	Sample Rate:						  48000
[2020.12.07-02.00.06:243][160]LogAudioMixer: Display: 	Callback Buffer Frame Size Requested: 1024
[2020.12.07-02.00.06:243][160]LogAudioMixer: Display: 	Callback Buffer Frame Size To Use:	  1024
[2020.12.07-02.00.06:243][160]LogAudioMixer: Display: 	Number of buffers to queue:			  2
[2020.12.07-02.00.06:243][160]LogAudioMixer: Display: 	Max Channels (voices):				  32
[2020.12.07-02.00.06:243][160]LogAudioMixer: Display: 	Number of Async Source Workers:		  0
[2020.12.07-02.00.06:243][160]LogAudio: Display: AudioDevice MaxSources: 32
[2020.12.07-02.00.06:244][160]LogAudio: Display: Using built-in audio occlusion.
[2020.12.07-02.00.06:244][160]LogAudioMixer: Display: Initializing audio mixer.
[2020.12.07-02.00.06:264][160]LogAudioMixer: Display: 0: FrontLeft
[2020.12.07-02.00.06:264][160]LogAudioMixer: Display: 1: FrontRight
[2020.12.07-02.00.06:310][160]LogAudioMixer: Display: Using Audio Device Alto-falantes (Jabra EVOLVE 20)
[2020.12.07-02.00.06:310][160]LogAudioMixer: Display: Initializing Sound Submixes...
[2020.12.07-02.00.06:310][160]LogAudioMixer: Display: Creating Master Submix 'MasterSubmixDefault'
[2020.12.07-02.00.06:310][160]LogAudioMixer: Display: Creating Master Submix 'MasterReverbSubmixDefault'
[2020.12.07-02.00.06:310][160]LogAudioMixer: Display: Creating Master Submix 'MasterEQSubmixDefault'
[2020.12.07-02.00.06:322][160]LogInit: FAudioDevice initialized.
[2020.12.07-02.00.06:361][160]LogSlate: Updating window title bar state: overlay mode, drag disabled, window buttons hidden, title bar hidden
[2020.12.07-02.00.06:361][160]LogLoad: Game class is 'ThirdPersonGameMode_C'
[2020.12.07-02.00.06:363][160]LogWorld: Bringing World /Game/ThirdPersonBP/Maps/UEDPIE_0_ThirdPersonExampleMap.ThirdPersonExampleMap up for play (max tick rate 0) at 2020.12.06-23.00.06
[2020.12.07-02.00.06:363][160]LogWorld: Bringing up level for play took: 0.001249
[2020.12.07-02.00.06:363][160]LogOnline: OSS: Creating online subsystem instance for: :Context_6
[2020.12.07-02.00.06:367][160]PIE: Server logged in
[2020.12.07-02.00.06:368][160]PIE: Play in editor total start time 0.181 seconds.
[2020.12.07-02.00.33:569][413]LogSlate: Updating window title bar state: overlay mode, drag disabled, window buttons hidden, title bar hidden
[2020.12.07-02.00.33:569][413]LogWorld: BeginTearingDown for /Game/ThirdPersonBP/Maps/UEDPIE_0_ThirdPersonExampleMap
[2020.12.07-02.00.33:569][413]LogSlate: Window 'ProjectFalls Preview [NetMode: Standalone] (64-bit/Windows) ' being destroyed
[2020.12.07-02.00.33:584][413]LogWorld: UWorld::CleanupWorld for ThirdPersonExampleMap, bSessionEnded=true, bCleanupResources=true
[2020.12.07-02.00.33:585][413]LogSlate: InvalidateAllWidgets triggered.  All widgets were invalidated
[2020.12.07-02.00.33:591][413]LogPlayLevel: Display: Shutting down PIE online subsystems
[2020.12.07-02.00.33:594][413]LogSlate: InvalidateAllWidgets triggered.  All widgets were invalidated
[2020.12.07-02.00.33:623][413]LogAISub: UAISubsystem::~UAISubsystem AIPerceptionSystem (0000025C9FF3C7C0), frame # 7413
[2020.12.07-02.00.33:623][413]LogAISub: UAISubsystem::~UAISubsystem EnvQueryManager (0000025C775BD400), frame # 7413
[2020.12.07-02.00.33:625][413]LogUObjectHash: Compacting FUObjectHashTables data took   1.34ms
[2020.12.07-02.00.33:647][414]LogPlayLevel: Display: Destroying online subsystem :Context_6
[2020.12.07-02.00.34:815][542]LogEditorViewport: Clicking on Actor (LMB): ThirdPersonCharacter_C (ThirdPersonCharacter)
[2020.12.07-02.00.35:027][549]LogEditorViewport: Clicking on Actor (context menu): ThirdPersonCharacter_C (ThirdPersonCharacter)
[2020.12.07-02.00.36:407][704]LogAssetEditorSubsystem: Opening Asset editor for Blueprint /Game/ThirdPersonBP/Blueprints/ThirdPersonCharacter.ThirdPersonCharacter
[2020.12.07-02.01.19:745][914]BlueprintLog: New page: Compile ThirdPersonCharacter
[2020.12.07-02.01.19:857][914]LogUObjectHash: Compacting FUObjectHashTables data took   1.70ms
[2020.12.07-02.01.25:707][329]LogSlate: Window 'ThirdPersonCharacter' being destroyed
[2020.12.07-02.01.25:720][329]LogSlate: Window 'ThirdPersonCharacter' being destroyed
[2020.12.07-02.01.25:728][329]LogWorld: UWorld::CleanupWorld for World_4, bSessionEnded=true, bCleanupResources=true
[2020.12.07-02.01.25:728][329]LogSlate: InvalidateAllWidgets triggered.  All widgets were invalidated
[2020.12.07-02.01.26:552][395]LogTemp: Repeating last play command: New Editor Window (PIE)
[2020.12.07-02.01.26:567][395]LogPlayLevel: PlayLevel: No blueprints needed recompiling
[2020.12.07-02.01.26:567][395]PIE: New page: PIE session: ThirdPersonExampleMap (Dec 6, 2020, 9:01:26 PM)
[2020.12.07-02.01.26:567][395]LogPlayLevel: Creating play world package: /Game/ThirdPersonBP/Maps/UEDPIE_0_ThirdPersonExampleMap
[2020.12.07-02.01.26:576][395]LogPlayLevel: PIE: StaticDuplicateObject took: (0.009181s)
[2020.12.07-02.01.26:577][395]LogAIModule: Creating AISystem for world ThirdPersonExampleMap
[2020.12.07-02.01.26:577][395]LogAISub: UAISubsystem::UAISubsystem EnvQueryManager (0000025CB95F9600), frame # 11395
[2020.12.07-02.01.26:577][395]LogAISub: UAISubsystem::UAISubsystem AIPerceptionSystem (0000025CA4138E00), frame # 11395
[2020.12.07-02.01.26:578][395]LogPlayLevel: PIE: World Init took: (0.001346s)
[2020.12.07-02.01.26:578][395]LogPlayLevel: PIE: Created PIE world by copying editor world from /Game/ThirdPersonBP/Maps/ThirdPersonExampleMap.ThirdPersonExampleMap to /Game/ThirdPersonBP/Maps/UEDPIE_0_ThirdPersonExampleMap.ThirdPersonExampleMap (0.010692s)
[2020.12.07-02.01.26:599][395]LogUObjectHash: Compacting FUObjectHashTables data took   1.85ms
[2020.12.07-02.01.26:601][395]LogAudioMixer: Display: Audio Mixer Platform Settings:
[2020.12.07-02.01.26:601][395]LogAudioMixer: Display: 	Sample Rate:						  48000
[2020.12.07-02.01.26:601][395]LogAudioMixer: Display: 	Callback Buffer Frame Size Requested: 1024
[2020.12.07-02.01.26:601][395]LogAudioMixer: Display: 	Callback Buffer Frame Size To Use:	  1024
[2020.12.07-02.01.26:601][395]LogAudioMixer: Display: 	Number of buffers to queue:			  2
[2020.12.07-02.01.26:601][395]LogAudioMixer: Display: 	Max Channels (voices):				  32
[2020.12.07-02.01.26:601][395]LogAudioMixer: Display: 	Number of Async Source Workers:		  0
[2020.12.07-02.01.26:601][395]LogAudio: Display: AudioDevice MaxSources: 32
[2020.12.07-02.01.26:602][395]LogAudio: Display: Using built-in audio occlusion.
[2020.12.07-02.01.26:602][395]LogAudioMixer: Display: Initializing audio mixer.
[2020.12.07-02.01.26:621][395]LogAudioMixer: Display: 0: FrontLeft
[2020.12.07-02.01.26:621][395]LogAudioMixer: Display: 1: FrontRight
[2020.12.07-02.01.26:668][395]LogAudioMixer: Display: Using Audio Device Alto-falantes (Jabra EVOLVE 20)
[2020.12.07-02.01.26:668][395]LogAudioMixer: Display: Initializing Sound Submixes...
[2020.12.07-02.01.26:668][395]LogAudioMixer: Display: Creating Master Submix 'MasterSubmixDefault'
[2020.12.07-02.01.26:668][395]LogAudioMixer: Display: Creating Master Submix 'MasterReverbSubmixDefault'
[2020.12.07-02.01.26:668][395]LogAudioMixer: Display: Creating Master Submix 'MasterEQSubmixDefault'
[2020.12.07-02.01.26:680][395]LogInit: FAudioDevice initialized.
[2020.12.07-02.01.26:720][395]LogSlate: Updating window title bar state: overlay mode, drag disabled, window buttons hidden, title bar hidden
[2020.12.07-02.01.26:720][395]LogLoad: Game class is 'ThirdPersonGameMode_C'
[2020.12.07-02.01.26:722][395]LogWorld: Bringing World /Game/ThirdPersonBP/Maps/UEDPIE_0_ThirdPersonExampleMap.ThirdPersonExampleMap up for play (max tick rate 0) at 2020.12.06-23.01.26
[2020.12.07-02.01.26:722][395]LogWorld: Bringing up level for play took: 0.001191
[2020.12.07-02.01.26:722][395]LogOnline: OSS: Creating online subsystem instance for: :Context_8
[2020.12.07-02.01.26:727][395]PIE: Server logged in
[2020.12.07-02.01.26:728][395]PIE: Play in editor total start time 0.168 seconds.
[2020.12.07-02.01.43:599][405]LogSlate: Updating window title bar state: overlay mode, drag disabled, window buttons hidden, title bar hidden
[2020.12.07-02.01.43:600][405]LogWorld: BeginTearingDown for /Game/ThirdPersonBP/Maps/UEDPIE_0_ThirdPersonExampleMap
[2020.12.07-02.01.43:600][405]LogSlate: Window 'ProjectFalls Preview [NetMode: Standalone] (64-bit/Windows) ' being destroyed
[2020.12.07-02.01.43:615][405]LogWorld: UWorld::CleanupWorld for ThirdPersonExampleMap, bSessionEnded=true, bCleanupResources=true
[2020.12.07-02.01.43:615][405]LogSlate: InvalidateAllWidgets triggered.  All widgets were invalidated
[2020.12.07-02.01.43:620][405]LogPlayLevel: Display: Shutting down PIE online subsystems
[2020.12.07-02.01.43:623][405]LogSlate: InvalidateAllWidgets triggered.  All widgets were invalidated
[2020.12.07-02.01.43:654][405]LogAISub: UAISubsystem::~UAISubsystem AIPerceptionSystem (0000025CA4138E00), frame # 13405
[2020.12.07-02.01.43:654][405]LogAISub: UAISubsystem::~UAISubsystem EnvQueryManager (0000025CB95F9600), frame # 13405
[2020.12.07-02.01.43:656][405]LogUObjectHash: Compacting FUObjectHashTables data took   1.52ms
[2020.12.07-02.01.43:686][406]LogPlayLevel: Display: Destroying online subsystem :Context_8
[2020.12.07-02.01.45:157][568]LogEditorViewport: Clicking on Actor (LMB): ThirdPersonCharacter_C (ThirdPersonCharacter)
[2020.12.07-02.01.45:325][573]LogEditorViewport: Clicking on Actor (context menu): ThirdPersonCharacter_C (ThirdPersonCharacter)
[2020.12.07-02.01.46:123][656]LogAssetEditorSubsystem: Opening Asset editor for Blueprint /Game/ThirdPersonBP/Blueprints/ThirdPersonCharacter.ThirdPersonCharacter
[2020.12.07-02.02.04:510][916]BlueprintLog: New page: Compile ThirdPersonCharacter
[2020.12.07-02.02.04:616][916]LogUObjectHash: Compacting FUObjectHashTables data took   1.76ms
[2020.12.07-02.02.06:498][ 31]Cmd: OBJ SAVEPACKAGE PACKAGE="/Game/ThirdPersonBP/Blueprints/ThirdPersonCharacter" FILE="../../../../../UNREAL/ProjectFalls/Content/ThirdPersonBP/Blueprints/ThirdPersonCharacter.uasset" SILENT=true
[2020.12.07-02.02.06:552][ 31]LogSavePackage: Moving '../../../../../UNREAL/ProjectFalls/Saved/ThirdPersonCharacterF6CE22BE4E015A5505794F95645D8DBE.tmp' to '../../../../../UNREAL/ProjectFalls/Content/ThirdPersonBP/Blueprints/ThirdPersonCharacter.uasset'
[2020.12.07-02.02.06:572][ 31]AssetCheck: New page: Asset Save: ThirdPersonCharacter
[2020.12.07-02.02.06:572][ 31]LogContentValidation: Display: Validating Blueprint /Game/ThirdPersonBP/Blueprints/ThirdPersonCharacter.ThirdPersonCharacter
[2020.12.07-02.02.07:623][101]LogUObjectHash: Compacting FUObjectHashTables data took   1.86ms
[2020.12.07-02.02.07:667][101]LogUObjectHash: Compacting FUObjectHashTables data took   0.39ms
[2020.12.07-02.02.07:705][101]LogSavePackage: Moving '../../../../../UNREAL/ProjectFalls/Saved/ThirdPersonExampleMap5A267CD24FE744EEE43E628035057734.tmp' to '../../../../../UNREAL/ProjectFalls/Content/ThirdPersonBP/Maps/ThirdPersonExampleMap.umap'
[2020.12.07-02.02.07:721][101]LogFileHelpers: Saving map 'ThirdPersonExampleMap' took 0.071
[2020.12.07-02.02.07:842][101]LogSavePackage: Moving '../../../../../UNREAL/ProjectFalls/Saved/ThirdPersonExampleMap_BuiltDataEDFC05B140D32A851FA3C6BE6D19ED86.tmp' to '../../../../../UNREAL/ProjectFalls/Content/ThirdPersonBP/Maps/ThirdPersonExampleMap_BuiltData.uasset'
[2020.12.07-02.02.07:863][101]AssetCheck: New page: Asset Save: multiple assets
[2020.12.07-02.02.07:863][101]LogContentValidation: Display: Validating World /Game/ThirdPersonBP/Maps/ThirdPersonExampleMap.ThirdPersonExampleMap
[2020.12.07-02.02.07:863][101]LogContentValidation: Display: Validating MapBuildDataRegistry /Game/ThirdPersonBP/Maps/ThirdPersonExampleMap_BuiltData.ThirdPersonExampleMap_BuiltData
[2020.12.07-02.02.08:421][143]LogSlate: Window 'ThirdPersonCharacter' being destroyed
[2020.12.07-02.02.08:429][143]LogSlate: Window 'ThirdPersonCharacter' being destroyed
[2020.12.07-02.02.08:430][143]LogWorld: UWorld::CleanupWorld for World_5, bSessionEnded=true, bCleanupResources=true
[2020.12.07-02.02.08:430][143]LogSlate: InvalidateAllWidgets triggered.  All widgets were invalidated
[2020.12.07-02.02.09:305][212]LogTemp: Repeating last play command: New Editor Window (PIE)
[2020.12.07-02.02.09:319][212]LogPlayLevel: PlayLevel: No blueprints needed recompiling
[2020.12.07-02.02.09:320][212]PIE: New page: PIE session: ThirdPersonExampleMap (Dec 6, 2020, 9:02:09 PM)
[2020.12.07-02.02.09:320][212]LogPlayLevel: Creating play world package: /Game/ThirdPersonBP/Maps/UEDPIE_0_ThirdPersonExampleMap
[2020.12.07-02.02.09:328][212]LogPlayLevel: PIE: StaticDuplicateObject took: (0.009365s)
[2020.12.07-02.02.09:329][212]LogAIModule: Creating AISystem for world ThirdPersonExampleMap
[2020.12.07-02.02.09:329][212]LogAISub: UAISubsystem::UAISubsystem EnvQueryManager (0000025CA89A0C00), frame # 15212
[2020.12.07-02.02.09:329][212]LogAISub: UAISubsystem::UAISubsystem AIPerceptionSystem (0000025C9B887EC0), frame # 15212
[2020.12.07-02.02.09:329][212]LogPlayLevel: PIE: World Init took: (0.001273s)
[2020.12.07-02.02.09:330][212]LogPlayLevel: PIE: Created PIE world by copying editor world from /Game/ThirdPersonBP/Maps/ThirdPersonExampleMap.ThirdPersonExampleMap to /Game/ThirdPersonBP/Maps/UEDPIE_0_ThirdPersonExampleMap.ThirdPersonExampleMap (0.010867s)
[2020.12.07-02.02.09:351][212]LogUObjectHash: Compacting FUObjectHashTables data took   1.62ms
[2020.12.07-02.02.09:354][212]LogAudioMixer: Display: Audio Mixer Platform Settings:
[2020.12.07-02.02.09:354][212]LogAudioMixer: Display: 	Sample Rate:						  48000
[2020.12.07-02.02.09:354][212]LogAudioMixer: Display: 	Callback Buffer Frame Size Requested: 1024
[2020.12.07-02.02.09:354][212]LogAudioMixer: Display: 	Callback Buffer Frame Size To Use:	  1024
[2020.12.07-02.02.09:354][212]LogAudioMixer: Display: 	Number of buffers to queue:			  2
[2020.12.07-02.02.09:354][212]LogAudioMixer: Display: 	Max Channels (voices):				  32
[2020.12.07-02.02.09:354][212]LogAudioMixer: Display: 	Number of Async Source Workers:		  0
[2020.12.07-02.02.09:354][212]LogAudio: Display: AudioDevice MaxSources: 32
[2020.12.07-02.02.09:354][212]LogAudio: Display: Using built-in audio occlusion.
[2020.12.07-02.02.09:354][212]LogAudioMixer: Display: Initializing audio mixer.
[2020.12.07-02.02.09:373][212]LogAudioMixer: Display: 0: FrontLeft
[2020.12.07-02.02.09:373][212]LogAudioMixer: Display: 1: FrontRight
[2020.12.07-02.02.09:419][212]LogAudioMixer: Display: Using Audio Device Alto-falantes (Jabra EVOLVE 20)
[2020.12.07-02.02.09:419][212]LogAudioMixer: Display: Initializing Sound Submixes...
[2020.12.07-02.02.09:419][212]LogAudioMixer: Display: Creating Master Submix 'MasterSubmixDefault'
[2020.12.07-02.02.09:419][212]LogAudioMixer: Display: Creating Master Submix 'MasterReverbSubmixDefault'
[2020.12.07-02.02.09:419][212]LogAudioMixer: Display: Creating Master Submix 'MasterEQSubmixDefault'
[2020.12.07-02.02.09:431][212]LogInit: FAudioDevice initialized.
[2020.12.07-02.02.09:473][212]LogSlate: Updating window title bar state: overlay mode, drag disabled, window buttons hidden, title bar hidden
[2020.12.07-02.02.09:473][212]LogLoad: Game class is 'ThirdPersonGameMode_C'
[2020.12.07-02.02.09:475][212]LogWorld: Bringing World /Game/ThirdPersonBP/Maps/UEDPIE_0_ThirdPersonExampleMap.ThirdPersonExampleMap up for play (max tick rate 0) at 2020.12.06-23.02.09
[2020.12.07-02.02.09:475][212]LogWorld: Bringing up level for play took: 0.001144
[2020.12.07-02.02.09:475][212]LogOnline: OSS: Creating online subsystem instance for: :Context_10
[2020.12.07-02.02.09:479][212]PIE: Server logged in
[2020.12.07-02.02.09:480][212]PIE: Play in editor total start time 0.168 seconds.
[2020.12.07-02.02.12:759][585]LogSlate: Updating window title bar state: overlay mode, drag disabled, window buttons hidden, title bar hidden
[2020.12.07-02.02.12:759][585]LogWorld: BeginTearingDown for /Game/ThirdPersonBP/Maps/UEDPIE_0_ThirdPersonExampleMap
[2020.12.07-02.02.12:759][585]LogSlate: Window 'ProjectFalls Preview [NetMode: Standalone] (64-bit/Windows) ' being destroyed
[2020.12.07-02.02.12:773][585]LogWorld: UWorld::CleanupWorld for ThirdPersonExampleMap, bSessionEnded=true, bCleanupResources=true
[2020.12.07-02.02.12:774][585]LogSlate: InvalidateAllWidgets triggered.  All widgets were invalidated
[2020.12.07-02.02.12:784][585]LogPlayLevel: Display: Shutting down PIE online subsystems
[2020.12.07-02.02.12:788][585]LogSlate: InvalidateAllWidgets triggered.  All widgets were invalidated
[2020.12.07-02.02.12:818][585]LogAISub: UAISubsystem::~UAISubsystem AIPerceptionSystem (0000025C9B887EC0), frame # 15585
[2020.12.07-02.02.12:819][585]LogAISub: UAISubsystem::~UAISubsystem EnvQueryManager (0000025CA89A0C00), frame # 15585
[2020.12.07-02.02.12:820][585]LogUObjectHash: Compacting FUObjectHashTables data took   1.47ms
[2020.12.07-02.02.12:850][586]LogPlayLevel: Display: Destroying online subsystem :Context_10
[2020.12.07-02.02.13:723][680]LogEditorViewport: Clicking on Actor (LMB): ThirdPersonCharacter_C (ThirdPersonCharacter)
[2020.12.07-02.02.13:895][684]LogEditorViewport: Clicking on Actor (context menu): ThirdPersonCharacter_C (ThirdPersonCharacter)
[2020.12.07-02.02.14:767][773]LogAssetEditorSubsystem: Opening Asset editor for Blueprint /Game/ThirdPersonBP/Blueprints/ThirdPersonCharacter.ThirdPersonCharacter
[2020.12.07-02.02.44:458][ 82]BlueprintLog: New page: Compile ThirdPersonCharacter
[2020.12.07-02.02.44:473][ 82]LogBlueprint: Warning: [Compiler ThirdPersonCharacter] 'Third Person Character' does not inherit from 'Character Movement Component' ( Cast To ThirdPersonCharacter  would always fail).
[2020.12.07-02.02.44:577][ 82]LogUObjectHash: Compacting FUObjectHashTables data took   1.66ms
[2020.12.07-02.02.45:286][123]BlueprintLog: New page: Compile ThirdPersonCharacter
[2020.12.07-02.02.45:293][123]LogBlueprint: Warning: [Compiler ThirdPersonCharacter] 'Third Person Character' does not inherit from 'Character Movement Component' ( Cast To ThirdPersonCharacter  would always fail).
[2020.12.07-02.02.45:394][123]LogUObjectHash: Compacting FUObjectHashTables data took   2.03ms
[2020.12.07-02.02.46:409][184]Cmd: OBJ SAVEPACKAGE PACKAGE="/Game/ThirdPersonBP/Blueprints/ThirdPersonCharacter" FILE="../../../../../UNREAL/ProjectFalls/Content/ThirdPersonBP/Blueprints/ThirdPersonCharacter.uasset" SILENT=true
[2020.12.07-02.02.46:461][184]LogSavePackage: Moving '../../../../../UNREAL/ProjectFalls/Saved/ThirdPersonCharacter38BC9A664C9D34D63DDF1AAF6AA7303C.tmp' to '../../../../../UNREAL/ProjectFalls/Content/ThirdPersonBP/Blueprints/ThirdPersonCharacter.uasset'
[2020.12.07-02.02.46:482][184]AssetCheck: New page: Asset Save: ThirdPersonCharacter
[2020.12.07-02.02.46:482][184]LogContentValidation: Display: Validating Blueprint /Game/ThirdPersonBP/Blueprints/ThirdPersonCharacter.ThirdPersonCharacter
[2020.12.07-02.03.23:109][217]Cmd: OBJ SAVEPACKAGE PACKAGE="/Game/ThirdPersonBP/Blueprints/ThirdPersonCharacter" FILE="../../../../../UNREAL/ProjectFalls/Content/ThirdPersonBP/Blueprints/ThirdPersonCharacter.uasset" SILENT=true
[2020.12.07-02.03.23:166][217]LogSavePackage: Moving '../../../../../UNREAL/ProjectFalls/Saved/ThirdPersonCharacterA2A48E25422D5093401314BF9F75E970.tmp' to '../../../../../UNREAL/ProjectFalls/Content/ThirdPersonBP/Blueprints/ThirdPersonCharacter.uasset'
[2020.12.07-02.03.23:187][217]AssetCheck: New page: Asset Save: ThirdPersonCharacter
[2020.12.07-02.03.23:187][217]LogContentValidation: Display: Validating Blueprint /Game/ThirdPersonBP/Blueprints/ThirdPersonCharacter.ThirdPersonCharacter
[2020.12.07-02.03.23:973][275]BlueprintLog: New page: Compile ThirdPersonCharacter
[2020.12.07-02.03.23:981][275]LogBlueprint: Warning: [Compiler ThirdPersonCharacter] 'Third Person Character' does not inherit from 'Character Movement Component' ( Cast To ThirdPersonCharacter  would always fail).
[2020.12.07-02.03.24:086][275]LogUObjectHash: Compacting FUObjectHashTables data took   1.95ms
[2020.12.07-02.03.30:379][689]LogSlate: Took 0.000316 seconds to synchronously load lazily loaded font '../../../Engine/Content/Slate/Fonts/Roboto-BoldCondensedItalic.ttf' (160K)
[2020.12.07-02.03.47:819][ 26]Cmd: OBJ SAVEPACKAGE PACKAGE="/Game/ThirdPersonBP/Blueprints/ThirdPersonCharacter" FILE="../../../../../UNREAL/ProjectFalls/Content/ThirdPersonBP/Blueprints/ThirdPersonCharacter.uasset" SILENT=true
[2020.12.07-02.03.47:872][ 26]LogSavePackage: Moving '../../../../../UNREAL/ProjectFalls/Saved/ThirdPersonCharacterEF7392FE4A7976CFEF4C98B6804BBEFD.tmp' to '../../../../../UNREAL/ProjectFalls/Content/ThirdPersonBP/Blueprints/ThirdPersonCharacter.uasset'
[2020.12.07-02.03.47:894][ 26]AssetCheck: New page: Asset Save: ThirdPersonCharacter
[2020.12.07-02.03.47:894][ 26]LogContentValidation: Display: Validating Blueprint /Game/ThirdPersonBP/Blueprints/ThirdPersonCharacter.ThirdPersonCharacter
[2020.12.07-02.03.48:578][ 75]BlueprintLog: New page: Compile ThirdPersonCharacter
[2020.12.07-02.03.48:584][ 75]LogBlueprint: Warning: [Compiler ThirdPersonCharacter] Set Speed  was pruned because its Exec pin is not connected, the connected value is not available and will instead be read as default
[2020.12.07-02.03.48:585][ 75]LogBlueprint: Warning: [Compiler ThirdPersonCharacter] 'Third Person Character' does not inherit from 'Character Movement Component' ( Cast To ThirdPersonCharacter  would always fail).
[2020.12.07-02.03.48:694][ 75]LogUObjectHash: Compacting FUObjectHashTables data took   1.98ms
[2020.12.07-02.03.55:847][572]Cmd: OBJ SAVEPACKAGE PACKAGE="/Game/ThirdPersonBP/Blueprints/ThirdPersonCharacter" FILE="../../../../../UNREAL/ProjectFalls/Content/ThirdPersonBP/Blueprints/ThirdPersonCharacter.uasset" SILENT=true
[2020.12.07-02.03.55:900][572]LogSavePackage: Moving '../../../../../UNREAL/ProjectFalls/Saved/ThirdPersonCharacter93B6284840721900181F648C48682A85.tmp' to '../../../../../UNREAL/ProjectFalls/Content/ThirdPersonBP/Blueprints/ThirdPersonCharacter.uasset'
[2020.12.07-02.03.55:921][572]AssetCheck: New page: Asset Save: ThirdPersonCharacter
[2020.12.07-02.03.55:921][572]LogContentValidation: Display: Validating Blueprint /Game/ThirdPersonBP/Blueprints/ThirdPersonCharacter.ThirdPersonCharacter
[2020.12.07-02.03.56:394][605]BlueprintLog: New page: Compile ThirdPersonCharacter
[2020.12.07-02.03.56:402][605]LogBlueprint: Warning: [Compiler ThirdPersonCharacter] 'Third Person Character' does not inherit from 'Character Movement Component' ( Cast To ThirdPersonCharacter  would always fail).
[2020.12.07-02.03.56:503][605]LogUObjectHash: Compacting FUObjectHashTables data took   2.01ms
[2020.12.07-02.04.04:115][125]Cmd: OBJ SAVEPACKAGE PACKAGE="/Game/ThirdPersonBP/Blueprints/ThirdPersonCharacter" FILE="../../../../../UNREAL/ProjectFalls/Content/ThirdPersonBP/Blueprints/ThirdPersonCharacter.uasset" SILENT=true
[2020.12.07-02.04.04:168][125]LogSavePackage: Moving '../../../../../UNREAL/ProjectFalls/Saved/ThirdPersonCharacterA380C5454EEB6A0873015B8628739AD1.tmp' to '../../../../../UNREAL/ProjectFalls/Content/ThirdPersonBP/Blueprints/ThirdPersonCharacter.uasset'
[2020.12.07-02.04.04:190][125]AssetCheck: New page: Asset Save: ThirdPersonCharacter
[2020.12.07-02.04.04:190][125]LogContentValidation: Display: Validating Blueprint /Game/ThirdPersonBP/Blueprints/ThirdPersonCharacter.ThirdPersonCharacter
[2020.12.07-02.04.24:945][675]BlueprintLog: New page: Compile ThirdPersonCharacter
[2020.12.07-02.04.24:955][675]LogBlueprint: Error: [Compiler ThirdPersonCharacter] This blueprint (self) is not a CharacterMovementComponent, therefore ' Target ' must have a connection.
[2020.12.07-02.04.24:956][675]LogBlueprint: Error: [Compiler ThirdPersonCharacter] This blueprint (self) is not a CharacterMovementComponent, therefore ' Target ' must have a connection.
[2020.12.07-02.04.24:956][675]LogBlueprint: Error: [Compiler ThirdPersonCharacter] This blueprint (self) is not a CharacterMovementComponent, therefore ' Target ' must have a connection.
[2020.12.07-02.04.24:956][675]LogBlueprint: Error: [Compiler ThirdPersonCharacter] The type of  Object  is undetermined.  Connect something to  Cast To ThirdPersonCharacter  to imply a specific type.
[2020.12.07-02.04.24:956][675]LogBlueprint: Error: [Compiler ThirdPersonCharacter] The current value of the ' Object ' pin is invalid: Unsupported type Wildcard on pin Object
[2020.12.07-02.04.24:957][675]LogBlueprint: Error: [Compiler ThirdPersonCharacter] Variable node  Set MaxWalkSpeed  uses an invalid target.  It may depend on a node that is not connected to the execution chain, and got purged.
[2020.12.07-02.04.24:957][675]LogBlueprint: Error: [Compiler ThirdPersonCharacter] Variable node  Set MaxWalkSpeed  uses an invalid target.  It may depend on a node that is not connected to the execution chain, and got purged.
[2020.12.07-02.04.24:957][675]LogBlueprint: Error: [Compiler ThirdPersonCharacter] Variable node  Set MaxWalkSpeed  uses an invalid target.  It may depend on a node that is not connected to the execution chain, and got purged.
[2020.12.07-02.04.25:049][675]LogUObjectHash: Compacting FUObjectHashTables data took   1.94ms
[2020.12.07-02.04.26:582][811]LogEditorViewport: Clicking on Actor (LMB): StaticMeshActor (Floor)
[2020.12.07-02.04.28:388][984]LogSlate: Took 0.000323 seconds to synchronously load lazily loaded font '../../../Engine/Content/Slate/Fonts/Roboto-Light.ttf' (167K)
[2020.12.07-02.04.34:953][534]LogAssetEditorSubsystem: Opening Asset editor for AnimBlueprint /Game/Max/Animations/Max_Blueprint.Max_Blueprint
[2020.12.07-02.04.34:967][534]LogContentBrowser: Native class hierarchy updated for 'SkeletonEditor' in 0.0004 seconds. Added 1 classes and 2 folders.
[2020.12.07-02.04.35:124][534]LogActorComponent: RegisterComponentWithWorld: (/Engine/Transient.World_14:PersistentLevel.AnimationEditorPreviewActor_0.DebugSkelMeshComponent_0) Already registered. Aborting.
[2020.12.07-02.04.35:131][534]LogContentBrowser: Native class hierarchy updated for 'PinnedCommandList' in 0.0003 seconds. Added 1 classes and 0 folders.
[2020.12.07-02.04.35:410][534]LogSkeletalMesh: USkeletalMeshComponent::InitArticulated : Bodies already created (/Engine/Transient.World_14:PersistentLevel.AnimationEditorPreviewActor_0.DebugSkelMeshComponent_0) - call TermArticulated first.
[2020.12.07-02.04.36:030][534]LogContentBrowser: Verbose: The majority of assets in the view are of type: AnimSequence
[2020.12.07-02.05.19:289][359]LogRHI: Error: Present Fail Count 1
[2020.12.07-02.05.19:289][359]LogRHI: Error: SyncInterval 0
[2020.12.07-02.05.19:289][359]LogRHI: Error: SwapChainDesc.BufferDesc.Width 152
[2020.12.07-02.05.19:289][359]LogRHI: Error: SwapChainDesc.BufferDesc.Height 26
[2020.12.07-02.05.19:289][359]LogRHI: Error: SwapChainDesc.BufferDesc.RefreshRate.Numerator 0
[2020.12.07-02.05.19:289][359]LogRHI: Error: SwapChainDesc.BufferDesc.RefreshRate.Denominator 0
[2020.12.07-02.05.19:289][359]LogRHI: Error: SwapChainDesc.BufferDesc.Format 24
[2020.12.07-02.05.19:289][359]LogRHI: Error: SwapChainDesc.BufferDesc.ScanlineOrdering 0
[2020.12.07-02.05.19:289][359]LogRHI: Error: SwapChainDesc.BufferDesc.Scaling 0
[2020.12.07-02.05.19:289][359]LogRHI: Error: SwapChainDesc.SampleDesc.Count 1
[2020.12.07-02.05.19:289][359]LogRHI: Error: SwapChainDesc.SampleDesc.Quality 0
[2020.12.07-02.05.19:289][359]LogRHI: Error: SwapChainDesc.BufferUsage 48
[2020.12.07-02.05.19:289][359]LogRHI: Error: SwapChainDesc.BufferCount 2
[2020.12.07-02.05.19:289][359]LogRHI: Error: SwapChainDesc.OutputWindow 0000000000D0036E
[2020.12.07-02.05.19:289][359]LogRHI: Error: SwapChainDesc.Windowed true
[2020.12.07-02.05.19:289][359]LogRHI: Error: SwapChainDesc.SwapEffect 4
[2020.12.07-02.05.19:289][359]LogRHI: Error: SwapChainDesc.Flags 2050
[2020.12.07-02.05.19:289][359]LogD3D11RHI: Error: Result failed 
 at D:/Build/++UE4/Sync/Engine/Source/Runtime/Windows/D3D11RHI/Private/D3D11Query.cpp:348 
 with error DXGI_ERROR_DEVICE_REMOVED DXGI_ERROR_DRIVER_INTERNAL_ERROR
[2020.12.07-02.05.19:289][359]LogD3D11RHI: [Aftermath] GDynamicRHI=0000025C204760C0, GDX11NVAfterMathEnabled=0, Result=0xFFFFFFFF, bDeviceActive=0
[2020.12.07-02.05.19:289][359]LogWindows: Windows GetLastError: A operação foi concluída com êxito. (0)
[2020.12.07-02.05.22:141][359]LogWindows: FPlatformMisc::RequestExit(0)
[2020.12.07-02.05.22:141][359]LogCore: Engine exit requested (reason: Win RequestExit)
[2020.12.07-02.05.22:141][359]LogWindows: FPlatformMisc::RequestExit(1)
[2020.12.07-02.05.22:141][359]LogCore: Engine exit requested (reason: Win RequestExit; note: exit was already requested)
[2020.12.07-02.05.22:194][359]Log file closed, 12/06/20 23:05:22
