Log file open, 12/08/20 23:31:38
LogInit: Display: Running engine for game: ProjectFalls
LogPlatformFile: Not using cached read wrapper
LogTaskGraph: Started task graph with 5 named threads and 20 total threads with 3 sets of task threads.
LogStats: Stats thread started at 0.927184
LogD3D11RHI: Loaded GFSDK_Aftermath_Lib.x64.dll
LogICUInternationalization: ICU TimeZone Detection - Raw Offset: -3:00, Platform Override: ''
LogPluginManager: Mounting plugin Paper2D
LogPluginManager: Mounting plugin AISupport
LogPluginManager: Mounting plugin LightPropagationVolume
LogPluginManager: Mounting plugin CameraShakePreviewer
LogPluginManager: Mounting plugin ActorLayerUtilities
LogPluginManager: Mounting plugin AnimationSharing
LogPluginManager: Mounting plugin CLionSourceCodeAccess
LogPluginManager: Mounting plugin CodeLiteSourceCodeAccess
LogPluginManager: Mounting plugin GitSourceControl
LogPluginManager: Mounting plugin KDevelopSourceCodeAccess
LogPluginManager: Mounting plugin NullSourceCodeAccess
LogPluginManager: Mounting plugin PerforceSourceControl
LogPluginManager: Mounting plugin PlasticSourceControl
LogPluginManager: Mounting plugin RiderSourceCodeAccess
LogPluginManager: Mounting plugin SubversionSourceControl
LogPluginManager: Mounting plugin UObjectPlugin
LogPluginManager: Mounting plugin VisualStudioCodeSourceCodeAccess
LogPluginManager: Mounting plugin VisualStudioSourceCodeAccess
LogPluginManager: Mounting plugin XCodeSourceCodeAccess
LogPluginManager: Mounting plugin AssetManagerEditor
LogPluginManager: Mounting plugin CryptoKeys
LogPluginManager: Mounting plugin CurveEditorTools
LogPluginManager: Mounting plugin DataValidation
LogPluginManager: Mounting plugin EditorScriptingUtilities
LogPluginManager: Mounting plugin FacialAnimation
LogPluginManager: Mounting plugin GameplayTagsEditor
LogPluginManager: Mounting plugin GeometryMode
LogPluginManager: Mounting plugin MacGraphicsSwitching
LogPluginManager: Mounting plugin MaterialAnalyzer
LogPluginManager: Mounting plugin MobileLauncherProfileWizard
LogPluginManager: Mounting plugin PluginBrowser
LogPluginManager: Mounting plugin SpeedTreeImporter
LogPluginManager: Mounting plugin DatasmithContent
LogPluginManager: Mounting plugin VariantManagerContent
LogPluginManager: Mounting plugin AlembicImporter
LogPluginManager: Mounting plugin AutomationUtils
LogPluginManager: Mounting plugin BackChannel
LogPluginManager: Mounting plugin ChaosCloth
LogPluginManager: Mounting plugin ChaosClothEditor
LogPluginManager: Mounting plugin ChaosEditor
LogPluginManager: Mounting plugin ChaosNiagara
LogPluginManager: Mounting plugin ChaosSolverPlugin
LogPluginManager: Mounting plugin CharacterAI
LogPluginManager: Mounting plugin GeometryCache
LogPluginManager: Mounting plugin GeometryCollectionPlugin
LogPluginManager: Mounting plugin GeometryProcessing
LogPluginManager: Mounting plugin PlanarCut
LogPluginManager: Mounting plugin PlatformCrypto
LogPluginManager: Mounting plugin ProxyLODPlugin
LogPluginManager: Mounting plugin SkeletalReduction
LogPluginManager: Mounting plugin Niagara
LogPluginManager: Mounting plugin MagicLeap
LogPluginManager: Mounting plugin MagicLeapLightEstimation
LogPluginManager: Mounting plugin MagicLeapMedia
LogPluginManager: Mounting plugin MagicLeapPassableWorld
LogPluginManager: Mounting plugin MLSDK
LogPluginManager: Mounting plugin AndroidMedia
LogPluginManager: Mounting plugin AvfMedia
LogPluginManager: Mounting plugin ImgMedia
LogPluginManager: Mounting plugin MediaCompositing
LogPluginManager: Mounting plugin MediaPlayerEditor
LogPluginManager: Mounting plugin WebMMedia
LogPluginManager: Mounting plugin WmfMedia
LogPluginManager: Mounting plugin MeshPainting
LogPluginManager: Mounting plugin TcpMessaging
LogPluginManager: Mounting plugin UdpMessaging
LogPluginManager: Mounting plugin ActorSequence
LogPluginManager: Mounting plugin LevelSequenceEditor
LogPluginManager: Mounting plugin MatineeToLevelSequence
LogPluginManager: Mounting plugin MovieRenderPipeline
LogPluginManager: Mounting plugin TemplateSequence
LogPluginManager: Mounting plugin NetcodeUnitTest
LogPluginManager: Mounting plugin NUTUnrealEngine4
LogPluginManager: Mounting plugin OnlineSubsystemGooglePlay
LogPluginManager: Mounting plugin OnlineSubsystemIOS
LogPluginManager: Mounting plugin OnlineSubsystem
LogPluginManager: Mounting plugin OnlineSubsystemNull
LogPluginManager: Mounting plugin OnlineSubsystemUtils
LogPluginManager: Mounting plugin LauncherChunkInstaller
LogPluginManager: Mounting plugin AndroidDeviceProfileSelector
LogPluginManager: Mounting plugin AndroidMoviePlayer
LogPluginManager: Mounting plugin AndroidPermission
LogPluginManager: Mounting plugin AppleImageUtils
LogPluginManager: Mounting plugin AppleMoviePlayer
LogPluginManager: Mounting plugin ArchVisCharacter
LogPluginManager: Mounting plugin AssetTags
LogPluginManager: Mounting plugin AudioCapture
LogPluginManager: Mounting plugin CableComponent
LogPluginManager: Mounting plugin CustomMeshComponent
LogPluginManager: Mounting plugin EditableMesh
LogPluginManager: Mounting plugin ExampleDeviceProfileSelector
LogPluginManager: Mounting plugin GoogleCloudMessaging
LogPluginManager: Mounting plugin GooglePAD
LogPluginManager: Mounting plugin IOSDeviceProfileSelector
LogPluginManager: Mounting plugin LinuxDeviceProfileSelector
LogPluginManager: Mounting plugin LocationServicesBPLibrary
LogPluginManager: Mounting plugin MobilePatchingUtils
LogPluginManager: Mounting plugin OculusVR
LogPluginManager: Mounting plugin PhysXVehicles
LogPluginManager: Mounting plugin PostSplashScreen
LogPluginManager: Mounting plugin ProceduralMeshComponent
LogPluginManager: Mounting plugin RuntimePhysXCooking
LogPluginManager: Mounting plugin SignificanceManager
LogPluginManager: Mounting plugin SoundFields
LogPluginManager: Mounting plugin SteamVR
LogPluginManager: Mounting plugin Synthesis
LogPluginManager: Mounting plugin WebMMoviePlayer
LogPluginManager: Mounting plugin WindowsMoviePlayer
LogPluginManager: Mounting plugin ScreenshotTools
LogInit: Using libcurl 7.55.1-DEV
LogInit:  - built for x86_64-pc-win32
LogInit:  - supports SSL with OpenSSL/1.1.1
LogInit:  - supports HTTP deflate (compression) using libz 1.2.8
LogInit:  - other features:
LogInit:      CURL_VERSION_SSL
LogInit:      CURL_VERSION_LIBZ
LogInit:      CURL_VERSION_IPV6
LogInit:      CURL_VERSION_ASYNCHDNS
LogInit:      CURL_VERSION_LARGEFILE
LogInit:      CURL_VERSION_IDN
LogInit:  CurlRequestOptions (configurable via config and command line):
LogInit:  - bVerifyPeer = true  - Libcurl will verify peer certificate
LogInit:  - bUseHttpProxy = false  - Libcurl will NOT use HTTP proxy
LogInit:  - bDontReuseConnections = false  - Libcurl will reuse connections
LogInit:  - MaxHostConnections = 16  - Libcurl will limit the number of connections to a host
LogInit:  - LocalHostAddr = Default
LogInit:  - BufferSize = 65536
LogOnline: OSS: Creating online subsystem instance for: NULL
LogInit: WinSock: version 1.1 (2.2), MaxSocks=32767, MaxUdp=65467
LogOnline: OSS: TryLoadSubsystemAndSetDefault: Loaded subsystem for module [NULL]
LogInit: Build: ++UE4+Release-4.25-CL-14469661
LogInit: Engine Version: 4.25.4-14469661+++UE4+Release-4.25
LogInit: Compatible Engine Version: 4.25.0-13144385+++UE4+Release-4.25
LogInit: Net CL: 13144385
LogInit: OS: Windows 10 (Release 1909) (), CPU: Intel(R) Core(TM) i5-9400F CPU @ 2.90GHz, GPU: NVIDIA GeForce GTX 1050 Ti
LogInit: Compiled (64-bit): Oct 11 2020 08:10:49
LogInit: Compiled with Visual C++: 19.24.28315.00
LogInit: Build Configuration: Development
LogInit: Branch Name: ++UE4+Release-4.25
LogInit: Command Line: 
LogInit: Base Directory: E:/epic/UE_4.25/Engine/Binaries/Win64/
LogInit: Allocator: TBB
LogInit: Installed Engine Build: 1
LogDevObjectVersion: Number of dev versions registered: 26
LogDevObjectVersion:   Dev-Blueprints (B0D832E4-1F89-4F0D-ACCF-7EB736FD4AA2): 10
LogDevObjectVersion:   Dev-Build (E1C64328-A22C-4D53-A36C-8E866417BD8C): 0
LogDevObjectVersion:   Dev-Core (375EC13C-06E4-48FB-B500-84F0262A717E): 4
LogDevObjectVersion:   Dev-Editor (E4B068ED-F494-42E9-A231-DA0B2E46BB41): 38
LogDevObjectVersion:   Dev-Framework (CFFC743F-43B0-4480-9391-14DF171D2073): 37
LogDevObjectVersion:   Dev-Mobile (B02B49B5-BB20-44E9-A304-32B752E40360): 2
LogDevObjectVersion:   Dev-Networking (A4E4105C-59A1-49B5-A7C5-40C4547EDFEE): 0
LogDevObjectVersion:   Dev-Online (39C831C9-5AE6-47DC-9A44-9C173E1C8E7C): 0
LogDevObjectVersion:   Dev-Physics (78F01B33-EBEA-4F98-B9B4-84EACCB95AA2): 4
LogDevObjectVersion:   Dev-Platform (6631380F-2D4D-43E0-8009-CF276956A95A): 0
LogDevObjectVersion:   Dev-Rendering (12F88B9F-8875-4AFC-A67C-D90C383ABD29): 43
LogDevObjectVersion:   Dev-Sequencer (7B5AE74C-D270-4C10-A958-57980B212A5A): 12
LogDevObjectVersion:   Dev-VR (D7296918-1DD6-4BDD-9DE2-64A83CC13884): 3
LogDevObjectVersion:   Dev-LoadTimes (C2A15278-BFE7-4AFE-6C17-90FF531DF755): 1
LogDevObjectVersion:   Private-Geometry (6EACA3D4-40EC-4CC1-B786-8BED09428FC5): 3
LogDevObjectVersion:   Dev-AnimPhys (29E575DD-E0A3-4627-9D10-D276232CDCEA): 17
LogDevObjectVersion:   Dev-Anim (AF43A65D-7FD3-4947-9873-3E8ED9C1BB05): 7
LogDevObjectVersion:   Dev-ReflectionCapture (6B266CEC-1EC7-4B8F-A30B-E4D90942FC07): 1
LogDevObjectVersion:   Dev-Automation (0DF73D61-A23F-47EA-B727-89E90C41499A): 1
LogDevObjectVersion:   FortniteMain (601D1886-AC64-4F84-AA16-D3DE0DEAC7D6): 31
LogDevObjectVersion:   Dev-Enterprise (9DFFBCD6-494F-0158-E221-12823C92A888): 10
LogDevObjectVersion:   Dev-Niagara (F2AED0AC-9AFE-416F-8664-AA7FFA26D6FC): 1
LogDevObjectVersion:   Dev-Destruction (174F1F0B-B4C6-45A5-B13F-2EE8D0FB917D): 10
LogDevObjectVersion:   Dev-Physics-Ext (35F94A83-E258-406C-A318-09F59610247C): 37
LogDevObjectVersion:   Dev-PhysicsMaterial-Chaos (B68FC16E-8B1B-42E2-B453-215C058844FE): 1
LogDevObjectVersion:   Dev-CineCamera (B2E18506-4273-CFC2-A54E-F4BB758BBA07): 1
LogInit: Presizing for max 25165824 objects, including 0 objects not considered by GC, pre-allocating 0 bytes for permanent pool.
LogConfig: Applying CVar settings from Section [/Script/Engine.StreamingSettings] File [E:/Github/TheShadowsFall/ProjectFalls/Saved/Config/Windows/Engine.ini]
LogConfig: Setting CVar [[s.MinBulkDataSizeForAsyncLoading:131072]]
LogConfig: Setting CVar [[s.AsyncLoadingThreadEnabled:0]]
LogConfig: Setting CVar [[s.EventDrivenLoaderEnabled:1]]
LogConfig: Setting CVar [[s.WarnIfTimeLimitExceeded:0]]
LogConfig: Setting CVar [[s.TimeLimitExceededMultiplier:1.5]]
LogConfig: Setting CVar [[s.TimeLimitExceededMinTime:0.005]]
LogConfig: Setting CVar [[s.UseBackgroundLevelStreaming:1]]
LogConfig: Setting CVar [[s.PriorityAsyncLoadingExtraTime:15.0]]
LogConfig: Setting CVar [[s.LevelStreamingActorsUpdateTimeLimit:5.0]]
LogConfig: Setting CVar [[s.PriorityLevelStreamingActorsUpdateExtraTime:5.0]]
LogConfig: Setting CVar [[s.LevelStreamingComponentsRegistrationGranularity:10]]
LogConfig: Setting CVar [[s.UnregisterComponentsTimeLimit:1.0]]
LogConfig: Setting CVar [[s.LevelStreamingComponentsUnregistrationGranularity:5]]
LogConfig: Setting CVar [[s.FlushStreamingOnExit:1]]
LogInit: Object subsystem initialized
LogConfig: Setting CVar [[con.DebugEarlyDefault:1]]
LogConfig: Setting CVar [[r.setres:1280x720]]
[2020.12.09-02.31.41:665][  0]LogConfig: Setting CVar [[r.VSync:0]]
[2020.12.09-02.31.41:665][  0]LogConfig: Setting CVar [[r.RHICmdBypass:0]]
[2020.12.09-02.31.41:666][  0]LogConfig: Applying CVar settings from Section [/Script/Engine.RendererSettings] File [E:/Github/TheShadowsFall/ProjectFalls/Saved/Config/Windows/Engine.ini]
[2020.12.09-02.31.41:666][  0]LogConfig: Setting CVar [[r.GPUCrashDebugging:0]]
[2020.12.09-02.31.41:666][  0]LogConfig: Applying CVar settings from Section [/Script/Engine.RendererOverrideSettings] File [E:/Github/TheShadowsFall/ProjectFalls/Saved/Config/Windows/Engine.ini]
[2020.12.09-02.31.41:666][  0]LogConfig: Applying CVar settings from Section [/Script/Engine.StreamingSettings] File [E:/Github/TheShadowsFall/ProjectFalls/Saved/Config/Windows/Engine.ini]
[2020.12.09-02.31.41:666][  0]LogConfig: Setting CVar [[s.MinBulkDataSizeForAsyncLoading:131072]]
[2020.12.09-02.31.41:666][  0]LogConfig: Setting CVar [[s.AsyncLoadingThreadEnabled:0]]
[2020.12.09-02.31.41:666][  0]LogConfig: Setting CVar [[s.EventDrivenLoaderEnabled:1]]
[2020.12.09-02.31.41:666][  0]LogConfig: Setting CVar [[s.WarnIfTimeLimitExceeded:0]]
[2020.12.09-02.31.41:666][  0]LogConfig: Setting CVar [[s.TimeLimitExceededMultiplier:1.5]]
[2020.12.09-02.31.41:666][  0]LogConfig: Setting CVar [[s.TimeLimitExceededMinTime:0.005]]
[2020.12.09-02.31.41:666][  0]LogConfig: Setting CVar [[s.UseBackgroundLevelStreaming:1]]
[2020.12.09-02.31.41:666][  0]LogConfig: Setting CVar [[s.PriorityAsyncLoadingExtraTime:15.0]]
[2020.12.09-02.31.41:666][  0]LogConfig: Setting CVar [[s.LevelStreamingActorsUpdateTimeLimit:5.0]]
[2020.12.09-02.31.41:666][  0]LogConfig: Setting CVar [[s.PriorityLevelStreamingActorsUpdateExtraTime:5.0]]
[2020.12.09-02.31.41:666][  0]LogConfig: Setting CVar [[s.LevelStreamingComponentsRegistrationGranularity:10]]
[2020.12.09-02.31.41:666][  0]LogConfig: Setting CVar [[s.UnregisterComponentsTimeLimit:1.0]]
[2020.12.09-02.31.41:666][  0]LogConfig: Setting CVar [[s.LevelStreamingComponentsUnregistrationGranularity:5]]
[2020.12.09-02.31.41:666][  0]LogConfig: Setting CVar [[s.FlushStreamingOnExit:1]]
[2020.12.09-02.31.41:666][  0]LogConfig: Applying CVar settings from Section [/Script/Engine.GarbageCollectionSettings] File [E:/Github/TheShadowsFall/ProjectFalls/Saved/Config/Windows/Engine.ini]
[2020.12.09-02.31.41:667][  0]LogConfig: Setting CVar [[gc.MaxObjectsNotConsideredByGC:1]]
[2020.12.09-02.31.41:667][  0]LogConfig: Setting CVar [[gc.SizeOfPermanentObjectPool:0]]
[2020.12.09-02.31.41:667][  0]LogConfig: Setting CVar [[gc.FlushStreamingOnGC:0]]
[2020.12.09-02.31.41:667][  0]LogConfig: Setting CVar [[gc.NumRetriesBeforeForcingGC:10]]
[2020.12.09-02.31.41:667][  0]LogConfig: Setting CVar [[gc.AllowParallelGC:1]]
[2020.12.09-02.31.41:667][  0]LogConfig: Setting CVar [[gc.TimeBetweenPurgingPendingKillObjects:61.1]]
[2020.12.09-02.31.41:667][  0]LogConfig: Setting CVar [[gc.MaxObjectsInEditor:25165824]]
[2020.12.09-02.31.41:667][  0]LogConfig: Setting CVar [[gc.IncrementalBeginDestroyEnabled:1]]
[2020.12.09-02.31.41:667][  0]LogConfig: Setting CVar [[gc.CreateGCClusters:1]]
[2020.12.09-02.31.41:667][  0]LogConfig: Setting CVar [[gc.MinGCClusterSize:5]]
[2020.12.09-02.31.41:667][  0]LogConfig: Setting CVar [[gc.ActorClusteringEnabled:0]]
[2020.12.09-02.31.41:667][  0]LogConfig: Setting CVar [[gc.BlueprintClusteringEnabled:0]]
[2020.12.09-02.31.41:667][  0]LogConfig: Setting CVar [[gc.UseDisregardForGCOnDedicatedServers:0]]
[2020.12.09-02.31.41:667][  0]LogConfig: Applying CVar settings from Section [/Script/Engine.NetworkSettings] File [E:/Github/TheShadowsFall/ProjectFalls/Saved/Config/Windows/Engine.ini]
[2020.12.09-02.31.41:667][  0]LogConfig: Applying CVar settings from Section [/Script/UnrealEd.CookerSettings] File [E:/Github/TheShadowsFall/ProjectFalls/Saved/Config/Windows/Engine.ini]
[2020.12.09-02.31.41:703][  0]LogConfig: Applying CVar settings from Section [ViewDistanceQuality@3] File [E:/Github/TheShadowsFall/ProjectFalls/Saved/Config/Windows/Scalability.ini]
[2020.12.09-02.31.41:703][  0]LogConfig: Setting CVar [[r.SkeletalMeshLODBias:0]]
[2020.12.09-02.31.41:703][  0]LogConfig: Setting CVar [[r.ViewDistanceScale:1.0]]
[2020.12.09-02.31.41:703][  0]LogConfig: Applying CVar settings from Section [AntiAliasingQuality@3] File [E:/Github/TheShadowsFall/ProjectFalls/Saved/Config/Windows/Scalability.ini]
[2020.12.09-02.31.41:703][  0]LogConfig: Setting CVar [[r.PostProcessAAQuality:4]]
[2020.12.09-02.31.41:703][  0]LogConfig: Applying CVar settings from Section [ShadowQuality@3] File [E:/Github/TheShadowsFall/ProjectFalls/Saved/Config/Windows/Scalability.ini]
[2020.12.09-02.31.41:703][  0]LogConfig: Setting CVar [[r.LightFunctionQuality:1]]
[2020.12.09-02.31.41:703][  0]LogConfig: Setting CVar [[r.ShadowQuality:5]]
[2020.12.09-02.31.41:703][  0]LogConfig: Setting CVar [[r.Shadow.CSM.MaxCascades:10]]
[2020.12.09-02.31.41:703][  0]LogConfig: Setting CVar [[r.Shadow.MaxResolution:2048]]
[2020.12.09-02.31.41:703][  0]LogConfig: Setting CVar [[r.Shadow.MaxCSMResolution:2048]]
[2020.12.09-02.31.41:703][  0]LogConfig: Setting CVar [[r.Shadow.RadiusThreshold:0.01]]
[2020.12.09-02.31.41:703][  0]LogConfig: Setting CVar [[r.Shadow.DistanceScale:1.0]]
[2020.12.09-02.31.41:703][  0]LogConfig: Setting CVar [[r.Shadow.CSM.TransitionScale:1.0]]
[2020.12.09-02.31.41:703][  0]LogConfig: Setting CVar [[r.Shadow.PreShadowResolutionFactor:1.0]]
[2020.12.09-02.31.41:703][  0]LogConfig: Setting CVar [[r.DistanceFieldShadowing:1]]
[2020.12.09-02.31.41:703][  0]LogConfig: Setting CVar [[r.DistanceFieldAO:1]]
[2020.12.09-02.31.41:703][  0]LogConfig: Setting CVar [[r.AOQuality:2]]
[2020.12.09-02.31.41:703][  0]LogConfig: Setting CVar [[r.VolumetricFog:1]]
[2020.12.09-02.31.41:703][  0]LogConfig: Setting CVar [[r.VolumetricFog.GridPixelSize:8]]
[2020.12.09-02.31.41:703][  0]LogConfig: Setting CVar [[r.VolumetricFog.GridSizeZ:128]]
[2020.12.09-02.31.41:703][  0]LogConfig: Setting CVar [[r.VolumetricFog.HistoryMissSupersampleCount:4]]
[2020.12.09-02.31.41:703][  0]LogConfig: Setting CVar [[r.LightMaxDrawDistanceScale:1]]
[2020.12.09-02.31.41:703][  0]LogConfig: Setting CVar [[r.CapsuleShadows:1]]
[2020.12.09-02.31.41:703][  0]LogConfig: Applying CVar settings from Section [PostProcessQuality@3] File [E:/Github/TheShadowsFall/ProjectFalls/Saved/Config/Windows/Scalability.ini]
[2020.12.09-02.31.41:703][  0]LogConfig: Setting CVar [[r.MotionBlurQuality:4]]
[2020.12.09-02.31.41:703][  0]LogConfig: Setting CVar [[r.AmbientOcclusionMipLevelFactor:0.4]]
[2020.12.09-02.31.41:703][  0]LogConfig: Setting CVar [[r.AmbientOcclusionMaxQuality:100]]
[2020.12.09-02.31.41:703][  0]LogConfig: Setting CVar [[r.AmbientOcclusionLevels:-1]]
[2020.12.09-02.31.41:703][  0]LogConfig: Setting CVar [[r.AmbientOcclusionRadiusScale:1.0]]
[2020.12.09-02.31.41:703][  0]LogConfig: Setting CVar [[r.DepthOfFieldQuality:2]]
[2020.12.09-02.31.41:703][  0]LogConfig: Setting CVar [[r.RenderTargetPoolMin:400]]
[2020.12.09-02.31.41:703][  0]LogConfig: Setting CVar [[r.LensFlareQuality:2]]
[2020.12.09-02.31.41:703][  0]LogConfig: Setting CVar [[r.SceneColorFringeQuality:1]]
[2020.12.09-02.31.41:703][  0]LogConfig: Setting CVar [[r.EyeAdaptationQuality:2]]
[2020.12.09-02.31.41:703][  0]LogConfig: Setting CVar [[r.BloomQuality:5]]
[2020.12.09-02.31.41:703][  0]LogConfig: Setting CVar [[r.FastBlurThreshold:100]]
[2020.12.09-02.31.41:703][  0]LogConfig: Setting CVar [[r.Upscale.Quality:3]]
[2020.12.09-02.31.41:703][  0]LogConfig: Setting CVar [[r.Tonemapper.GrainQuantization:1]]
[2020.12.09-02.31.41:703][  0]LogConfig: Setting CVar [[r.LightShaftQuality:1]]
[2020.12.09-02.31.41:703][  0]LogConfig: Setting CVar [[r.Filter.SizeScale:1]]
[2020.12.09-02.31.41:703][  0]LogConfig: Setting CVar [[r.Tonemapper.Quality:5]]
[2020.12.09-02.31.41:703][  0]LogConfig: Setting CVar [[r.DOF.Gather.AccumulatorQuality:1        ; higher gathering accumulator quality]]
[2020.12.09-02.31.41:703][  0]LogConfig: Setting CVar [[r.DOF.Gather.PostfilterMethod:1          ; Median3x3 postfilering method]]
[2020.12.09-02.31.41:704][  0]LogConfig: Setting CVar [[r.DOF.Gather.EnableBokehSettings:0       ; no bokeh simulation when gathering]]
[2020.12.09-02.31.41:704][  0]LogConfig: Setting CVar [[r.DOF.Gather.RingCount:4                 ; medium number of samples when gathering]]
[2020.12.09-02.31.41:704][  0]LogConfig: Setting CVar [[r.DOF.Scatter.ForegroundCompositing:1    ; additive foreground scattering]]
[2020.12.09-02.31.41:704][  0]LogConfig: Setting CVar [[r.DOF.Scatter.BackgroundCompositing:2    ; additive background scattering]]
[2020.12.09-02.31.41:704][  0]LogConfig: Setting CVar [[r.DOF.Scatter.EnableBokehSettings:1      ; bokeh simulation when scattering]]
[2020.12.09-02.31.41:704][  0]LogConfig: Setting CVar [[r.DOF.Scatter.MaxSpriteRatio:0.1         ; only a maximum of 10% of scattered bokeh]]
[2020.12.09-02.31.41:704][  0]LogConfig: Setting CVar [[r.DOF.Recombine.Quality:1                ; cheap slight out of focus]]
[2020.12.09-02.31.41:704][  0]LogConfig: Setting CVar [[r.DOF.Recombine.EnableBokehSettings:0    ; no bokeh simulation on slight out of focus]]
[2020.12.09-02.31.41:704][  0]LogConfig: Setting CVar [[r.DOF.TemporalAAQuality:1                ; more stable temporal accumulation]]
[2020.12.09-02.31.41:704][  0]LogConfig: Setting CVar [[r.DOF.Kernel.MaxForegroundRadius:0.025]]
[2020.12.09-02.31.41:704][  0]LogConfig: Setting CVar [[r.DOF.Kernel.MaxBackgroundRadius:0.025]]
[2020.12.09-02.31.41:704][  0]LogConfig: Applying CVar settings from Section [TextureQuality@3] File [E:/Github/TheShadowsFall/ProjectFalls/Saved/Config/Windows/Scalability.ini]
[2020.12.09-02.31.41:704][  0]LogConfig: Setting CVar [[r.Streaming.MipBias:0]]
[2020.12.09-02.31.41:704][  0]LogConfig: Setting CVar [[r.Streaming.AmortizeCPUToGPUCopy:0]]
[2020.12.09-02.31.41:704][  0]LogConfig: Setting CVar [[r.Streaming.MaxNumTexturesToStreamPerFrame:0]]
[2020.12.09-02.31.41:704][  0]LogConfig: Setting CVar [[r.Streaming.Boost:1]]
[2020.12.09-02.31.41:704][  0]LogConfig: Setting CVar [[r.MaxAnisotropy:8]]
[2020.12.09-02.31.41:704][  0]LogConfig: Setting CVar [[r.VT.MaxAnisotropy:8]]
[2020.12.09-02.31.41:704][  0]LogConfig: Setting CVar [[r.Streaming.LimitPoolSizeToVRAM:0]]
[2020.12.09-02.31.41:704][  0]LogConfig: Setting CVar [[r.Streaming.PoolSize:1000]]
[2020.12.09-02.31.41:704][  0]LogConfig: Setting CVar [[r.Streaming.MaxEffectiveScreenSize:0]]
[2020.12.09-02.31.41:704][  0]LogConfig: Applying CVar settings from Section [EffectsQuality@3] File [E:/Github/TheShadowsFall/ProjectFalls/Saved/Config/Windows/Scalability.ini]
[2020.12.09-02.31.41:704][  0]LogConfig: Setting CVar [[r.TranslucencyLightingVolumeDim:64]]
[2020.12.09-02.31.41:704][  0]LogConfig: Setting CVar [[r.RefractionQuality:2]]
[2020.12.09-02.31.41:704][  0]LogConfig: Setting CVar [[r.SSR.Quality:3]]
[2020.12.09-02.31.41:704][  0]LogConfig: Setting CVar [[r.SSR.HalfResSceneColor:0]]
[2020.12.09-02.31.41:704][  0]LogConfig: Setting CVar [[r.SceneColorFormat:4]]
[2020.12.09-02.31.41:704][  0]LogConfig: Setting CVar [[r.DetailMode:2]]
[2020.12.09-02.31.41:704][  0]LogConfig: Setting CVar [[r.TranslucencyVolumeBlur:1]]
[2020.12.09-02.31.41:704][  0]LogConfig: Setting CVar [[r.MaterialQualityLevel:1 ; High quality]]
[2020.12.09-02.31.41:704][  0]LogConfig: Setting CVar [[r.SSS.Scale:1]]
[2020.12.09-02.31.41:704][  0]LogConfig: Setting CVar [[r.SSS.SampleSet:2]]
[2020.12.09-02.31.41:704][  0]LogConfig: Setting CVar [[r.SSS.Quality:1]]
[2020.12.09-02.31.41:704][  0]LogConfig: Setting CVar [[r.SSS.HalfRes:0]]
[2020.12.09-02.31.41:704][  0]LogConfig: Setting CVar [[r.SSGI.Quality:3]]
[2020.12.09-02.31.41:704][  0]LogConfig: Setting CVar [[r.EmitterSpawnRateScale:1.0]]
[2020.12.09-02.31.41:704][  0]LogConfig: Setting CVar [[r.ParticleLightQuality:2]]
[2020.12.09-02.31.41:704][  0]LogConfig: Setting CVar [[r.SkyAtmosphere.AerialPerspectiveLUT.FastApplyOnOpaque:1 ; Always have FastSkyLUT 1 in this case to avoid wrong sky]]
[2020.12.09-02.31.41:704][  0]LogConfig: Setting CVar [[r.SkyAtmosphere.AerialPerspectiveLUT.SampleCountPerSlice:1]]
[2020.12.09-02.31.41:704][  0]LogConfig: Setting CVar [[r.SkyAtmosphere.AerialPerspectiveLUT.DepthResolution:16.0]]
[2020.12.09-02.31.41:704][  0]LogConfig: Setting CVar [[r.SkyAtmosphere.FastSkyLUT:1]]
[2020.12.09-02.31.41:704][  0]LogConfig: Setting CVar [[r.SkyAtmosphere.FastSkyLUT.SampleCountMin:4.0]]
[2020.12.09-02.31.41:704][  0]LogConfig: Setting CVar [[r.SkyAtmosphere.FastSkyLUT.SampleCountMax:32.0]]
[2020.12.09-02.31.41:704][  0]LogConfig: Setting CVar [[r.SkyAtmosphere.SampleCountMin:4.0]]
[2020.12.09-02.31.41:704][  0]LogConfig: Setting CVar [[r.SkyAtmosphere.SampleCountMax:32.0]]
[2020.12.09-02.31.41:704][  0]LogConfig: Setting CVar [[r.SkyAtmosphere.TransmittanceLUT.UseSmallFormat:0]]
[2020.12.09-02.31.41:704][  0]LogConfig: Setting CVar [[r.SkyAtmosphere.TransmittanceLUT.SampleCount:10.0]]
[2020.12.09-02.31.41:704][  0]LogConfig: Setting CVar [[r.SkyAtmosphere.MultiScatteringLUT.SampleCount:15.0]]
[2020.12.09-02.31.41:704][  0]LogConfig: Applying CVar settings from Section [FoliageQuality@3] File [E:/Github/TheShadowsFall/ProjectFalls/Saved/Config/Windows/Scalability.ini]
[2020.12.09-02.31.41:704][  0]LogConfig: Setting CVar [[foliage.DensityScale:1.0]]
[2020.12.09-02.31.41:705][  0]LogConfig: Setting CVar [[grass.DensityScale:1.0]]
[2020.12.09-02.31.41:705][  0]LogConfig: Applying CVar settings from Section [ShadingQuality@3] File [E:/Github/TheShadowsFall/ProjectFalls/Saved/Config/Windows/Scalability.ini]
[2020.12.09-02.31.41:705][  0]LogConfig: Setting CVar [[r.HairStrands.SkyLighting.SampleCount:16]]
[2020.12.09-02.31.41:705][  0]LogConfig: Setting CVar [[r.HairStrands.SkyLighting.JitterIntegration:0]]
[2020.12.09-02.31.41:705][  0]LogConfig: Setting CVar [[r.HairStrands.SkyAO.SampleCount:16]]
[2020.12.09-02.31.41:705][  0]LogConfig: Setting CVar [[r.HairStrands.DeepShadow.SuperSampling:0]]
[2020.12.09-02.31.41:705][  0]LogConfig: Setting CVar [[r.HairStrands.VisibilityPPLL:0]]
[2020.12.09-02.31.41:705][  0]LogConfig: Setting CVar [[r.HairStrands.RasterizationScale:0.5]]
[2020.12.09-02.31.41:705][  0]LogConfig: Setting CVar [[r.HairStrands.VelocityRasterizationScale:1]]
[2020.12.09-02.31.41:714][  0]LogInit: Selected Device Profile: [Windows]
[2020.12.09-02.31.41:716][  0]LogInit: Applying CVar settings loaded from the selected device profile: [Windows]
[2020.12.09-02.31.41:725][  0]LogHAL: Display: Platform has ~ 24 GB [25699905536 / 34359738368 / 24], which maps to Larger [LargestMinGB=32, LargerMinGB=12, DefaultMinGB=8, SmallerMinGB=6, SmallestMinGB=0)
[2020.12.09-02.31.41:725][  0]LogInit: Going up to parent DeviceProfile []
[2020.12.09-02.31.41:725][  0]LogConfig: Applying CVar settings from Section [ViewDistanceQuality@2] File [E:/Github/TheShadowsFall/ProjectFalls/Saved/Config/Windows/Scalability.ini]
[2020.12.09-02.31.41:725][  0]LogConfig: Setting CVar [[r.SkeletalMeshLODBias:0]]
[2020.12.09-02.31.41:725][  0]LogConfig: Setting CVar [[r.ViewDistanceScale:0.8]]
[2020.12.09-02.31.41:725][  0]LogConfig: Applying CVar settings from Section [AntiAliasingQuality@2] File [E:/Github/TheShadowsFall/ProjectFalls/Saved/Config/Windows/Scalability.ini]
[2020.12.09-02.31.41:725][  0]LogConfig: Setting CVar [[r.PostProcessAAQuality:3]]
[2020.12.09-02.31.41:725][  0]LogConfig: Applying CVar settings from Section [ShadowQuality@2] File [E:/Github/TheShadowsFall/ProjectFalls/Saved/Config/Windows/Scalability.ini]
[2020.12.09-02.31.41:725][  0]LogConfig: Setting CVar [[r.LightFunctionQuality:1]]
[2020.12.09-02.31.41:725][  0]LogConfig: Setting CVar [[r.ShadowQuality:5]]
[2020.12.09-02.31.41:725][  0]LogConfig: Setting CVar [[r.Shadow.CSM.MaxCascades:4]]
[2020.12.09-02.31.41:725][  0]LogConfig: Setting CVar [[r.Shadow.MaxResolution:1024]]
[2020.12.09-02.31.41:725][  0]LogConfig: Setting CVar [[r.Shadow.MaxCSMResolution:2048]]
[2020.12.09-02.31.41:725][  0]LogConfig: Setting CVar [[r.Shadow.RadiusThreshold:0.04]]
[2020.12.09-02.31.41:725][  0]LogConfig: Setting CVar [[r.Shadow.DistanceScale:0.85]]
[2020.12.09-02.31.41:725][  0]LogConfig: Setting CVar [[r.Shadow.CSM.TransitionScale:0.8]]
[2020.12.09-02.31.41:725][  0]LogConfig: Setting CVar [[r.Shadow.PreShadowResolutionFactor:0.5]]
[2020.12.09-02.31.41:725][  0]LogConfig: Setting CVar [[r.DistanceFieldShadowing:1]]
[2020.12.09-02.31.41:725][  0]LogConfig: Setting CVar [[r.DistanceFieldAO:1]]
[2020.12.09-02.31.41:725][  0]LogConfig: Setting CVar [[r.AOQuality:1]]
[2020.12.09-02.31.41:726][  0]LogConfig: Setting CVar [[r.VolumetricFog:1]]
[2020.12.09-02.31.41:726][  0]LogConfig: Setting CVar [[r.VolumetricFog.GridPixelSize:16]]
[2020.12.09-02.31.41:726][  0]LogConfig: Setting CVar [[r.VolumetricFog.GridSizeZ:64]]
[2020.12.09-02.31.41:726][  0]LogConfig: Setting CVar [[r.VolumetricFog.HistoryMissSupersampleCount:4]]
[2020.12.09-02.31.41:726][  0]LogConfig: Setting CVar [[r.LightMaxDrawDistanceScale:1]]
[2020.12.09-02.31.41:726][  0]LogConfig: Setting CVar [[r.CapsuleShadows:1]]
[2020.12.09-02.31.41:726][  0]LogConfig: Applying CVar settings from Section [PostProcessQuality@2] File [E:/Github/TheShadowsFall/ProjectFalls/Saved/Config/Windows/Scalability.ini]
[2020.12.09-02.31.41:726][  0]LogConfig: Setting CVar [[r.MotionBlurQuality:3]]
[2020.12.09-02.31.41:726][  0]LogConfig: Setting CVar [[r.AmbientOcclusionMipLevelFactor:0.6]]
[2020.12.09-02.31.41:726][  0]LogConfig: Setting CVar [[r.AmbientOcclusionMaxQuality:100]]
[2020.12.09-02.31.41:726][  0]LogConfig: Setting CVar [[r.AmbientOcclusionLevels:-1]]
[2020.12.09-02.31.41:726][  0]LogConfig: Setting CVar [[r.AmbientOcclusionRadiusScale:1.5]]
[2020.12.09-02.31.41:726][  0]LogConfig: Setting CVar [[r.DepthOfFieldQuality:2]]
[2020.12.09-02.31.41:726][  0]LogConfig: Setting CVar [[r.RenderTargetPoolMin:400]]
[2020.12.09-02.31.41:726][  0]LogConfig: Setting CVar [[r.LensFlareQuality:2]]
[2020.12.09-02.31.41:726][  0]LogConfig: Setting CVar [[r.SceneColorFringeQuality:1]]
[2020.12.09-02.31.41:726][  0]LogConfig: Setting CVar [[r.EyeAdaptationQuality:2]]
[2020.12.09-02.31.41:726][  0]LogConfig: Setting CVar [[r.BloomQuality:5]]
[2020.12.09-02.31.41:726][  0]LogConfig: Setting CVar [[r.FastBlurThreshold:3]]
[2020.12.09-02.31.41:726][  0]LogConfig: Setting CVar [[r.Upscale.Quality:2]]
[2020.12.09-02.31.41:726][  0]LogConfig: Setting CVar [[r.Tonemapper.GrainQuantization:1]]
[2020.12.09-02.31.41:726][  0]LogConfig: Setting CVar [[r.LightShaftQuality:1]]
[2020.12.09-02.31.41:726][  0]LogConfig: Setting CVar [[r.Filter.SizeScale:0.8]]
[2020.12.09-02.31.41:726][  0]LogConfig: Setting CVar [[r.Tonemapper.Quality:5]]
[2020.12.09-02.31.41:726][  0]LogConfig: Setting CVar [[r.DOF.Gather.AccumulatorQuality:0        ; lower gathering accumulator quality]]
[2020.12.09-02.31.41:726][  0]LogConfig: Setting CVar [[r.DOF.Gather.PostfilterMethod:2          ; Max3x3 postfilering method]]
[2020.12.09-02.31.41:726][  0]LogConfig: Setting CVar [[r.DOF.Gather.EnableBokehSettings:0       ; no bokeh simulation when gathering]]
[2020.12.09-02.31.41:726][  0]LogConfig: Setting CVar [[r.DOF.Gather.RingCount:4                 ; medium number of samples when gathering]]
[2020.12.09-02.31.41:726][  0]LogConfig: Setting CVar [[r.DOF.Scatter.ForegroundCompositing:1    ; additive foreground scattering]]
[2020.12.09-02.31.41:726][  0]LogConfig: Setting CVar [[r.DOF.Scatter.BackgroundCompositing:1    ; no background occlusion]]
[2020.12.09-02.31.41:726][  0]LogConfig: Setting CVar [[r.DOF.Scatter.EnableBokehSettings:0      ; no bokeh simulation when scattering]]
[2020.12.09-02.31.41:726][  0]LogConfig: Setting CVar [[r.DOF.Scatter.MaxSpriteRatio:0.04        ; only a maximum of 4% of scattered bokeh]]
[2020.12.09-02.31.41:726][  0]LogConfig: Setting CVar [[r.DOF.Recombine.Quality:0                ; no slight out of focus]]
[2020.12.09-02.31.41:726][  0]LogConfig: Setting CVar [[r.DOF.TemporalAAQuality:0                ; faster temporal accumulation]]
[2020.12.09-02.31.41:726][  0]LogConfig: Setting CVar [[r.DOF.Kernel.MaxForegroundRadius:0.012   ; required because of AccumulatorQuality=0]]
[2020.12.09-02.31.41:726][  0]LogConfig: Setting CVar [[r.DOF.Kernel.MaxBackgroundRadius:0.012   ; required because of AccumulatorQuality=0]]
[2020.12.09-02.31.41:726][  0]LogConfig: Applying CVar settings from Section [TextureQuality@2] File [E:/Github/TheShadowsFall/ProjectFalls/Saved/Config/Windows/Scalability.ini]
[2020.12.09-02.31.41:726][  0]LogConfig: Setting CVar [[r.Streaming.MipBias:0]]
[2020.12.09-02.31.41:726][  0]LogConfig: Setting CVar [[r.Streaming.AmortizeCPUToGPUCopy:0]]
[2020.12.09-02.31.41:726][  0]LogConfig: Setting CVar [[r.Streaming.MaxNumTexturesToStreamPerFrame:0]]
[2020.12.09-02.31.41:726][  0]LogConfig: Setting CVar [[r.Streaming.Boost:1]]
[2020.12.09-02.31.41:726][  0]LogConfig: Setting CVar [[r.MaxAnisotropy:4]]
[2020.12.09-02.31.41:726][  0]LogConfig: Setting CVar [[r.VT.MaxAnisotropy:8]]
[2020.12.09-02.31.41:726][  0]LogConfig: Setting CVar [[r.Streaming.LimitPoolSizeToVRAM:1]]
[2020.12.09-02.31.41:726][  0]LogConfig: Setting CVar [[r.Streaming.PoolSize:800]]
[2020.12.09-02.31.41:726][  0]LogConfig: Setting CVar [[r.Streaming.MaxEffectiveScreenSize:0]]
[2020.12.09-02.31.41:726][  0]LogConfig: Applying CVar settings from Section [EffectsQuality@2] File [E:/Github/TheShadowsFall/ProjectFalls/Saved/Config/Windows/Scalability.ini]
[2020.12.09-02.31.41:726][  0]LogConfig: Setting CVar [[r.TranslucencyLightingVolumeDim:48]]
[2020.12.09-02.31.41:726][  0]LogConfig: Setting CVar [[r.RefractionQuality:2]]
[2020.12.09-02.31.41:726][  0]LogConfig: Setting CVar [[r.SSR.Quality:2]]
[2020.12.09-02.31.41:726][  0]LogConfig: Setting CVar [[r.SSR.HalfResSceneColor:1]]
[2020.12.09-02.31.41:727][  0]LogConfig: Setting CVar [[r.SceneColorFormat:3]]
[2020.12.09-02.31.41:727][  0]LogConfig: Setting CVar [[r.DetailMode:1]]
[2020.12.09-02.31.41:727][  0]LogConfig: Setting CVar [[r.TranslucencyVolumeBlur:1]]
[2020.12.09-02.31.41:727][  0]LogConfig: Setting CVar [[r.MaterialQualityLevel:1 ; High quality]]
[2020.12.09-02.31.41:727][  0]LogConfig: Setting CVar [[r.SSS.Scale:1]]
[2020.12.09-02.31.41:727][  0]LogConfig: Setting CVar [[r.SSS.SampleSet:1]]
[2020.12.09-02.31.41:727][  0]LogConfig: Setting CVar [[r.SSS.Quality:-1]]
[2020.12.09-02.31.41:727][  0]LogConfig: Setting CVar [[r.SSS.HalfRes:1]]
[2020.12.09-02.31.41:727][  0]LogConfig: Setting CVar [[r.SSGI.Quality:2]]
[2020.12.09-02.31.41:727][  0]LogConfig: Setting CVar [[r.EmitterSpawnRateScale:0.5]]
[2020.12.09-02.31.41:727][  0]LogConfig: Setting CVar [[r.ParticleLightQuality:1]]
[2020.12.09-02.31.41:727][  0]LogConfig: Setting CVar [[r.SkyAtmosphere.AerialPerspectiveLUT.FastApplyOnOpaque:1 ; Always have FastSkyLUT 1 in this case to avoid wrong sky]]
[2020.12.09-02.31.41:727][  0]LogConfig: Setting CVar [[r.SkyAtmosphere.AerialPerspectiveLUT.SampleCountPerSlice:1]]
[2020.12.09-02.31.41:727][  0]LogConfig: Setting CVar [[r.SkyAtmosphere.AerialPerspectiveLUT.DepthResolution:16.0]]
[2020.12.09-02.31.41:727][  0]LogConfig: Setting CVar [[r.SkyAtmosphere.FastSkyLUT:1]]
[2020.12.09-02.31.41:727][  0]LogConfig: Setting CVar [[r.SkyAtmosphere.FastSkyLUT.SampleCountMin:4.0]]
[2020.12.09-02.31.41:727][  0]LogConfig: Setting CVar [[r.SkyAtmosphere.FastSkyLUT.SampleCountMax:32.0]]
[2020.12.09-02.31.41:727][  0]LogConfig: Setting CVar [[r.SkyAtmosphere.SampleCountMin:4.0]]
[2020.12.09-02.31.41:727][  0]LogConfig: Setting CVar [[r.SkyAtmosphere.SampleCountMax:32.0]]
[2020.12.09-02.31.41:727][  0]LogConfig: Setting CVar [[r.SkyAtmosphere.TransmittanceLUT.UseSmallFormat:0]]
[2020.12.09-02.31.41:727][  0]LogConfig: Setting CVar [[r.SkyAtmosphere.TransmittanceLUT.SampleCount:10.0]]
[2020.12.09-02.31.41:727][  0]LogConfig: Setting CVar [[r.SkyAtmosphere.MultiScatteringLUT.SampleCount:15.0]]
[2020.12.09-02.31.41:727][  0]LogConfig: Applying CVar settings from Section [FoliageQuality@2] File [E:/Github/TheShadowsFall/ProjectFalls/Saved/Config/Windows/Scalability.ini]
[2020.12.09-02.31.41:727][  0]LogConfig: Setting CVar [[foliage.DensityScale:0.8]]
[2020.12.09-02.31.41:727][  0]LogConfig: Setting CVar [[grass.DensityScale:0.8]]
[2020.12.09-02.31.41:727][  0]LogConfig: Applying CVar settings from Section [ShadingQuality@2] File [E:/Github/TheShadowsFall/ProjectFalls/Saved/Config/Windows/Scalability.ini]
[2020.12.09-02.31.41:727][  0]LogConfig: Setting CVar [[r.HairStrands.SkyLighting.SampleCount:16]]
[2020.12.09-02.31.41:727][  0]LogConfig: Setting CVar [[r.HairStrands.SkyLighting.JitterIntegration:0]]
[2020.12.09-02.31.41:727][  0]LogConfig: Setting CVar [[r.HairStrands.SkyAO.SampleCount:16]]
[2020.12.09-02.31.41:727][  0]LogConfig: Setting CVar [[r.HairStrands.DeepShadow.SuperSampling:0]]
[2020.12.09-02.31.41:727][  0]LogConfig: Setting CVar [[r.HairStrands.VisibilityPPLL:0]]
[2020.12.09-02.31.41:727][  0]LogConfig: Setting CVar [[r.HairStrands.RasterizationScale:0.5]]
[2020.12.09-02.31.41:727][  0]LogConfig: Setting CVar [[r.HairStrands.VelocityRasterizationScale:1]]
[2020.12.09-02.31.41:727][  0]LogConfig: Applying CVar settings from Section [Startup] File [../../../Engine/Config/ConsoleVariables.ini]
[2020.12.09-02.31.41:737][  0]LogConfig: Setting CVar [[net.UseAdaptiveNetUpdateFrequency:0]]
[2020.12.09-02.31.41:737][  0]LogConfig: Setting CVar [[p.chaos.AllowCreatePhysxBodies:1]]
[2020.12.09-02.31.41:737][  0]LogConfig: Setting CVar [[fx.SkipVectorVMBackendOptimizations:1]]
[2020.12.09-02.31.41:737][  0]LogConfig: Applying CVar settings from Section [ConsoleVariables] File [E:/Github/TheShadowsFall/ProjectFalls/Saved/Config/Windows/Engine.ini]
[2020.12.09-02.31.41:760][  0]LogInit: Computer: BACON_PC
[2020.12.09-02.31.41:760][  0]LogInit: User: Kaue
[2020.12.09-02.31.41:766][  0]LogInit: CPU Page size=4096, Cores=6
[2020.12.09-02.31.41:766][  0]LogInit: High frequency timer resolution =10.000000 MHz
[2020.12.09-02.31.41:766][  0]LogMemory: Memory total: Physical=23.9GB (24GB approx)
[2020.12.09-02.31.41:767][  0]LogMemory: Platform Memory Stats for Windows
[2020.12.09-02.31.41:767][  0]LogMemory: Process Physical Memory: 114.05 MB used, 114.05 MB peak
[2020.12.09-02.31.41:767][  0]LogMemory: Process Virtual Memory: 95.92 MB used, 95.93 MB peak
[2020.12.09-02.31.41:767][  0]LogMemory: Physical Memory: 5908.03 MB used,  18601.31 MB free, 24509.34 MB total
[2020.12.09-02.31.41:767][  0]LogMemory: Virtual Memory: 5102.78 MB used,  134212624.00 MB free, 134217728.00 MB total
[2020.12.09-02.31.41:788][  0]LogWindows: WindowsPlatformFeatures enabled
[2020.12.09-02.31.42:727][  0]LogInit: Physics initialised using underlying interface: PhysX
[2020.12.09-02.31.42:765][  0]LogInit: Overriding language with editor language configuration option (en).
[2020.12.09-02.31.42:765][  0]LogInit: Overriding locale with editor locale configuration option (en).
[2020.12.09-02.31.43:304][  0]LogInit: Setting process to per monitor DPI aware
[2020.12.09-02.31.43:802][  0]LogSlate: New Slate User Created.  User Index 0, Is Virtual User: 0
[2020.12.09-02.31.43:802][  0]LogSlate: Slate User Registered.  User Index 0, Is Virtual User: 0
[2020.12.09-02.31.44:671][  0]LogHMD: Failed to initialize OpenVR with code 110
[2020.12.09-02.31.44:671][  0]LogD3D11RHI: D3D11 min allowed feature level: 11_0
[2020.12.09-02.31.44:671][  0]LogD3D11RHI: D3D11 max allowed feature level: 11_0
[2020.12.09-02.31.44:671][  0]LogD3D11RHI: D3D11 adapters:
[2020.12.09-02.31.44:743][  0]LogD3D11RHI:    0. 'NVIDIA GeForce GTX 1050 Ti' (Feature Level 11_0)
[2020.12.09-02.31.44:744][  0]LogD3D11RHI:       4018/0/12254 MB DedicatedVideo/DedicatedSystem/SharedSystem, Outputs:1, VendorId:0x10de
[2020.12.09-02.31.44:746][  0]LogD3D11RHI:    1. 'Microsoft Basic Render Driver' (Feature Level 11_0)
[2020.12.09-02.31.44:746][  0]LogD3D11RHI:       0/0/12254 MB DedicatedVideo/DedicatedSystem/SharedSystem, Outputs:0, VendorId:0x1414
[2020.12.09-02.31.44:746][  0]LogD3D11RHI: Chosen D3D11 Adapter: 0
[2020.12.09-02.31.44:810][  0]LogD3D11RHI: Creating new Direct3DDevice
[2020.12.09-02.31.44:810][  0]LogD3D11RHI:     GPU DeviceId: 0x1c82 (for the marketing name, search the web for "GPU Device Id")
[2020.12.09-02.31.44:810][  0]LogWindows: EnumDisplayDevices:
[2020.12.09-02.31.44:810][  0]LogWindows:    0. 'NVIDIA GeForce GTX 1050 Ti' (P:1 D:1)
[2020.12.09-02.31.44:811][  0]LogWindows:    1. 'NVIDIA GeForce GTX 1050 Ti' (P:0 D:0)
[2020.12.09-02.31.44:811][  0]LogWindows:    2. 'NVIDIA GeForce GTX 1050 Ti' (P:0 D:0)
[2020.12.09-02.31.44:812][  0]LogWindows:    3. 'NVIDIA GeForce GTX 1050 Ti' (P:0 D:0)
[2020.12.09-02.31.44:812][  0]LogWindows: DebugString: FoundDriverCount:4 
[2020.12.09-02.31.44:813][  0]LogD3D11RHI:     Adapter Name: NVIDIA GeForce GTX 1050 Ti
[2020.12.09-02.31.44:813][  0]LogD3D11RHI:   Driver Version: 457.51 (internal:27.21.14.5751, unified:457.51)
[2020.12.09-02.31.44:813][  0]LogD3D11RHI:      Driver Date: 11-22-2020
[2020.12.09-02.31.44:813][  0]LogRHI: Texture pool is 2812 MB (70% of 4018 MB)
[2020.12.09-02.31.44:853][  0]LogD3D11RHI: RHI has support for 64 bit atomics
[2020.12.09-02.31.44:853][  0]LogD3D11RHI: Async texture creation enabled
[2020.12.09-02.31.44:853][  0]LogD3D11RHI: Array index from any shader is supported
[2020.12.09-02.31.44:855][  0]LogD3D11RHI: HDR output is supported on display 0 (NvId: 0x80061082).
[2020.12.09-02.31.45:222][  0]LogD3D11RHI: GPU Timing Frequency: 1000.000000 (Debug: 2 1)
[2020.12.09-02.31.45:776][  0]LogTargetPlatformManager: Display: Loaded TargetPlatform 'AllDesktop'
[2020.12.09-02.31.45:826][  0]LogTargetPlatformManager: Display: Loaded TargetPlatform 'Android'
[2020.12.09-02.31.45:826][  0]LogTargetPlatformManager: Display: Loaded TargetPlatform 'Android_ASTC'
[2020.12.09-02.31.45:826][  0]LogTargetPlatformManager: Display: Loaded TargetPlatform 'Android_DXT'
[2020.12.09-02.31.45:826][  0]LogTargetPlatformManager: Display: Loaded TargetPlatform 'Android_ETC2'
[2020.12.09-02.31.45:826][  0]LogTargetPlatformManager: Display: Loaded TargetPlatform 'AndroidClient'
[2020.12.09-02.31.45:826][  0]LogTargetPlatformManager: Display: Loaded TargetPlatform 'Android_ASTCClient'
[2020.12.09-02.31.45:826][  0]LogTargetPlatformManager: Display: Loaded TargetPlatform 'Android_DXTClient'
[2020.12.09-02.31.45:826][  0]LogTargetPlatformManager: Display: Loaded TargetPlatform 'Android_ETC2Client'
[2020.12.09-02.31.45:826][  0]LogTargetPlatformManager: Display: Loaded TargetPlatform 'Android_Multi'
[2020.12.09-02.31.45:826][  0]LogTargetPlatformManager: Display: Loaded TargetPlatform 'Android_MultiClient'
[2020.12.09-02.31.45:992][  0]LogTargetPlatformManager: Display: Loaded TargetPlatform 'IOSClient'
[2020.12.09-02.31.45:992][  0]LogTargetPlatformManager: Display: Loaded TargetPlatform 'IOS'
[2020.12.09-02.31.46:043][  0]LogTargetPlatformManager: Display: Loaded TargetPlatform 'Linux'
[2020.12.09-02.31.46:077][  0]LogTargetPlatformManager: Display: Loaded TargetPlatform 'LinuxNoEditor'
[2020.12.09-02.31.46:098][  0]LogTargetPlatformManager: Display: Loaded TargetPlatform 'LinuxClient'
[2020.12.09-02.31.46:120][  0]LogTargetPlatformManager: Display: Loaded TargetPlatform 'LinuxServer'
[2020.12.09-02.31.46:144][  0]LogTargetPlatformManager: Display: Loaded TargetPlatform 'LinuxAArch64NoEditor'
[2020.12.09-02.31.46:190][  0]LogTargetPlatformManager: Display: Loaded TargetPlatform 'LinuxAArch64Client'
[2020.12.09-02.31.46:225][  0]LogTargetPlatformManager: Display: Loaded TargetPlatform 'LinuxAArch64Server'
[2020.12.09-02.31.46:280][  0]LogTargetPlatformManager: Display: Loaded TargetPlatform 'Lumin'
[2020.12.09-02.31.46:280][  0]LogTargetPlatformManager: Display: Loaded TargetPlatform 'LuminClient'
[2020.12.09-02.31.46:311][  0]LogTargetPlatformManager: Display: Loaded TargetPlatform 'TVOSClient'
[2020.12.09-02.31.46:311][  0]LogTargetPlatformManager: Display: Loaded TargetPlatform 'TVOS'
[2020.12.09-02.31.46:347][  0]LogTargetPlatformManager: Display: Loaded TargetPlatform 'WindowsNoEditor'
[2020.12.09-02.31.46:383][  0]LogTargetPlatformManager: Display: Loaded TargetPlatform 'Windows'
[2020.12.09-02.31.46:440][  0]LogTargetPlatformManager: Display: Loaded TargetPlatform 'WindowsClient'
[2020.12.09-02.31.46:477][  0]LogTargetPlatformManager: Display: Loaded TargetPlatform 'WindowsServer'
[2020.12.09-02.31.46:477][  0]LogTargetPlatformManager: Display: Building Assets For Windows
[2020.12.09-02.31.46:665][  0]LogAudioDebug: Display: Lib vorbis DLL was dynamically loaded.
[2020.12.09-02.31.47:445][  0]LogShaderCompilers: Guid format shader working directory is -5 characters bigger than the processId version (../../../../../Github/TheShadowsFall/ProjectFalls/Intermediate/Shaders/WorkingDirectory/19924/).
[2020.12.09-02.31.47:445][  0]LogShaderCompilers: Cleaned the shader compiler working directory 'C:/Users/Kaue/AppData/Local/Temp/UnrealShaderWorkingDir/B27081A244A710AAF9EB6988397FC93E/'.
[2020.12.09-02.31.47:454][  0]LogXGEController: Cleaning working directory: C:/Users/Kaue/AppData/Local/Temp/UnrealXGEWorkingDir/
[2020.12.09-02.31.47:454][  0]LogXGEController: Cannot use XGE Controller as Incredibuild is not installed on this machine.
[2020.12.09-02.31.47:455][  0]LogShaderCompilers: Cannot use XGE Shader Compiler as Incredibuild is not installed on this machine.
[2020.12.09-02.31.47:455][  0]LogShaderCompilers: Display: Using Local Shader Compiler.
[2020.12.09-02.31.49:289][  0]LogDerivedDataCache: Display: Max Cache Size: 512 MB
[2020.12.09-02.31.49:488][  0]LogDerivedDataCache: Loaded boot cache 0.19s 75MB C:/Users/Kaue/AppData/Local/UnrealEngine/4.25/DerivedDataCache/Boot.ddc.
[2020.12.09-02.31.49:488][  0]LogDerivedDataCache: Display: Loaded Boot cache: C:/Users/Kaue/AppData/Local/UnrealEngine/4.25/DerivedDataCache/Boot.ddc
[2020.12.09-02.31.49:489][  0]LogDerivedDataCache: FDerivedDataBackendGraph:  Pak pak cache file ../../../../../Github/TheShadowsFall/ProjectFalls/DerivedDataCache/DDC.ddp not found, will not use a pak cache.
[2020.12.09-02.31.49:489][  0]LogDerivedDataCache: Unable to find inner node Pak for hierarchical cache Hierarchy.
[2020.12.09-02.31.49:489][  0]LogDerivedDataCache: FDerivedDataBackendGraph:  CompressedPak pak cache file ../../../../../Github/TheShadowsFall/ProjectFalls/DerivedDataCache/Compressed.ddp not found, will not use a pak cache.
[2020.12.09-02.31.49:489][  0]LogDerivedDataCache: Unable to find inner node CompressedPak for hierarchical cache Hierarchy.
[2020.12.09-02.31.49:556][  0]LogDerivedDataCache: Display: Pak cache opened for reading ../../../Engine/DerivedDataCache/Compressed.ddp.
[2020.12.09-02.31.49:556][  0]LogDerivedDataCache: FDerivedDataBackendGraph:  EnterprisePak pak cache file ../../../Enterprise/DerivedDataCache/Compressed.ddp not found, will not use a pak cache.
[2020.12.09-02.31.49:556][  0]LogDerivedDataCache: Unable to find inner node EnterprisePak for hierarchical cache Hierarchy.
[2020.12.09-02.31.49:557][  0]LogDerivedDataCache: Using Local data cache path C:/Users/Kaue/AppData/Local/UnrealEngine/Common/DerivedDataCache: Writable
[2020.12.09-02.31.49:557][  0]LogDerivedDataCache: Shared data cache path not found in *engine.ini, will not use an Shared cache.
[2020.12.09-02.31.49:557][  0]LogDerivedDataCache: Unable to find inner node Shared for hierarchical cache Hierarchy.
[2020.12.09-02.31.49:685][  0]LogSlate: Using FreeType 2.10.0
[2020.12.09-02.31.49:771][  0]LogSlate: SlateFontServices - WITH_FREETYPE: 1, WITH_HARFBUZZ: 1
[2020.12.09-02.31.50:293][  0]LogAssetRegistry: FAssetRegistry took 0.0227 seconds to start up
[2020.12.09-02.31.57:732][  0]LogInit: Selected Device Profile: [Windows]
[2020.12.09-02.31.59:046][  0]LogMeshReduction: Using QuadricMeshReduction for automatic static mesh reduction
[2020.12.09-02.31.59:046][  0]LogMeshReduction: Using SimplygonMeshReduction for automatic skeletal mesh reduction
[2020.12.09-02.31.59:046][  0]LogMeshReduction: Using ProxyLODMeshReduction for automatic mesh merging
[2020.12.09-02.31.59:046][  0]LogMeshReduction: No distributed automatic mesh merging module available
[2020.12.09-02.31.59:046][  0]LogMeshMerging: No distributed automatic mesh merging module available
[2020.12.09-02.31.59:532][  0]LogNetVersion: ProjectFalls 1.0.0, NetCL: 13144385, EngineNetVer: 14, GameNetVer: 0 (Checksum: 4208646214)
[2020.12.09-02.32.04:175][  0]LogAISub: UAISubsystem::UAISubsystem AISubsystem (0000019A716E8D40), frame # 0
[2020.12.09-02.32.04:175][  0]LogAISub: UAISubsystem::UAISubsystem AIPerceptionSystem (0000019A7158AAC0), frame # 0
[2020.12.09-02.32.04:184][  0]LogAISub: UAISubsystem::UAISubsystem EnvQueryManager (0000019A715D1C00), frame # 0
[2020.12.09-02.32.04:608][  0]LogPackageLocalizationCache: Processed 19 localized package path(s) for 1 prioritized culture(s) in 0.083488 seconds
[2020.12.09-02.32.04:619][  0]LogUObjectArray: 15917 objects as part of root set at end of initial load.
[2020.12.09-02.32.04:619][  0]LogUObjectAllocator: 3965568 out of 0 bytes used by permanent object pool.
[2020.12.09-02.32.04:619][  0]LogUObjectArray: CloseDisregardForGC: 0/0 objects in disregard for GC pool
[2020.12.09-02.32.09:195][  0]LogTcpMessaging: Initializing TcpMessaging bridge
[2020.12.09-02.32.09:234][  0]LogUdpMessaging: Initializing bridge on interface 0.0.0.0:0 to multicast group 230.0.0.1:6666.
[2020.12.09-02.32.09:996][  0]SourceControl: Source control is disabled
[2020.12.09-02.32.10:007][  0]SourceControl: Source control is disabled
[2020.12.09-02.32.10:077][  0]SourceControl: Source control is disabled
[2020.12.09-02.32.10:146][  0]SourceControl: Source control is disabled
[2020.12.09-02.32.10:182][  0]SourceControl: Source control is disabled
[2020.12.09-02.32.10:241][  0]LogVSAccessor: Display: Unable to create Visual Studio setup instance: 80040154
[2020.12.09-02.32.10:241][  0]LogVSAccessor: Display: Unable to create Visual Studio setup instance: 80040154
[2020.12.09-02.32.12:293][  0]LogAndroidPermission: UAndroidPermissionCallbackProxy::GetInstance
[2020.12.09-02.32.12:412][  0]LogAudioCaptureCore: Display: No Audio Capture implementations found. Audio input will be silent.
[2020.12.09-02.32.12:412][  0]LogAudioCaptureCore: Display: No Audio Capture implementations found. Audio input will be silent.
[2020.12.09-02.32.12:703][  0]LogOcInput: OculusInput pre-init called
[2020.12.09-02.32.12:777][  0]LogWindows: Failed to load 'OVRPlugin.dll' (GetLastError=126)
[2020.12.09-02.32.12:777][  0]LogWindows: File 'OVRPlugin.dll' does not exist
[2020.12.09-02.32.13:695][  0]LogEngine: Initializing Engine...
[2020.12.09-02.32.13:707][  0]LogHMD: Failed to initialize OpenVR with code 110
[2020.12.09-02.32.13:707][  0]LogMagicLeap: Warning: VR disabled because ZI is not enabled.  To enable, in the editor, Edit -> Project Settings -> Plugins -> Magic Leap Plugin -> Enable Zero Iteration
[2020.12.09-02.32.13:809][  0]LogStats: UGameplayTagsManager::InitializeManager -  0.084 s
[2020.12.09-02.32.14:352][  0]LogInit: Initializing FReadOnlyCVARCache
[2020.12.09-02.32.14:705][  0]LogAIModule: Creating AISystem for world Untitled
[2020.12.09-02.32.14:705][  0]LogAISub: UAISubsystem::UAISubsystem EnvQueryManager (0000019A74D14600), frame # 0
[2020.12.09-02.32.14:706][  0]LogAISub: UAISubsystem::UAISubsystem AIPerceptionSystem (0000019A74D3C900), frame # 0
[2020.12.09-02.32.14:851][  0]LogAudioMixer: Display: Audio Mixer Platform Settings:
[2020.12.09-02.32.14:851][  0]LogAudioMixer: Display: 	Sample Rate:						  48000
[2020.12.09-02.32.14:851][  0]LogAudioMixer: Display: 	Callback Buffer Frame Size Requested: 1024
[2020.12.09-02.32.14:851][  0]LogAudioMixer: Display: 	Callback Buffer Frame Size To Use:	  1024
[2020.12.09-02.32.14:851][  0]LogAudioMixer: Display: 	Number of buffers to queue:			  2
[2020.12.09-02.32.14:851][  0]LogAudioMixer: Display: 	Max Channels (voices):				  32
[2020.12.09-02.32.14:851][  0]LogAudioMixer: Display: 	Number of Async Source Workers:		  0
[2020.12.09-02.32.14:851][  0]LogAudio: Display: AudioDevice MaxSources: 32
[2020.12.09-02.32.14:858][  0]LogAudio: Display: Using built-in audio occlusion.
[2020.12.09-02.32.14:858][  0]LogAudioMixer: Display: Initializing audio mixer.
[2020.12.09-02.32.15:035][  0]LogAudioMixer: Display: 0: FrontLeft
[2020.12.09-02.32.15:035][  0]LogAudioMixer: Display: 1: FrontRight
[2020.12.09-02.32.15:149][  0]LogAudioMixer: Display: Using Audio Device LG HDR WFHD (NVIDIA High Definition Audio)
[2020.12.09-02.32.15:173][  0]LogAudioMixer: Display: Initializing Sound Submixes...
[2020.12.09-02.32.15:197][  0]LogAudioMixer: Display: Creating Master Submix 'MasterSubmixDefault'
[2020.12.09-02.32.15:239][  0]LogAudioMixer: Display: Creating Master Submix 'MasterReverbSubmixDefault'
[2020.12.09-02.32.15:240][  0]LogAudioMixer: Display: Creating Master Submix 'MasterEQSubmixDefault'
[2020.12.09-02.32.15:242][  0]LogInit: FAudioDevice initialized.
[2020.12.09-02.32.15:249][  0]LogNetVersion: Set ProjectVersion to 1.0.0.0. Version Checksum will be recalculated on next use.
[2020.12.09-02.32.15:323][  0]LogDerivedDataCache: Saved boot cache 0.07s 75MB C:/Users/Kaue/AppData/Local/UnrealEngine/4.25/DerivedDataCache/Boot.ddc.
[2020.12.09-02.32.15:327][  0]LogInit: Texture streaming: Enabled
[2020.12.09-02.32.15:506][  0]LogEngineSessionManager: EngineSessionManager initialized
[2020.12.09-02.32.15:506][  0]LogEditorSessionSummary: Verbose: Initializing EditorSessionSummaryWriter for editor session tracking
[2020.12.09-02.32.15:542][  0]LogEditorSessionSummary: EditorSessionSummaryWriter initialized
[2020.12.09-02.32.15:725][  0]LogInit: Transaction tracking system initialized
[2020.12.09-02.32.16:060][  0]BlueprintLog: New page: Editor Load
[2020.12.09-02.32.17:033][  0]LocalizationService: Localization service is disabled
[2020.12.09-02.32.17:974][  0]LogVSAccessor: Display: Unable to create Visual Studio setup instance: 80040154
[2020.12.09-02.32.17:975][  0]LogVSAccessor: Display: Unable to create Visual Studio setup instance: 80040154
[2020.12.09-02.32.20:018][  0]LogFileCache: Scanning file cache for directory 'E:/Github/TheShadowsFall/ProjectFalls/Content/' took 0.03s
[2020.12.09-02.32.20:018][  0]LogCook: Display: Max memory allowance for cook 16384mb min free memory 0mb
[2020.12.09-02.32.20:018][  0]LogCook: Display: Mobile HDR setting 1
[2020.12.09-02.32.24:337][  0]SourceControl: Source control is disabled
[2020.12.09-02.32.24:348][  0]LogUnrealEdMisc: Loading editor; pre map load, took 67.718
[2020.12.09-02.32.24:358][  0]Cmd: MAP LOAD FILE="../../../../../Github/TheShadowsFall/ProjectFalls/Content/ThirdPersonBP/Maps/ThirdPersonExampleMap.umap" TEMPLATE=0 SHOWPROGRESS=1 FEATURELEVEL=3
[2020.12.09-02.32.24:376][  0]LightingResults: New page: Lighting Build
[2020.12.09-02.32.24:494][  0]LogWorld: UWorld::CleanupWorld for Untitled, bSessionEnded=true, bCleanupResources=true
[2020.12.09-02.32.24:522][  0]LogSlate: InvalidateAllWidgets triggered.  All widgets were invalidated
[2020.12.09-02.32.24:534][  0]MapCheck: New page: Map Check
[2020.12.09-02.32.24:535][  0]LightingResults: New page: Lighting Build
[2020.12.09-02.32.24:729][  0]LogAISub: UAISubsystem::~UAISubsystem EnvQueryManager (0000019A74D14600), frame # 0
[2020.12.09-02.32.24:729][  0]LogAISub: UAISubsystem::~UAISubsystem AIPerceptionSystem (0000019A74D3C900), frame # 0
[2020.12.09-02.32.24:731][  0]LogUObjectHash: Compacting FUObjectHashTables data took   0.58ms
[2020.12.09-02.32.29:204][  0]LogAIModule: Creating AISystem for world ThirdPersonExampleMap
[2020.12.09-02.32.29:204][  0]LogAISub: UAISubsystem::UAISubsystem EnvQueryManager (0000019A08E9E600), frame # 0
[2020.12.09-02.32.29:205][  0]LogAISub: UAISubsystem::UAISubsystem AIPerceptionSystem (0000019A04676840), frame # 0
[2020.12.09-02.32.29:566][  0]LogEditorServer: Finished looking for orphan Actors (0.000 secs)
[2020.12.09-02.32.29:771][  0]LogUObjectHash: Compacting FUObjectHashTables data took   0.72ms
[2020.12.09-02.32.29:771][  0]Cmd: MAP CHECKDEP NOCLEARLOG
[2020.12.09-02.32.29:778][  0]MapCheck: Map check complete: 0 Error(s), 0 Warning(s), took 6.541ms to complete.
[2020.12.09-02.32.29:778][  0]LogFileHelpers: Loading map 'ThirdPersonExampleMap' took 5.420
[2020.12.09-02.32.30:394][  0]LogUnrealEdMisc: Total Editor Startup Time, took 73.764
[2020.12.09-02.32.30:817][  0]LogSlate: Updating window title bar state: overlay mode, drag disabled, window buttons hidden, title bar hidden
[2020.12.09-02.32.30:824][  0]LogSlate: Updating window title bar state: overlay mode, drag disabled, window buttons hidden, title bar hidden
[2020.12.09-02.32.30:830][  0]LogSlate: Updating window title bar state: overlay mode, drag disabled, window buttons hidden, title bar hidden
[2020.12.09-02.32.30:836][  0]LogSlate: Updating window title bar state: overlay mode, drag disabled, window buttons hidden, title bar hidden
[2020.12.09-02.32.30:931][  0]LogCollectionManager: Loaded 0 collections in 0.001018 seconds
[2020.12.09-02.32.31:063][  0]LogFileCache: Scanning file cache for directory 'E:/Github/TheShadowsFall/ProjectFalls/Saved/Collections/' took 0.00s
[2020.12.09-02.32.31:063][  0]LogFileCache: Scanning file cache for directory 'E:/Github/TheShadowsFall/ProjectFalls/Content/Developers/Kaue/Collections/' took 0.00s
[2020.12.09-02.32.31:063][  0]LogFileCache: Scanning file cache for directory 'E:/Github/TheShadowsFall/ProjectFalls/Content/Collections/' took 0.00s
[2020.12.09-02.32.31:063][  0]LogContentBrowser: Native class hierarchy populated in 0.0089 seconds. Added 3427 classes and 821 folders.
[2020.12.09-02.32.31:094][  0]LogContentBrowser: Native class hierarchy updated for 'WidgetCarousel' in 0.0003 seconds. Added 0 classes and 0 folders.
[2020.12.09-02.32.32:624][  0]LogContentBrowser: Native class hierarchy updated for 'AddContentDialog' in 0.0003 seconds. Added 0 classes and 0 folders.
[2020.12.09-02.32.32:679][  0]LogContentBrowser: Native class hierarchy updated for 'SceneOutliner' in 0.0004 seconds. Added 2 classes and 0 folders.
[2020.12.09-02.32.33:348][  0]LogSlate: Took 0.028419 seconds to synchronously load lazily loaded font '../../../Engine/Content/Slate/Fonts/Roboto-Regular.ttf' (155K)
[2020.12.09-02.32.33:409][  0]LogSlate: Took 0.040935 seconds to synchronously load lazily loaded font '../../../Engine/Content/Slate/Fonts/Roboto-Bold.ttf' (160K)
[2020.12.09-02.32.33:441][  0]LogSlate: Took 0.010969 seconds to synchronously load lazily loaded font '../../../Engine/Content/Editor/Slate/Fonts/FontAwesome.ttf' (139K)
[2020.12.09-02.32.33:721][  0]LogRenderer: Reallocating scene render targets to support 1704x532 Format 9 NumSamples 1 (Frame:1).
[2020.12.09-02.32.34:205][  0]LogContentBrowser: Native class hierarchy updated for 'HierarchicalLODOutliner' in 0.0003 seconds. Added 0 classes and 0 folders.
[2020.12.09-02.32.34:205][  0]LogLoad: (Engine Initialization) Total time: 77.57 seconds
[2020.12.09-02.32.34:205][  0]LogLoad: (Engine Initialization) Total Blueprint compile time: 0.00 seconds
[2020.12.09-02.32.34:338][  0]LogAssetRegistry: Asset discovery search completed in 44.0638 seconds
[2020.12.09-02.32.34:342][  0]LogCollectionManager: Fixed up redirectors for 0 collections in 0.000011 seconds (updated 0 objects)
[2020.12.09-02.32.34:405][  0]LogContentStreaming: Texture pool size now 800 MB
[2020.12.09-02.32.34:524][  0]LogSlate: Took 0.013986 seconds to synchronously load lazily loaded font '../../../Engine/Content/Slate/Fonts/Roboto-Light.ttf' (167K)
[2020.12.09-02.32.42:791][298]LogTemp: Repeating last play command: New Editor Window (PIE)
[2020.12.09-02.32.42:862][298]LogPlayLevel: PlayLevel: No blueprints needed recompiling
[2020.12.09-02.32.42:914][298]PIE: New page: PIE session: ThirdPersonExampleMap (Dec 8, 2020, 9:32:42 PM)
[2020.12.09-02.32.42:922][298]LogOnline: OSS: Creating online subsystem instance for: NULL
[2020.12.09-02.32.42:929][298]LogOnline: OSS: TryLoadSubsystemAndSetDefault: Loaded subsystem for module [NULL]
[2020.12.09-02.32.42:942][298]LogPlayLevel: Creating play world package: /Game/ThirdPersonBP/Maps/UEDPIE_0_ThirdPersonExampleMap
[2020.12.09-02.32.42:955][298]LogPlayLevel: PIE: StaticDuplicateObject took: (0.013485s)
[2020.12.09-02.32.42:956][298]LogAIModule: Creating AISystem for world ThirdPersonExampleMap
[2020.12.09-02.32.42:956][298]LogAISub: UAISubsystem::UAISubsystem EnvQueryManager (0000019A2A167E00), frame # 298
[2020.12.09-02.32.42:957][298]LogAISub: UAISubsystem::UAISubsystem AIPerceptionSystem (0000019A04579580), frame # 298
[2020.12.09-02.32.42:957][298]LogPlayLevel: PIE: World Init took: (0.001157s)
[2020.12.09-02.32.42:957][298]LogPlayLevel: PIE: Created PIE world by copying editor world from /Game/ThirdPersonBP/Maps/ThirdPersonExampleMap.ThirdPersonExampleMap to /Game/ThirdPersonBP/Maps/UEDPIE_0_ThirdPersonExampleMap.ThirdPersonExampleMap (0.015286s)
[2020.12.09-02.32.42:965][298]LogUObjectHash: Compacting FUObjectHashTables data took   1.03ms
[2020.12.09-02.32.42:967][298]LogAudioMixer: Display: Audio Mixer Platform Settings:
[2020.12.09-02.32.42:968][298]LogAudioMixer: Display: 	Sample Rate:						  48000
[2020.12.09-02.32.42:968][298]LogAudioMixer: Display: 	Callback Buffer Frame Size Requested: 1024
[2020.12.09-02.32.42:968][298]LogAudioMixer: Display: 	Callback Buffer Frame Size To Use:	  1024
[2020.12.09-02.32.42:968][298]LogAudioMixer: Display: 	Number of buffers to queue:			  2
[2020.12.09-02.32.42:968][298]LogAudioMixer: Display: 	Max Channels (voices):				  32
[2020.12.09-02.32.42:968][298]LogAudioMixer: Display: 	Number of Async Source Workers:		  0
[2020.12.09-02.32.42:968][298]LogAudio: Display: AudioDevice MaxSources: 32
[2020.12.09-02.32.42:968][298]LogAudio: Display: Using built-in audio occlusion.
[2020.12.09-02.32.42:968][298]LogAudioMixer: Display: Initializing audio mixer.
[2020.12.09-02.32.42:987][298]LogAudioMixer: Display: 0: FrontLeft
[2020.12.09-02.32.42:987][298]LogAudioMixer: Display: 1: FrontRight
[2020.12.09-02.32.43:032][298]LogAudioMixer: Display: Using Audio Device LG HDR WFHD (NVIDIA High Definition Audio)
[2020.12.09-02.32.43:032][298]LogAudioMixer: Display: Initializing Sound Submixes...
[2020.12.09-02.32.43:032][298]LogAudioMixer: Display: Creating Master Submix 'MasterSubmixDefault'
[2020.12.09-02.32.43:032][298]LogAudioMixer: Display: Creating Master Submix 'MasterReverbSubmixDefault'
[2020.12.09-02.32.43:032][298]LogAudioMixer: Display: Creating Master Submix 'MasterEQSubmixDefault'
[2020.12.09-02.32.43:044][298]LogInit: FAudioDevice initialized.
[2020.12.09-02.32.43:089][298]LogSlate: Updating window title bar state: overlay mode, drag disabled, window buttons hidden, title bar hidden
[2020.12.09-02.32.43:141][298]LogLoad: Game class is 'ThirdPersonGameMode_C'
[2020.12.09-02.32.43:151][298]LogWorld: Bringing World /Game/ThirdPersonBP/Maps/UEDPIE_0_ThirdPersonExampleMap.ThirdPersonExampleMap up for play (max tick rate 0) at 2020.12.08-23.32.43
[2020.12.09-02.32.43:152][298]LogWorld: Bringing up level for play took: 0.001216
[2020.12.09-02.32.43:152][298]LogOnline: OSS: Creating online subsystem instance for: :Context_3
[2020.12.09-02.32.43:245][298]LogContentBrowser: Native class hierarchy updated for 'MovieSceneCapture' in 0.0004 seconds. Added 20 classes and 0 folders.
[2020.12.09-02.32.43:268][298]PIE: Server logged in
[2020.12.09-02.32.43:269][298]PIE: Play in editor total start time 0.455 seconds.
[2020.12.09-02.32.43:349][299]LogRenderer: Reallocating scene render targets to support 1704x628 Format 9 NumSamples 1 (Frame:1).
[2020.12.09-02.33.31:717][629]LogSlate: Updating window title bar state: overlay mode, drag disabled, window buttons hidden, title bar hidden
[2020.12.09-02.33.31:718][629]LogWorld: BeginTearingDown for /Game/ThirdPersonBP/Maps/UEDPIE_0_ThirdPersonExampleMap
[2020.12.09-02.33.31:718][629]LogSlate: Window 'ProjectFalls Preview [NetMode: Standalone] (64-bit/Windows) ' being destroyed
[2020.12.09-02.33.31:732][629]LogWorld: UWorld::CleanupWorld for ThirdPersonExampleMap, bSessionEnded=true, bCleanupResources=true
[2020.12.09-02.33.31:732][629]LogSlate: InvalidateAllWidgets triggered.  All widgets were invalidated
[2020.12.09-02.33.31:740][629]LogPlayLevel: Display: Shutting down PIE online subsystems
[2020.12.09-02.33.31:741][629]LogSlate: InvalidateAllWidgets triggered.  All widgets were invalidated
[2020.12.09-02.33.31:779][629]LogAISub: UAISubsystem::~UAISubsystem AIPerceptionSystem (0000019A04579580), frame # 4629
[2020.12.09-02.33.31:779][629]LogAISub: UAISubsystem::~UAISubsystem EnvQueryManager (0000019A2A167E00), frame # 4629
[2020.12.09-02.33.31:789][629]LogUObjectHash: Compacting FUObjectHashTables data took   0.75ms
[2020.12.09-02.33.32:012][630]LogPlayLevel: Display: Destroying online subsystem :Context_3
[2020.12.09-02.38.06:566][282]LogEditorViewport: Clicking on Actor (LMB): ThirdPersonCharacter_C (ThirdPersonCharacter)
[2020.12.09-02.38.06:892][282]LogEditorViewport: Clicking on Actor (context menu): ThirdPersonCharacter_C (ThirdPersonCharacter)
[2020.12.09-02.38.09:119][522]LogSlate: Took 0.000341 seconds to synchronously load lazily loaded font '../../../Engine/Content/Slate/Fonts/Roboto-Light.ttf' (167K)
[2020.12.09-02.38.09:139][522]LogAssetEditorSubsystem: Opening Asset editor for Blueprint /Game/ThirdPersonBP/Blueprints/ThirdPersonCharacter.ThirdPersonCharacter
[2020.12.09-02.38.09:591][522]LogContentBrowser: Native class hierarchy updated for 'BlueprintGraph' in 0.0006 seconds. Added 125 classes and 0 folders.
[2020.12.09-02.38.10:802][522]LogSlate: Took 0.024372 seconds to synchronously load lazily loaded font '../../../Engine/Content/Slate/Fonts/Roboto-BoldCondensed.ttf' (158K)
[2020.12.09-02.38.11:034][523]LogSlate: Took 0.014915 seconds to synchronously load lazily loaded font '../../../Engine/Content/Slate/Fonts/Roboto-Italic.ttf' (157K)
[2020.12.09-02.38.27:389][522]Cmd: OBJ SAVEPACKAGE PACKAGE="/Game/Max/Animations/WalkRun/weapom/Shoot" FILE="../../../../../Github/TheShadowsFall/ProjectFalls/Content/Max/Animations/WalkRun/weapom/Shoot.uasset" SILENT=true
[2020.12.09-02.38.27:440][522]LogSavePackage: Moving '../../../../../Github/TheShadowsFall/ProjectFalls/Saved/ShootBBD9081241F8D791943537B270C0E8FF.tmp' to '../../../../../Github/TheShadowsFall/ProjectFalls/Content/Max/Animations/WalkRun/weapom/Shoot.uasset'
[2020.12.09-02.38.27:612][522]LogUObjectHash: Compacting FUObjectHashTables data took   1.62ms
[2020.12.09-02.38.27:640][522]LogUObjectHash: Compacting FUObjectHashTables data took   1.17ms
[2020.12.09-02.38.27:657][522]LogUObjectHash: Compacting FUObjectHashTables data took   0.39ms
[2020.12.09-02.38.27:723][522]AssetCheck: New page: Asset Save: Shoot
[2020.12.09-02.38.27:723][522]LogContentValidation: Display: Validating BlendSpace /Game/Max/Animations/WalkRun/weapom/Shoot.Shoot
[2020.12.09-02.38.29:144][618]LogAssetEditorSubsystem: Opening Asset editor for BlendSpace /Game/Max/Animations/WalkRun/weapom/Shoot.Shoot
[2020.12.09-02.38.29:275][618]LogContentBrowser: Native class hierarchy updated for 'SkeletonEditor' in 0.0003 seconds. Added 1 classes and 2 folders.
[2020.12.09-02.38.29:721][618]LogActorComponent: RegisterComponentWithWorld: (/Engine/Transient.World_6:PersistentLevel.AnimationEditorPreviewActor_0.DebugSkelMeshComponent_0) Already registered. Aborting.
[2020.12.09-02.38.29:724][618]LogContentBrowser: Native class hierarchy updated for 'PinnedCommandList' in 0.0003 seconds. Added 1 classes and 0 folders.
[2020.12.09-02.38.29:879][618]LogSkeletalMesh: USkeletalMeshComponent::InitArticulated : Bodies already created (/Engine/Transient.World_6:PersistentLevel.AnimationEditorPreviewActor_0.DebugSkelMeshComponent_0) - call TermArticulated first.
[2020.12.09-02.38.32:588][723]LogContentBrowser: Verbose: The majority of assets in the view are of type: AnimSequence
[2020.12.09-02.38.41:236][173]LogSlate: Window 'Shoot' being destroyed
[2020.12.09-02.38.41:250][173]LogSlate: Window 'Shoot' being destroyed
[2020.12.09-02.38.41:258][173]LogWorld: UWorld::CleanupWorld for World_4, bSessionEnded=true, bCleanupResources=true
[2020.12.09-02.38.41:258][173]LogSlate: InvalidateAllWidgets triggered.  All widgets were invalidated
[2020.12.09-02.38.41:314][173]LogWorld: UWorld::CleanupWorld for World_6, bSessionEnded=true, bCleanupResources=true
[2020.12.09-02.38.41:314][173]LogSlate: InvalidateAllWidgets triggered.  All widgets were invalidated
[2020.12.09-02.38.41:424][173]LogWorld: UWorld::CleanupWorld for World_7, bSessionEnded=true, bCleanupResources=true
[2020.12.09-02.38.41:424][173]LogSlate: InvalidateAllWidgets triggered.  All widgets were invalidated
[2020.12.09-02.38.42:938][267]LogUObjectHash: Compacting FUObjectHashTables data took   2.70ms
[2020.12.09-02.38.43:941][267]LogSlate: Window 'Delete Assets' being destroyed
[2020.12.09-02.38.45:405][267]LogUObjectGlobals: Force Deleting 1 Package(s):
	Asset Name: /Game/Max/Animations/WalkRun/weapom/Shoot.Shoot
[2020.12.09-02.38.49:707][267]LogUObjectHash: Compacting FUObjectHashTables data took   2.41ms
[2020.12.09-02.38.49:721][267]LogUObjectHash: Compacting FUObjectHashTables data took   1.12ms
[2020.12.09-02.38.49:733][267]LogUObjectHash: Compacting FUObjectHashTables data took   0.33ms
[2020.12.09-02.38.52:280][419]LogAssetEditorSubsystem: Opening Asset editor for AnimSequence /Game/Max/Animations/WalkRun/weapom/Pistol_Idle.Pistol_Idle
[2020.12.09-02.38.52:285][419]LogActorComponent: RegisterComponentWithWorld: (/Engine/Transient.World_9:PersistentLevel.AnimationEditorPreviewActor_0.DebugSkelMeshComponent_0) Already registered. Aborting.
[2020.12.09-02.38.52:410][419]LogSkeletalMesh: USkeletalMeshComponent::InitArticulated : Bodies already created (/Engine/Transient.World_9:PersistentLevel.AnimationEditorPreviewActor_0.DebugSkelMeshComponent_0) - call TermArticulated first.
[2020.12.09-02.38.53:100][419]LogContentBrowser: Verbose: The majority of assets in the view are of type: AnimSequence
[2020.12.09-02.38.54:160][475]LogSlate: Window 'Pistol_Idle' being destroyed
[2020.12.09-02.38.54:175][475]LogSlate: Window 'Pistol_Idle' being destroyed
[2020.12.09-02.38.54:175][475]LogWorld: UWorld::CleanupWorld for World_9, bSessionEnded=true, bCleanupResources=true
[2020.12.09-02.38.54:176][475]LogSlate: InvalidateAllWidgets triggered.  All widgets were invalidated
[2020.12.09-02.38.54:251][475]LogWorld: UWorld::CleanupWorld for World_10, bSessionEnded=true, bCleanupResources=true
[2020.12.09-02.38.54:251][475]LogSlate: InvalidateAllWidgets triggered.  All widgets were invalidated
[2020.12.09-02.38.59:540][908]Cmd: OBJ SAVEPACKAGE PACKAGE="/Game/Max/Animations/WalkRun/weapom/Shoot" FILE="../../../../../Github/TheShadowsFall/ProjectFalls/Content/Max/Animations/WalkRun/weapom/Shoot.uasset" SILENT=true
[2020.12.09-02.38.59:553][908]LogAnimationCompression: Building Anim DDC data for AnimSequence /Game/Max/Animations/WalkRun/weapom/Shoot.Shoot
[2020.12.09-02.38.59:623][908]LogSavePackage: Moving '../../../../../Github/TheShadowsFall/ProjectFalls/Saved/Shoot6AAEF21F4E93724E2EFEE7BFECBA8231.tmp' to '../../../../../Github/TheShadowsFall/ProjectFalls/Content/Max/Animations/WalkRun/weapom/Shoot.uasset'
[2020.12.09-02.38.59:793][908]LogUObjectHash: Compacting FUObjectHashTables data took   2.18ms
[2020.12.09-02.38.59:834][908]LogUObjectHash: Compacting FUObjectHashTables data took   1.44ms
[2020.12.09-02.38.59:846][908]LogUObjectHash: Compacting FUObjectHashTables data took   0.32ms
[2020.12.09-02.38.59:910][908]AssetCheck: New page: Asset Save: Shoot
[2020.12.09-02.38.59:910][908]LogContentValidation: Display: Validating AnimSequence /Game/Max/Animations/WalkRun/weapom/Shoot.Shoot
[2020.12.09-02.39.00:960][983]LogAssetEditorSubsystem: Opening Asset editor for AnimSequence /Game/Max/Animations/WalkRun/weapom/Shoot.Shoot
[2020.12.09-02.39.00:965][983]LogActorComponent: RegisterComponentWithWorld: (/Engine/Transient.World_11:PersistentLevel.AnimationEditorPreviewActor_0.DebugSkelMeshComponent_0) Already registered. Aborting.
[2020.12.09-02.39.01:092][983]LogSkeletalMesh: USkeletalMeshComponent::InitArticulated : Bodies already created (/Engine/Transient.World_11:PersistentLevel.AnimationEditorPreviewActor_0.DebugSkelMeshComponent_0) - call TermArticulated first.
[2020.12.09-02.39.01:413][983]LogContentBrowser: Verbose: The majority of assets in the view are of type: AnimSequence
[2020.12.09-02.40.22:742][614]Cmd: TRANSACTION UNDO
[2020.12.09-02.40.22:742][614]LogEditorTransaction: Undo Rotate Bone
[2020.12.09-02.40.22:839][614]LogActorComponent: RegisterComponentWithWorld: (/Engine/Transient.World_11:PersistentLevel.AnimationEditorPreviewActor_0.DebugSkelMeshComponent_0) Already registered. Aborting.
[2020.12.09-02.41.08:965][993]Cmd: TRANSACTION UNDO
[2020.12.09-02.41.08:965][993]LogEditorTransaction: Undo Rotate Bone
[2020.12.09-02.41.09:039][993]LogActorComponent: RegisterComponentWithWorld: (/Engine/Transient.World_11:PersistentLevel.AnimationEditorPreviewActor_0.DebugSkelMeshComponent_0) Already registered. Aborting.
[2020.12.09-02.41.09:210][996]Cmd: TRANSACTION UNDO
[2020.12.09-02.41.09:211][996]LogEditorTransaction: Undo Rotate Bone
[2020.12.09-02.41.09:283][996]LogActorComponent: RegisterComponentWithWorld: (/Engine/Transient.World_11:PersistentLevel.AnimationEditorPreviewActor_0.DebugSkelMeshComponent_0) Already registered. Aborting.
[2020.12.09-02.41.09:477][999]Cmd: TRANSACTION UNDO
[2020.12.09-02.41.09:478][999]LogEditorTransaction: Undo Rotate Bone
[2020.12.09-02.41.09:549][999]LogActorComponent: RegisterComponentWithWorld: (/Engine/Transient.World_11:PersistentLevel.AnimationEditorPreviewActor_0.DebugSkelMeshComponent_0) Already registered. Aborting.
[2020.12.09-02.41.09:757][  9]Cmd: TRANSACTION UNDO
[2020.12.09-02.41.09:757][  9]LogEditorTransaction: Undo Rotate Bone
[2020.12.09-02.41.09:830][  9]LogActorComponent: RegisterComponentWithWorld: (/Engine/Transient.World_11:PersistentLevel.AnimationEditorPreviewActor_0.DebugSkelMeshComponent_0) Already registered. Aborting.
[2020.12.09-02.41.10:215][ 31]Cmd: TRANSACTION UNDO
[2020.12.09-02.41.10:215][ 31]LogEditorTransaction: Undo Rotate Bone
[2020.12.09-02.41.10:290][ 31]LogActorComponent: RegisterComponentWithWorld: (/Engine/Transient.World_11:PersistentLevel.AnimationEditorPreviewActor_0.DebugSkelMeshComponent_0) Already registered. Aborting.
[2020.12.09-02.41.10:408][ 37]Cmd: TRANSACTION UNDO
[2020.12.09-02.41.10:408][ 37]LogEditorTransaction: Undo Rotate Bone
[2020.12.09-02.41.10:481][ 37]LogActorComponent: RegisterComponentWithWorld: (/Engine/Transient.World_11:PersistentLevel.AnimationEditorPreviewActor_0.DebugSkelMeshComponent_0) Already registered. Aborting.
[2020.12.09-02.41.10:599][ 43]Cmd: TRANSACTION UNDO
[2020.12.09-02.41.10:599][ 43]LogEditorTransaction: Undo Rotate Bone
[2020.12.09-02.41.10:672][ 43]LogActorComponent: RegisterComponentWithWorld: (/Engine/Transient.World_11:PersistentLevel.AnimationEditorPreviewActor_0.DebugSkelMeshComponent_0) Already registered. Aborting.
[2020.12.09-02.41.10:791][ 49]Cmd: TRANSACTION UNDO
[2020.12.09-02.41.10:791][ 49]LogEditorTransaction: Undo Rotate Bone
[2020.12.09-02.41.10:865][ 49]LogActorComponent: RegisterComponentWithWorld: (/Engine/Transient.World_11:PersistentLevel.AnimationEditorPreviewActor_0.DebugSkelMeshComponent_0) Already registered. Aborting.
[2020.12.09-02.41.10:970][ 54]Cmd: TRANSACTION UNDO
[2020.12.09-02.41.10:970][ 54]LogEditorTransaction: Undo Rotate Bone
[2020.12.09-02.41.11:042][ 54]LogActorComponent: RegisterComponentWithWorld: (/Engine/Transient.World_11:PersistentLevel.AnimationEditorPreviewActor_0.DebugSkelMeshComponent_0) Already registered. Aborting.
[2020.12.09-02.41.11:162][ 60]Cmd: TRANSACTION UNDO
[2020.12.09-02.41.11:162][ 60]LogEditorTransaction: Undo Rotate Bone
[2020.12.09-02.41.11:237][ 60]LogActorComponent: RegisterComponentWithWorld: (/Engine/Transient.World_11:PersistentLevel.AnimationEditorPreviewActor_0.DebugSkelMeshComponent_0) Already registered. Aborting.
[2020.12.09-02.41.11:370][ 67]Cmd: TRANSACTION UNDO
[2020.12.09-02.41.11:370][ 67]LogEditorTransaction: Undo Rotate Bone
[2020.12.09-02.41.11:444][ 67]LogActorComponent: RegisterComponentWithWorld: (/Engine/Transient.World_11:PersistentLevel.AnimationEditorPreviewActor_0.DebugSkelMeshComponent_0) Already registered. Aborting.
[2020.12.09-02.41.11:549][ 72]Cmd: TRANSACTION UNDO
[2020.12.09-02.41.11:549][ 72]LogEditorTransaction: Undo Set Key
[2020.12.09-02.41.11:624][ 72]LogActorComponent: RegisterComponentWithWorld: (/Engine/Transient.World_11:PersistentLevel.AnimationEditorPreviewActor_0.DebugSkelMeshComponent_0) Already registered. Aborting.
[2020.12.09-02.41.11:766][ 76]Cmd: TRANSACTION UNDO
[2020.12.09-02.41.11:766][ 76]LogEditorTransaction: Undo Set Key
[2020.12.09-02.41.11:841][ 76]LogActorComponent: RegisterComponentWithWorld: (/Engine/Transient.World_11:PersistentLevel.AnimationEditorPreviewActor_0.DebugSkelMeshComponent_0) Already registered. Aborting.
[2020.12.09-02.41.12:012][ 85]Cmd: TRANSACTION UNDO
[2020.12.09-02.41.12:012][ 85]LogEditorTransaction: Undo Set Key
[2020.12.09-02.41.12:088][ 85]LogActorComponent: RegisterComponentWithWorld: (/Engine/Transient.World_11:PersistentLevel.AnimationEditorPreviewActor_0.DebugSkelMeshComponent_0) Already registered. Aborting.
[2020.12.09-02.41.12:461][106]Cmd: TRANSACTION UNDO
[2020.12.09-02.41.12:461][106]LogEditorTransaction: Undo Set Key
[2020.12.09-02.41.12:536][106]LogActorComponent: RegisterComponentWithWorld: (/Engine/Transient.World_11:PersistentLevel.AnimationEditorPreviewActor_0.DebugSkelMeshComponent_0) Already registered. Aborting.
[2020.12.09-02.41.12:646][111]Cmd: TRANSACTION UNDO
[2020.12.09-02.41.12:646][111]LogEditorTransaction: Undo Set Key
[2020.12.09-02.41.12:721][111]LogActorComponent: RegisterComponentWithWorld: (/Engine/Transient.World_11:PersistentLevel.AnimationEditorPreviewActor_0.DebugSkelMeshComponent_0) Already registered. Aborting.
[2020.12.09-02.42.13:868][300]Cmd: TRANSACTION UNDO
[2020.12.09-02.42.13:868][300]LogEditorTransaction: Undo Set Key
[2020.12.09-02.42.13:954][300]LogActorComponent: RegisterComponentWithWorld: (/Engine/Transient.World_11:PersistentLevel.AnimationEditorPreviewActor_0.DebugSkelMeshComponent_0) Already registered. Aborting.
[2020.12.09-02.42.16:443][417]Cmd: TRANSACTION UNDO
[2020.12.09-02.42.16:443][417]LogEditorTransaction: Undo Rotate Bone
[2020.12.09-02.42.16:518][417]LogActorComponent: RegisterComponentWithWorld: (/Engine/Transient.World_11:PersistentLevel.AnimationEditorPreviewActor_0.DebugSkelMeshComponent_0) Already registered. Aborting.
[2020.12.09-02.42.17:094][443]Cmd: TRANSACTION UNDO
[2020.12.09-02.42.17:094][443]LogEditorTransaction: Undo Rotate Bone
[2020.12.09-02.42.17:169][443]LogActorComponent: RegisterComponentWithWorld: (/Engine/Transient.World_11:PersistentLevel.AnimationEditorPreviewActor_0.DebugSkelMeshComponent_0) Already registered. Aborting.
[2020.12.09-02.42.17:593][465]Cmd: TRANSACTION UNDO
[2020.12.09-02.42.17:593][465]LogEditorTransaction: Undo Rotate Bone
[2020.12.09-02.42.17:667][465]LogActorComponent: RegisterComponentWithWorld: (/Engine/Transient.World_11:PersistentLevel.AnimationEditorPreviewActor_0.DebugSkelMeshComponent_0) Already registered. Aborting.
[2020.12.09-02.42.18:186][492]Cmd: TRANSACTION UNDO
[2020.12.09-02.42.18:186][492]LogEditorTransaction: Undo Rotate Bone
[2020.12.09-02.42.18:261][492]LogActorComponent: RegisterComponentWithWorld: (/Engine/Transient.World_11:PersistentLevel.AnimationEditorPreviewActor_0.DebugSkelMeshComponent_0) Already registered. Aborting.
[2020.12.09-02.42.18:625][511]Cmd: TRANSACTION UNDO
[2020.12.09-02.42.18:625][511]LogEditorTransaction: Undo Rotate Bone
[2020.12.09-02.42.18:700][511]LogActorComponent: RegisterComponentWithWorld: (/Engine/Transient.World_11:PersistentLevel.AnimationEditorPreviewActor_0.DebugSkelMeshComponent_0) Already registered. Aborting.
[2020.12.09-02.42.19:198][537]Cmd: TRANSACTION UNDO
[2020.12.09-02.42.19:199][537]LogEditorTransaction: Undo Rotate Bone
[2020.12.09-02.42.19:274][537]LogActorComponent: RegisterComponentWithWorld: (/Engine/Transient.World_11:PersistentLevel.AnimationEditorPreviewActor_0.DebugSkelMeshComponent_0) Already registered. Aborting.
[2020.12.09-02.42.19:625][555]Cmd: TRANSACTION UNDO
[2020.12.09-02.42.19:625][555]LogEditorTransaction: Undo Rotate Bone
[2020.12.09-02.42.19:699][555]LogActorComponent: RegisterComponentWithWorld: (/Engine/Transient.World_11:PersistentLevel.AnimationEditorPreviewActor_0.DebugSkelMeshComponent_0) Already registered. Aborting.
[2020.12.09-02.42.20:063][574]Cmd: TRANSACTION UNDO
[2020.12.09-02.42.20:063][574]LogEditorTransaction: Undo Rotate Bone
[2020.12.09-02.42.20:138][574]LogActorComponent: RegisterComponentWithWorld: (/Engine/Transient.World_11:PersistentLevel.AnimationEditorPreviewActor_0.DebugSkelMeshComponent_0) Already registered. Aborting.
[2020.12.09-02.42.20:487][592]Cmd: TRANSACTION UNDO
[2020.12.09-02.42.20:487][592]LogEditorTransaction: Undo Rotate Bone
[2020.12.09-02.42.20:562][592]LogActorComponent: RegisterComponentWithWorld: (/Engine/Transient.World_11:PersistentLevel.AnimationEditorPreviewActor_0.DebugSkelMeshComponent_0) Already registered. Aborting.
[2020.12.09-02.42.20:893][609]Cmd: TRANSACTION UNDO
[2020.12.09-02.42.20:893][609]LogEditorTransaction: Undo Rotate Bone
[2020.12.09-02.42.20:968][609]LogActorComponent: RegisterComponentWithWorld: (/Engine/Transient.World_11:PersistentLevel.AnimationEditorPreviewActor_0.DebugSkelMeshComponent_0) Already registered. Aborting.
[2020.12.09-02.42.21:356][629]Cmd: TRANSACTION UNDO
[2020.12.09-02.42.21:356][629]LogEditorTransaction: Undo Rotate Bone
[2020.12.09-02.42.21:430][629]LogActorComponent: RegisterComponentWithWorld: (/Engine/Transient.World_11:PersistentLevel.AnimationEditorPreviewActor_0.DebugSkelMeshComponent_0) Already registered. Aborting.
[2020.12.09-02.42.21:759][646]Cmd: TRANSACTION UNDO
[2020.12.09-02.42.21:759][646]LogEditorTransaction: Undo Rotate Bone
[2020.12.09-02.42.21:834][646]LogActorComponent: RegisterComponentWithWorld: (/Engine/Transient.World_11:PersistentLevel.AnimationEditorPreviewActor_0.DebugSkelMeshComponent_0) Already registered. Aborting.
[2020.12.09-02.42.23:914][755]Cmd: TRANSACTION UNDO
[2020.12.09-02.42.23:914][755]LogEditorTransaction: Undo Set Key
[2020.12.09-02.42.23:990][755]LogActorComponent: RegisterComponentWithWorld: (/Engine/Transient.World_11:PersistentLevel.AnimationEditorPreviewActor_0.DebugSkelMeshComponent_0) Already registered. Aborting.
[2020.12.09-02.42.25:031][809]Cmd: TRANSACTION UNDO
[2020.12.09-02.42.25:031][809]LogEditorTransaction: Undo Set Key
[2020.12.09-02.42.25:106][809]LogActorComponent: RegisterComponentWithWorld: (/Engine/Transient.World_11:PersistentLevel.AnimationEditorPreviewActor_0.DebugSkelMeshComponent_0) Already registered. Aborting.
[2020.12.09-02.42.25:461][827]Cmd: TRANSACTION UNDO
[2020.12.09-02.42.25:461][827]LogEditorTransaction: Undo Set Key
[2020.12.09-02.42.25:537][827]LogActorComponent: RegisterComponentWithWorld: (/Engine/Transient.World_11:PersistentLevel.AnimationEditorPreviewActor_0.DebugSkelMeshComponent_0) Already registered. Aborting.
[2020.12.09-02.42.25:743][837]Cmd: TRANSACTION UNDO
[2020.12.09-02.42.25:743][837]LogEditorTransaction: Undo Clicking on Actors
[2020.12.09-02.42.25:818][837]LogActorComponent: RegisterComponentWithWorld: (/Engine/Transient.World_11:PersistentLevel.AnimationEditorPreviewActor_0.DebugSkelMeshComponent_0) Already registered. Aborting.
[2020.12.09-02.43.10:526][825]Cmd: TRANSACTION UNDO
[2020.12.09-02.43.10:527][825]LogEditorTransaction: Undo Set Key
[2020.12.09-02.43.10:612][825]LogActorComponent: RegisterComponentWithWorld: (/Engine/Transient.World_11:PersistentLevel.AnimationEditorPreviewActor_0.DebugSkelMeshComponent_0) Already registered. Aborting.
[2020.12.09-02.43.10:879][829]Cmd: TRANSACTION UNDO
[2020.12.09-02.43.10:879][829]LogEditorTransaction: Undo Rotate Bone
[2020.12.09-02.43.10:953][829]LogActorComponent: RegisterComponentWithWorld: (/Engine/Transient.World_11:PersistentLevel.AnimationEditorPreviewActor_0.DebugSkelMeshComponent_0) Already registered. Aborting.
[2020.12.09-02.43.12:700][942]Cmd: TRANSACTION UNDO
[2020.12.09-02.43.12:700][942]LogEditorTransaction: Undo Rotate Bone
[2020.12.09-02.43.12:774][942]LogActorComponent: RegisterComponentWithWorld: (/Engine/Transient.World_11:PersistentLevel.AnimationEditorPreviewActor_0.DebugSkelMeshComponent_0) Already registered. Aborting.
[2020.12.09-02.43.12:880][948]Cmd: TRANSACTION UNDO
[2020.12.09-02.43.12:880][948]LogEditorTransaction: Undo Rotate Bone
[2020.12.09-02.43.12:954][948]LogActorComponent: RegisterComponentWithWorld: (/Engine/Transient.World_11:PersistentLevel.AnimationEditorPreviewActor_0.DebugSkelMeshComponent_0) Already registered. Aborting.
[2020.12.09-02.43.13:138][960]Cmd: TRANSACTION UNDO
[2020.12.09-02.43.13:138][960]LogEditorTransaction: Undo Rotate Bone
[2020.12.09-02.43.13:214][960]LogActorComponent: RegisterComponentWithWorld: (/Engine/Transient.World_11:PersistentLevel.AnimationEditorPreviewActor_0.DebugSkelMeshComponent_0) Already registered. Aborting.
[2020.12.09-02.43.13:342][968]Cmd: TRANSACTION UNDO
[2020.12.09-02.43.13:342][968]LogEditorTransaction: Undo Set Key
[2020.12.09-02.43.13:417][968]LogActorComponent: RegisterComponentWithWorld: (/Engine/Transient.World_11:PersistentLevel.AnimationEditorPreviewActor_0.DebugSkelMeshComponent_0) Already registered. Aborting.
[2020.12.09-02.43.13:547][975]Cmd: TRANSACTION UNDO
[2020.12.09-02.43.13:547][975]LogEditorTransaction: Undo Set Key
[2020.12.09-02.43.13:622][975]LogActorComponent: RegisterComponentWithWorld: (/Engine/Transient.World_11:PersistentLevel.AnimationEditorPreviewActor_0.DebugSkelMeshComponent_0) Already registered. Aborting.
[2020.12.09-02.43.13:925][995]Cmd: TRANSACTION UNDO
[2020.12.09-02.43.13:925][995]LogEditorTransaction: Undo Set Key
[2020.12.09-02.43.14:002][995]LogActorComponent: RegisterComponentWithWorld: (/Engine/Transient.World_11:PersistentLevel.AnimationEditorPreviewActor_0.DebugSkelMeshComponent_0) Already registered. Aborting.
[2020.12.09-02.43.16:146][144]Cmd: TRANSACTION UNDO
[2020.12.09-02.43.16:146][144]LogEditorTransaction: Undo Set Key
[2020.12.09-02.43.16:224][144]LogActorComponent: RegisterComponentWithWorld: (/Engine/Transient.World_11:PersistentLevel.AnimationEditorPreviewActor_0.DebugSkelMeshComponent_0) Already registered. Aborting.
[2020.12.09-02.43.39:456][666]Cmd: TRANSACTION UNDO
[2020.12.09-02.43.39:456][666]LogEditorTransaction: Undo Rotate Bone
[2020.12.09-02.43.39:538][666]LogActorComponent: RegisterComponentWithWorld: (/Engine/Transient.World_11:PersistentLevel.AnimationEditorPreviewActor_0.DebugSkelMeshComponent_0) Already registered. Aborting.
[2020.12.09-02.43.39:711][669]Cmd: TRANSACTION UNDO
[2020.12.09-02.43.39:711][669]LogEditorTransaction: Undo Rotate Bone
[2020.12.09-02.43.39:783][669]LogActorComponent: RegisterComponentWithWorld: (/Engine/Transient.World_11:PersistentLevel.AnimationEditorPreviewActor_0.DebugSkelMeshComponent_0) Already registered. Aborting.
[2020.12.09-02.43.39:868][670]Cmd: TRANSACTION UNDO
[2020.12.09-02.43.39:868][670]LogEditorTransaction: Undo Rotate Bone
[2020.12.09-02.43.39:941][670]LogActorComponent: RegisterComponentWithWorld: (/Engine/Transient.World_11:PersistentLevel.AnimationEditorPreviewActor_0.DebugSkelMeshComponent_0) Already registered. Aborting.
[2020.12.09-02.43.40:801][725]Cmd: TRANSACTION UNDO
[2020.12.09-02.43.40:801][725]LogEditorTransaction: Undo Rotate Bone
[2020.12.09-02.43.40:877][725]LogActorComponent: RegisterComponentWithWorld: (/Engine/Transient.World_11:PersistentLevel.AnimationEditorPreviewActor_0.DebugSkelMeshComponent_0) Already registered. Aborting.
[2020.12.09-02.43.40:996][732]Cmd: TRANSACTION UNDO
[2020.12.09-02.43.40:996][732]LogEditorTransaction: Undo Set Key
[2020.12.09-02.43.41:073][732]LogActorComponent: RegisterComponentWithWorld: (/Engine/Transient.World_11:PersistentLevel.AnimationEditorPreviewActor_0.DebugSkelMeshComponent_0) Already registered. Aborting.
[2020.12.09-02.43.41:159][735]Cmd: TRANSACTION UNDO
[2020.12.09-02.43.41:159][735]LogEditorTransaction: Undo Set Key
[2020.12.09-02.43.41:233][735]LogActorComponent: RegisterComponentWithWorld: (/Engine/Transient.World_11:PersistentLevel.AnimationEditorPreviewActor_0.DebugSkelMeshComponent_0) Already registered. Aborting.
[2020.12.09-02.43.51:228][473]LogAnimationCompression: Building Anim DDC data for AnimSequence /Game/Max/Animations/WalkRun/weapom/Shoot.Shoot
[2020.12.09-02.44.15:575][127]Cmd: TRANSACTION UNDO
[2020.12.09-02.44.15:575][127]LogEditorTransaction: Undo Rotate Bone
[2020.12.09-02.44.15:662][127]LogActorComponent: RegisterComponentWithWorld: (/Engine/Transient.World_11:PersistentLevel.AnimationEditorPreviewActor_0.DebugSkelMeshComponent_0) Already registered. Aborting.
[2020.12.09-02.44.17:106][199]Cmd: TRANSACTION UNDO
[2020.12.09-02.44.17:106][199]LogEditorTransaction: Undo Rotate Bone
[2020.12.09-02.44.17:180][199]LogActorComponent: RegisterComponentWithWorld: (/Engine/Transient.World_11:PersistentLevel.AnimationEditorPreviewActor_0.DebugSkelMeshComponent_0) Already registered. Aborting.
[2020.12.09-02.44.17:628][229]Cmd: TRANSACTION UNDO
[2020.12.09-02.44.17:628][229]LogEditorTransaction: Undo Set Key
[2020.12.09-02.44.17:703][229]LogActorComponent: RegisterComponentWithWorld: (/Engine/Transient.World_11:PersistentLevel.AnimationEditorPreviewActor_0.DebugSkelMeshComponent_0) Already registered. Aborting.
[2020.12.09-02.44.18:135][257]Cmd: TRANSACTION UNDO
[2020.12.09-02.44.18:135][257]LogEditorTransaction: Undo Set Key
[2020.12.09-02.44.18:211][257]LogActorComponent: RegisterComponentWithWorld: (/Engine/Transient.World_11:PersistentLevel.AnimationEditorPreviewActor_0.DebugSkelMeshComponent_0) Already registered. Aborting.
[2020.12.09-02.44.18:582][281]Cmd: TRANSACTION UNDO
[2020.12.09-02.44.18:582][281]LogEditorTransaction: Undo Crop Animation Sequence
[2020.12.09-02.44.18:658][281]LogActorComponent: RegisterComponentWithWorld: (/Engine/Transient.World_11:PersistentLevel.AnimationEditorPreviewActor_0.DebugSkelMeshComponent_0) Already registered. Aborting.
[2020.12.09-02.44.31:195][263]LogAnimationCompression: Building Anim DDC data for AnimSequence /Game/Max/Animations/WalkRun/weapom/Shoot.Shoot
[2020.12.09-02.44.40:796][  2]LogAnimationCompression: Building Anim DDC data for AnimSequence /Game/Max/Animations/WalkRun/weapom/Shoot.Shoot
[2020.12.09-02.44.54:266][112]LogAnimationCompression: Building Anim DDC data for AnimSequence /Game/Max/Animations/WalkRun/weapom/Shoot.Shoot
[2020.12.09-02.45.46:034][586]LogUObjectHash: Compacting FUObjectHashTables data took   1.66ms
[2020.12.09-02.45.46:068][586]Cmd: OBJ SAVEPACKAGE PACKAGE="/Game/Max/Animations/WalkRun/weapom/Shoot" FILE="../../../../../Github/TheShadowsFall/ProjectFalls/Content/Max/Animations/WalkRun/weapom/Shoot.uasset" SILENT=true
[2020.12.09-02.45.46:129][586]LogAnimationCompression: Building Anim DDC data for AnimSequence /Game/Max/Animations/WalkRun/weapom/Shoot.Shoot
[2020.12.09-02.45.46:180][586]LogSavePackage: Moving '../../../../../Github/TheShadowsFall/ProjectFalls/Saved/ShootC46C1A1642A44CA46182528147A133AC.tmp' to '../../../../../Github/TheShadowsFall/ProjectFalls/Content/Max/Animations/WalkRun/weapom/Shoot.uasset'
[2020.12.09-02.45.46:204][586]AssetCheck: New page: Asset Save: Shoot
[2020.12.09-02.45.46:204][586]LogContentValidation: Display: Validating AnimSequence /Game/Max/Animations/WalkRun/weapom/Shoot.Shoot
[2020.12.09-02.45.47:910][723]LogUObjectHash: Compacting FUObjectHashTables data took   1.09ms
[2020.12.09-02.45.49:128][806]Cmd: OBJ SAVEPACKAGE PACKAGE="/Game/Max/Animations/WalkRun/weapom/Shoot" FILE="../../../../../Github/TheShadowsFall/ProjectFalls/Content/Max/Animations/WalkRun/weapom/Shoot.uasset" SILENT=true
[2020.12.09-02.45.49:145][806]LogSavePackage: Moving '../../../../../Github/TheShadowsFall/ProjectFalls/Saved/Shoot054BC2314140DBB6744EC6A808D1FF43.tmp' to '../../../../../Github/TheShadowsFall/ProjectFalls/Content/Max/Animations/WalkRun/weapom/Shoot.uasset'
[2020.12.09-02.45.49:166][806]AssetCheck: New page: Asset Save: Shoot
[2020.12.09-02.45.49:166][806]LogContentValidation: Display: Validating AnimSequence /Game/Max/Animations/WalkRun/weapom/Shoot.Shoot
[2020.12.09-02.46.45:095][501]Cmd: OBJ SAVEPACKAGE PACKAGE="/Game/Max/Animations/WalkRun/weapom/Shoot" FILE="../../../../../Github/TheShadowsFall/ProjectFalls/Content/Max/Animations/WalkRun/weapom/Shoot.uasset" SILENT=true
[2020.12.09-02.46.45:108][501]LogAnimationCompression: Building Anim DDC data for AnimSequence /Game/Max/Animations/WalkRun/weapom/Shoot.Shoot
[2020.12.09-02.46.45:125][501]LogSavePackage: Moving '../../../../../Github/TheShadowsFall/ProjectFalls/Saved/ShootF7EB1C834D64DB83DD817198FEA285F4.tmp' to '../../../../../Github/TheShadowsFall/ProjectFalls/Content/Max/Animations/WalkRun/weapom/Shoot.uasset'
[2020.12.09-02.46.45:145][501]AssetCheck: New page: Asset Save: Shoot
[2020.12.09-02.46.45:145][501]LogContentValidation: Display: Validating AnimSequence /Game/Max/Animations/WalkRun/weapom/Shoot.Shoot
[2020.12.09-02.46.47:211][642]LogSlate: Window 'Shoot' being destroyed
[2020.12.09-02.46.47:217][642]LogSlate: Window 'Shoot' being destroyed
[2020.12.09-02.46.47:217][642]LogWorld: UWorld::CleanupWorld for World_11, bSessionEnded=true, bCleanupResources=true
[2020.12.09-02.46.47:217][642]LogSlate: InvalidateAllWidgets triggered.  All widgets were invalidated
[2020.12.09-02.46.47:410][642]LogWorld: UWorld::CleanupWorld for World_12, bSessionEnded=true, bCleanupResources=true
[2020.12.09-02.46.47:410][642]LogSlate: InvalidateAllWidgets triggered.  All widgets were invalidated
[2020.12.09-02.47.02:204][843]LogAssetEditorSubsystem: Opening Asset editor for AnimBlueprint /Game/Max/Animations/Max_Blueprint.Max_Blueprint
[2020.12.09-02.47.02:226][843]LogActorComponent: RegisterComponentWithWorld: (/Engine/Transient.World_14:PersistentLevel.AnimationEditorPreviewActor_0.DebugSkelMeshComponent_0) Already registered. Aborting.
[2020.12.09-02.47.02:649][843]LogSkeletalMesh: USkeletalMeshComponent::InitArticulated : Bodies already created (/Engine/Transient.World_14:PersistentLevel.AnimationEditorPreviewActor_0.DebugSkelMeshComponent_0) - call TermArticulated first.
[2020.12.09-02.47.03:020][843]LogContentBrowser: Verbose: The majority of assets in the view are of type: AnimSequence
[2020.12.09-02.47.17:210][108]LogAnimationCompression: Building Anim DDC data for AnimSequence /Game/Max/MaxNew/MAX_new_Anim_mixamo_com.MAX_new_Anim_mixamo_com
[2020.12.09-02.47.51:617][200]BlueprintLog: New page: Compile Max_Blueprint
[2020.12.09-02.47.51:647][200]LogBlueprint: Warning: [Compiler Max_Blueprint] Max_Pistol_2 to Shoot_Pistol  will never be taken, please connect something to  Can Enter Transition
[2020.12.09-02.47.51:647][200]LogBlueprint: Warning: [Compiler Max_Blueprint] Shoot_Pistol to Max_Pistol_2  will never be taken, please connect something to  Can Enter Transition
[2020.12.09-02.47.51:688][200]LogUObjectHash: Compacting FUObjectHashTables data took   2.08ms
[2020.12.09-02.47.51:773][200]LogSlate: Took 0.030865 seconds to synchronously load lazily loaded font '../../../Engine/Content/Slate/Fonts/DroidSansMono.ttf' (77K)
[2020.12.09-02.47.53:850][373]BlueprintLog: New page: Compile Max_Blueprint
[2020.12.09-02.47.53:858][373]LogBlueprint: Warning: [Compiler Max_Blueprint] Max_Pistol_2 to Shoot_Pistol  will never be taken, please connect something to  Can Enter Transition
[2020.12.09-02.47.53:858][373]LogBlueprint: Warning: [Compiler Max_Blueprint] Shoot_Pistol to Max_Pistol_2  will never be taken, please connect something to  Can Enter Transition
[2020.12.09-02.47.53:892][373]LogUObjectHash: Compacting FUObjectHashTables data took   1.93ms
[2020.12.09-02.47.54:894][455]LogUObjectHash: Compacting FUObjectHashTables data took   1.86ms
[2020.12.09-02.47.54:926][455]Cmd: OBJ SAVEPACKAGE PACKAGE="/Game/Max/Animations/Max_Blueprint" FILE="../../../../../Github/TheShadowsFall/ProjectFalls/Content/Max/Animations/Max_Blueprint.uasset" SILENT=true
[2020.12.09-02.47.55:052][455]LogSavePackage: Moving '../../../../../Github/TheShadowsFall/ProjectFalls/Saved/Max_Blueprint89DF812842C85FE0FD458EA124F86493.tmp' to '../../../../../Github/TheShadowsFall/ProjectFalls/Content/Max/Animations/Max_Blueprint.uasset'
[2020.12.09-02.47.55:074][455]AssetCheck: New page: Asset Save: Max_Blueprint
[2020.12.09-02.47.55:074][455]LogContentValidation: Display: Validating AnimBlueprint /Game/Max/Animations/Max_Blueprint.Max_Blueprint
[2020.12.09-02.48.01:665][ 23]LogRHI: Error: Present Fail Count 1
[2020.12.09-02.48.01:665][ 23]LogRHI: Error: SyncInterval 0
[2020.12.09-02.48.01:665][ 23]LogRHI: Error: SwapChainDesc.BufferDesc.Width 302
[2020.12.09-02.48.01:665][ 23]LogRHI: Error: SwapChainDesc.BufferDesc.Height 26
[2020.12.09-02.48.01:665][ 23]LogRHI: Error: SwapChainDesc.BufferDesc.RefreshRate.Numerator 0
[2020.12.09-02.48.01:665][ 23]LogRHI: Error: SwapChainDesc.BufferDesc.RefreshRate.Denominator 0
[2020.12.09-02.48.01:665][ 23]LogRHI: Error: SwapChainDesc.BufferDesc.Format 24
[2020.12.09-02.48.01:665][ 23]LogRHI: Error: SwapChainDesc.BufferDesc.ScanlineOrdering 0
[2020.12.09-02.48.01:665][ 23]LogRHI: Error: SwapChainDesc.BufferDesc.Scaling 0
[2020.12.09-02.48.01:665][ 23]LogRHI: Error: SwapChainDesc.SampleDesc.Count 1
[2020.12.09-02.48.01:665][ 23]LogRHI: Error: SwapChainDesc.SampleDesc.Quality 0
[2020.12.09-02.48.01:665][ 23]LogRHI: Error: SwapChainDesc.BufferUsage 48
[2020.12.09-02.48.01:665][ 23]LogRHI: Error: SwapChainDesc.BufferCount 2
[2020.12.09-02.48.01:665][ 23]LogRHI: Error: SwapChainDesc.OutputWindow 00000000009E052A
[2020.12.09-02.48.01:665][ 23]LogRHI: Error: SwapChainDesc.Windowed true
[2020.12.09-02.48.01:665][ 23]LogRHI: Error: SwapChainDesc.SwapEffect 4
[2020.12.09-02.48.01:665][ 23]LogRHI: Error: SwapChainDesc.Flags 2050
[2020.12.09-02.48.01:665][ 23]LogD3D11RHI: Error: Result failed 
 at D:/Build/++UE4/Sync/Engine/Source/Runtime/Windows/D3D11RHI/Private/D3D11Query.cpp:348 
 with error DXGI_ERROR_DEVICE_REMOVED DXGI_ERROR_DRIVER_INTERNAL_ERROR
[2020.12.09-02.48.01:666][ 23]LogD3D11RHI: [Aftermath] GDynamicRHI=0000019A517D40C0, GDX11NVAfterMathEnabled=0, Result=0xFFFFFFFF, bDeviceActive=0
[2020.12.09-02.48.01:666][ 23]LogWindows: Windows GetLastError: A operação foi concluída com êxito. (0)
[2020.12.09-02.48.06:050][ 23]LogWindows: FPlatformMisc::RequestExit(0)
[2020.12.09-02.48.06:050][ 23]LogCore: Engine exit requested (reason: Win RequestExit)
[2020.12.09-02.48.06:050][ 23]LogWindows: FPlatformMisc::RequestExit(1)
[2020.12.09-02.48.06:050][ 23]LogCore: Engine exit requested (reason: Win RequestExit; note: exit was already requested)
[2020.12.09-02.48.06:089][ 23]Log file closed, 12/08/20 23:48:06
