Log file open, 12/06/20 22:51:49
LogInit: Display: Running engine for game: ProjectFalls
LogPlatformFile: Not using cached read wrapper
LogTaskGraph: Started task graph with 5 named threads and 20 total threads with 3 sets of task threads.
LogStats: Stats thread started at 0.209126
LogD3D11RHI: Loaded GFSDK_Aftermath_Lib.x64.dll
LogICUInternationalization: ICU TimeZone Detection - Raw Offset: -3:00, Platform Override: ''
LogPluginManager: Mounting plugin Paper2D
LogPluginManager: Mounting plugin AISupport
LogPluginManager: Mounting plugin LightPropagationVolume
LogPluginManager: Mounting plugin CameraShakePreviewer
LogPluginManager: Mounting plugin ActorLayerUtilities
LogPluginManager: Mounting plugin AnimationSharing
LogPluginManager: Mounting plugin CLionSourceCodeAccess
LogPluginManager: Mounting plugin CodeLiteSourceCodeAccess
LogPluginManager: Mounting plugin GitSourceControl
LogPluginManager: Mounting plugin KDevelopSourceCodeAccess
LogPluginManager: Mounting plugin NullSourceCodeAccess
LogPluginManager: Mounting plugin PerforceSourceControl
LogPluginManager: Mounting plugin PlasticSourceControl
LogPluginManager: Mounting plugin RiderSourceCodeAccess
LogPluginManager: Mounting plugin SubversionSourceControl
LogPluginManager: Mounting plugin UObjectPlugin
LogPluginManager: Mounting plugin VisualStudioCodeSourceCodeAccess
LogPluginManager: Mounting plugin VisualStudioSourceCodeAccess
LogPluginManager: Mounting plugin XCodeSourceCodeAccess
LogPluginManager: Mounting plugin AssetManagerEditor
LogPluginManager: Mounting plugin CryptoKeys
LogPluginManager: Mounting plugin CurveEditorTools
LogPluginManager: Mounting plugin DataValidation
LogPluginManager: Mounting plugin EditorScriptingUtilities
LogPluginManager: Mounting plugin FacialAnimation
LogPluginManager: Mounting plugin GameplayTagsEditor
LogPluginManager: Mounting plugin GeometryMode
LogPluginManager: Mounting plugin MacGraphicsSwitching
LogPluginManager: Mounting plugin MaterialAnalyzer
LogPluginManager: Mounting plugin MobileLauncherProfileWizard
LogPluginManager: Mounting plugin PluginBrowser
LogPluginManager: Mounting plugin SpeedTreeImporter
LogPluginManager: Mounting plugin DatasmithContent
LogPluginManager: Mounting plugin VariantManagerContent
LogPluginManager: Mounting plugin AlembicImporter
LogPluginManager: Mounting plugin AutomationUtils
LogPluginManager: Mounting plugin BackChannel
LogPluginManager: Mounting plugin ChaosCloth
LogPluginManager: Mounting plugin ChaosClothEditor
LogPluginManager: Mounting plugin ChaosEditor
LogPluginManager: Mounting plugin ChaosNiagara
LogPluginManager: Mounting plugin ChaosSolverPlugin
LogPluginManager: Mounting plugin CharacterAI
LogPluginManager: Mounting plugin GeometryCache
LogPluginManager: Mounting plugin GeometryCollectionPlugin
LogPluginManager: Mounting plugin GeometryProcessing
LogPluginManager: Mounting plugin PlanarCut
LogPluginManager: Mounting plugin PlatformCrypto
LogPluginManager: Mounting plugin ProxyLODPlugin
LogPluginManager: Mounting plugin SkeletalReduction
LogPluginManager: Mounting plugin Niagara
LogPluginManager: Mounting plugin MagicLeap
LogPluginManager: Mounting plugin MagicLeapLightEstimation
LogPluginManager: Mounting plugin MagicLeapMedia
LogPluginManager: Mounting plugin MagicLeapPassableWorld
LogPluginManager: Mounting plugin MLSDK
LogPluginManager: Mounting plugin AndroidMedia
LogPluginManager: Mounting plugin AvfMedia
LogPluginManager: Mounting plugin ImgMedia
LogPluginManager: Mounting plugin MediaCompositing
LogPluginManager: Mounting plugin MediaPlayerEditor
LogPluginManager: Mounting plugin WebMMedia
LogPluginManager: Mounting plugin WmfMedia
LogPluginManager: Mounting plugin MeshPainting
LogPluginManager: Mounting plugin TcpMessaging
LogPluginManager: Mounting plugin UdpMessaging
LogPluginManager: Mounting plugin ActorSequence
LogPluginManager: Mounting plugin LevelSequenceEditor
LogPluginManager: Mounting plugin MatineeToLevelSequence
LogPluginManager: Mounting plugin MovieRenderPipeline
LogPluginManager: Mounting plugin TemplateSequence
LogPluginManager: Mounting plugin NetcodeUnitTest
LogPluginManager: Mounting plugin NUTUnrealEngine4
LogPluginManager: Mounting plugin OnlineSubsystemGooglePlay
LogPluginManager: Mounting plugin OnlineSubsystemIOS
LogPluginManager: Mounting plugin OnlineSubsystem
LogPluginManager: Mounting plugin OnlineSubsystemNull
LogPluginManager: Mounting plugin OnlineSubsystemUtils
LogPluginManager: Mounting plugin LauncherChunkInstaller
LogPluginManager: Mounting plugin AndroidDeviceProfileSelector
LogPluginManager: Mounting plugin AndroidMoviePlayer
LogPluginManager: Mounting plugin AndroidPermission
LogPluginManager: Mounting plugin AppleImageUtils
LogPluginManager: Mounting plugin AppleMoviePlayer
LogPluginManager: Mounting plugin ArchVisCharacter
LogPluginManager: Mounting plugin AssetTags
LogPluginManager: Mounting plugin AudioCapture
LogPluginManager: Mounting plugin CableComponent
LogPluginManager: Mounting plugin CustomMeshComponent
LogPluginManager: Mounting plugin EditableMesh
LogPluginManager: Mounting plugin ExampleDeviceProfileSelector
LogPluginManager: Mounting plugin GoogleCloudMessaging
LogPluginManager: Mounting plugin GooglePAD
LogPluginManager: Mounting plugin IOSDeviceProfileSelector
LogPluginManager: Mounting plugin LinuxDeviceProfileSelector
LogPluginManager: Mounting plugin LocationServicesBPLibrary
LogPluginManager: Mounting plugin MobilePatchingUtils
LogPluginManager: Mounting plugin OculusVR
LogPluginManager: Mounting plugin PhysXVehicles
LogPluginManager: Mounting plugin PostSplashScreen
LogPluginManager: Mounting plugin ProceduralMeshComponent
LogPluginManager: Mounting plugin RuntimePhysXCooking
LogPluginManager: Mounting plugin SignificanceManager
LogPluginManager: Mounting plugin SoundFields
LogPluginManager: Mounting plugin SteamVR
LogPluginManager: Mounting plugin Synthesis
LogPluginManager: Mounting plugin WebMMoviePlayer
LogPluginManager: Mounting plugin WindowsMoviePlayer
LogPluginManager: Mounting plugin ScreenshotTools
LogInit: Using libcurl 7.55.1-DEV
LogInit:  - built for x86_64-pc-win32
LogInit:  - supports SSL with OpenSSL/1.1.1
LogInit:  - supports HTTP deflate (compression) using libz 1.2.8
LogInit:  - other features:
LogInit:      CURL_VERSION_SSL
LogInit:      CURL_VERSION_LIBZ
LogInit:      CURL_VERSION_IPV6
LogInit:      CURL_VERSION_ASYNCHDNS
LogInit:      CURL_VERSION_LARGEFILE
LogInit:      CURL_VERSION_IDN
LogInit:  CurlRequestOptions (configurable via config and command line):
LogInit:  - bVerifyPeer = true  - Libcurl will verify peer certificate
LogInit:  - bUseHttpProxy = false  - Libcurl will NOT use HTTP proxy
LogInit:  - bDontReuseConnections = false  - Libcurl will reuse connections
LogInit:  - MaxHostConnections = 16  - Libcurl will limit the number of connections to a host
LogInit:  - LocalHostAddr = Default
LogInit:  - BufferSize = 65536
LogOnline: OSS: Creating online subsystem instance for: NULL
LogInit: WinSock: version 1.1 (2.2), MaxSocks=32767, MaxUdp=65467
LogOnline: OSS: TryLoadSubsystemAndSetDefault: Loaded subsystem for module [NULL]
LogInit: Build: ++UE4+Release-4.25-CL-14469661
LogInit: Engine Version: 4.25.4-14469661+++UE4+Release-4.25
LogInit: Compatible Engine Version: 4.25.0-13144385+++UE4+Release-4.25
LogInit: Net CL: 13144385
LogInit: OS: Windows 10 (Release 1909) (), CPU: Intel(R) Core(TM) i5-9400F CPU @ 2.90GHz, GPU: NVIDIA GeForce GTX 1050 Ti
LogInit: Compiled (64-bit): Oct 11 2020 08:10:49
LogInit: Compiled with Visual C++: 19.24.28315.00
LogInit: Build Configuration: Development
LogInit: Branch Name: ++UE4+Release-4.25
LogInit: Command Line: 
LogInit: Base Directory: E:/epic/UE_4.25/Engine/Binaries/Win64/
LogInit: Allocator: TBB
LogInit: Installed Engine Build: 1
LogDevObjectVersion: Number of dev versions registered: 26
LogDevObjectVersion:   Dev-Blueprints (B0D832E4-1F89-4F0D-ACCF-7EB736FD4AA2): 10
LogDevObjectVersion:   Dev-Build (E1C64328-A22C-4D53-A36C-8E866417BD8C): 0
LogDevObjectVersion:   Dev-Core (375EC13C-06E4-48FB-B500-84F0262A717E): 4
LogDevObjectVersion:   Dev-Editor (E4B068ED-F494-42E9-A231-DA0B2E46BB41): 38
LogDevObjectVersion:   Dev-Framework (CFFC743F-43B0-4480-9391-14DF171D2073): 37
LogDevObjectVersion:   Dev-Mobile (B02B49B5-BB20-44E9-A304-32B752E40360): 2
LogDevObjectVersion:   Dev-Networking (A4E4105C-59A1-49B5-A7C5-40C4547EDFEE): 0
LogDevObjectVersion:   Dev-Online (39C831C9-5AE6-47DC-9A44-9C173E1C8E7C): 0
LogDevObjectVersion:   Dev-Physics (78F01B33-EBEA-4F98-B9B4-84EACCB95AA2): 4
LogDevObjectVersion:   Dev-Platform (6631380F-2D4D-43E0-8009-CF276956A95A): 0
LogDevObjectVersion:   Dev-Rendering (12F88B9F-8875-4AFC-A67C-D90C383ABD29): 43
LogDevObjectVersion:   Dev-Sequencer (7B5AE74C-D270-4C10-A958-57980B212A5A): 12
LogDevObjectVersion:   Dev-VR (D7296918-1DD6-4BDD-9DE2-64A83CC13884): 3
LogDevObjectVersion:   Dev-LoadTimes (C2A15278-BFE7-4AFE-6C17-90FF531DF755): 1
LogDevObjectVersion:   Private-Geometry (6EACA3D4-40EC-4CC1-B786-8BED09428FC5): 3
LogDevObjectVersion:   Dev-AnimPhys (29E575DD-E0A3-4627-9D10-D276232CDCEA): 17
LogDevObjectVersion:   Dev-Anim (AF43A65D-7FD3-4947-9873-3E8ED9C1BB05): 7
LogDevObjectVersion:   Dev-ReflectionCapture (6B266CEC-1EC7-4B8F-A30B-E4D90942FC07): 1
LogDevObjectVersion:   Dev-Automation (0DF73D61-A23F-47EA-B727-89E90C41499A): 1
LogDevObjectVersion:   FortniteMain (601D1886-AC64-4F84-AA16-D3DE0DEAC7D6): 31
LogDevObjectVersion:   Dev-Enterprise (9DFFBCD6-494F-0158-E221-12823C92A888): 10
LogDevObjectVersion:   Dev-Niagara (F2AED0AC-9AFE-416F-8664-AA7FFA26D6FC): 1
LogDevObjectVersion:   Dev-Destruction (174F1F0B-B4C6-45A5-B13F-2EE8D0FB917D): 10
LogDevObjectVersion:   Dev-Physics-Ext (35F94A83-E258-406C-A318-09F59610247C): 37
LogDevObjectVersion:   Dev-PhysicsMaterial-Chaos (B68FC16E-8B1B-42E2-B453-215C058844FE): 1
LogDevObjectVersion:   Dev-CineCamera (B2E18506-4273-CFC2-A54E-F4BB758BBA07): 1
LogInit: Presizing for max 25165824 objects, including 0 objects not considered by GC, pre-allocating 0 bytes for permanent pool.
LogConfig: Applying CVar settings from Section [/Script/Engine.StreamingSettings] File [E:/UNREAL/ProjectFalls/Saved/Config/Windows/Engine.ini]
LogConfig: Setting CVar [[s.MinBulkDataSizeForAsyncLoading:131072]]
LogConfig: Setting CVar [[s.AsyncLoadingThreadEnabled:0]]
LogConfig: Setting CVar [[s.EventDrivenLoaderEnabled:1]]
LogConfig: Setting CVar [[s.WarnIfTimeLimitExceeded:0]]
LogConfig: Setting CVar [[s.TimeLimitExceededMultiplier:1.5]]
LogConfig: Setting CVar [[s.TimeLimitExceededMinTime:0.005]]
LogConfig: Setting CVar [[s.UseBackgroundLevelStreaming:1]]
LogConfig: Setting CVar [[s.PriorityAsyncLoadingExtraTime:15.0]]
LogConfig: Setting CVar [[s.LevelStreamingActorsUpdateTimeLimit:5.0]]
LogConfig: Setting CVar [[s.PriorityLevelStreamingActorsUpdateExtraTime:5.0]]
LogConfig: Setting CVar [[s.LevelStreamingComponentsRegistrationGranularity:10]]
LogConfig: Setting CVar [[s.UnregisterComponentsTimeLimit:1.0]]
LogConfig: Setting CVar [[s.LevelStreamingComponentsUnregistrationGranularity:5]]
LogConfig: Setting CVar [[s.FlushStreamingOnExit:1]]
LogInit: Object subsystem initialized
LogConfig: Setting CVar [[con.DebugEarlyDefault:1]]
LogConfig: Setting CVar [[r.setres:1280x720]]
[2020.12.07-01.51.50:303][  0]LogConfig: Setting CVar [[r.VSync:0]]
[2020.12.07-01.51.50:303][  0]LogConfig: Setting CVar [[r.RHICmdBypass:0]]
[2020.12.07-01.51.50:303][  0]LogConfig: Applying CVar settings from Section [/Script/Engine.RendererSettings] File [E:/UNREAL/ProjectFalls/Saved/Config/Windows/Engine.ini]
[2020.12.07-01.51.50:303][  0]LogConfig: Setting CVar [[r.GPUCrashDebugging:0]]
[2020.12.07-01.51.50:303][  0]LogConfig: Applying CVar settings from Section [/Script/Engine.RendererOverrideSettings] File [E:/UNREAL/ProjectFalls/Saved/Config/Windows/Engine.ini]
[2020.12.07-01.51.50:303][  0]LogConfig: Applying CVar settings from Section [/Script/Engine.StreamingSettings] File [E:/UNREAL/ProjectFalls/Saved/Config/Windows/Engine.ini]
[2020.12.07-01.51.50:303][  0]LogConfig: Setting CVar [[s.MinBulkDataSizeForAsyncLoading:131072]]
[2020.12.07-01.51.50:303][  0]LogConfig: Setting CVar [[s.AsyncLoadingThreadEnabled:0]]
[2020.12.07-01.51.50:303][  0]LogConfig: Setting CVar [[s.EventDrivenLoaderEnabled:1]]
[2020.12.07-01.51.50:303][  0]LogConfig: Setting CVar [[s.WarnIfTimeLimitExceeded:0]]
[2020.12.07-01.51.50:303][  0]LogConfig: Setting CVar [[s.TimeLimitExceededMultiplier:1.5]]
[2020.12.07-01.51.50:303][  0]LogConfig: Setting CVar [[s.TimeLimitExceededMinTime:0.005]]
[2020.12.07-01.51.50:303][  0]LogConfig: Setting CVar [[s.UseBackgroundLevelStreaming:1]]
[2020.12.07-01.51.50:303][  0]LogConfig: Setting CVar [[s.PriorityAsyncLoadingExtraTime:15.0]]
[2020.12.07-01.51.50:303][  0]LogConfig: Setting CVar [[s.LevelStreamingActorsUpdateTimeLimit:5.0]]
[2020.12.07-01.51.50:303][  0]LogConfig: Setting CVar [[s.PriorityLevelStreamingActorsUpdateExtraTime:5.0]]
[2020.12.07-01.51.50:303][  0]LogConfig: Setting CVar [[s.LevelStreamingComponentsRegistrationGranularity:10]]
[2020.12.07-01.51.50:303][  0]LogConfig: Setting CVar [[s.UnregisterComponentsTimeLimit:1.0]]
[2020.12.07-01.51.50:303][  0]LogConfig: Setting CVar [[s.LevelStreamingComponentsUnregistrationGranularity:5]]
[2020.12.07-01.51.50:303][  0]LogConfig: Setting CVar [[s.FlushStreamingOnExit:1]]
[2020.12.07-01.51.50:303][  0]LogConfig: Applying CVar settings from Section [/Script/Engine.GarbageCollectionSettings] File [E:/UNREAL/ProjectFalls/Saved/Config/Windows/Engine.ini]
[2020.12.07-01.51.50:303][  0]LogConfig: Setting CVar [[gc.MaxObjectsNotConsideredByGC:1]]
[2020.12.07-01.51.50:303][  0]LogConfig: Setting CVar [[gc.SizeOfPermanentObjectPool:0]]
[2020.12.07-01.51.50:303][  0]LogConfig: Setting CVar [[gc.FlushStreamingOnGC:0]]
[2020.12.07-01.51.50:303][  0]LogConfig: Setting CVar [[gc.NumRetriesBeforeForcingGC:10]]
[2020.12.07-01.51.50:303][  0]LogConfig: Setting CVar [[gc.AllowParallelGC:1]]
[2020.12.07-01.51.50:303][  0]LogConfig: Setting CVar [[gc.TimeBetweenPurgingPendingKillObjects:61.1]]
[2020.12.07-01.51.50:303][  0]LogConfig: Setting CVar [[gc.MaxObjectsInEditor:25165824]]
[2020.12.07-01.51.50:303][  0]LogConfig: Setting CVar [[gc.IncrementalBeginDestroyEnabled:1]]
[2020.12.07-01.51.50:303][  0]LogConfig: Setting CVar [[gc.CreateGCClusters:1]]
[2020.12.07-01.51.50:303][  0]LogConfig: Setting CVar [[gc.MinGCClusterSize:5]]
[2020.12.07-01.51.50:303][  0]LogConfig: Setting CVar [[gc.ActorClusteringEnabled:0]]
[2020.12.07-01.51.50:303][  0]LogConfig: Setting CVar [[gc.BlueprintClusteringEnabled:0]]
[2020.12.07-01.51.50:303][  0]LogConfig: Setting CVar [[gc.UseDisregardForGCOnDedicatedServers:0]]
[2020.12.07-01.51.50:304][  0]LogConfig: Applying CVar settings from Section [/Script/Engine.NetworkSettings] File [E:/UNREAL/ProjectFalls/Saved/Config/Windows/Engine.ini]
[2020.12.07-01.51.50:304][  0]LogConfig: Applying CVar settings from Section [/Script/UnrealEd.CookerSettings] File [E:/UNREAL/ProjectFalls/Saved/Config/Windows/Engine.ini]
[2020.12.07-01.51.50:307][  0]LogConfig: Applying CVar settings from Section [ViewDistanceQuality@3] File [E:/UNREAL/ProjectFalls/Saved/Config/Windows/Scalability.ini]
[2020.12.07-01.51.50:307][  0]LogConfig: Setting CVar [[r.SkeletalMeshLODBias:0]]
[2020.12.07-01.51.50:307][  0]LogConfig: Setting CVar [[r.ViewDistanceScale:1.0]]
[2020.12.07-01.51.50:307][  0]LogConfig: Applying CVar settings from Section [AntiAliasingQuality@3] File [E:/UNREAL/ProjectFalls/Saved/Config/Windows/Scalability.ini]
[2020.12.07-01.51.50:307][  0]LogConfig: Setting CVar [[r.PostProcessAAQuality:4]]
[2020.12.07-01.51.50:307][  0]LogConfig: Applying CVar settings from Section [ShadowQuality@3] File [E:/UNREAL/ProjectFalls/Saved/Config/Windows/Scalability.ini]
[2020.12.07-01.51.50:307][  0]LogConfig: Setting CVar [[r.LightFunctionQuality:1]]
[2020.12.07-01.51.50:307][  0]LogConfig: Setting CVar [[r.ShadowQuality:5]]
[2020.12.07-01.51.50:307][  0]LogConfig: Setting CVar [[r.Shadow.CSM.MaxCascades:10]]
[2020.12.07-01.51.50:307][  0]LogConfig: Setting CVar [[r.Shadow.MaxResolution:2048]]
[2020.12.07-01.51.50:307][  0]LogConfig: Setting CVar [[r.Shadow.MaxCSMResolution:2048]]
[2020.12.07-01.51.50:307][  0]LogConfig: Setting CVar [[r.Shadow.RadiusThreshold:0.01]]
[2020.12.07-01.51.50:307][  0]LogConfig: Setting CVar [[r.Shadow.DistanceScale:1.0]]
[2020.12.07-01.51.50:307][  0]LogConfig: Setting CVar [[r.Shadow.CSM.TransitionScale:1.0]]
[2020.12.07-01.51.50:307][  0]LogConfig: Setting CVar [[r.Shadow.PreShadowResolutionFactor:1.0]]
[2020.12.07-01.51.50:307][  0]LogConfig: Setting CVar [[r.DistanceFieldShadowing:1]]
[2020.12.07-01.51.50:307][  0]LogConfig: Setting CVar [[r.DistanceFieldAO:1]]
[2020.12.07-01.51.50:307][  0]LogConfig: Setting CVar [[r.AOQuality:2]]
[2020.12.07-01.51.50:307][  0]LogConfig: Setting CVar [[r.VolumetricFog:1]]
[2020.12.07-01.51.50:307][  0]LogConfig: Setting CVar [[r.VolumetricFog.GridPixelSize:8]]
[2020.12.07-01.51.50:307][  0]LogConfig: Setting CVar [[r.VolumetricFog.GridSizeZ:128]]
[2020.12.07-01.51.50:307][  0]LogConfig: Setting CVar [[r.VolumetricFog.HistoryMissSupersampleCount:4]]
[2020.12.07-01.51.50:307][  0]LogConfig: Setting CVar [[r.LightMaxDrawDistanceScale:1]]
[2020.12.07-01.51.50:307][  0]LogConfig: Setting CVar [[r.CapsuleShadows:1]]
[2020.12.07-01.51.50:307][  0]LogConfig: Applying CVar settings from Section [PostProcessQuality@3] File [E:/UNREAL/ProjectFalls/Saved/Config/Windows/Scalability.ini]
[2020.12.07-01.51.50:307][  0]LogConfig: Setting CVar [[r.MotionBlurQuality:4]]
[2020.12.07-01.51.50:307][  0]LogConfig: Setting CVar [[r.AmbientOcclusionMipLevelFactor:0.4]]
[2020.12.07-01.51.50:307][  0]LogConfig: Setting CVar [[r.AmbientOcclusionMaxQuality:100]]
[2020.12.07-01.51.50:307][  0]LogConfig: Setting CVar [[r.AmbientOcclusionLevels:-1]]
[2020.12.07-01.51.50:307][  0]LogConfig: Setting CVar [[r.AmbientOcclusionRadiusScale:1.0]]
[2020.12.07-01.51.50:307][  0]LogConfig: Setting CVar [[r.DepthOfFieldQuality:2]]
[2020.12.07-01.51.50:307][  0]LogConfig: Setting CVar [[r.RenderTargetPoolMin:400]]
[2020.12.07-01.51.50:307][  0]LogConfig: Setting CVar [[r.LensFlareQuality:2]]
[2020.12.07-01.51.50:307][  0]LogConfig: Setting CVar [[r.SceneColorFringeQuality:1]]
[2020.12.07-01.51.50:307][  0]LogConfig: Setting CVar [[r.EyeAdaptationQuality:2]]
[2020.12.07-01.51.50:307][  0]LogConfig: Setting CVar [[r.BloomQuality:5]]
[2020.12.07-01.51.50:307][  0]LogConfig: Setting CVar [[r.FastBlurThreshold:100]]
[2020.12.07-01.51.50:307][  0]LogConfig: Setting CVar [[r.Upscale.Quality:3]]
[2020.12.07-01.51.50:307][  0]LogConfig: Setting CVar [[r.Tonemapper.GrainQuantization:1]]
[2020.12.07-01.51.50:307][  0]LogConfig: Setting CVar [[r.LightShaftQuality:1]]
[2020.12.07-01.51.50:307][  0]LogConfig: Setting CVar [[r.Filter.SizeScale:1]]
[2020.12.07-01.51.50:307][  0]LogConfig: Setting CVar [[r.Tonemapper.Quality:5]]
[2020.12.07-01.51.50:307][  0]LogConfig: Setting CVar [[r.DOF.Gather.AccumulatorQuality:1        ; higher gathering accumulator quality]]
[2020.12.07-01.51.50:307][  0]LogConfig: Setting CVar [[r.DOF.Gather.PostfilterMethod:1          ; Median3x3 postfilering method]]
[2020.12.07-01.51.50:307][  0]LogConfig: Setting CVar [[r.DOF.Gather.EnableBokehSettings:0       ; no bokeh simulation when gathering]]
[2020.12.07-01.51.50:307][  0]LogConfig: Setting CVar [[r.DOF.Gather.RingCount:4                 ; medium number of samples when gathering]]
[2020.12.07-01.51.50:307][  0]LogConfig: Setting CVar [[r.DOF.Scatter.ForegroundCompositing:1    ; additive foreground scattering]]
[2020.12.07-01.51.50:308][  0]LogConfig: Setting CVar [[r.DOF.Scatter.BackgroundCompositing:2    ; additive background scattering]]
[2020.12.07-01.51.50:308][  0]LogConfig: Setting CVar [[r.DOF.Scatter.EnableBokehSettings:1      ; bokeh simulation when scattering]]
[2020.12.07-01.51.50:308][  0]LogConfig: Setting CVar [[r.DOF.Scatter.MaxSpriteRatio:0.1         ; only a maximum of 10% of scattered bokeh]]
[2020.12.07-01.51.50:308][  0]LogConfig: Setting CVar [[r.DOF.Recombine.Quality:1                ; cheap slight out of focus]]
[2020.12.07-01.51.50:308][  0]LogConfig: Setting CVar [[r.DOF.Recombine.EnableBokehSettings:0    ; no bokeh simulation on slight out of focus]]
[2020.12.07-01.51.50:308][  0]LogConfig: Setting CVar [[r.DOF.TemporalAAQuality:1                ; more stable temporal accumulation]]
[2020.12.07-01.51.50:308][  0]LogConfig: Setting CVar [[r.DOF.Kernel.MaxForegroundRadius:0.025]]
[2020.12.07-01.51.50:308][  0]LogConfig: Setting CVar [[r.DOF.Kernel.MaxBackgroundRadius:0.025]]
[2020.12.07-01.51.50:308][  0]LogConfig: Applying CVar settings from Section [TextureQuality@3] File [E:/UNREAL/ProjectFalls/Saved/Config/Windows/Scalability.ini]
[2020.12.07-01.51.50:308][  0]LogConfig: Setting CVar [[r.Streaming.MipBias:0]]
[2020.12.07-01.51.50:308][  0]LogConfig: Setting CVar [[r.Streaming.AmortizeCPUToGPUCopy:0]]
[2020.12.07-01.51.50:308][  0]LogConfig: Setting CVar [[r.Streaming.MaxNumTexturesToStreamPerFrame:0]]
[2020.12.07-01.51.50:308][  0]LogConfig: Setting CVar [[r.Streaming.Boost:1]]
[2020.12.07-01.51.50:308][  0]LogConfig: Setting CVar [[r.MaxAnisotropy:8]]
[2020.12.07-01.51.50:308][  0]LogConfig: Setting CVar [[r.VT.MaxAnisotropy:8]]
[2020.12.07-01.51.50:308][  0]LogConfig: Setting CVar [[r.Streaming.LimitPoolSizeToVRAM:0]]
[2020.12.07-01.51.50:308][  0]LogConfig: Setting CVar [[r.Streaming.PoolSize:1000]]
[2020.12.07-01.51.50:308][  0]LogConfig: Setting CVar [[r.Streaming.MaxEffectiveScreenSize:0]]
[2020.12.07-01.51.50:308][  0]LogConfig: Applying CVar settings from Section [EffectsQuality@3] File [E:/UNREAL/ProjectFalls/Saved/Config/Windows/Scalability.ini]
[2020.12.07-01.51.50:308][  0]LogConfig: Setting CVar [[r.TranslucencyLightingVolumeDim:64]]
[2020.12.07-01.51.50:308][  0]LogConfig: Setting CVar [[r.RefractionQuality:2]]
[2020.12.07-01.51.50:308][  0]LogConfig: Setting CVar [[r.SSR.Quality:3]]
[2020.12.07-01.51.50:308][  0]LogConfig: Setting CVar [[r.SSR.HalfResSceneColor:0]]
[2020.12.07-01.51.50:308][  0]LogConfig: Setting CVar [[r.SceneColorFormat:4]]
[2020.12.07-01.51.50:308][  0]LogConfig: Setting CVar [[r.DetailMode:2]]
[2020.12.07-01.51.50:308][  0]LogConfig: Setting CVar [[r.TranslucencyVolumeBlur:1]]
[2020.12.07-01.51.50:308][  0]LogConfig: Setting CVar [[r.MaterialQualityLevel:1 ; High quality]]
[2020.12.07-01.51.50:308][  0]LogConfig: Setting CVar [[r.SSS.Scale:1]]
[2020.12.07-01.51.50:308][  0]LogConfig: Setting CVar [[r.SSS.SampleSet:2]]
[2020.12.07-01.51.50:308][  0]LogConfig: Setting CVar [[r.SSS.Quality:1]]
[2020.12.07-01.51.50:308][  0]LogConfig: Setting CVar [[r.SSS.HalfRes:0]]
[2020.12.07-01.51.50:308][  0]LogConfig: Setting CVar [[r.SSGI.Quality:3]]
[2020.12.07-01.51.50:308][  0]LogConfig: Setting CVar [[r.EmitterSpawnRateScale:1.0]]
[2020.12.07-01.51.50:308][  0]LogConfig: Setting CVar [[r.ParticleLightQuality:2]]
[2020.12.07-01.51.50:308][  0]LogConfig: Setting CVar [[r.SkyAtmosphere.AerialPerspectiveLUT.FastApplyOnOpaque:1 ; Always have FastSkyLUT 1 in this case to avoid wrong sky]]
[2020.12.07-01.51.50:308][  0]LogConfig: Setting CVar [[r.SkyAtmosphere.AerialPerspectiveLUT.SampleCountPerSlice:1]]
[2020.12.07-01.51.50:308][  0]LogConfig: Setting CVar [[r.SkyAtmosphere.AerialPerspectiveLUT.DepthResolution:16.0]]
[2020.12.07-01.51.50:308][  0]LogConfig: Setting CVar [[r.SkyAtmosphere.FastSkyLUT:1]]
[2020.12.07-01.51.50:308][  0]LogConfig: Setting CVar [[r.SkyAtmosphere.FastSkyLUT.SampleCountMin:4.0]]
[2020.12.07-01.51.50:308][  0]LogConfig: Setting CVar [[r.SkyAtmosphere.FastSkyLUT.SampleCountMax:32.0]]
[2020.12.07-01.51.50:308][  0]LogConfig: Setting CVar [[r.SkyAtmosphere.SampleCountMin:4.0]]
[2020.12.07-01.51.50:308][  0]LogConfig: Setting CVar [[r.SkyAtmosphere.SampleCountMax:32.0]]
[2020.12.07-01.51.50:308][  0]LogConfig: Setting CVar [[r.SkyAtmosphere.TransmittanceLUT.UseSmallFormat:0]]
[2020.12.07-01.51.50:308][  0]LogConfig: Setting CVar [[r.SkyAtmosphere.TransmittanceLUT.SampleCount:10.0]]
[2020.12.07-01.51.50:308][  0]LogConfig: Setting CVar [[r.SkyAtmosphere.MultiScatteringLUT.SampleCount:15.0]]
[2020.12.07-01.51.50:308][  0]LogConfig: Applying CVar settings from Section [FoliageQuality@3] File [E:/UNREAL/ProjectFalls/Saved/Config/Windows/Scalability.ini]
[2020.12.07-01.51.50:308][  0]LogConfig: Setting CVar [[foliage.DensityScale:1.0]]
[2020.12.07-01.51.50:308][  0]LogConfig: Setting CVar [[grass.DensityScale:1.0]]
[2020.12.07-01.51.50:308][  0]LogConfig: Applying CVar settings from Section [ShadingQuality@3] File [E:/UNREAL/ProjectFalls/Saved/Config/Windows/Scalability.ini]
[2020.12.07-01.51.50:308][  0]LogConfig: Setting CVar [[r.HairStrands.SkyLighting.SampleCount:16]]
[2020.12.07-01.51.50:308][  0]LogConfig: Setting CVar [[r.HairStrands.SkyLighting.JitterIntegration:0]]
[2020.12.07-01.51.50:308][  0]LogConfig: Setting CVar [[r.HairStrands.SkyAO.SampleCount:16]]
[2020.12.07-01.51.50:309][  0]LogConfig: Setting CVar [[r.HairStrands.DeepShadow.SuperSampling:0]]
[2020.12.07-01.51.50:309][  0]LogConfig: Setting CVar [[r.HairStrands.VisibilityPPLL:0]]
[2020.12.07-01.51.50:309][  0]LogConfig: Setting CVar [[r.HairStrands.RasterizationScale:0.5]]
[2020.12.07-01.51.50:309][  0]LogConfig: Setting CVar [[r.HairStrands.VelocityRasterizationScale:1]]
[2020.12.07-01.51.50:309][  0]LogInit: Selected Device Profile: [Windows]
[2020.12.07-01.51.50:309][  0]LogInit: Applying CVar settings loaded from the selected device profile: [Windows]
[2020.12.07-01.51.50:309][  0]LogHAL: Display: Platform has ~ 24 GB [25699905536 / 34359738368 / 24], which maps to Larger [LargestMinGB=32, LargerMinGB=12, DefaultMinGB=8, SmallerMinGB=6, SmallestMinGB=0)
[2020.12.07-01.51.50:309][  0]LogInit: Going up to parent DeviceProfile []
[2020.12.07-01.51.50:309][  0]LogConfig: Applying CVar settings from Section [ViewDistanceQuality@2] File [E:/UNREAL/ProjectFalls/Saved/Config/Windows/Scalability.ini]
[2020.12.07-01.51.50:309][  0]LogConfig: Setting CVar [[r.SkeletalMeshLODBias:0]]
[2020.12.07-01.51.50:309][  0]LogConfig: Setting CVar [[r.ViewDistanceScale:0.8]]
[2020.12.07-01.51.50:309][  0]LogConfig: Applying CVar settings from Section [AntiAliasingQuality@2] File [E:/UNREAL/ProjectFalls/Saved/Config/Windows/Scalability.ini]
[2020.12.07-01.51.50:309][  0]LogConfig: Setting CVar [[r.PostProcessAAQuality:3]]
[2020.12.07-01.51.50:309][  0]LogConfig: Applying CVar settings from Section [ShadowQuality@2] File [E:/UNREAL/ProjectFalls/Saved/Config/Windows/Scalability.ini]
[2020.12.07-01.51.50:309][  0]LogConfig: Setting CVar [[r.LightFunctionQuality:1]]
[2020.12.07-01.51.50:309][  0]LogConfig: Setting CVar [[r.ShadowQuality:5]]
[2020.12.07-01.51.50:309][  0]LogConfig: Setting CVar [[r.Shadow.CSM.MaxCascades:4]]
[2020.12.07-01.51.50:309][  0]LogConfig: Setting CVar [[r.Shadow.MaxResolution:1024]]
[2020.12.07-01.51.50:309][  0]LogConfig: Setting CVar [[r.Shadow.MaxCSMResolution:2048]]
[2020.12.07-01.51.50:309][  0]LogConfig: Setting CVar [[r.Shadow.RadiusThreshold:0.04]]
[2020.12.07-01.51.50:309][  0]LogConfig: Setting CVar [[r.Shadow.DistanceScale:0.85]]
[2020.12.07-01.51.50:309][  0]LogConfig: Setting CVar [[r.Shadow.CSM.TransitionScale:0.8]]
[2020.12.07-01.51.50:309][  0]LogConfig: Setting CVar [[r.Shadow.PreShadowResolutionFactor:0.5]]
[2020.12.07-01.51.50:309][  0]LogConfig: Setting CVar [[r.DistanceFieldShadowing:1]]
[2020.12.07-01.51.50:309][  0]LogConfig: Setting CVar [[r.DistanceFieldAO:1]]
[2020.12.07-01.51.50:309][  0]LogConfig: Setting CVar [[r.AOQuality:1]]
[2020.12.07-01.51.50:309][  0]LogConfig: Setting CVar [[r.VolumetricFog:1]]
[2020.12.07-01.51.50:309][  0]LogConfig: Setting CVar [[r.VolumetricFog.GridPixelSize:16]]
[2020.12.07-01.51.50:309][  0]LogConfig: Setting CVar [[r.VolumetricFog.GridSizeZ:64]]
[2020.12.07-01.51.50:309][  0]LogConfig: Setting CVar [[r.VolumetricFog.HistoryMissSupersampleCount:4]]
[2020.12.07-01.51.50:309][  0]LogConfig: Setting CVar [[r.LightMaxDrawDistanceScale:1]]
[2020.12.07-01.51.50:309][  0]LogConfig: Setting CVar [[r.CapsuleShadows:1]]
[2020.12.07-01.51.50:309][  0]LogConfig: Applying CVar settings from Section [PostProcessQuality@2] File [E:/UNREAL/ProjectFalls/Saved/Config/Windows/Scalability.ini]
[2020.12.07-01.51.50:309][  0]LogConfig: Setting CVar [[r.MotionBlurQuality:3]]
[2020.12.07-01.51.50:309][  0]LogConfig: Setting CVar [[r.AmbientOcclusionMipLevelFactor:0.6]]
[2020.12.07-01.51.50:309][  0]LogConfig: Setting CVar [[r.AmbientOcclusionMaxQuality:100]]
[2020.12.07-01.51.50:309][  0]LogConfig: Setting CVar [[r.AmbientOcclusionLevels:-1]]
[2020.12.07-01.51.50:309][  0]LogConfig: Setting CVar [[r.AmbientOcclusionRadiusScale:1.5]]
[2020.12.07-01.51.50:309][  0]LogConfig: Setting CVar [[r.DepthOfFieldQuality:2]]
[2020.12.07-01.51.50:309][  0]LogConfig: Setting CVar [[r.RenderTargetPoolMin:400]]
[2020.12.07-01.51.50:309][  0]LogConfig: Setting CVar [[r.LensFlareQuality:2]]
[2020.12.07-01.51.50:309][  0]LogConfig: Setting CVar [[r.SceneColorFringeQuality:1]]
[2020.12.07-01.51.50:309][  0]LogConfig: Setting CVar [[r.EyeAdaptationQuality:2]]
[2020.12.07-01.51.50:309][  0]LogConfig: Setting CVar [[r.BloomQuality:5]]
[2020.12.07-01.51.50:309][  0]LogConfig: Setting CVar [[r.FastBlurThreshold:3]]
[2020.12.07-01.51.50:309][  0]LogConfig: Setting CVar [[r.Upscale.Quality:2]]
[2020.12.07-01.51.50:310][  0]LogConfig: Setting CVar [[r.Tonemapper.GrainQuantization:1]]
[2020.12.07-01.51.50:310][  0]LogConfig: Setting CVar [[r.LightShaftQuality:1]]
[2020.12.07-01.51.50:310][  0]LogConfig: Setting CVar [[r.Filter.SizeScale:0.8]]
[2020.12.07-01.51.50:310][  0]LogConfig: Setting CVar [[r.Tonemapper.Quality:5]]
[2020.12.07-01.51.50:310][  0]LogConfig: Setting CVar [[r.DOF.Gather.AccumulatorQuality:0        ; lower gathering accumulator quality]]
[2020.12.07-01.51.50:310][  0]LogConfig: Setting CVar [[r.DOF.Gather.PostfilterMethod:2          ; Max3x3 postfilering method]]
[2020.12.07-01.51.50:310][  0]LogConfig: Setting CVar [[r.DOF.Gather.EnableBokehSettings:0       ; no bokeh simulation when gathering]]
[2020.12.07-01.51.50:310][  0]LogConfig: Setting CVar [[r.DOF.Gather.RingCount:4                 ; medium number of samples when gathering]]
[2020.12.07-01.51.50:310][  0]LogConfig: Setting CVar [[r.DOF.Scatter.ForegroundCompositing:1    ; additive foreground scattering]]
[2020.12.07-01.51.50:310][  0]LogConfig: Setting CVar [[r.DOF.Scatter.BackgroundCompositing:1    ; no background occlusion]]
[2020.12.07-01.51.50:310][  0]LogConfig: Setting CVar [[r.DOF.Scatter.EnableBokehSettings:0      ; no bokeh simulation when scattering]]
[2020.12.07-01.51.50:310][  0]LogConfig: Setting CVar [[r.DOF.Scatter.MaxSpriteRatio:0.04        ; only a maximum of 4% of scattered bokeh]]
[2020.12.07-01.51.50:310][  0]LogConfig: Setting CVar [[r.DOF.Recombine.Quality:0                ; no slight out of focus]]
[2020.12.07-01.51.50:310][  0]LogConfig: Setting CVar [[r.DOF.TemporalAAQuality:0                ; faster temporal accumulation]]
[2020.12.07-01.51.50:310][  0]LogConfig: Setting CVar [[r.DOF.Kernel.MaxForegroundRadius:0.012   ; required because of AccumulatorQuality=0]]
[2020.12.07-01.51.50:310][  0]LogConfig: Setting CVar [[r.DOF.Kernel.MaxBackgroundRadius:0.012   ; required because of AccumulatorQuality=0]]
[2020.12.07-01.51.50:310][  0]LogConfig: Applying CVar settings from Section [TextureQuality@2] File [E:/UNREAL/ProjectFalls/Saved/Config/Windows/Scalability.ini]
[2020.12.07-01.51.50:310][  0]LogConfig: Setting CVar [[r.Streaming.MipBias:0]]
[2020.12.07-01.51.50:310][  0]LogConfig: Setting CVar [[r.Streaming.AmortizeCPUToGPUCopy:0]]
[2020.12.07-01.51.50:310][  0]LogConfig: Setting CVar [[r.Streaming.MaxNumTexturesToStreamPerFrame:0]]
[2020.12.07-01.51.50:310][  0]LogConfig: Setting CVar [[r.Streaming.Boost:1]]
[2020.12.07-01.51.50:310][  0]LogConfig: Setting CVar [[r.MaxAnisotropy:4]]
[2020.12.07-01.51.50:310][  0]LogConfig: Setting CVar [[r.VT.MaxAnisotropy:8]]
[2020.12.07-01.51.50:310][  0]LogConfig: Setting CVar [[r.Streaming.LimitPoolSizeToVRAM:1]]
[2020.12.07-01.51.50:310][  0]LogConfig: Setting CVar [[r.Streaming.PoolSize:800]]
[2020.12.07-01.51.50:310][  0]LogConfig: Setting CVar [[r.Streaming.MaxEffectiveScreenSize:0]]
[2020.12.07-01.51.50:310][  0]LogConfig: Applying CVar settings from Section [EffectsQuality@2] File [E:/UNREAL/ProjectFalls/Saved/Config/Windows/Scalability.ini]
[2020.12.07-01.51.50:310][  0]LogConfig: Setting CVar [[r.TranslucencyLightingVolumeDim:48]]
[2020.12.07-01.51.50:310][  0]LogConfig: Setting CVar [[r.RefractionQuality:2]]
[2020.12.07-01.51.50:310][  0]LogConfig: Setting CVar [[r.SSR.Quality:2]]
[2020.12.07-01.51.50:310][  0]LogConfig: Setting CVar [[r.SSR.HalfResSceneColor:1]]
[2020.12.07-01.51.50:310][  0]LogConfig: Setting CVar [[r.SceneColorFormat:3]]
[2020.12.07-01.51.50:310][  0]LogConfig: Setting CVar [[r.DetailMode:1]]
[2020.12.07-01.51.50:310][  0]LogConfig: Setting CVar [[r.TranslucencyVolumeBlur:1]]
[2020.12.07-01.51.50:310][  0]LogConfig: Setting CVar [[r.MaterialQualityLevel:1 ; High quality]]
[2020.12.07-01.51.50:310][  0]LogConfig: Setting CVar [[r.SSS.Scale:1]]
[2020.12.07-01.51.50:310][  0]LogConfig: Setting CVar [[r.SSS.SampleSet:1]]
[2020.12.07-01.51.50:310][  0]LogConfig: Setting CVar [[r.SSS.Quality:-1]]
[2020.12.07-01.51.50:310][  0]LogConfig: Setting CVar [[r.SSS.HalfRes:1]]
[2020.12.07-01.51.50:310][  0]LogConfig: Setting CVar [[r.SSGI.Quality:2]]
[2020.12.07-01.51.50:310][  0]LogConfig: Setting CVar [[r.EmitterSpawnRateScale:0.5]]
[2020.12.07-01.51.50:310][  0]LogConfig: Setting CVar [[r.ParticleLightQuality:1]]
[2020.12.07-01.51.50:310][  0]LogConfig: Setting CVar [[r.SkyAtmosphere.AerialPerspectiveLUT.FastApplyOnOpaque:1 ; Always have FastSkyLUT 1 in this case to avoid wrong sky]]
[2020.12.07-01.51.50:310][  0]LogConfig: Setting CVar [[r.SkyAtmosphere.AerialPerspectiveLUT.SampleCountPerSlice:1]]
[2020.12.07-01.51.50:310][  0]LogConfig: Setting CVar [[r.SkyAtmosphere.AerialPerspectiveLUT.DepthResolution:16.0]]
[2020.12.07-01.51.50:310][  0]LogConfig: Setting CVar [[r.SkyAtmosphere.FastSkyLUT:1]]
[2020.12.07-01.51.50:310][  0]LogConfig: Setting CVar [[r.SkyAtmosphere.FastSkyLUT.SampleCountMin:4.0]]
[2020.12.07-01.51.50:310][  0]LogConfig: Setting CVar [[r.SkyAtmosphere.FastSkyLUT.SampleCountMax:32.0]]
[2020.12.07-01.51.50:310][  0]LogConfig: Setting CVar [[r.SkyAtmosphere.SampleCountMin:4.0]]
[2020.12.07-01.51.50:310][  0]LogConfig: Setting CVar [[r.SkyAtmosphere.SampleCountMax:32.0]]
[2020.12.07-01.51.50:310][  0]LogConfig: Setting CVar [[r.SkyAtmosphere.TransmittanceLUT.UseSmallFormat:0]]
[2020.12.07-01.51.50:311][  0]LogConfig: Setting CVar [[r.SkyAtmosphere.TransmittanceLUT.SampleCount:10.0]]
[2020.12.07-01.51.50:311][  0]LogConfig: Setting CVar [[r.SkyAtmosphere.MultiScatteringLUT.SampleCount:15.0]]
[2020.12.07-01.51.50:311][  0]LogConfig: Applying CVar settings from Section [FoliageQuality@2] File [E:/UNREAL/ProjectFalls/Saved/Config/Windows/Scalability.ini]
[2020.12.07-01.51.50:311][  0]LogConfig: Setting CVar [[foliage.DensityScale:0.8]]
[2020.12.07-01.51.50:311][  0]LogConfig: Setting CVar [[grass.DensityScale:0.8]]
[2020.12.07-01.51.50:311][  0]LogConfig: Applying CVar settings from Section [ShadingQuality@2] File [E:/UNREAL/ProjectFalls/Saved/Config/Windows/Scalability.ini]
[2020.12.07-01.51.50:311][  0]LogConfig: Setting CVar [[r.HairStrands.SkyLighting.SampleCount:16]]
[2020.12.07-01.51.50:311][  0]LogConfig: Setting CVar [[r.HairStrands.SkyLighting.JitterIntegration:0]]
[2020.12.07-01.51.50:311][  0]LogConfig: Setting CVar [[r.HairStrands.SkyAO.SampleCount:16]]
[2020.12.07-01.51.50:311][  0]LogConfig: Setting CVar [[r.HairStrands.DeepShadow.SuperSampling:0]]
[2020.12.07-01.51.50:311][  0]LogConfig: Setting CVar [[r.HairStrands.VisibilityPPLL:0]]
[2020.12.07-01.51.50:311][  0]LogConfig: Setting CVar [[r.HairStrands.RasterizationScale:0.5]]
[2020.12.07-01.51.50:311][  0]LogConfig: Setting CVar [[r.HairStrands.VelocityRasterizationScale:1]]
[2020.12.07-01.51.50:311][  0]LogConfig: Applying CVar settings from Section [Startup] File [../../../Engine/Config/ConsoleVariables.ini]
[2020.12.07-01.51.50:311][  0]LogConfig: Setting CVar [[net.UseAdaptiveNetUpdateFrequency:0]]
[2020.12.07-01.51.50:311][  0]LogConfig: Setting CVar [[p.chaos.AllowCreatePhysxBodies:1]]
[2020.12.07-01.51.50:311][  0]LogConfig: Setting CVar [[fx.SkipVectorVMBackendOptimizations:1]]
[2020.12.07-01.51.50:311][  0]LogConfig: Applying CVar settings from Section [ConsoleVariables] File [E:/UNREAL/ProjectFalls/Saved/Config/Windows/Engine.ini]
[2020.12.07-01.51.50:311][  0]LogInit: Computer: BACON_PC
[2020.12.07-01.51.50:311][  0]LogInit: User: Kaue
[2020.12.07-01.51.50:311][  0]LogInit: CPU Page size=4096, Cores=6
[2020.12.07-01.51.50:311][  0]LogInit: High frequency timer resolution =10.000000 MHz
[2020.12.07-01.51.50:312][  0]LogMemory: Memory total: Physical=23.9GB (24GB approx)
[2020.12.07-01.51.50:312][  0]LogMemory: Platform Memory Stats for Windows
[2020.12.07-01.51.50:312][  0]LogMemory: Process Physical Memory: 113.75 MB used, 113.75 MB peak
[2020.12.07-01.51.50:312][  0]LogMemory: Process Virtual Memory: 96.05 MB used, 96.05 MB peak
[2020.12.07-01.51.50:312][  0]LogMemory: Physical Memory: 6079.75 MB used,  18429.59 MB free, 24509.34 MB total
[2020.12.07-01.51.50:312][  0]LogMemory: Virtual Memory: 5102.78 MB used,  134212624.00 MB free, 134217728.00 MB total
[2020.12.07-01.51.50:319][  0]LogWindows: WindowsPlatformFeatures enabled
[2020.12.07-01.51.50:414][  0]LogInit: Physics initialised using underlying interface: PhysX
[2020.12.07-01.51.50:415][  0]LogInit: Overriding language with editor language configuration option (en).
[2020.12.07-01.51.50:415][  0]LogInit: Overriding locale with editor locale configuration option (en).
[2020.12.07-01.51.50:585][  0]LogInit: Setting process to per monitor DPI aware
[2020.12.07-01.51.50:613][  0]LogSlate: New Slate User Created.  User Index 0, Is Virtual User: 0
[2020.12.07-01.51.50:613][  0]LogSlate: Slate User Registered.  User Index 0, Is Virtual User: 0
[2020.12.07-01.51.50:875][  0]LogHMD: Failed to initialize OpenVR with code 110
[2020.12.07-01.51.50:875][  0]LogD3D11RHI: D3D11 min allowed feature level: 11_0
[2020.12.07-01.51.50:875][  0]LogD3D11RHI: D3D11 max allowed feature level: 11_0
[2020.12.07-01.51.50:875][  0]LogD3D11RHI: D3D11 adapters:
[2020.12.07-01.51.50:934][  0]LogD3D11RHI:    0. 'NVIDIA GeForce GTX 1050 Ti' (Feature Level 11_0)
[2020.12.07-01.51.50:935][  0]LogD3D11RHI:       4018/0/12254 MB DedicatedVideo/DedicatedSystem/SharedSystem, Outputs:1, VendorId:0x10de
[2020.12.07-01.51.50:937][  0]LogD3D11RHI:    1. 'Microsoft Basic Render Driver' (Feature Level 11_0)
[2020.12.07-01.51.50:937][  0]LogD3D11RHI:       0/0/12254 MB DedicatedVideo/DedicatedSystem/SharedSystem, Outputs:0, VendorId:0x1414
[2020.12.07-01.51.50:937][  0]LogD3D11RHI: Chosen D3D11 Adapter: 0
[2020.12.07-01.51.50:943][  0]LogD3D11RHI: Creating new Direct3DDevice
[2020.12.07-01.51.50:943][  0]LogD3D11RHI:     GPU DeviceId: 0x1c82 (for the marketing name, search the web for "GPU Device Id")
[2020.12.07-01.51.50:943][  0]LogWindows: EnumDisplayDevices:
[2020.12.07-01.51.50:944][  0]LogWindows:    0. 'NVIDIA GeForce GTX 1050 Ti' (P:1 D:1)
[2020.12.07-01.51.50:944][  0]LogWindows:    1. 'NVIDIA GeForce GTX 1050 Ti' (P:0 D:0)
[2020.12.07-01.51.50:945][  0]LogWindows:    2. 'NVIDIA GeForce GTX 1050 Ti' (P:0 D:0)
[2020.12.07-01.51.50:946][  0]LogWindows:    3. 'NVIDIA GeForce GTX 1050 Ti' (P:0 D:0)
[2020.12.07-01.51.50:946][  0]LogWindows: DebugString: FoundDriverCount:4 
[2020.12.07-01.51.50:946][  0]LogD3D11RHI:     Adapter Name: NVIDIA GeForce GTX 1050 Ti
[2020.12.07-01.51.50:946][  0]LogD3D11RHI:   Driver Version: 457.51 (internal:27.21.14.5751, unified:457.51)
[2020.12.07-01.51.50:946][  0]LogD3D11RHI:      Driver Date: 11-22-2020
[2020.12.07-01.51.50:946][  0]LogRHI: Texture pool is 2812 MB (70% of 4018 MB)
[2020.12.07-01.51.50:983][  0]LogD3D11RHI: RHI has support for 64 bit atomics
[2020.12.07-01.51.50:983][  0]LogD3D11RHI: Async texture creation enabled
[2020.12.07-01.51.50:983][  0]LogD3D11RHI: Array index from any shader is supported
[2020.12.07-01.51.50:985][  0]LogD3D11RHI: HDR output is supported on display 0 (NvId: 0x80061082).
[2020.12.07-01.51.51:006][  0]LogD3D11RHI: GPU Timing Frequency: 1000.000000 (Debug: 2 1)
[2020.12.07-01.51.51:384][  0]LogTargetPlatformManager: Display: Loaded TargetPlatform 'AllDesktop'
[2020.12.07-01.51.51:407][  0]LogTargetPlatformManager: Display: Loaded TargetPlatform 'Android'
[2020.12.07-01.51.51:407][  0]LogTargetPlatformManager: Display: Loaded TargetPlatform 'Android_ASTC'
[2020.12.07-01.51.51:407][  0]LogTargetPlatformManager: Display: Loaded TargetPlatform 'Android_DXT'
[2020.12.07-01.51.51:407][  0]LogTargetPlatformManager: Display: Loaded TargetPlatform 'Android_ETC2'
[2020.12.07-01.51.51:407][  0]LogTargetPlatformManager: Display: Loaded TargetPlatform 'AndroidClient'
[2020.12.07-01.51.51:407][  0]LogTargetPlatformManager: Display: Loaded TargetPlatform 'Android_ASTCClient'
[2020.12.07-01.51.51:407][  0]LogTargetPlatformManager: Display: Loaded TargetPlatform 'Android_DXTClient'
[2020.12.07-01.51.51:407][  0]LogTargetPlatformManager: Display: Loaded TargetPlatform 'Android_ETC2Client'
[2020.12.07-01.51.51:407][  0]LogTargetPlatformManager: Display: Loaded TargetPlatform 'Android_Multi'
[2020.12.07-01.51.51:407][  0]LogTargetPlatformManager: Display: Loaded TargetPlatform 'Android_MultiClient'
[2020.12.07-01.51.51:435][  0]LogTargetPlatformManager: Display: Loaded TargetPlatform 'IOSClient'
[2020.12.07-01.51.51:435][  0]LogTargetPlatformManager: Display: Loaded TargetPlatform 'IOS'
[2020.12.07-01.51.51:448][  0]LogTargetPlatformManager: Display: Loaded TargetPlatform 'Linux'
[2020.12.07-01.51.51:459][  0]LogTargetPlatformManager: Display: Loaded TargetPlatform 'LinuxNoEditor'
[2020.12.07-01.51.51:469][  0]LogTargetPlatformManager: Display: Loaded TargetPlatform 'LinuxClient'
[2020.12.07-01.51.51:480][  0]LogTargetPlatformManager: Display: Loaded TargetPlatform 'LinuxServer'
[2020.12.07-01.51.51:491][  0]LogTargetPlatformManager: Display: Loaded TargetPlatform 'LinuxAArch64NoEditor'
[2020.12.07-01.51.51:501][  0]LogTargetPlatformManager: Display: Loaded TargetPlatform 'LinuxAArch64Client'
[2020.12.07-01.51.51:512][  0]LogTargetPlatformManager: Display: Loaded TargetPlatform 'LinuxAArch64Server'
[2020.12.07-01.51.51:542][  0]LogTargetPlatformManager: Display: Loaded TargetPlatform 'Lumin'
[2020.12.07-01.51.51:543][  0]LogTargetPlatformManager: Display: Loaded TargetPlatform 'LuminClient'
[2020.12.07-01.51.51:561][  0]LogTargetPlatformManager: Display: Loaded TargetPlatform 'TVOSClient'
[2020.12.07-01.51.51:561][  0]LogTargetPlatformManager: Display: Loaded TargetPlatform 'TVOS'
[2020.12.07-01.51.51:572][  0]LogTargetPlatformManager: Display: Loaded TargetPlatform 'WindowsNoEditor'
[2020.12.07-01.51.51:584][  0]LogTargetPlatformManager: Display: Loaded TargetPlatform 'Windows'
[2020.12.07-01.51.51:595][  0]LogTargetPlatformManager: Display: Loaded TargetPlatform 'WindowsClient'
[2020.12.07-01.51.51:605][  0]LogTargetPlatformManager: Display: Loaded TargetPlatform 'WindowsServer'
[2020.12.07-01.51.51:605][  0]LogTargetPlatformManager: Display: Building Assets For Windows
[2020.12.07-01.51.51:616][  0]LogAudioDebug: Display: Lib vorbis DLL was dynamically loaded.
[2020.12.07-01.51.51:711][  0]LogShaderCompilers: Guid format shader working directory is 10 characters bigger than the processId version (../../../../../UNREAL/ProjectFalls/Intermediate/Shaders/WorkingDirectory/15140/).
[2020.12.07-01.51.51:711][  0]LogShaderCompilers: Cleaned the shader compiler working directory 'C:/Users/Kaue/AppData/Local/Temp/UnrealShaderWorkingDir/F836163441C5D47E15A2ACB82153D0B3/'.
[2020.12.07-01.51.51:712][  0]LogXGEController: Cleaning working directory: C:/Users/Kaue/AppData/Local/Temp/UnrealXGEWorkingDir/
[2020.12.07-01.51.51:712][  0]LogXGEController: Cannot use XGE Controller as Incredibuild is not installed on this machine.
[2020.12.07-01.51.51:712][  0]LogShaderCompilers: Cannot use XGE Shader Compiler as Incredibuild is not installed on this machine.
[2020.12.07-01.51.51:712][  0]LogShaderCompilers: Display: Using Local Shader Compiler.
[2020.12.07-01.51.52:465][  0]LogDerivedDataCache: Display: Max Cache Size: 512 MB
[2020.12.07-01.51.52:513][  0]LogDerivedDataCache: Loaded boot cache 0.05s 75MB C:/Users/Kaue/AppData/Local/UnrealEngine/4.25/DerivedDataCache/Boot.ddc.
[2020.12.07-01.51.52:513][  0]LogDerivedDataCache: Display: Loaded Boot cache: C:/Users/Kaue/AppData/Local/UnrealEngine/4.25/DerivedDataCache/Boot.ddc
[2020.12.07-01.51.52:514][  0]LogDerivedDataCache: FDerivedDataBackendGraph:  Pak pak cache file ../../../../../UNREAL/ProjectFalls/DerivedDataCache/DDC.ddp not found, will not use a pak cache.
[2020.12.07-01.51.52:514][  0]LogDerivedDataCache: Unable to find inner node Pak for hierarchical cache Hierarchy.
[2020.12.07-01.51.52:514][  0]LogDerivedDataCache: FDerivedDataBackendGraph:  CompressedPak pak cache file ../../../../../UNREAL/ProjectFalls/DerivedDataCache/Compressed.ddp not found, will not use a pak cache.
[2020.12.07-01.51.52:514][  0]LogDerivedDataCache: Unable to find inner node CompressedPak for hierarchical cache Hierarchy.
[2020.12.07-01.51.52:523][  0]LogDerivedDataCache: Display: Pak cache opened for reading ../../../Engine/DerivedDataCache/Compressed.ddp.
[2020.12.07-01.51.52:523][  0]LogDerivedDataCache: FDerivedDataBackendGraph:  EnterprisePak pak cache file ../../../Enterprise/DerivedDataCache/Compressed.ddp not found, will not use a pak cache.
[2020.12.07-01.51.52:523][  0]LogDerivedDataCache: Unable to find inner node EnterprisePak for hierarchical cache Hierarchy.
[2020.12.07-01.51.52:524][  0]LogDerivedDataCache: Using Local data cache path C:/Users/Kaue/AppData/Local/UnrealEngine/Common/DerivedDataCache: Writable
[2020.12.07-01.51.52:524][  0]LogDerivedDataCache: Shared data cache path not found in *engine.ini, will not use an Shared cache.
[2020.12.07-01.51.52:525][  0]LogDerivedDataCache: Unable to find inner node Shared for hierarchical cache Hierarchy.
[2020.12.07-01.51.52:569][  0]LogSlate: Using FreeType 2.10.0
[2020.12.07-01.51.52:570][  0]LogSlate: SlateFontServices - WITH_FREETYPE: 1, WITH_HARFBUZZ: 1
[2020.12.07-01.51.52:600][  0]LogAssetRegistry: FAssetRegistry took 0.0026 seconds to start up
[2020.12.07-01.51.52:820][  0]LogInit: Selected Device Profile: [Windows]
[2020.12.07-01.51.52:938][  0]LogMeshReduction: Using QuadricMeshReduction for automatic static mesh reduction
[2020.12.07-01.51.52:938][  0]LogMeshReduction: Using SimplygonMeshReduction for automatic skeletal mesh reduction
[2020.12.07-01.51.52:938][  0]LogMeshReduction: Using ProxyLODMeshReduction for automatic mesh merging
[2020.12.07-01.51.52:938][  0]LogMeshReduction: No distributed automatic mesh merging module available
[2020.12.07-01.51.52:938][  0]LogMeshMerging: No distributed automatic mesh merging module available
[2020.12.07-01.51.52:954][  0]LogNetVersion: ProjectFalls 1.0.0, NetCL: 13144385, EngineNetVer: 14, GameNetVer: 0 (Checksum: 4208646214)
[2020.12.07-01.51.53:413][  0]LogAISub: UAISubsystem::UAISubsystem AISubsystem (000001D41F488340), frame # 0
[2020.12.07-01.51.53:413][  0]LogAISub: UAISubsystem::UAISubsystem AIPerceptionSystem (000001D41F3A7C40), frame # 0
[2020.12.07-01.51.53:414][  0]LogAISub: UAISubsystem::UAISubsystem EnvQueryManager (000001D41F419E00), frame # 0
[2020.12.07-01.51.53:456][  0]LogPackageLocalizationCache: Processed 19 localized package path(s) for 1 prioritized culture(s) in 0.034927 seconds
[2020.12.07-01.51.53:460][  0]LogUObjectArray: 15917 objects as part of root set at end of initial load.
[2020.12.07-01.51.53:460][  0]LogUObjectAllocator: 3965568 out of 0 bytes used by permanent object pool.
[2020.12.07-01.51.53:460][  0]LogUObjectArray: CloseDisregardForGC: 0/0 objects in disregard for GC pool
[2020.12.07-01.51.53:895][  0]LogTcpMessaging: Initializing TcpMessaging bridge
[2020.12.07-01.51.53:900][  0]LogUdpMessaging: Initializing bridge on interface 0.0.0.0:0 to multicast group 230.0.0.1:6666.
[2020.12.07-01.51.53:997][  0]SourceControl: Source control is disabled
[2020.12.07-01.51.53:998][  0]SourceControl: Source control is disabled
[2020.12.07-01.51.54:002][  0]SourceControl: Source control is disabled
[2020.12.07-01.51.54:006][  0]SourceControl: Source control is disabled
[2020.12.07-01.51.54:015][  0]SourceControl: Source control is disabled
[2020.12.07-01.51.54:033][  0]LogVSAccessor: Display: Unable to create Visual Studio setup instance: 80040154
[2020.12.07-01.51.54:034][  0]LogVSAccessor: Display: Unable to create Visual Studio setup instance: 80040154
[2020.12.07-01.51.54:358][  0]LogAndroidPermission: UAndroidPermissionCallbackProxy::GetInstance
[2020.12.07-01.51.54:384][  0]LogAudioCaptureCore: Display: No Audio Capture implementations found. Audio input will be silent.
[2020.12.07-01.51.54:384][  0]LogAudioCaptureCore: Display: No Audio Capture implementations found. Audio input will be silent.
[2020.12.07-01.51.54:446][  0]LogOcInput: OculusInput pre-init called
[2020.12.07-01.51.54:465][  0]LogWindows: Failed to load 'OVRPlugin.dll' (GetLastError=126)
[2020.12.07-01.51.54:465][  0]LogWindows: File 'OVRPlugin.dll' does not exist
[2020.12.07-01.51.54:529][  0]LogEngine: Initializing Engine...
[2020.12.07-01.51.54:530][  0]LogHMD: Failed to initialize OpenVR with code 110
[2020.12.07-01.51.54:530][  0]LogMagicLeap: Warning: VR disabled because ZI is not enabled.  To enable, in the editor, Edit -> Project Settings -> Plugins -> Magic Leap Plugin -> Enable Zero Iteration
[2020.12.07-01.51.54:531][  0]LogStats: UGameplayTagsManager::InitializeManager -  0.000 s
[2020.12.07-01.51.54:646][  0]LogInit: Initializing FReadOnlyCVARCache
[2020.12.07-01.51.54:655][  0]LogAIModule: Creating AISystem for world Untitled
[2020.12.07-01.51.54:655][  0]LogAISub: UAISubsystem::UAISubsystem EnvQueryManager (000001D4246E4600), frame # 0
[2020.12.07-01.51.54:655][  0]LogAISub: UAISubsystem::UAISubsystem AIPerceptionSystem (000001D4246FD440), frame # 0
[2020.12.07-01.51.54:674][  0]LogAudioMixer: Display: Audio Mixer Platform Settings:
[2020.12.07-01.51.54:674][  0]LogAudioMixer: Display: 	Sample Rate:						  48000
[2020.12.07-01.51.54:674][  0]LogAudioMixer: Display: 	Callback Buffer Frame Size Requested: 1024
[2020.12.07-01.51.54:674][  0]LogAudioMixer: Display: 	Callback Buffer Frame Size To Use:	  1024
[2020.12.07-01.51.54:674][  0]LogAudioMixer: Display: 	Number of buffers to queue:			  2
[2020.12.07-01.51.54:674][  0]LogAudioMixer: Display: 	Max Channels (voices):				  32
[2020.12.07-01.51.54:674][  0]LogAudioMixer: Display: 	Number of Async Source Workers:		  0
[2020.12.07-01.51.54:674][  0]LogAudio: Display: AudioDevice MaxSources: 32
[2020.12.07-01.51.54:674][  0]LogAudio: Display: Using built-in audio occlusion.
[2020.12.07-01.51.54:674][  0]LogAudioMixer: Display: Initializing audio mixer.
[2020.12.07-01.51.54:713][  0]LogAudioMixer: Display: 0: FrontLeft
[2020.12.07-01.51.54:713][  0]LogAudioMixer: Display: 1: FrontRight
[2020.12.07-01.51.54:805][  0]LogAudioMixer: Display: Using Audio Device Alto-falantes (Jabra EVOLVE 20)
[2020.12.07-01.51.54:809][  0]LogAudioMixer: Display: Initializing Sound Submixes...
[2020.12.07-01.51.54:812][  0]LogAudioMixer: Display: Creating Master Submix 'MasterSubmixDefault'
[2020.12.07-01.51.54:812][  0]LogAudioMixer: Display: Creating Master Submix 'MasterReverbSubmixDefault'
[2020.12.07-01.51.54:813][  0]LogAudioMixer: Display: Creating Master Submix 'MasterEQSubmixDefault'
[2020.12.07-01.51.54:814][  0]LogInit: FAudioDevice initialized.
[2020.12.07-01.51.54:814][  0]LogNetVersion: Set ProjectVersion to 1.0.0.0. Version Checksum will be recalculated on next use.
[2020.12.07-01.51.54:892][  0]LogDerivedDataCache: Saved boot cache 0.08s 75MB C:/Users/Kaue/AppData/Local/UnrealEngine/4.25/DerivedDataCache/Boot.ddc.
[2020.12.07-01.51.54:896][  0]LogInit: Texture streaming: Enabled
[2020.12.07-01.51.54:924][  0]LogEngineSessionManager: EngineSessionManager initialized
[2020.12.07-01.51.54:924][  0]LogEngineSessionManager: EngineSessionManager sent abnormal shutdown report. Type=Crashed, SessionId={A3EECDBA-42E4-BAAD-0482-B4B50DB71FE1}
[2020.12.07-01.51.54:924][  0]LogEditorSessionSummary: Verbose: Initializing EditorSessionSummaryWriter for editor session tracking
[2020.12.07-01.51.54:940][  0]LogEditorSessionSummary: EditorSessionSummaryWriter initialized
[2020.12.07-01.51.54:981][  0]LogInit: Transaction tracking system initialized
[2020.12.07-01.51.55:010][  0]BlueprintLog: New page: Editor Load
[2020.12.07-01.51.55:101][  0]LocalizationService: Localization service is disabled
[2020.12.07-01.51.55:201][  0]LogVSAccessor: Display: Unable to create Visual Studio setup instance: 80040154
[2020.12.07-01.51.55:202][  0]LogVSAccessor: Display: Unable to create Visual Studio setup instance: 80040154
[2020.12.07-01.51.55:291][  0]LogCook: Display: Max memory allowance for cook 16384mb min free memory 0mb
[2020.12.07-01.51.55:291][  0]LogCook: Display: Mobile HDR setting 1
[2020.12.07-01.51.55:385][  0]LogFileCache: Scanning file cache for directory 'E:/UNREAL/ProjectFalls/Content/' took 0.01s
[2020.12.07-01.51.55:727][  0]SourceControl: Source control is disabled
[2020.12.07-01.51.55:727][  0]LogUnrealEdMisc: Loading editor; pre map load, took 8.156
[2020.12.07-01.51.55:727][  0]Cmd: MAP LOAD FILE="../../../../../UNREAL/ProjectFalls/Content/ThirdPersonBP/Maps/ThirdPersonExampleMap.umap" TEMPLATE=0 SHOWPROGRESS=1 FEATURELEVEL=3
[2020.12.07-01.51.55:728][  0]LightingResults: New page: Lighting Build
[2020.12.07-01.51.55:729][  0]LogWorld: UWorld::CleanupWorld for Untitled, bSessionEnded=true, bCleanupResources=true
[2020.12.07-01.51.55:729][  0]LogSlate: InvalidateAllWidgets triggered.  All widgets were invalidated
[2020.12.07-01.51.55:729][  0]MapCheck: New page: Map Check
[2020.12.07-01.51.55:729][  0]LightingResults: New page: Lighting Build
[2020.12.07-01.51.55:738][  0]LogAISub: UAISubsystem::~UAISubsystem EnvQueryManager (000001D4246E4600), frame # 0
[2020.12.07-01.51.55:738][  0]LogAISub: UAISubsystem::~UAISubsystem AIPerceptionSystem (000001D4246FD440), frame # 0
[2020.12.07-01.51.55:738][  0]LogUObjectHash: Compacting FUObjectHashTables data took   0.60ms
[2020.12.07-01.51.56:272][  0]LogAIModule: Creating AISystem for world ThirdPersonExampleMap
[2020.12.07-01.51.56:272][  0]LogAISub: UAISubsystem::UAISubsystem EnvQueryManager (000001D41B033E00), frame # 0
[2020.12.07-01.51.56:272][  0]LogAISub: UAISubsystem::UAISubsystem AIPerceptionSystem (000001D4165AFD80), frame # 0
[2020.12.07-01.51.56:287][  0]LogEditorServer: Finished looking for orphan Actors (0.000 secs)
[2020.12.07-01.51.56:298][  0]LogUObjectHash: Compacting FUObjectHashTables data took   0.70ms
[2020.12.07-01.51.56:299][  0]Cmd: MAP CHECKDEP NOCLEARLOG
[2020.12.07-01.51.56:299][  0]MapCheck: Map check complete: 0 Error(s), 0 Warning(s), took 0.248ms to complete.
[2020.12.07-01.51.56:299][  0]LogFileHelpers: Loading map 'ThirdPersonExampleMap' took 0.572
[2020.12.07-01.51.56:301][  0]LogUnrealEdMisc: Total Editor Startup Time, took 8.730
[2020.12.07-01.51.56:445][  0]LogSlate: Updating window title bar state: overlay mode, drag disabled, window buttons hidden, title bar hidden
[2020.12.07-01.51.56:451][  0]LogSlate: Updating window title bar state: overlay mode, drag disabled, window buttons hidden, title bar hidden
[2020.12.07-01.51.56:457][  0]LogSlate: Updating window title bar state: overlay mode, drag disabled, window buttons hidden, title bar hidden
[2020.12.07-01.51.56:463][  0]LogSlate: Updating window title bar state: overlay mode, drag disabled, window buttons hidden, title bar hidden
[2020.12.07-01.51.56:476][  0]LogCollectionManager: Loaded 0 collections in 0.001028 seconds
[2020.12.07-01.51.56:489][  0]LogFileCache: Scanning file cache for directory 'E:/UNREAL/ProjectFalls/Saved/Collections/' took 0.00s
[2020.12.07-01.51.56:489][  0]LogFileCache: Scanning file cache for directory 'E:/UNREAL/ProjectFalls/Content/Developers/Kaue/Collections/' took 0.00s
[2020.12.07-01.51.56:489][  0]LogFileCache: Scanning file cache for directory 'E:/UNREAL/ProjectFalls/Content/Collections/' took 0.00s
[2020.12.07-01.51.56:489][  0]LogContentBrowser: Native class hierarchy populated in 0.0080 seconds. Added 3427 classes and 821 folders.
[2020.12.07-01.51.56:492][  0]LogContentBrowser: Native class hierarchy updated for 'WidgetCarousel' in 0.0003 seconds. Added 0 classes and 0 folders.
[2020.12.07-01.51.56:598][  0]LogContentBrowser: Native class hierarchy updated for 'AddContentDialog' in 0.0003 seconds. Added 0 classes and 0 folders.
[2020.12.07-01.51.56:599][  0]LogContentBrowser: Native class hierarchy updated for 'SceneOutliner' in 0.0004 seconds. Added 2 classes and 0 folders.
[2020.12.07-01.51.56:750][  0]LogSlate: Took 0.000261 seconds to synchronously load lazily loaded font '../../../Engine/Content/Slate/Fonts/Roboto-Regular.ttf' (155K)
[2020.12.07-01.51.56:752][  0]LogSlate: Took 0.000313 seconds to synchronously load lazily loaded font '../../../Engine/Content/Slate/Fonts/Roboto-Bold.ttf' (160K)
[2020.12.07-01.51.56:756][  0]LogSlate: Took 0.000217 seconds to synchronously load lazily loaded font '../../../Engine/Content/Editor/Slate/Fonts/FontAwesome.ttf' (139K)
[2020.12.07-01.51.56:817][  0]LogRenderer: Reallocating scene render targets to support 1704x852 Format 9 NumSamples 1 (Frame:1).
[2020.12.07-01.51.56:912][  0]LogContentBrowser: Native class hierarchy updated for 'HierarchicalLODOutliner' in 0.0004 seconds. Added 0 classes and 0 folders.
[2020.12.07-01.51.56:912][  0]LogLoad: (Engine Initialization) Total time: 9.34 seconds
[2020.12.07-01.51.56:912][  0]LogLoad: (Engine Initialization) Total Blueprint compile time: 0.00 seconds
[2020.12.07-01.51.56:953][  0]LogAssetRegistry: Asset discovery search completed in 4.3544 seconds
[2020.12.07-01.51.56:956][  0]LogCollectionManager: Fixed up redirectors for 0 collections in 0.000003 seconds (updated 0 objects)
[2020.12.07-01.51.56:958][  0]LogContentStreaming: Texture pool size now 800 MB
[2020.12.07-01.52.07:362][133]LogEditorViewport: Clicking on Actor (LMB): ThirdPersonCharacter_C (ThirdPersonCharacter)
[2020.12.07-01.52.07:615][141]LogEditorViewport: Clicking on Actor (context menu): ThirdPersonCharacter_C (ThirdPersonCharacter)
[2020.12.07-01.52.08:607][236]LogSlate: Took 0.000249 seconds to synchronously load lazily loaded font '../../../Engine/Content/Slate/Fonts/Roboto-Light.ttf' (167K)
[2020.12.07-01.52.08:627][236]LogAssetEditorSubsystem: Opening Asset editor for Blueprint /Game/ThirdPersonBP/Blueprints/ThirdPersonCharacter.ThirdPersonCharacter
[2020.12.07-01.52.08:853][236]LogContentBrowser: Native class hierarchy updated for 'BlueprintGraph' in 0.0006 seconds. Added 125 classes and 0 folders.
[2020.12.07-01.52.09:680][236]LogSlate: Took 0.000303 seconds to synchronously load lazily loaded font '../../../Engine/Content/Slate/Fonts/Roboto-BoldCondensed.ttf' (158K)
[2020.12.07-01.52.14:208][435]LogSlate: Took 0.000260 seconds to synchronously load lazily loaded font '../../../Engine/Content/Slate/Fonts/Roboto-Italic.ttf' (157K)
[2020.12.07-01.53.13:330][998]BlueprintLog: New page: Compile ThirdPersonCharacter
[2020.12.07-01.53.13:439][998]LogUObjectHash: Compacting FUObjectHashTables data took   1.88ms
[2020.12.07-01.53.13:556][998]LogSlate: Took 0.000280 seconds to synchronously load lazily loaded font '../../../Engine/Content/Slate/Fonts/DroidSansMono.ttf' (77K)
[2020.12.07-01.53.40:213][913]BlueprintLog: New page: Compile ThirdPersonCharacter
[2020.12.07-01.53.40:319][913]LogUObjectHash: Compacting FUObjectHashTables data took   1.85ms
[2020.12.07-01.54.19:539][  0]BlueprintLog: New page: Compile ThirdPersonCharacter
[2020.12.07-01.54.19:643][  0]LogUObjectHash: Compacting FUObjectHashTables data took   1.96ms
[2020.12.07-01.54.29:444][718]LogSlate: Window 'ThirdPersonCharacter' being destroyed
[2020.12.07-01.54.29:460][718]LogSlate: Window 'ThirdPersonCharacter' being destroyed
[2020.12.07-01.54.29:468][718]LogWorld: UWorld::CleanupWorld for World_2, bSessionEnded=true, bCleanupResources=true
[2020.12.07-01.54.29:468][718]LogSlate: InvalidateAllWidgets triggered.  All widgets were invalidated
[2020.12.07-01.54.30:400][788]LogTemp: Repeating last play command: New Editor Window (PIE)
[2020.12.07-01.54.30:414][788]LogPlayLevel: PlayLevel: No blueprints needed recompiling
[2020.12.07-01.54.30:415][788]PIE: New page: PIE session: ThirdPersonExampleMap (Dec 6, 2020, 8:54:30 PM)
[2020.12.07-01.54.30:416][788]LogOnline: OSS: Creating online subsystem instance for: NULL
[2020.12.07-01.54.30:417][788]LogOnline: OSS: TryLoadSubsystemAndSetDefault: Loaded subsystem for module [NULL]
[2020.12.07-01.54.30:417][788]LogPlayLevel: Creating play world package: /Game/ThirdPersonBP/Maps/UEDPIE_0_ThirdPersonExampleMap
[2020.12.07-01.54.30:430][788]LogPlayLevel: PIE: StaticDuplicateObject took: (0.012900s)
[2020.12.07-01.54.30:431][788]LogAIModule: Creating AISystem for world ThirdPersonExampleMap
[2020.12.07-01.54.30:431][788]LogAISub: UAISubsystem::UAISubsystem EnvQueryManager (000001D4ADEA1800), frame # 10788
[2020.12.07-01.54.30:431][788]LogAISub: UAISubsystem::UAISubsystem AIPerceptionSystem (000001D49F10B240), frame # 10788
[2020.12.07-01.54.30:431][788]LogPlayLevel: PIE: World Init took: (0.001245s)
[2020.12.07-01.54.30:431][788]LogPlayLevel: PIE: Created PIE world by copying editor world from /Game/ThirdPersonBP/Maps/ThirdPersonExampleMap.ThirdPersonExampleMap to /Game/ThirdPersonBP/Maps/UEDPIE_0_ThirdPersonExampleMap.ThirdPersonExampleMap (0.014416s)
[2020.12.07-01.54.30:452][788]LogUObjectHash: Compacting FUObjectHashTables data took   1.80ms
[2020.12.07-01.54.30:454][788]LogAudioMixer: Display: Audio Mixer Platform Settings:
[2020.12.07-01.54.30:454][788]LogAudioMixer: Display: 	Sample Rate:						  48000
[2020.12.07-01.54.30:454][788]LogAudioMixer: Display: 	Callback Buffer Frame Size Requested: 1024
[2020.12.07-01.54.30:454][788]LogAudioMixer: Display: 	Callback Buffer Frame Size To Use:	  1024
[2020.12.07-01.54.30:454][788]LogAudioMixer: Display: 	Number of buffers to queue:			  2
[2020.12.07-01.54.30:454][788]LogAudioMixer: Display: 	Max Channels (voices):				  32
[2020.12.07-01.54.30:454][788]LogAudioMixer: Display: 	Number of Async Source Workers:		  0
[2020.12.07-01.54.30:454][788]LogAudio: Display: AudioDevice MaxSources: 32
[2020.12.07-01.54.30:455][788]LogAudio: Display: Using built-in audio occlusion.
[2020.12.07-01.54.30:455][788]LogAudioMixer: Display: Initializing audio mixer.
[2020.12.07-01.54.30:476][788]LogAudioMixer: Display: 0: FrontLeft
[2020.12.07-01.54.30:476][788]LogAudioMixer: Display: 1: FrontRight
[2020.12.07-01.54.30:525][788]LogAudioMixer: Display: Using Audio Device Alto-falantes (Jabra EVOLVE 20)
[2020.12.07-01.54.30:525][788]LogAudioMixer: Display: Initializing Sound Submixes...
[2020.12.07-01.54.30:525][788]LogAudioMixer: Display: Creating Master Submix 'MasterSubmixDefault'
[2020.12.07-01.54.30:525][788]LogAudioMixer: Display: Creating Master Submix 'MasterReverbSubmixDefault'
[2020.12.07-01.54.30:525][788]LogAudioMixer: Display: Creating Master Submix 'MasterEQSubmixDefault'
[2020.12.07-01.54.30:526][788]LogInit: FAudioDevice initialized.
[2020.12.07-01.54.30:566][788]LogSlate: Updating window title bar state: overlay mode, drag disabled, window buttons hidden, title bar hidden
[2020.12.07-01.54.30:575][788]LogLoad: Game class is 'ThirdPersonGameMode_C'
[2020.12.07-01.54.30:577][788]LogWorld: Bringing World /Game/ThirdPersonBP/Maps/UEDPIE_0_ThirdPersonExampleMap.ThirdPersonExampleMap up for play (max tick rate 0) at 2020.12.06-22.54.30
[2020.12.07-01.54.30:577][788]LogWorld: Bringing up level for play took: 0.001141
[2020.12.07-01.54.30:577][788]LogOnline: OSS: Creating online subsystem instance for: :Context_4
[2020.12.07-01.54.30:589][788]LogContentBrowser: Native class hierarchy updated for 'MovieSceneCapture' in 0.0004 seconds. Added 20 classes and 0 folders.
[2020.12.07-01.54.30:591][788]PIE: Server logged in
[2020.12.07-01.54.30:593][788]PIE: Play in editor total start time 0.185 seconds.
[2020.12.07-01.54.42:298][117]LogSlate: Updating window title bar state: overlay mode, drag disabled, window buttons hidden, title bar hidden
[2020.12.07-01.54.42:298][117]LogWorld: BeginTearingDown for /Game/ThirdPersonBP/Maps/UEDPIE_0_ThirdPersonExampleMap
[2020.12.07-01.54.42:298][117]LogSlate: Window 'ProjectFalls Preview [NetMode: Standalone] (64-bit/Windows) ' being destroyed
[2020.12.07-01.54.42:311][117]LogWorld: UWorld::CleanupWorld for ThirdPersonExampleMap, bSessionEnded=true, bCleanupResources=true
[2020.12.07-01.54.42:312][117]LogSlate: InvalidateAllWidgets triggered.  All widgets were invalidated
[2020.12.07-01.54.42:317][117]LogPlayLevel: Display: Shutting down PIE online subsystems
[2020.12.07-01.54.42:321][117]LogSlate: InvalidateAllWidgets triggered.  All widgets were invalidated
[2020.12.07-01.54.42:393][117]LogAISub: UAISubsystem::~UAISubsystem AIPerceptionSystem (000001D49F10B240), frame # 12117
[2020.12.07-01.54.42:393][117]LogAISub: UAISubsystem::~UAISubsystem EnvQueryManager (000001D4ADEA1800), frame # 12117
[2020.12.07-01.54.42:397][117]LogUObjectHash: Compacting FUObjectHashTables data took   2.91ms
[2020.12.07-01.54.42:431][118]LogPlayLevel: Display: Destroying online subsystem :Context_4
[2020.12.07-01.54.43:582][242]LogEditorViewport: Clicking on Actor (LMB): ThirdPersonCharacter_C (ThirdPersonCharacter)
[2020.12.07-01.54.43:776][249]LogEditorViewport: Clicking on Actor (context menu): ThirdPersonCharacter_C (ThirdPersonCharacter)
[2020.12.07-01.54.44:820][363]LogAssetEditorSubsystem: Opening Asset editor for Blueprint /Game/ThirdPersonBP/Blueprints/ThirdPersonCharacter.ThirdPersonCharacter
[2020.12.07-01.55.03:288][666]BlueprintLog: New page: Compile ThirdPersonCharacter
[2020.12.07-01.55.03:432][666]LogUObjectHash: Compacting FUObjectHashTables data took   2.37ms
[2020.12.07-01.55.04:424][725]LogSlate: Window 'ThirdPersonCharacter' being destroyed
[2020.12.07-01.55.04:440][725]LogSlate: Window 'ThirdPersonCharacter' being destroyed
[2020.12.07-01.55.04:441][725]LogWorld: UWorld::CleanupWorld for World_3, bSessionEnded=true, bCleanupResources=true
[2020.12.07-01.55.04:441][725]LogSlate: InvalidateAllWidgets triggered.  All widgets were invalidated
[2020.12.07-01.55.05:238][787]LogTemp: Repeating last play command: New Editor Window (PIE)
[2020.12.07-01.55.05:253][787]LogPlayLevel: PlayLevel: No blueprints needed recompiling
[2020.12.07-01.55.05:253][787]PIE: New page: PIE session: ThirdPersonExampleMap (Dec 6, 2020, 8:55:05 PM)
[2020.12.07-01.55.05:253][787]LogPlayLevel: Creating play world package: /Game/ThirdPersonBP/Maps/UEDPIE_0_ThirdPersonExampleMap
[2020.12.07-01.55.05:262][787]LogPlayLevel: PIE: StaticDuplicateObject took: (0.009372s)
[2020.12.07-01.55.05:263][787]LogAIModule: Creating AISystem for world ThirdPersonExampleMap
[2020.12.07-01.55.05:263][787]LogAISub: UAISubsystem::UAISubsystem EnvQueryManager (000001D4B823F600), frame # 13787
[2020.12.07-01.55.05:263][787]LogAISub: UAISubsystem::UAISubsystem AIPerceptionSystem (000001D4166A0A40), frame # 13787
[2020.12.07-01.55.05:264][787]LogPlayLevel: PIE: World Init took: (0.001235s)
[2020.12.07-01.55.05:264][787]LogPlayLevel: PIE: Created PIE world by copying editor world from /Game/ThirdPersonBP/Maps/ThirdPersonExampleMap.ThirdPersonExampleMap to /Game/ThirdPersonBP/Maps/UEDPIE_0_ThirdPersonExampleMap.ThirdPersonExampleMap (0.010816s)
[2020.12.07-01.55.05:284][787]LogUObjectHash: Compacting FUObjectHashTables data took   1.76ms
[2020.12.07-01.55.05:285][787]LogAudioMixer: Display: Audio Mixer Platform Settings:
[2020.12.07-01.55.05:286][787]LogAudioMixer: Display: 	Sample Rate:						  48000
[2020.12.07-01.55.05:286][787]LogAudioMixer: Display: 	Callback Buffer Frame Size Requested: 1024
[2020.12.07-01.55.05:286][787]LogAudioMixer: Display: 	Callback Buffer Frame Size To Use:	  1024
[2020.12.07-01.55.05:286][787]LogAudioMixer: Display: 	Number of buffers to queue:			  2
[2020.12.07-01.55.05:286][787]LogAudioMixer: Display: 	Max Channels (voices):				  32
[2020.12.07-01.55.05:286][787]LogAudioMixer: Display: 	Number of Async Source Workers:		  0
[2020.12.07-01.55.05:286][787]LogAudio: Display: AudioDevice MaxSources: 32
[2020.12.07-01.55.05:286][787]LogAudio: Display: Using built-in audio occlusion.
[2020.12.07-01.55.05:286][787]LogAudioMixer: Display: Initializing audio mixer.
[2020.12.07-01.55.05:306][787]LogAudioMixer: Display: 0: FrontLeft
[2020.12.07-01.55.05:306][787]LogAudioMixer: Display: 1: FrontRight
[2020.12.07-01.55.05:352][787]LogAudioMixer: Display: Using Audio Device Alto-falantes (Jabra EVOLVE 20)
[2020.12.07-01.55.05:352][787]LogAudioMixer: Display: Initializing Sound Submixes...
[2020.12.07-01.55.05:352][787]LogAudioMixer: Display: Creating Master Submix 'MasterSubmixDefault'
[2020.12.07-01.55.05:352][787]LogAudioMixer: Display: Creating Master Submix 'MasterReverbSubmixDefault'
[2020.12.07-01.55.05:353][787]LogAudioMixer: Display: Creating Master Submix 'MasterEQSubmixDefault'
[2020.12.07-01.55.05:353][787]LogInit: FAudioDevice initialized.
[2020.12.07-01.55.05:398][787]LogSlate: Updating window title bar state: overlay mode, drag disabled, window buttons hidden, title bar hidden
[2020.12.07-01.55.05:398][787]LogLoad: Game class is 'ThirdPersonGameMode_C'
[2020.12.07-01.55.05:400][787]LogWorld: Bringing World /Game/ThirdPersonBP/Maps/UEDPIE_0_ThirdPersonExampleMap.ThirdPersonExampleMap up for play (max tick rate 0) at 2020.12.06-22.55.05
[2020.12.07-01.55.05:400][787]LogWorld: Bringing up level for play took: 0.001168
[2020.12.07-01.55.05:400][787]LogOnline: OSS: Creating online subsystem instance for: :Context_6
[2020.12.07-01.55.05:404][787]PIE: Server logged in
[2020.12.07-01.55.05:406][787]PIE: Play in editor total start time 0.159 seconds.
[2020.12.07-01.55.10:897][430]LogSlate: Updating window title bar state: overlay mode, drag disabled, window buttons hidden, title bar hidden
[2020.12.07-01.55.10:897][430]LogWorld: BeginTearingDown for /Game/ThirdPersonBP/Maps/UEDPIE_0_ThirdPersonExampleMap
[2020.12.07-01.55.10:898][430]LogSlate: Window 'ProjectFalls Preview [NetMode: Standalone] (64-bit/Windows) ' being destroyed
[2020.12.07-01.55.10:913][430]LogWorld: UWorld::CleanupWorld for ThirdPersonExampleMap, bSessionEnded=true, bCleanupResources=true
[2020.12.07-01.55.10:914][430]LogSlate: InvalidateAllWidgets triggered.  All widgets were invalidated
[2020.12.07-01.55.10:918][430]LogPlayLevel: Display: Shutting down PIE online subsystems
[2020.12.07-01.55.10:921][430]LogSlate: InvalidateAllWidgets triggered.  All widgets were invalidated
[2020.12.07-01.55.10:953][430]LogAISub: UAISubsystem::~UAISubsystem AIPerceptionSystem (000001D4166A0A40), frame # 14430
[2020.12.07-01.55.10:953][430]LogAISub: UAISubsystem::~UAISubsystem EnvQueryManager (000001D4B823F600), frame # 14430
[2020.12.07-01.55.10:954][430]LogUObjectHash: Compacting FUObjectHashTables data took   1.46ms
[2020.12.07-01.55.10:982][431]LogPlayLevel: Display: Destroying online subsystem :Context_6
[2020.12.07-01.55.12:057][546]LogUObjectHash: Compacting FUObjectHashTables data took   1.40ms
[2020.12.07-01.55.12:099][546]LogUObjectHash: Compacting FUObjectHashTables data took   0.40ms
[2020.12.07-01.55.12:137][546]LogSavePackage: Moving '../../../../../UNREAL/ProjectFalls/Saved/ThirdPersonExampleMapB14F5BE64CA8875BDF5E85A5F748C8DC.tmp' to '../../../../../UNREAL/ProjectFalls/Content/ThirdPersonBP/Maps/ThirdPersonExampleMap.umap'
[2020.12.07-01.55.12:154][546]LogFileHelpers: Saving map 'ThirdPersonExampleMap' took 0.071
[2020.12.07-01.55.12:275][546]LogSavePackage: Moving '../../../../../UNREAL/ProjectFalls/Saved/ThirdPersonExampleMap_BuiltDataF6C9CD6F41355C83563ABD81F847AD4F.tmp' to '../../../../../UNREAL/ProjectFalls/Content/ThirdPersonBP/Maps/ThirdPersonExampleMap_BuiltData.uasset'
[2020.12.07-01.55.12:296][546]Cmd: OBJ SAVEPACKAGE PACKAGE="/Game/ThirdPersonBP/Blueprints/ThirdPersonCharacter" FILE="../../../../../UNREAL/ProjectFalls/Content/ThirdPersonBP/Blueprints/ThirdPersonCharacter.uasset" SILENT=true
[2020.12.07-01.55.12:350][546]LogSavePackage: Moving '../../../../../UNREAL/ProjectFalls/Saved/ThirdPersonCharacterA7C550A2427B78340704559C1D5A3EEF.tmp' to '../../../../../UNREAL/ProjectFalls/Content/ThirdPersonBP/Blueprints/ThirdPersonCharacter.uasset'
[2020.12.07-01.55.12:369][546]AssetCheck: New page: Asset Save: multiple assets
[2020.12.07-01.55.12:369][546]LogContentValidation: Display: Validating World /Game/ThirdPersonBP/Maps/ThirdPersonExampleMap.ThirdPersonExampleMap
[2020.12.07-01.55.12:369][546]LogContentValidation: Display: Validating MapBuildDataRegistry /Game/ThirdPersonBP/Maps/ThirdPersonExampleMap_BuiltData.ThirdPersonExampleMap_BuiltData
[2020.12.07-01.55.12:369][546]LogContentValidation: Display: Validating Blueprint /Game/ThirdPersonBP/Blueprints/ThirdPersonCharacter.ThirdPersonCharacter
[2020.12.07-01.55.30:442][710]LogEditorViewport: Clicking on Actor (LMB): ThirdPersonCharacter_C (ThirdPersonCharacter)
[2020.12.07-01.55.30:667][720]LogEditorViewport: Clicking on Actor (context menu): ThirdPersonCharacter_C (ThirdPersonCharacter)
[2020.12.07-01.55.31:441][799]LogAssetEditorSubsystem: Opening Asset editor for Blueprint /Game/ThirdPersonBP/Blueprints/ThirdPersonCharacter.ThirdPersonCharacter
[2020.12.07-01.55.33:301][901]LogUObjectHash: Compacting FUObjectHashTables data took   1.67ms
[2020.12.07-01.56.29:856][495]BlueprintLog: New page: Compile ThirdPersonCharacter
[2020.12.07-01.56.29:968][495]LogUObjectHash: Compacting FUObjectHashTables data took   1.68ms
[2020.12.07-01.56.31:275][575]Cmd: OBJ SAVEPACKAGE PACKAGE="/Game/ThirdPersonBP/Blueprints/ThirdPersonCharacter" FILE="../../../../../UNREAL/ProjectFalls/Content/ThirdPersonBP/Blueprints/ThirdPersonCharacter.uasset" SILENT=true
[2020.12.07-01.56.31:325][575]LogSavePackage: Moving '../../../../../UNREAL/ProjectFalls/Saved/ThirdPersonCharacter53D567A84AFCAC32172107802CBD4235.tmp' to '../../../../../UNREAL/ProjectFalls/Content/ThirdPersonBP/Blueprints/ThirdPersonCharacter.uasset'
[2020.12.07-01.56.31:346][575]AssetCheck: New page: Asset Save: ThirdPersonCharacter
[2020.12.07-01.56.31:346][575]LogContentValidation: Display: Validating Blueprint /Game/ThirdPersonBP/Blueprints/ThirdPersonCharacter.ThirdPersonCharacter
[2020.12.07-01.57.35:431][501]Cmd: OBJ SAVEPACKAGE PACKAGE="/Game/ThirdPersonBP/Blueprints/ThirdPersonCharacter" FILE="../../../../../UNREAL/ProjectFalls/Content/ThirdPersonBP/Blueprints/ThirdPersonCharacter.uasset" SILENT=true
[2020.12.07-01.57.35:483][501]LogSavePackage: Moving '../../../../../UNREAL/ProjectFalls/Saved/ThirdPersonCharacter901F006647123FB507572AA01DE9B302.tmp' to '../../../../../UNREAL/ProjectFalls/Content/ThirdPersonBP/Blueprints/ThirdPersonCharacter.uasset'
[2020.12.07-01.57.35:504][501]AssetCheck: New page: Asset Save: ThirdPersonCharacter
[2020.12.07-01.57.35:504][501]LogContentValidation: Display: Validating Blueprint /Game/ThirdPersonBP/Blueprints/ThirdPersonCharacter.ThirdPersonCharacter
[2020.12.07-01.57.36:117][546]BlueprintLog: New page: Compile ThirdPersonCharacter
[2020.12.07-01.57.36:235][546]LogUObjectHash: Compacting FUObjectHashTables data took   2.04ms
[2020.12.07-01.57.37:331][614]LogSlate: Window 'ThirdPersonCharacter' being destroyed
[2020.12.07-01.57.37:344][614]LogSlate: Window 'ThirdPersonCharacter' being destroyed
[2020.12.07-01.57.37:351][614]LogWorld: UWorld::CleanupWorld for World_5, bSessionEnded=true, bCleanupResources=true
[2020.12.07-01.57.37:351][614]LogSlate: InvalidateAllWidgets triggered.  All widgets were invalidated
[2020.12.07-01.57.38:169][678]LogTemp: Repeating last play command: New Editor Window (PIE)
[2020.12.07-01.57.38:184][678]LogPlayLevel: PlayLevel: No blueprints needed recompiling
[2020.12.07-01.57.38:184][678]PIE: New page: PIE session: ThirdPersonExampleMap (Dec 6, 2020, 8:57:38 PM)
[2020.12.07-01.57.38:184][678]LogPlayLevel: Creating play world package: /Game/ThirdPersonBP/Maps/UEDPIE_0_ThirdPersonExampleMap
[2020.12.07-01.57.38:195][678]LogPlayLevel: PIE: StaticDuplicateObject took: (0.011320s)
[2020.12.07-01.57.38:196][678]LogAIModule: Creating AISystem for world ThirdPersonExampleMap
[2020.12.07-01.57.38:196][678]LogAISub: UAISubsystem::UAISubsystem EnvQueryManager (000001D4A2DAFA00), frame # 24678
[2020.12.07-01.57.38:197][678]LogAISub: UAISubsystem::UAISubsystem AIPerceptionSystem (000001D49DB93740), frame # 24678
[2020.12.07-01.57.38:197][678]LogPlayLevel: PIE: World Init took: (0.001563s)
[2020.12.07-01.57.38:197][678]LogPlayLevel: PIE: Created PIE world by copying editor world from /Game/ThirdPersonBP/Maps/ThirdPersonExampleMap.ThirdPersonExampleMap to /Game/ThirdPersonBP/Maps/UEDPIE_0_ThirdPersonExampleMap.ThirdPersonExampleMap (0.013038s)
[2020.12.07-01.57.38:218][678]LogUObjectHash: Compacting FUObjectHashTables data took   1.90ms
[2020.12.07-01.57.38:220][678]LogAudioMixer: Display: Audio Mixer Platform Settings:
[2020.12.07-01.57.38:220][678]LogAudioMixer: Display: 	Sample Rate:						  48000
[2020.12.07-01.57.38:220][678]LogAudioMixer: Display: 	Callback Buffer Frame Size Requested: 1024
[2020.12.07-01.57.38:220][678]LogAudioMixer: Display: 	Callback Buffer Frame Size To Use:	  1024
[2020.12.07-01.57.38:220][678]LogAudioMixer: Display: 	Number of buffers to queue:			  2
[2020.12.07-01.57.38:220][678]LogAudioMixer: Display: 	Max Channels (voices):				  32
[2020.12.07-01.57.38:220][678]LogAudioMixer: Display: 	Number of Async Source Workers:		  0
[2020.12.07-01.57.38:220][678]LogAudio: Display: AudioDevice MaxSources: 32
[2020.12.07-01.57.38:221][678]LogAudio: Display: Using built-in audio occlusion.
[2020.12.07-01.57.38:221][678]LogAudioMixer: Display: Initializing audio mixer.
[2020.12.07-01.57.38:241][678]LogAudioMixer: Display: 0: FrontLeft
[2020.12.07-01.57.38:241][678]LogAudioMixer: Display: 1: FrontRight
[2020.12.07-01.57.38:288][678]LogAudioMixer: Display: Using Audio Device Alto-falantes (Jabra EVOLVE 20)
[2020.12.07-01.57.38:288][678]LogAudioMixer: Display: Initializing Sound Submixes...
[2020.12.07-01.57.38:288][678]LogAudioMixer: Display: Creating Master Submix 'MasterSubmixDefault'
[2020.12.07-01.57.38:288][678]LogAudioMixer: Display: Creating Master Submix 'MasterReverbSubmixDefault'
[2020.12.07-01.57.38:288][678]LogAudioMixer: Display: Creating Master Submix 'MasterEQSubmixDefault'
[2020.12.07-01.57.38:300][678]LogInit: FAudioDevice initialized.
[2020.12.07-01.57.38:340][678]LogSlate: Updating window title bar state: overlay mode, drag disabled, window buttons hidden, title bar hidden
[2020.12.07-01.57.38:340][678]LogLoad: Game class is 'ThirdPersonGameMode_C'
[2020.12.07-01.57.38:342][678]LogWorld: Bringing World /Game/ThirdPersonBP/Maps/UEDPIE_0_ThirdPersonExampleMap.ThirdPersonExampleMap up for play (max tick rate 0) at 2020.12.06-22.57.38
[2020.12.07-01.57.38:342][678]LogWorld: Bringing up level for play took: 0.001127
[2020.12.07-01.57.38:342][678]LogOnline: OSS: Creating online subsystem instance for: :Context_9
[2020.12.07-01.57.38:346][678]PIE: Server logged in
[2020.12.07-01.57.38:347][678]PIE: Play in editor total start time 0.17 seconds.
[2020.12.07-01.57.46:167][593]LogSlate: Updating window title bar state: overlay mode, drag disabled, window buttons hidden, title bar hidden
[2020.12.07-01.57.46:167][593]LogWorld: BeginTearingDown for /Game/ThirdPersonBP/Maps/UEDPIE_0_ThirdPersonExampleMap
[2020.12.07-01.57.46:167][593]LogSlate: Window 'ProjectFalls Preview [NetMode: Standalone] (64-bit/Windows) ' being destroyed
[2020.12.07-01.57.46:181][593]LogWorld: UWorld::CleanupWorld for ThirdPersonExampleMap, bSessionEnded=true, bCleanupResources=true
[2020.12.07-01.57.46:181][593]LogSlate: InvalidateAllWidgets triggered.  All widgets were invalidated
[2020.12.07-01.57.46:187][593]LogPlayLevel: Display: Shutting down PIE online subsystems
[2020.12.07-01.57.46:190][593]LogSlate: InvalidateAllWidgets triggered.  All widgets were invalidated
[2020.12.07-01.57.46:220][593]LogAISub: UAISubsystem::~UAISubsystem AIPerceptionSystem (000001D49DB93740), frame # 25593
[2020.12.07-01.57.46:220][593]LogAISub: UAISubsystem::~UAISubsystem EnvQueryManager (000001D4A2DAFA00), frame # 25593
[2020.12.07-01.57.46:222][593]LogUObjectHash: Compacting FUObjectHashTables data took   1.47ms
[2020.12.07-01.57.46:253][594]LogPlayLevel: Display: Destroying online subsystem :Context_9
[2020.12.07-01.57.47:191][696]LogEditorViewport: Clicking on Actor (LMB): ThirdPersonCharacter_C (ThirdPersonCharacter)
[2020.12.07-01.57.47:409][705]LogEditorViewport: Clicking on Actor (context menu): ThirdPersonCharacter_C (ThirdPersonCharacter)
[2020.12.07-01.57.48:141][776]LogAssetEditorSubsystem: Opening Asset editor for Blueprint /Game/ThirdPersonBP/Blueprints/ThirdPersonCharacter.ThirdPersonCharacter
[2020.12.07-01.57.58:489][451]LogUObjectHash: Compacting FUObjectHashTables data took   1.46ms
[2020.12.07-01.57.58:524][451]LogUObjectHash: Compacting FUObjectHashTables data took   0.42ms
[2020.12.07-01.57.58:556][451]LogSavePackage: Moving '../../../../../UNREAL/ProjectFalls/Saved/ThirdPersonExampleMap104328D143F067C7EC02F2AA4DC4AF1D.tmp' to '../../../../../UNREAL/ProjectFalls/Content/ThirdPersonBP/Maps/ThirdPersonExampleMap.umap'
[2020.12.07-01.57.58:572][451]LogFileHelpers: Saving map 'ThirdPersonExampleMap' took 0.067
[2020.12.07-01.57.58:649][451]LogSavePackage: Moving '../../../../../UNREAL/ProjectFalls/Saved/ThirdPersonExampleMap_BuiltData4FAB007E44B5B767D1E25196F020A62D.tmp' to '../../../../../UNREAL/ProjectFalls/Content/ThirdPersonBP/Maps/ThirdPersonExampleMap_BuiltData.uasset'
[2020.12.07-01.57.58:677][451]AssetCheck: New page: Asset Save: multiple assets
[2020.12.07-01.57.58:677][451]LogContentValidation: Display: Validating World /Game/ThirdPersonBP/Maps/ThirdPersonExampleMap.ThirdPersonExampleMap
[2020.12.07-01.57.58:677][451]LogContentValidation: Display: Validating MapBuildDataRegistry /Game/ThirdPersonBP/Maps/ThirdPersonExampleMap_BuiltData.ThirdPersonExampleMap_BuiltData
[2020.12.07-01.58.15:161][662]BlueprintLog: New page: Compile ThirdPersonCharacter
[2020.12.07-01.58.15:268][662]LogUObjectHash: Compacting FUObjectHashTables data took   1.64ms
[2020.12.07-01.58.27:671][652]LogUObjectHash: Compacting FUObjectHashTables data took   1.88ms
[2020.12.07-01.58.27:715][652]LogUObjectHash: Compacting FUObjectHashTables data took   0.44ms
[2020.12.07-01.58.27:746][652]LogSavePackage: Moving '../../../../../UNREAL/ProjectFalls/Saved/ThirdPersonExampleMap83A954AD4DC78C149AB0F480B769769E.tmp' to '../../../../../UNREAL/ProjectFalls/Content/ThirdPersonBP/Maps/ThirdPersonExampleMap.umap'
[2020.12.07-01.58.27:762][652]LogFileHelpers: Saving map 'ThirdPersonExampleMap' took 0.066
[2020.12.07-01.58.27:838][652]LogSavePackage: Moving '../../../../../UNREAL/ProjectFalls/Saved/ThirdPersonExampleMap_BuiltData7B2603C54C56AE96CFA45C853ED78B22.tmp' to '../../../../../UNREAL/ProjectFalls/Content/ThirdPersonBP/Maps/ThirdPersonExampleMap_BuiltData.uasset'
[2020.12.07-01.58.27:849][652]Cmd: OBJ SAVEPACKAGE PACKAGE="/Game/ThirdPersonBP/Blueprints/ThirdPersonCharacter" FILE="../../../../../UNREAL/ProjectFalls/Content/ThirdPersonBP/Blueprints/ThirdPersonCharacter.uasset" SILENT=true
[2020.12.07-01.58.27:905][652]LogSavePackage: Moving '../../../../../UNREAL/ProjectFalls/Saved/ThirdPersonCharacterA34868DB4358A72E8ACE3AB6F860D4EA.tmp' to '../../../../../UNREAL/ProjectFalls/Content/ThirdPersonBP/Blueprints/ThirdPersonCharacter.uasset'
[2020.12.07-01.58.27:932][652]AssetCheck: New page: Asset Save: multiple assets
[2020.12.07-01.58.27:932][652]LogContentValidation: Display: Validating World /Game/ThirdPersonBP/Maps/ThirdPersonExampleMap.ThirdPersonExampleMap
[2020.12.07-01.58.27:932][652]LogContentValidation: Display: Validating MapBuildDataRegistry /Game/ThirdPersonBP/Maps/ThirdPersonExampleMap_BuiltData.ThirdPersonExampleMap_BuiltData
[2020.12.07-01.58.27:932][652]LogContentValidation: Display: Validating Blueprint /Game/ThirdPersonBP/Blueprints/ThirdPersonCharacter.ThirdPersonCharacter
[2020.12.07-01.58.28:937][721]Cmd: OBJ SAVEPACKAGE PACKAGE="/Game/ThirdPersonBP/Blueprints/ThirdPersonCharacter" FILE="../../../../../UNREAL/ProjectFalls/Content/ThirdPersonBP/Blueprints/ThirdPersonCharacter.uasset" SILENT=true
[2020.12.07-01.58.28:986][721]LogSavePackage: Moving '../../../../../UNREAL/ProjectFalls/Saved/ThirdPersonCharacterBC0C13FF42000F89CEA25DB7EFDE89C6.tmp' to '../../../../../UNREAL/ProjectFalls/Content/ThirdPersonBP/Blueprints/ThirdPersonCharacter.uasset'
[2020.12.07-01.58.29:007][721]AssetCheck: New page: Asset Save: ThirdPersonCharacter
[2020.12.07-01.58.29:007][721]LogContentValidation: Display: Validating Blueprint /Game/ThirdPersonBP/Blueprints/ThirdPersonCharacter.ThirdPersonCharacter
[2020.12.07-01.58.53:751][698]BlueprintLog: New page: Compile ThirdPersonCharacter
[2020.12.07-01.58.53:858][698]LogUObjectHash: Compacting FUObjectHashTables data took   1.66ms
[2020.12.07-01.58.55:838][828]LogSlate: Window 'ThirdPersonCharacter' being destroyed
[2020.12.07-01.58.55:854][828]LogSlate: Window 'ThirdPersonCharacter' being destroyed
[2020.12.07-01.58.55:862][828]LogWorld: UWorld::CleanupWorld for World_6, bSessionEnded=true, bCleanupResources=true
[2020.12.07-01.58.55:862][828]LogSlate: InvalidateAllWidgets triggered.  All widgets were invalidated
[2020.12.07-01.58.56:954][914]LogTemp: Repeating last play command: New Editor Window (PIE)
[2020.12.07-01.58.56:968][914]LogPlayLevel: PlayLevel: No blueprints needed recompiling
[2020.12.07-01.58.56:968][914]PIE: New page: PIE session: ThirdPersonExampleMap (Dec 6, 2020, 8:58:56 PM)
[2020.12.07-01.58.56:968][914]LogPlayLevel: Creating play world package: /Game/ThirdPersonBP/Maps/UEDPIE_0_ThirdPersonExampleMap
[2020.12.07-01.58.56:978][914]LogPlayLevel: PIE: StaticDuplicateObject took: (0.009672s)
[2020.12.07-01.58.56:979][914]LogAIModule: Creating AISystem for world ThirdPersonExampleMap
[2020.12.07-01.58.56:979][914]LogAISub: UAISubsystem::UAISubsystem EnvQueryManager (000001D4CEE71800), frame # 30914
[2020.12.07-01.58.56:979][914]LogAISub: UAISubsystem::UAISubsystem AIPerceptionSystem (000001D4302A5A80), frame # 30914
[2020.12.07-01.58.56:979][914]LogPlayLevel: PIE: World Init took: (0.001201s)
[2020.12.07-01.58.56:980][914]LogPlayLevel: PIE: Created PIE world by copying editor world from /Game/ThirdPersonBP/Maps/ThirdPersonExampleMap.ThirdPersonExampleMap to /Game/ThirdPersonBP/Maps/UEDPIE_0_ThirdPersonExampleMap.ThirdPersonExampleMap (0.011030s)
[2020.12.07-01.58.57:000][914]LogUObjectHash: Compacting FUObjectHashTables data took   1.95ms
[2020.12.07-01.58.57:002][914]LogAudioMixer: Display: Audio Mixer Platform Settings:
[2020.12.07-01.58.57:002][914]LogAudioMixer: Display: 	Sample Rate:						  48000
[2020.12.07-01.58.57:002][914]LogAudioMixer: Display: 	Callback Buffer Frame Size Requested: 1024
[2020.12.07-01.58.57:002][914]LogAudioMixer: Display: 	Callback Buffer Frame Size To Use:	  1024
[2020.12.07-01.58.57:002][914]LogAudioMixer: Display: 	Number of buffers to queue:			  2
[2020.12.07-01.58.57:002][914]LogAudioMixer: Display: 	Max Channels (voices):				  32
[2020.12.07-01.58.57:002][914]LogAudioMixer: Display: 	Number of Async Source Workers:		  0
[2020.12.07-01.58.57:002][914]LogAudio: Display: AudioDevice MaxSources: 32
[2020.12.07-01.58.57:003][914]LogAudio: Display: Using built-in audio occlusion.
[2020.12.07-01.58.57:003][914]LogAudioMixer: Display: Initializing audio mixer.
[2020.12.07-01.58.57:023][914]LogAudioMixer: Display: 0: FrontLeft
[2020.12.07-01.58.57:023][914]LogAudioMixer: Display: 1: FrontRight
[2020.12.07-01.58.57:070][914]LogAudioMixer: Display: Using Audio Device Alto-falantes (Jabra EVOLVE 20)
[2020.12.07-01.58.57:070][914]LogAudioMixer: Display: Initializing Sound Submixes...
[2020.12.07-01.58.57:070][914]LogAudioMixer: Display: Creating Master Submix 'MasterSubmixDefault'
[2020.12.07-01.58.57:070][914]LogAudioMixer: Display: Creating Master Submix 'MasterReverbSubmixDefault'
[2020.12.07-01.58.57:070][914]LogAudioMixer: Display: Creating Master Submix 'MasterEQSubmixDefault'
[2020.12.07-01.58.57:082][914]LogInit: FAudioDevice initialized.
[2020.12.07-01.58.57:125][914]LogSlate: Updating window title bar state: overlay mode, drag disabled, window buttons hidden, title bar hidden
[2020.12.07-01.58.57:125][914]LogLoad: Game class is 'ThirdPersonGameMode_C'
[2020.12.07-01.58.57:127][914]LogWorld: Bringing World /Game/ThirdPersonBP/Maps/UEDPIE_0_ThirdPersonExampleMap.ThirdPersonExampleMap up for play (max tick rate 0) at 2020.12.06-22.58.57
[2020.12.07-01.58.57:127][914]LogWorld: Bringing up level for play took: 0.001129
[2020.12.07-01.58.57:127][914]LogOnline: OSS: Creating online subsystem instance for: :Context_11
[2020.12.07-01.58.57:131][914]PIE: Server logged in
[2020.12.07-01.58.57:133][914]PIE: Play in editor total start time 0.171 seconds.
[2020.12.07-01.58.57:214][915]LogRHI: Error: Present Fail Count 1
[2020.12.07-01.58.57:214][915]LogRHI: Error: SyncInterval 0
[2020.12.07-01.58.57:214][915]LogRHI: Error: SwapChainDesc.BufferDesc.Width 1290
[2020.12.07-01.58.57:214][915]LogRHI: Error: SwapChainDesc.BufferDesc.Height 754
[2020.12.07-01.58.57:214][915]LogRHI: Error: SwapChainDesc.BufferDesc.RefreshRate.Numerator 0
[2020.12.07-01.58.57:214][915]LogRHI: Error: SwapChainDesc.BufferDesc.RefreshRate.Denominator 0
[2020.12.07-01.58.57:214][915]LogRHI: Error: SwapChainDesc.BufferDesc.Format 24
[2020.12.07-01.58.57:214][915]LogRHI: Error: SwapChainDesc.BufferDesc.ScanlineOrdering 0
[2020.12.07-01.58.57:214][915]LogRHI: Error: SwapChainDesc.BufferDesc.Scaling 0
[2020.12.07-01.58.57:214][915]LogRHI: Error: SwapChainDesc.SampleDesc.Count 1
[2020.12.07-01.58.57:214][915]LogRHI: Error: SwapChainDesc.SampleDesc.Quality 0
[2020.12.07-01.58.57:214][915]LogRHI: Error: SwapChainDesc.BufferUsage 48
[2020.12.07-01.58.57:214][915]LogRHI: Error: SwapChainDesc.BufferCount 2
[2020.12.07-01.58.57:214][915]LogRHI: Error: SwapChainDesc.OutputWindow 0000000000400722
[2020.12.07-01.58.57:214][915]LogRHI: Error: SwapChainDesc.Windowed true
[2020.12.07-01.58.57:214][915]LogRHI: Error: SwapChainDesc.SwapEffect 4
[2020.12.07-01.58.57:214][915]LogRHI: Error: SwapChainDesc.Flags 2050
[2020.12.07-01.58.57:214][915]LogD3D11RHI: Error: Result failed 
 at D:/Build/++UE4/Sync/Engine/Source/Runtime/Windows/D3D11RHI/Private/D3D11Query.cpp:348 
 with error DXGI_ERROR_DEVICE_REMOVED DXGI_ERROR_DRIVER_INTERNAL_ERROR
[2020.12.07-01.58.57:214][915]LogD3D11RHI: [Aftermath] GDynamicRHI=000001D4031120C0, GDX11NVAfterMathEnabled=0, Result=0xFFFFFFFF, bDeviceActive=0
[2020.12.07-01.58.57:214][915]LogWindows: Windows GetLastError: A operação foi concluída com êxito. (0)
[2020.12.07-01.59.00:309][915]LogWindows: FPlatformMisc::RequestExit(0)
[2020.12.07-01.59.00:309][915]LogCore: Engine exit requested (reason: Win RequestExit)
[2020.12.07-01.59.00:309][915]LogWindows: FPlatformMisc::RequestExit(1)
[2020.12.07-01.59.00:309][915]LogCore: Engine exit requested (reason: Win RequestExit; note: exit was already requested)
[2020.12.07-01.59.00:336][915]Log file closed, 12/06/20 22:59:00
