Log file open, 12/07/20 00:29:00
LogInit: Display: Running engine for game: ProjectFalls
LogPlatformFile: Not using cached read wrapper
LogTaskGraph: Started task graph with 5 named threads and 20 total threads with 3 sets of task threads.
LogStats: Stats thread started at 0.241412
LogD3D11RHI: Loaded GFSDK_Aftermath_Lib.x64.dll
LogICUInternationalization: ICU TimeZone Detection - Raw Offset: -3:00, Platform Override: ''
LogPluginManager: Mounting plugin Paper2D
LogPluginManager: Mounting plugin AISupport
LogPluginManager: Mounting plugin LightPropagationVolume
LogPluginManager: Mounting plugin CameraShakePreviewer
LogPluginManager: Mounting plugin ActorLayerUtilities
LogPluginManager: Mounting plugin AnimationSharing
LogPluginManager: Mounting plugin CLionSourceCodeAccess
LogPluginManager: Mounting plugin CodeLiteSourceCodeAccess
LogPluginManager: Mounting plugin GitSourceControl
LogPluginManager: Mounting plugin KDevelopSourceCodeAccess
LogPluginManager: Mounting plugin NullSourceCodeAccess
LogPluginManager: Mounting plugin PerforceSourceControl
LogPluginManager: Mounting plugin PlasticSourceControl
LogPluginManager: Mounting plugin RiderSourceCodeAccess
LogPluginManager: Mounting plugin SubversionSourceControl
LogPluginManager: Mounting plugin UObjectPlugin
LogPluginManager: Mounting plugin VisualStudioCodeSourceCodeAccess
LogPluginManager: Mounting plugin VisualStudioSourceCodeAccess
LogPluginManager: Mounting plugin XCodeSourceCodeAccess
LogPluginManager: Mounting plugin AssetManagerEditor
LogPluginManager: Mounting plugin CryptoKeys
LogPluginManager: Mounting plugin CurveEditorTools
LogPluginManager: Mounting plugin DataValidation
LogPluginManager: Mounting plugin EditorScriptingUtilities
LogPluginManager: Mounting plugin FacialAnimation
LogPluginManager: Mounting plugin GameplayTagsEditor
LogPluginManager: Mounting plugin GeometryMode
LogPluginManager: Mounting plugin MacGraphicsSwitching
LogPluginManager: Mounting plugin MaterialAnalyzer
LogPluginManager: Mounting plugin MobileLauncherProfileWizard
LogPluginManager: Mounting plugin PluginBrowser
LogPluginManager: Mounting plugin SpeedTreeImporter
LogPluginManager: Mounting plugin DatasmithContent
LogPluginManager: Mounting plugin VariantManagerContent
LogPluginManager: Mounting plugin AlembicImporter
LogPluginManager: Mounting plugin AutomationUtils
LogPluginManager: Mounting plugin BackChannel
LogPluginManager: Mounting plugin ChaosCloth
LogPluginManager: Mounting plugin ChaosClothEditor
LogPluginManager: Mounting plugin ChaosEditor
LogPluginManager: Mounting plugin ChaosNiagara
LogPluginManager: Mounting plugin ChaosSolverPlugin
LogPluginManager: Mounting plugin CharacterAI
LogPluginManager: Mounting plugin GeometryCache
LogPluginManager: Mounting plugin GeometryCollectionPlugin
LogPluginManager: Mounting plugin GeometryProcessing
LogPluginManager: Mounting plugin PlanarCut
LogPluginManager: Mounting plugin PlatformCrypto
LogPluginManager: Mounting plugin ProxyLODPlugin
LogPluginManager: Mounting plugin SkeletalReduction
LogPluginManager: Mounting plugin Niagara
LogPluginManager: Mounting plugin MagicLeap
LogPluginManager: Mounting plugin MagicLeapLightEstimation
LogPluginManager: Mounting plugin MagicLeapMedia
LogPluginManager: Mounting plugin MagicLeapPassableWorld
LogPluginManager: Mounting plugin MLSDK
LogPluginManager: Mounting plugin AndroidMedia
LogPluginManager: Mounting plugin AvfMedia
LogPluginManager: Mounting plugin ImgMedia
LogPluginManager: Mounting plugin MediaCompositing
LogPluginManager: Mounting plugin MediaPlayerEditor
LogPluginManager: Mounting plugin WebMMedia
LogPluginManager: Mounting plugin WmfMedia
LogPluginManager: Mounting plugin MeshPainting
LogPluginManager: Mounting plugin TcpMessaging
LogPluginManager: Mounting plugin UdpMessaging
LogPluginManager: Mounting plugin ActorSequence
LogPluginManager: Mounting plugin LevelSequenceEditor
LogPluginManager: Mounting plugin MatineeToLevelSequence
LogPluginManager: Mounting plugin MovieRenderPipeline
LogPluginManager: Mounting plugin TemplateSequence
LogPluginManager: Mounting plugin NetcodeUnitTest
LogPluginManager: Mounting plugin NUTUnrealEngine4
LogPluginManager: Mounting plugin OnlineSubsystemGooglePlay
LogPluginManager: Mounting plugin OnlineSubsystemIOS
LogPluginManager: Mounting plugin OnlineSubsystem
LogPluginManager: Mounting plugin OnlineSubsystemNull
LogPluginManager: Mounting plugin OnlineSubsystemUtils
LogPluginManager: Mounting plugin LauncherChunkInstaller
LogPluginManager: Mounting plugin AndroidDeviceProfileSelector
LogPluginManager: Mounting plugin AndroidMoviePlayer
LogPluginManager: Mounting plugin AndroidPermission
LogPluginManager: Mounting plugin AppleImageUtils
LogPluginManager: Mounting plugin AppleMoviePlayer
LogPluginManager: Mounting plugin ArchVisCharacter
LogPluginManager: Mounting plugin AssetTags
LogPluginManager: Mounting plugin AudioCapture
LogPluginManager: Mounting plugin CableComponent
LogPluginManager: Mounting plugin CustomMeshComponent
LogPluginManager: Mounting plugin EditableMesh
LogPluginManager: Mounting plugin ExampleDeviceProfileSelector
LogPluginManager: Mounting plugin GoogleCloudMessaging
LogPluginManager: Mounting plugin GooglePAD
LogPluginManager: Mounting plugin IOSDeviceProfileSelector
LogPluginManager: Mounting plugin LinuxDeviceProfileSelector
LogPluginManager: Mounting plugin LocationServicesBPLibrary
LogPluginManager: Mounting plugin MobilePatchingUtils
LogPluginManager: Mounting plugin OculusVR
LogPluginManager: Mounting plugin PhysXVehicles
LogPluginManager: Mounting plugin PostSplashScreen
LogPluginManager: Mounting plugin ProceduralMeshComponent
LogPluginManager: Mounting plugin RuntimePhysXCooking
LogPluginManager: Mounting plugin SignificanceManager
LogPluginManager: Mounting plugin SoundFields
LogPluginManager: Mounting plugin SteamVR
LogPluginManager: Mounting plugin Synthesis
LogPluginManager: Mounting plugin WebMMoviePlayer
LogPluginManager: Mounting plugin WindowsMoviePlayer
LogPluginManager: Mounting plugin ScreenshotTools
LogInit: Using libcurl 7.55.1-DEV
LogInit:  - built for x86_64-pc-win32
LogInit:  - supports SSL with OpenSSL/1.1.1
LogInit:  - supports HTTP deflate (compression) using libz 1.2.8
LogInit:  - other features:
LogInit:      CURL_VERSION_SSL
LogInit:      CURL_VERSION_LIBZ
LogInit:      CURL_VERSION_IPV6
LogInit:      CURL_VERSION_ASYNCHDNS
LogInit:      CURL_VERSION_LARGEFILE
LogInit:      CURL_VERSION_IDN
LogInit:  CurlRequestOptions (configurable via config and command line):
LogInit:  - bVerifyPeer = true  - Libcurl will verify peer certificate
LogInit:  - bUseHttpProxy = false  - Libcurl will NOT use HTTP proxy
LogInit:  - bDontReuseConnections = false  - Libcurl will reuse connections
LogInit:  - MaxHostConnections = 16  - Libcurl will limit the number of connections to a host
LogInit:  - LocalHostAddr = Default
LogInit:  - BufferSize = 65536
LogOnline: OSS: Creating online subsystem instance for: NULL
LogInit: WinSock: version 1.1 (2.2), MaxSocks=32767, MaxUdp=65467
LogOnline: OSS: TryLoadSubsystemAndSetDefault: Loaded subsystem for module [NULL]
LogInit: Build: ++UE4+Release-4.25-CL-14469661
LogInit: Engine Version: 4.25.4-14469661+++UE4+Release-4.25
LogInit: Compatible Engine Version: 4.25.0-13144385+++UE4+Release-4.25
LogInit: Net CL: 13144385
LogInit: OS: Windows 10 (Release 1909) (), CPU: Intel(R) Core(TM) i5-9400F CPU @ 2.90GHz, GPU: NVIDIA GeForce GTX 1050 Ti
LogInit: Compiled (64-bit): Oct 11 2020 08:10:49
LogInit: Compiled with Visual C++: 19.24.28315.00
LogInit: Build Configuration: Development
LogInit: Branch Name: ++UE4+Release-4.25
LogInit: Command Line: 
LogInit: Base Directory: E:/epic/UE_4.25/Engine/Binaries/Win64/
LogInit: Allocator: TBB
LogInit: Installed Engine Build: 1
LogDevObjectVersion: Number of dev versions registered: 26
LogDevObjectVersion:   Dev-Blueprints (B0D832E4-1F89-4F0D-ACCF-7EB736FD4AA2): 10
LogDevObjectVersion:   Dev-Build (E1C64328-A22C-4D53-A36C-8E866417BD8C): 0
LogDevObjectVersion:   Dev-Core (375EC13C-06E4-48FB-B500-84F0262A717E): 4
LogDevObjectVersion:   Dev-Editor (E4B068ED-F494-42E9-A231-DA0B2E46BB41): 38
LogDevObjectVersion:   Dev-Framework (CFFC743F-43B0-4480-9391-14DF171D2073): 37
LogDevObjectVersion:   Dev-Mobile (B02B49B5-BB20-44E9-A304-32B752E40360): 2
LogDevObjectVersion:   Dev-Networking (A4E4105C-59A1-49B5-A7C5-40C4547EDFEE): 0
LogDevObjectVersion:   Dev-Online (39C831C9-5AE6-47DC-9A44-9C173E1C8E7C): 0
LogDevObjectVersion:   Dev-Physics (78F01B33-EBEA-4F98-B9B4-84EACCB95AA2): 4
LogDevObjectVersion:   Dev-Platform (6631380F-2D4D-43E0-8009-CF276956A95A): 0
LogDevObjectVersion:   Dev-Rendering (12F88B9F-8875-4AFC-A67C-D90C383ABD29): 43
LogDevObjectVersion:   Dev-Sequencer (7B5AE74C-D270-4C10-A958-57980B212A5A): 12
LogDevObjectVersion:   Dev-VR (D7296918-1DD6-4BDD-9DE2-64A83CC13884): 3
LogDevObjectVersion:   Dev-LoadTimes (C2A15278-BFE7-4AFE-6C17-90FF531DF755): 1
LogDevObjectVersion:   Private-Geometry (6EACA3D4-40EC-4CC1-B786-8BED09428FC5): 3
LogDevObjectVersion:   Dev-AnimPhys (29E575DD-E0A3-4627-9D10-D276232CDCEA): 17
LogDevObjectVersion:   Dev-Anim (AF43A65D-7FD3-4947-9873-3E8ED9C1BB05): 7
LogDevObjectVersion:   Dev-ReflectionCapture (6B266CEC-1EC7-4B8F-A30B-E4D90942FC07): 1
LogDevObjectVersion:   Dev-Automation (0DF73D61-A23F-47EA-B727-89E90C41499A): 1
LogDevObjectVersion:   FortniteMain (601D1886-AC64-4F84-AA16-D3DE0DEAC7D6): 31
LogDevObjectVersion:   Dev-Enterprise (9DFFBCD6-494F-0158-E221-12823C92A888): 10
LogDevObjectVersion:   Dev-Niagara (F2AED0AC-9AFE-416F-8664-AA7FFA26D6FC): 1
LogDevObjectVersion:   Dev-Destruction (174F1F0B-B4C6-45A5-B13F-2EE8D0FB917D): 10
LogDevObjectVersion:   Dev-Physics-Ext (35F94A83-E258-406C-A318-09F59610247C): 37
LogDevObjectVersion:   Dev-PhysicsMaterial-Chaos (B68FC16E-8B1B-42E2-B453-215C058844FE): 1
LogDevObjectVersion:   Dev-CineCamera (B2E18506-4273-CFC2-A54E-F4BB758BBA07): 1
LogInit: Presizing for max 25165824 objects, including 0 objects not considered by GC, pre-allocating 0 bytes for permanent pool.
LogConfig: Applying CVar settings from Section [/Script/Engine.StreamingSettings] File [E:/Github/ProjectFalls/Saved/Config/Windows/Engine.ini]
LogConfig: Setting CVar [[s.MinBulkDataSizeForAsyncLoading:131072]]
LogConfig: Setting CVar [[s.AsyncLoadingThreadEnabled:0]]
LogConfig: Setting CVar [[s.EventDrivenLoaderEnabled:1]]
LogConfig: Setting CVar [[s.WarnIfTimeLimitExceeded:0]]
LogConfig: Setting CVar [[s.TimeLimitExceededMultiplier:1.5]]
LogConfig: Setting CVar [[s.TimeLimitExceededMinTime:0.005]]
LogConfig: Setting CVar [[s.UseBackgroundLevelStreaming:1]]
LogConfig: Setting CVar [[s.PriorityAsyncLoadingExtraTime:15.0]]
LogConfig: Setting CVar [[s.LevelStreamingActorsUpdateTimeLimit:5.0]]
LogConfig: Setting CVar [[s.PriorityLevelStreamingActorsUpdateExtraTime:5.0]]
LogConfig: Setting CVar [[s.LevelStreamingComponentsRegistrationGranularity:10]]
LogConfig: Setting CVar [[s.UnregisterComponentsTimeLimit:1.0]]
LogConfig: Setting CVar [[s.LevelStreamingComponentsUnregistrationGranularity:5]]
LogConfig: Setting CVar [[s.FlushStreamingOnExit:1]]
LogInit: Object subsystem initialized
LogConfig: Setting CVar [[con.DebugEarlyDefault:1]]
LogConfig: Setting CVar [[r.setres:1280x720]]
[2020.12.07-03.29.01:094][  0]LogConfig: Setting CVar [[r.VSync:0]]
[2020.12.07-03.29.01:094][  0]LogConfig: Setting CVar [[r.RHICmdBypass:0]]
[2020.12.07-03.29.01:094][  0]LogConfig: Applying CVar settings from Section [/Script/Engine.RendererSettings] File [E:/Github/ProjectFalls/Saved/Config/Windows/Engine.ini]
[2020.12.07-03.29.01:094][  0]LogConfig: Setting CVar [[r.GPUCrashDebugging:0]]
[2020.12.07-03.29.01:094][  0]LogConfig: Applying CVar settings from Section [/Script/Engine.RendererOverrideSettings] File [E:/Github/ProjectFalls/Saved/Config/Windows/Engine.ini]
[2020.12.07-03.29.01:094][  0]LogConfig: Applying CVar settings from Section [/Script/Engine.StreamingSettings] File [E:/Github/ProjectFalls/Saved/Config/Windows/Engine.ini]
[2020.12.07-03.29.01:094][  0]LogConfig: Setting CVar [[s.MinBulkDataSizeForAsyncLoading:131072]]
[2020.12.07-03.29.01:094][  0]LogConfig: Setting CVar [[s.AsyncLoadingThreadEnabled:0]]
[2020.12.07-03.29.01:094][  0]LogConfig: Setting CVar [[s.EventDrivenLoaderEnabled:1]]
[2020.12.07-03.29.01:094][  0]LogConfig: Setting CVar [[s.WarnIfTimeLimitExceeded:0]]
[2020.12.07-03.29.01:094][  0]LogConfig: Setting CVar [[s.TimeLimitExceededMultiplier:1.5]]
[2020.12.07-03.29.01:094][  0]LogConfig: Setting CVar [[s.TimeLimitExceededMinTime:0.005]]
[2020.12.07-03.29.01:094][  0]LogConfig: Setting CVar [[s.UseBackgroundLevelStreaming:1]]
[2020.12.07-03.29.01:094][  0]LogConfig: Setting CVar [[s.PriorityAsyncLoadingExtraTime:15.0]]
[2020.12.07-03.29.01:094][  0]LogConfig: Setting CVar [[s.LevelStreamingActorsUpdateTimeLimit:5.0]]
[2020.12.07-03.29.01:094][  0]LogConfig: Setting CVar [[s.PriorityLevelStreamingActorsUpdateExtraTime:5.0]]
[2020.12.07-03.29.01:094][  0]LogConfig: Setting CVar [[s.LevelStreamingComponentsRegistrationGranularity:10]]
[2020.12.07-03.29.01:094][  0]LogConfig: Setting CVar [[s.UnregisterComponentsTimeLimit:1.0]]
[2020.12.07-03.29.01:094][  0]LogConfig: Setting CVar [[s.LevelStreamingComponentsUnregistrationGranularity:5]]
[2020.12.07-03.29.01:094][  0]LogConfig: Setting CVar [[s.FlushStreamingOnExit:1]]
[2020.12.07-03.29.01:094][  0]LogConfig: Applying CVar settings from Section [/Script/Engine.GarbageCollectionSettings] File [E:/Github/ProjectFalls/Saved/Config/Windows/Engine.ini]
[2020.12.07-03.29.01:094][  0]LogConfig: Setting CVar [[gc.MaxObjectsNotConsideredByGC:1]]
[2020.12.07-03.29.01:094][  0]LogConfig: Setting CVar [[gc.SizeOfPermanentObjectPool:0]]
[2020.12.07-03.29.01:094][  0]LogConfig: Setting CVar [[gc.FlushStreamingOnGC:0]]
[2020.12.07-03.29.01:094][  0]LogConfig: Setting CVar [[gc.NumRetriesBeforeForcingGC:10]]
[2020.12.07-03.29.01:094][  0]LogConfig: Setting CVar [[gc.AllowParallelGC:1]]
[2020.12.07-03.29.01:094][  0]LogConfig: Setting CVar [[gc.TimeBetweenPurgingPendingKillObjects:61.1]]
[2020.12.07-03.29.01:094][  0]LogConfig: Setting CVar [[gc.MaxObjectsInEditor:25165824]]
[2020.12.07-03.29.01:094][  0]LogConfig: Setting CVar [[gc.IncrementalBeginDestroyEnabled:1]]
[2020.12.07-03.29.01:094][  0]LogConfig: Setting CVar [[gc.CreateGCClusters:1]]
[2020.12.07-03.29.01:094][  0]LogConfig: Setting CVar [[gc.MinGCClusterSize:5]]
[2020.12.07-03.29.01:094][  0]LogConfig: Setting CVar [[gc.ActorClusteringEnabled:0]]
[2020.12.07-03.29.01:095][  0]LogConfig: Setting CVar [[gc.BlueprintClusteringEnabled:0]]
[2020.12.07-03.29.01:095][  0]LogConfig: Setting CVar [[gc.UseDisregardForGCOnDedicatedServers:0]]
[2020.12.07-03.29.01:095][  0]LogConfig: Applying CVar settings from Section [/Script/Engine.NetworkSettings] File [E:/Github/ProjectFalls/Saved/Config/Windows/Engine.ini]
[2020.12.07-03.29.01:095][  0]LogConfig: Applying CVar settings from Section [/Script/UnrealEd.CookerSettings] File [E:/Github/ProjectFalls/Saved/Config/Windows/Engine.ini]
[2020.12.07-03.29.01:098][  0]LogConfig: Applying CVar settings from Section [ViewDistanceQuality@3] File [E:/Github/ProjectFalls/Saved/Config/Windows/Scalability.ini]
[2020.12.07-03.29.01:098][  0]LogConfig: Setting CVar [[r.SkeletalMeshLODBias:0]]
[2020.12.07-03.29.01:098][  0]LogConfig: Setting CVar [[r.ViewDistanceScale:1.0]]
[2020.12.07-03.29.01:098][  0]LogConfig: Applying CVar settings from Section [AntiAliasingQuality@3] File [E:/Github/ProjectFalls/Saved/Config/Windows/Scalability.ini]
[2020.12.07-03.29.01:098][  0]LogConfig: Setting CVar [[r.PostProcessAAQuality:4]]
[2020.12.07-03.29.01:098][  0]LogConfig: Applying CVar settings from Section [ShadowQuality@3] File [E:/Github/ProjectFalls/Saved/Config/Windows/Scalability.ini]
[2020.12.07-03.29.01:098][  0]LogConfig: Setting CVar [[r.LightFunctionQuality:1]]
[2020.12.07-03.29.01:098][  0]LogConfig: Setting CVar [[r.ShadowQuality:5]]
[2020.12.07-03.29.01:098][  0]LogConfig: Setting CVar [[r.Shadow.CSM.MaxCascades:10]]
[2020.12.07-03.29.01:098][  0]LogConfig: Setting CVar [[r.Shadow.MaxResolution:2048]]
[2020.12.07-03.29.01:098][  0]LogConfig: Setting CVar [[r.Shadow.MaxCSMResolution:2048]]
[2020.12.07-03.29.01:098][  0]LogConfig: Setting CVar [[r.Shadow.RadiusThreshold:0.01]]
[2020.12.07-03.29.01:098][  0]LogConfig: Setting CVar [[r.Shadow.DistanceScale:1.0]]
[2020.12.07-03.29.01:098][  0]LogConfig: Setting CVar [[r.Shadow.CSM.TransitionScale:1.0]]
[2020.12.07-03.29.01:098][  0]LogConfig: Setting CVar [[r.Shadow.PreShadowResolutionFactor:1.0]]
[2020.12.07-03.29.01:098][  0]LogConfig: Setting CVar [[r.DistanceFieldShadowing:1]]
[2020.12.07-03.29.01:098][  0]LogConfig: Setting CVar [[r.DistanceFieldAO:1]]
[2020.12.07-03.29.01:098][  0]LogConfig: Setting CVar [[r.AOQuality:2]]
[2020.12.07-03.29.01:098][  0]LogConfig: Setting CVar [[r.VolumetricFog:1]]
[2020.12.07-03.29.01:099][  0]LogConfig: Setting CVar [[r.VolumetricFog.GridPixelSize:8]]
[2020.12.07-03.29.01:099][  0]LogConfig: Setting CVar [[r.VolumetricFog.GridSizeZ:128]]
[2020.12.07-03.29.01:099][  0]LogConfig: Setting CVar [[r.VolumetricFog.HistoryMissSupersampleCount:4]]
[2020.12.07-03.29.01:099][  0]LogConfig: Setting CVar [[r.LightMaxDrawDistanceScale:1]]
[2020.12.07-03.29.01:099][  0]LogConfig: Setting CVar [[r.CapsuleShadows:1]]
[2020.12.07-03.29.01:099][  0]LogConfig: Applying CVar settings from Section [PostProcessQuality@3] File [E:/Github/ProjectFalls/Saved/Config/Windows/Scalability.ini]
[2020.12.07-03.29.01:099][  0]LogConfig: Setting CVar [[r.MotionBlurQuality:4]]
[2020.12.07-03.29.01:099][  0]LogConfig: Setting CVar [[r.AmbientOcclusionMipLevelFactor:0.4]]
[2020.12.07-03.29.01:099][  0]LogConfig: Setting CVar [[r.AmbientOcclusionMaxQuality:100]]
[2020.12.07-03.29.01:099][  0]LogConfig: Setting CVar [[r.AmbientOcclusionLevels:-1]]
[2020.12.07-03.29.01:099][  0]LogConfig: Setting CVar [[r.AmbientOcclusionRadiusScale:1.0]]
[2020.12.07-03.29.01:099][  0]LogConfig: Setting CVar [[r.DepthOfFieldQuality:2]]
[2020.12.07-03.29.01:099][  0]LogConfig: Setting CVar [[r.RenderTargetPoolMin:400]]
[2020.12.07-03.29.01:099][  0]LogConfig: Setting CVar [[r.LensFlareQuality:2]]
[2020.12.07-03.29.01:099][  0]LogConfig: Setting CVar [[r.SceneColorFringeQuality:1]]
[2020.12.07-03.29.01:099][  0]LogConfig: Setting CVar [[r.EyeAdaptationQuality:2]]
[2020.12.07-03.29.01:099][  0]LogConfig: Setting CVar [[r.BloomQuality:5]]
[2020.12.07-03.29.01:099][  0]LogConfig: Setting CVar [[r.FastBlurThreshold:100]]
[2020.12.07-03.29.01:099][  0]LogConfig: Setting CVar [[r.Upscale.Quality:3]]
[2020.12.07-03.29.01:099][  0]LogConfig: Setting CVar [[r.Tonemapper.GrainQuantization:1]]
[2020.12.07-03.29.01:099][  0]LogConfig: Setting CVar [[r.LightShaftQuality:1]]
[2020.12.07-03.29.01:099][  0]LogConfig: Setting CVar [[r.Filter.SizeScale:1]]
[2020.12.07-03.29.01:099][  0]LogConfig: Setting CVar [[r.Tonemapper.Quality:5]]
[2020.12.07-03.29.01:099][  0]LogConfig: Setting CVar [[r.DOF.Gather.AccumulatorQuality:1        ; higher gathering accumulator quality]]
[2020.12.07-03.29.01:099][  0]LogConfig: Setting CVar [[r.DOF.Gather.PostfilterMethod:1          ; Median3x3 postfilering method]]
[2020.12.07-03.29.01:099][  0]LogConfig: Setting CVar [[r.DOF.Gather.EnableBokehSettings:0       ; no bokeh simulation when gathering]]
[2020.12.07-03.29.01:099][  0]LogConfig: Setting CVar [[r.DOF.Gather.RingCount:4                 ; medium number of samples when gathering]]
[2020.12.07-03.29.01:099][  0]LogConfig: Setting CVar [[r.DOF.Scatter.ForegroundCompositing:1    ; additive foreground scattering]]
[2020.12.07-03.29.01:099][  0]LogConfig: Setting CVar [[r.DOF.Scatter.BackgroundCompositing:2    ; additive background scattering]]
[2020.12.07-03.29.01:099][  0]LogConfig: Setting CVar [[r.DOF.Scatter.EnableBokehSettings:1      ; bokeh simulation when scattering]]
[2020.12.07-03.29.01:099][  0]LogConfig: Setting CVar [[r.DOF.Scatter.MaxSpriteRatio:0.1         ; only a maximum of 10% of scattered bokeh]]
[2020.12.07-03.29.01:099][  0]LogConfig: Setting CVar [[r.DOF.Recombine.Quality:1                ; cheap slight out of focus]]
[2020.12.07-03.29.01:099][  0]LogConfig: Setting CVar [[r.DOF.Recombine.EnableBokehSettings:0    ; no bokeh simulation on slight out of focus]]
[2020.12.07-03.29.01:099][  0]LogConfig: Setting CVar [[r.DOF.TemporalAAQuality:1                ; more stable temporal accumulation]]
[2020.12.07-03.29.01:099][  0]LogConfig: Setting CVar [[r.DOF.Kernel.MaxForegroundRadius:0.025]]
[2020.12.07-03.29.01:099][  0]LogConfig: Setting CVar [[r.DOF.Kernel.MaxBackgroundRadius:0.025]]
[2020.12.07-03.29.01:099][  0]LogConfig: Applying CVar settings from Section [TextureQuality@3] File [E:/Github/ProjectFalls/Saved/Config/Windows/Scalability.ini]
[2020.12.07-03.29.01:099][  0]LogConfig: Setting CVar [[r.Streaming.MipBias:0]]
[2020.12.07-03.29.01:099][  0]LogConfig: Setting CVar [[r.Streaming.AmortizeCPUToGPUCopy:0]]
[2020.12.07-03.29.01:099][  0]LogConfig: Setting CVar [[r.Streaming.MaxNumTexturesToStreamPerFrame:0]]
[2020.12.07-03.29.01:099][  0]LogConfig: Setting CVar [[r.Streaming.Boost:1]]
[2020.12.07-03.29.01:099][  0]LogConfig: Setting CVar [[r.MaxAnisotropy:8]]
[2020.12.07-03.29.01:099][  0]LogConfig: Setting CVar [[r.VT.MaxAnisotropy:8]]
[2020.12.07-03.29.01:099][  0]LogConfig: Setting CVar [[r.Streaming.LimitPoolSizeToVRAM:0]]
[2020.12.07-03.29.01:099][  0]LogConfig: Setting CVar [[r.Streaming.PoolSize:1000]]
[2020.12.07-03.29.01:099][  0]LogConfig: Setting CVar [[r.Streaming.MaxEffectiveScreenSize:0]]
[2020.12.07-03.29.01:099][  0]LogConfig: Applying CVar settings from Section [EffectsQuality@3] File [E:/Github/ProjectFalls/Saved/Config/Windows/Scalability.ini]
[2020.12.07-03.29.01:099][  0]LogConfig: Setting CVar [[r.TranslucencyLightingVolumeDim:64]]
[2020.12.07-03.29.01:099][  0]LogConfig: Setting CVar [[r.RefractionQuality:2]]
[2020.12.07-03.29.01:100][  0]LogConfig: Setting CVar [[r.SSR.Quality:3]]
[2020.12.07-03.29.01:100][  0]LogConfig: Setting CVar [[r.SSR.HalfResSceneColor:0]]
[2020.12.07-03.29.01:100][  0]LogConfig: Setting CVar [[r.SceneColorFormat:4]]
[2020.12.07-03.29.01:100][  0]LogConfig: Setting CVar [[r.DetailMode:2]]
[2020.12.07-03.29.01:100][  0]LogConfig: Setting CVar [[r.TranslucencyVolumeBlur:1]]
[2020.12.07-03.29.01:100][  0]LogConfig: Setting CVar [[r.MaterialQualityLevel:1 ; High quality]]
[2020.12.07-03.29.01:100][  0]LogConfig: Setting CVar [[r.SSS.Scale:1]]
[2020.12.07-03.29.01:100][  0]LogConfig: Setting CVar [[r.SSS.SampleSet:2]]
[2020.12.07-03.29.01:100][  0]LogConfig: Setting CVar [[r.SSS.Quality:1]]
[2020.12.07-03.29.01:100][  0]LogConfig: Setting CVar [[r.SSS.HalfRes:0]]
[2020.12.07-03.29.01:100][  0]LogConfig: Setting CVar [[r.SSGI.Quality:3]]
[2020.12.07-03.29.01:100][  0]LogConfig: Setting CVar [[r.EmitterSpawnRateScale:1.0]]
[2020.12.07-03.29.01:100][  0]LogConfig: Setting CVar [[r.ParticleLightQuality:2]]
[2020.12.07-03.29.01:100][  0]LogConfig: Setting CVar [[r.SkyAtmosphere.AerialPerspectiveLUT.FastApplyOnOpaque:1 ; Always have FastSkyLUT 1 in this case to avoid wrong sky]]
[2020.12.07-03.29.01:100][  0]LogConfig: Setting CVar [[r.SkyAtmosphere.AerialPerspectiveLUT.SampleCountPerSlice:1]]
[2020.12.07-03.29.01:100][  0]LogConfig: Setting CVar [[r.SkyAtmosphere.AerialPerspectiveLUT.DepthResolution:16.0]]
[2020.12.07-03.29.01:100][  0]LogConfig: Setting CVar [[r.SkyAtmosphere.FastSkyLUT:1]]
[2020.12.07-03.29.01:100][  0]LogConfig: Setting CVar [[r.SkyAtmosphere.FastSkyLUT.SampleCountMin:4.0]]
[2020.12.07-03.29.01:100][  0]LogConfig: Setting CVar [[r.SkyAtmosphere.FastSkyLUT.SampleCountMax:32.0]]
[2020.12.07-03.29.01:100][  0]LogConfig: Setting CVar [[r.SkyAtmosphere.SampleCountMin:4.0]]
[2020.12.07-03.29.01:100][  0]LogConfig: Setting CVar [[r.SkyAtmosphere.SampleCountMax:32.0]]
[2020.12.07-03.29.01:100][  0]LogConfig: Setting CVar [[r.SkyAtmosphere.TransmittanceLUT.UseSmallFormat:0]]
[2020.12.07-03.29.01:100][  0]LogConfig: Setting CVar [[r.SkyAtmosphere.TransmittanceLUT.SampleCount:10.0]]
[2020.12.07-03.29.01:100][  0]LogConfig: Setting CVar [[r.SkyAtmosphere.MultiScatteringLUT.SampleCount:15.0]]
[2020.12.07-03.29.01:100][  0]LogConfig: Applying CVar settings from Section [FoliageQuality@3] File [E:/Github/ProjectFalls/Saved/Config/Windows/Scalability.ini]
[2020.12.07-03.29.01:100][  0]LogConfig: Setting CVar [[foliage.DensityScale:1.0]]
[2020.12.07-03.29.01:100][  0]LogConfig: Setting CVar [[grass.DensityScale:1.0]]
[2020.12.07-03.29.01:100][  0]LogConfig: Applying CVar settings from Section [ShadingQuality@3] File [E:/Github/ProjectFalls/Saved/Config/Windows/Scalability.ini]
[2020.12.07-03.29.01:100][  0]LogConfig: Setting CVar [[r.HairStrands.SkyLighting.SampleCount:16]]
[2020.12.07-03.29.01:100][  0]LogConfig: Setting CVar [[r.HairStrands.SkyLighting.JitterIntegration:0]]
[2020.12.07-03.29.01:100][  0]LogConfig: Setting CVar [[r.HairStrands.SkyAO.SampleCount:16]]
[2020.12.07-03.29.01:100][  0]LogConfig: Setting CVar [[r.HairStrands.DeepShadow.SuperSampling:0]]
[2020.12.07-03.29.01:100][  0]LogConfig: Setting CVar [[r.HairStrands.VisibilityPPLL:0]]
[2020.12.07-03.29.01:100][  0]LogConfig: Setting CVar [[r.HairStrands.RasterizationScale:0.5]]
[2020.12.07-03.29.01:100][  0]LogConfig: Setting CVar [[r.HairStrands.VelocityRasterizationScale:1]]
[2020.12.07-03.29.01:100][  0]LogInit: Selected Device Profile: [Windows]
[2020.12.07-03.29.01:100][  0]LogInit: Applying CVar settings loaded from the selected device profile: [Windows]
[2020.12.07-03.29.01:100][  0]LogHAL: Display: Platform has ~ 24 GB [25699905536 / 34359738368 / 24], which maps to Larger [LargestMinGB=32, LargerMinGB=12, DefaultMinGB=8, SmallerMinGB=6, SmallestMinGB=0)
[2020.12.07-03.29.01:100][  0]LogInit: Going up to parent DeviceProfile []
[2020.12.07-03.29.01:100][  0]LogConfig: Applying CVar settings from Section [ViewDistanceQuality@2] File [E:/Github/ProjectFalls/Saved/Config/Windows/Scalability.ini]
[2020.12.07-03.29.01:100][  0]LogConfig: Setting CVar [[r.SkeletalMeshLODBias:0]]
[2020.12.07-03.29.01:100][  0]LogConfig: Setting CVar [[r.ViewDistanceScale:0.8]]
[2020.12.07-03.29.01:101][  0]LogConfig: Applying CVar settings from Section [AntiAliasingQuality@2] File [E:/Github/ProjectFalls/Saved/Config/Windows/Scalability.ini]
[2020.12.07-03.29.01:101][  0]LogConfig: Setting CVar [[r.PostProcessAAQuality:3]]
[2020.12.07-03.29.01:101][  0]LogConfig: Applying CVar settings from Section [ShadowQuality@2] File [E:/Github/ProjectFalls/Saved/Config/Windows/Scalability.ini]
[2020.12.07-03.29.01:101][  0]LogConfig: Setting CVar [[r.LightFunctionQuality:1]]
[2020.12.07-03.29.01:101][  0]LogConfig: Setting CVar [[r.ShadowQuality:5]]
[2020.12.07-03.29.01:101][  0]LogConfig: Setting CVar [[r.Shadow.CSM.MaxCascades:4]]
[2020.12.07-03.29.01:101][  0]LogConfig: Setting CVar [[r.Shadow.MaxResolution:1024]]
[2020.12.07-03.29.01:101][  0]LogConfig: Setting CVar [[r.Shadow.MaxCSMResolution:2048]]
[2020.12.07-03.29.01:101][  0]LogConfig: Setting CVar [[r.Shadow.RadiusThreshold:0.04]]
[2020.12.07-03.29.01:101][  0]LogConfig: Setting CVar [[r.Shadow.DistanceScale:0.85]]
[2020.12.07-03.29.01:101][  0]LogConfig: Setting CVar [[r.Shadow.CSM.TransitionScale:0.8]]
[2020.12.07-03.29.01:101][  0]LogConfig: Setting CVar [[r.Shadow.PreShadowResolutionFactor:0.5]]
[2020.12.07-03.29.01:101][  0]LogConfig: Setting CVar [[r.DistanceFieldShadowing:1]]
[2020.12.07-03.29.01:101][  0]LogConfig: Setting CVar [[r.DistanceFieldAO:1]]
[2020.12.07-03.29.01:101][  0]LogConfig: Setting CVar [[r.AOQuality:1]]
[2020.12.07-03.29.01:101][  0]LogConfig: Setting CVar [[r.VolumetricFog:1]]
[2020.12.07-03.29.01:101][  0]LogConfig: Setting CVar [[r.VolumetricFog.GridPixelSize:16]]
[2020.12.07-03.29.01:101][  0]LogConfig: Setting CVar [[r.VolumetricFog.GridSizeZ:64]]
[2020.12.07-03.29.01:101][  0]LogConfig: Setting CVar [[r.VolumetricFog.HistoryMissSupersampleCount:4]]
[2020.12.07-03.29.01:101][  0]LogConfig: Setting CVar [[r.LightMaxDrawDistanceScale:1]]
[2020.12.07-03.29.01:101][  0]LogConfig: Setting CVar [[r.CapsuleShadows:1]]
[2020.12.07-03.29.01:101][  0]LogConfig: Applying CVar settings from Section [PostProcessQuality@2] File [E:/Github/ProjectFalls/Saved/Config/Windows/Scalability.ini]
[2020.12.07-03.29.01:101][  0]LogConfig: Setting CVar [[r.MotionBlurQuality:3]]
[2020.12.07-03.29.01:101][  0]LogConfig: Setting CVar [[r.AmbientOcclusionMipLevelFactor:0.6]]
[2020.12.07-03.29.01:101][  0]LogConfig: Setting CVar [[r.AmbientOcclusionMaxQuality:100]]
[2020.12.07-03.29.01:101][  0]LogConfig: Setting CVar [[r.AmbientOcclusionLevels:-1]]
[2020.12.07-03.29.01:101][  0]LogConfig: Setting CVar [[r.AmbientOcclusionRadiusScale:1.5]]
[2020.12.07-03.29.01:101][  0]LogConfig: Setting CVar [[r.DepthOfFieldQuality:2]]
[2020.12.07-03.29.01:101][  0]LogConfig: Setting CVar [[r.RenderTargetPoolMin:400]]
[2020.12.07-03.29.01:101][  0]LogConfig: Setting CVar [[r.LensFlareQuality:2]]
[2020.12.07-03.29.01:101][  0]LogConfig: Setting CVar [[r.SceneColorFringeQuality:1]]
[2020.12.07-03.29.01:101][  0]LogConfig: Setting CVar [[r.EyeAdaptationQuality:2]]
[2020.12.07-03.29.01:101][  0]LogConfig: Setting CVar [[r.BloomQuality:5]]
[2020.12.07-03.29.01:101][  0]LogConfig: Setting CVar [[r.FastBlurThreshold:3]]
[2020.12.07-03.29.01:101][  0]LogConfig: Setting CVar [[r.Upscale.Quality:2]]
[2020.12.07-03.29.01:101][  0]LogConfig: Setting CVar [[r.Tonemapper.GrainQuantization:1]]
[2020.12.07-03.29.01:101][  0]LogConfig: Setting CVar [[r.LightShaftQuality:1]]
[2020.12.07-03.29.01:101][  0]LogConfig: Setting CVar [[r.Filter.SizeScale:0.8]]
[2020.12.07-03.29.01:101][  0]LogConfig: Setting CVar [[r.Tonemapper.Quality:5]]
[2020.12.07-03.29.01:101][  0]LogConfig: Setting CVar [[r.DOF.Gather.AccumulatorQuality:0        ; lower gathering accumulator quality]]
[2020.12.07-03.29.01:101][  0]LogConfig: Setting CVar [[r.DOF.Gather.PostfilterMethod:2          ; Max3x3 postfilering method]]
[2020.12.07-03.29.01:101][  0]LogConfig: Setting CVar [[r.DOF.Gather.EnableBokehSettings:0       ; no bokeh simulation when gathering]]
[2020.12.07-03.29.01:101][  0]LogConfig: Setting CVar [[r.DOF.Gather.RingCount:4                 ; medium number of samples when gathering]]
[2020.12.07-03.29.01:101][  0]LogConfig: Setting CVar [[r.DOF.Scatter.ForegroundCompositing:1    ; additive foreground scattering]]
[2020.12.07-03.29.01:101][  0]LogConfig: Setting CVar [[r.DOF.Scatter.BackgroundCompositing:1    ; no background occlusion]]
[2020.12.07-03.29.01:101][  0]LogConfig: Setting CVar [[r.DOF.Scatter.EnableBokehSettings:0      ; no bokeh simulation when scattering]]
[2020.12.07-03.29.01:101][  0]LogConfig: Setting CVar [[r.DOF.Scatter.MaxSpriteRatio:0.04        ; only a maximum of 4% of scattered bokeh]]
[2020.12.07-03.29.01:101][  0]LogConfig: Setting CVar [[r.DOF.Recombine.Quality:0                ; no slight out of focus]]
[2020.12.07-03.29.01:101][  0]LogConfig: Setting CVar [[r.DOF.TemporalAAQuality:0                ; faster temporal accumulation]]
[2020.12.07-03.29.01:101][  0]LogConfig: Setting CVar [[r.DOF.Kernel.MaxForegroundRadius:0.012   ; required because of AccumulatorQuality=0]]
[2020.12.07-03.29.01:101][  0]LogConfig: Setting CVar [[r.DOF.Kernel.MaxBackgroundRadius:0.012   ; required because of AccumulatorQuality=0]]
[2020.12.07-03.29.01:101][  0]LogConfig: Applying CVar settings from Section [TextureQuality@2] File [E:/Github/ProjectFalls/Saved/Config/Windows/Scalability.ini]
[2020.12.07-03.29.01:102][  0]LogConfig: Setting CVar [[r.Streaming.MipBias:0]]
[2020.12.07-03.29.01:102][  0]LogConfig: Setting CVar [[r.Streaming.AmortizeCPUToGPUCopy:0]]
[2020.12.07-03.29.01:102][  0]LogConfig: Setting CVar [[r.Streaming.MaxNumTexturesToStreamPerFrame:0]]
[2020.12.07-03.29.01:102][  0]LogConfig: Setting CVar [[r.Streaming.Boost:1]]
[2020.12.07-03.29.01:102][  0]LogConfig: Setting CVar [[r.MaxAnisotropy:4]]
[2020.12.07-03.29.01:102][  0]LogConfig: Setting CVar [[r.VT.MaxAnisotropy:8]]
[2020.12.07-03.29.01:102][  0]LogConfig: Setting CVar [[r.Streaming.LimitPoolSizeToVRAM:1]]
[2020.12.07-03.29.01:102][  0]LogConfig: Setting CVar [[r.Streaming.PoolSize:800]]
[2020.12.07-03.29.01:102][  0]LogConfig: Setting CVar [[r.Streaming.MaxEffectiveScreenSize:0]]
[2020.12.07-03.29.01:102][  0]LogConfig: Applying CVar settings from Section [EffectsQuality@2] File [E:/Github/ProjectFalls/Saved/Config/Windows/Scalability.ini]
[2020.12.07-03.29.01:102][  0]LogConfig: Setting CVar [[r.TranslucencyLightingVolumeDim:48]]
[2020.12.07-03.29.01:102][  0]LogConfig: Setting CVar [[r.RefractionQuality:2]]
[2020.12.07-03.29.01:102][  0]LogConfig: Setting CVar [[r.SSR.Quality:2]]
[2020.12.07-03.29.01:102][  0]LogConfig: Setting CVar [[r.SSR.HalfResSceneColor:1]]
[2020.12.07-03.29.01:102][  0]LogConfig: Setting CVar [[r.SceneColorFormat:3]]
[2020.12.07-03.29.01:102][  0]LogConfig: Setting CVar [[r.DetailMode:1]]
[2020.12.07-03.29.01:102][  0]LogConfig: Setting CVar [[r.TranslucencyVolumeBlur:1]]
[2020.12.07-03.29.01:102][  0]LogConfig: Setting CVar [[r.MaterialQualityLevel:1 ; High quality]]
[2020.12.07-03.29.01:102][  0]LogConfig: Setting CVar [[r.SSS.Scale:1]]
[2020.12.07-03.29.01:102][  0]LogConfig: Setting CVar [[r.SSS.SampleSet:1]]
[2020.12.07-03.29.01:102][  0]LogConfig: Setting CVar [[r.SSS.Quality:-1]]
[2020.12.07-03.29.01:102][  0]LogConfig: Setting CVar [[r.SSS.HalfRes:1]]
[2020.12.07-03.29.01:102][  0]LogConfig: Setting CVar [[r.SSGI.Quality:2]]
[2020.12.07-03.29.01:102][  0]LogConfig: Setting CVar [[r.EmitterSpawnRateScale:0.5]]
[2020.12.07-03.29.01:102][  0]LogConfig: Setting CVar [[r.ParticleLightQuality:1]]
[2020.12.07-03.29.01:102][  0]LogConfig: Setting CVar [[r.SkyAtmosphere.AerialPerspectiveLUT.FastApplyOnOpaque:1 ; Always have FastSkyLUT 1 in this case to avoid wrong sky]]
[2020.12.07-03.29.01:102][  0]LogConfig: Setting CVar [[r.SkyAtmosphere.AerialPerspectiveLUT.SampleCountPerSlice:1]]
[2020.12.07-03.29.01:102][  0]LogConfig: Setting CVar [[r.SkyAtmosphere.AerialPerspectiveLUT.DepthResolution:16.0]]
[2020.12.07-03.29.01:102][  0]LogConfig: Setting CVar [[r.SkyAtmosphere.FastSkyLUT:1]]
[2020.12.07-03.29.01:102][  0]LogConfig: Setting CVar [[r.SkyAtmosphere.FastSkyLUT.SampleCountMin:4.0]]
[2020.12.07-03.29.01:102][  0]LogConfig: Setting CVar [[r.SkyAtmosphere.FastSkyLUT.SampleCountMax:32.0]]
[2020.12.07-03.29.01:102][  0]LogConfig: Setting CVar [[r.SkyAtmosphere.SampleCountMin:4.0]]
[2020.12.07-03.29.01:102][  0]LogConfig: Setting CVar [[r.SkyAtmosphere.SampleCountMax:32.0]]
[2020.12.07-03.29.01:102][  0]LogConfig: Setting CVar [[r.SkyAtmosphere.TransmittanceLUT.UseSmallFormat:0]]
[2020.12.07-03.29.01:102][  0]LogConfig: Setting CVar [[r.SkyAtmosphere.TransmittanceLUT.SampleCount:10.0]]
[2020.12.07-03.29.01:102][  0]LogConfig: Setting CVar [[r.SkyAtmosphere.MultiScatteringLUT.SampleCount:15.0]]
[2020.12.07-03.29.01:102][  0]LogConfig: Applying CVar settings from Section [FoliageQuality@2] File [E:/Github/ProjectFalls/Saved/Config/Windows/Scalability.ini]
[2020.12.07-03.29.01:102][  0]LogConfig: Setting CVar [[foliage.DensityScale:0.8]]
[2020.12.07-03.29.01:102][  0]LogConfig: Setting CVar [[grass.DensityScale:0.8]]
[2020.12.07-03.29.01:102][  0]LogConfig: Applying CVar settings from Section [ShadingQuality@2] File [E:/Github/ProjectFalls/Saved/Config/Windows/Scalability.ini]
[2020.12.07-03.29.01:102][  0]LogConfig: Setting CVar [[r.HairStrands.SkyLighting.SampleCount:16]]
[2020.12.07-03.29.01:102][  0]LogConfig: Setting CVar [[r.HairStrands.SkyLighting.JitterIntegration:0]]
[2020.12.07-03.29.01:102][  0]LogConfig: Setting CVar [[r.HairStrands.SkyAO.SampleCount:16]]
[2020.12.07-03.29.01:102][  0]LogConfig: Setting CVar [[r.HairStrands.DeepShadow.SuperSampling:0]]
[2020.12.07-03.29.01:102][  0]LogConfig: Setting CVar [[r.HairStrands.VisibilityPPLL:0]]
[2020.12.07-03.29.01:102][  0]LogConfig: Setting CVar [[r.HairStrands.RasterizationScale:0.5]]
[2020.12.07-03.29.01:102][  0]LogConfig: Setting CVar [[r.HairStrands.VelocityRasterizationScale:1]]
[2020.12.07-03.29.01:102][  0]LogConfig: Applying CVar settings from Section [Startup] File [../../../Engine/Config/ConsoleVariables.ini]
[2020.12.07-03.29.01:103][  0]LogConfig: Setting CVar [[net.UseAdaptiveNetUpdateFrequency:0]]
[2020.12.07-03.29.01:103][  0]LogConfig: Setting CVar [[p.chaos.AllowCreatePhysxBodies:1]]
[2020.12.07-03.29.01:103][  0]LogConfig: Setting CVar [[fx.SkipVectorVMBackendOptimizations:1]]
[2020.12.07-03.29.01:103][  0]LogConfig: Applying CVar settings from Section [ConsoleVariables] File [E:/Github/ProjectFalls/Saved/Config/Windows/Engine.ini]
[2020.12.07-03.29.01:103][  0]LogInit: Computer: BACON_PC
[2020.12.07-03.29.01:103][  0]LogInit: User: Kaue
[2020.12.07-03.29.01:103][  0]LogInit: CPU Page size=4096, Cores=6
[2020.12.07-03.29.01:103][  0]LogInit: High frequency timer resolution =10.000000 MHz
[2020.12.07-03.29.01:103][  0]LogMemory: Memory total: Physical=23.9GB (24GB approx)
[2020.12.07-03.29.01:103][  0]LogMemory: Platform Memory Stats for Windows
[2020.12.07-03.29.01:103][  0]LogMemory: Process Physical Memory: 113.85 MB used, 113.85 MB peak
[2020.12.07-03.29.01:103][  0]LogMemory: Process Virtual Memory: 96.14 MB used, 96.14 MB peak
[2020.12.07-03.29.01:103][  0]LogMemory: Physical Memory: 7247.92 MB used,  17261.42 MB free, 24509.34 MB total
[2020.12.07-03.29.01:104][  0]LogMemory: Virtual Memory: 5102.78 MB used,  134212624.00 MB free, 134217728.00 MB total
[2020.12.07-03.29.01:111][  0]LogWindows: WindowsPlatformFeatures enabled
[2020.12.07-03.29.01:207][  0]LogInit: Physics initialised using underlying interface: PhysX
[2020.12.07-03.29.01:209][  0]LogInit: Overriding language with editor language configuration option (en).
[2020.12.07-03.29.01:209][  0]LogInit: Overriding locale with editor locale configuration option (en).
[2020.12.07-03.29.01:389][  0]LogInit: Setting process to per monitor DPI aware
[2020.12.07-03.29.01:421][  0]LogSlate: New Slate User Created.  User Index 0, Is Virtual User: 0
[2020.12.07-03.29.01:422][  0]LogSlate: Slate User Registered.  User Index 0, Is Virtual User: 0
[2020.12.07-03.29.01:687][  0]LogHMD: Failed to initialize OpenVR with code 110
[2020.12.07-03.29.01:687][  0]LogD3D11RHI: D3D11 min allowed feature level: 11_0
[2020.12.07-03.29.01:687][  0]LogD3D11RHI: D3D11 max allowed feature level: 11_0
[2020.12.07-03.29.01:687][  0]LogD3D11RHI: D3D11 adapters:
[2020.12.07-03.29.01:750][  0]LogD3D11RHI:    0. 'NVIDIA GeForce GTX 1050 Ti' (Feature Level 11_0)
[2020.12.07-03.29.01:750][  0]LogD3D11RHI:       4018/0/12254 MB DedicatedVideo/DedicatedSystem/SharedSystem, Outputs:1, VendorId:0x10de
[2020.12.07-03.29.01:752][  0]LogD3D11RHI:    1. 'Microsoft Basic Render Driver' (Feature Level 11_0)
[2020.12.07-03.29.01:753][  0]LogD3D11RHI:       0/0/12254 MB DedicatedVideo/DedicatedSystem/SharedSystem, Outputs:0, VendorId:0x1414
[2020.12.07-03.29.01:753][  0]LogD3D11RHI: Chosen D3D11 Adapter: 0
[2020.12.07-03.29.01:759][  0]LogD3D11RHI: Creating new Direct3DDevice
[2020.12.07-03.29.01:759][  0]LogD3D11RHI:     GPU DeviceId: 0x1c82 (for the marketing name, search the web for "GPU Device Id")
[2020.12.07-03.29.01:759][  0]LogWindows: EnumDisplayDevices:
[2020.12.07-03.29.01:759][  0]LogWindows:    0. 'NVIDIA GeForce GTX 1050 Ti' (P:1 D:1)
[2020.12.07-03.29.01:760][  0]LogWindows:    1. 'NVIDIA GeForce GTX 1050 Ti' (P:0 D:0)
[2020.12.07-03.29.01:761][  0]LogWindows:    2. 'NVIDIA GeForce GTX 1050 Ti' (P:0 D:0)
[2020.12.07-03.29.01:761][  0]LogWindows:    3. 'NVIDIA GeForce GTX 1050 Ti' (P:0 D:0)
[2020.12.07-03.29.01:762][  0]LogWindows: DebugString: FoundDriverCount:4 
[2020.12.07-03.29.01:762][  0]LogD3D11RHI:     Adapter Name: NVIDIA GeForce GTX 1050 Ti
[2020.12.07-03.29.01:762][  0]LogD3D11RHI:   Driver Version: 457.51 (internal:27.21.14.5751, unified:457.51)
[2020.12.07-03.29.01:762][  0]LogD3D11RHI:      Driver Date: 11-22-2020
[2020.12.07-03.29.01:762][  0]LogRHI: Texture pool is 2812 MB (70% of 4018 MB)
[2020.12.07-03.29.01:801][  0]LogD3D11RHI: RHI has support for 64 bit atomics
[2020.12.07-03.29.01:801][  0]LogD3D11RHI: Async texture creation enabled
[2020.12.07-03.29.01:801][  0]LogD3D11RHI: Array index from any shader is supported
[2020.12.07-03.29.01:804][  0]LogD3D11RHI: HDR output is supported on display 0 (NvId: 0x80061082).
[2020.12.07-03.29.01:829][  0]LogD3D11RHI: GPU Timing Frequency: 1000.000000 (Debug: 2 1)
[2020.12.07-03.29.02:228][  0]LogTargetPlatformManager: Display: Loaded TargetPlatform 'AllDesktop'
[2020.12.07-03.29.02:252][  0]LogTargetPlatformManager: Display: Loaded TargetPlatform 'Android'
[2020.12.07-03.29.02:252][  0]LogTargetPlatformManager: Display: Loaded TargetPlatform 'Android_ASTC'
[2020.12.07-03.29.02:252][  0]LogTargetPlatformManager: Display: Loaded TargetPlatform 'Android_DXT'
[2020.12.07-03.29.02:252][  0]LogTargetPlatformManager: Display: Loaded TargetPlatform 'Android_ETC2'
[2020.12.07-03.29.02:252][  0]LogTargetPlatformManager: Display: Loaded TargetPlatform 'AndroidClient'
[2020.12.07-03.29.02:252][  0]LogTargetPlatformManager: Display: Loaded TargetPlatform 'Android_ASTCClient'
[2020.12.07-03.29.02:252][  0]LogTargetPlatformManager: Display: Loaded TargetPlatform 'Android_DXTClient'
[2020.12.07-03.29.02:252][  0]LogTargetPlatformManager: Display: Loaded TargetPlatform 'Android_ETC2Client'
[2020.12.07-03.29.02:252][  0]LogTargetPlatformManager: Display: Loaded TargetPlatform 'Android_Multi'
[2020.12.07-03.29.02:252][  0]LogTargetPlatformManager: Display: Loaded TargetPlatform 'Android_MultiClient'
[2020.12.07-03.29.02:281][  0]LogTargetPlatformManager: Display: Loaded TargetPlatform 'IOSClient'
[2020.12.07-03.29.02:281][  0]LogTargetPlatformManager: Display: Loaded TargetPlatform 'IOS'
[2020.12.07-03.29.02:294][  0]LogTargetPlatformManager: Display: Loaded TargetPlatform 'Linux'
[2020.12.07-03.29.02:304][  0]LogTargetPlatformManager: Display: Loaded TargetPlatform 'LinuxNoEditor'
[2020.12.07-03.29.02:315][  0]LogTargetPlatformManager: Display: Loaded TargetPlatform 'LinuxClient'
[2020.12.07-03.29.02:326][  0]LogTargetPlatformManager: Display: Loaded TargetPlatform 'LinuxServer'
[2020.12.07-03.29.02:337][  0]LogTargetPlatformManager: Display: Loaded TargetPlatform 'LinuxAArch64NoEditor'
[2020.12.07-03.29.02:348][  0]LogTargetPlatformManager: Display: Loaded TargetPlatform 'LinuxAArch64Client'
[2020.12.07-03.29.02:359][  0]LogTargetPlatformManager: Display: Loaded TargetPlatform 'LinuxAArch64Server'
[2020.12.07-03.29.02:391][  0]LogTargetPlatformManager: Display: Loaded TargetPlatform 'Lumin'
[2020.12.07-03.29.02:391][  0]LogTargetPlatformManager: Display: Loaded TargetPlatform 'LuminClient'
[2020.12.07-03.29.02:410][  0]LogTargetPlatformManager: Display: Loaded TargetPlatform 'TVOSClient'
[2020.12.07-03.29.02:410][  0]LogTargetPlatformManager: Display: Loaded TargetPlatform 'TVOS'
[2020.12.07-03.29.02:421][  0]LogTargetPlatformManager: Display: Loaded TargetPlatform 'WindowsNoEditor'
[2020.12.07-03.29.02:433][  0]LogTargetPlatformManager: Display: Loaded TargetPlatform 'Windows'
[2020.12.07-03.29.02:444][  0]LogTargetPlatformManager: Display: Loaded TargetPlatform 'WindowsClient'
[2020.12.07-03.29.02:455][  0]LogTargetPlatformManager: Display: Loaded TargetPlatform 'WindowsServer'
[2020.12.07-03.29.02:455][  0]LogTargetPlatformManager: Display: Building Assets For Windows
[2020.12.07-03.29.02:466][  0]LogAudioDebug: Display: Lib vorbis DLL was dynamically loaded.
[2020.12.07-03.29.02:564][  0]LogShaderCompilers: Guid format shader working directory is 10 characters bigger than the processId version (../../../../../Github/ProjectFalls/Intermediate/Shaders/WorkingDirectory/16748/).
[2020.12.07-03.29.02:564][  0]LogShaderCompilers: Cleaned the shader compiler working directory 'C:/Users/Kaue/AppData/Local/Temp/UnrealShaderWorkingDir/0CF907F74B2411A7A614DEB9A73CA041/'.
[2020.12.07-03.29.02:565][  0]LogXGEController: Cleaning working directory: C:/Users/Kaue/AppData/Local/Temp/UnrealXGEWorkingDir/
[2020.12.07-03.29.02:565][  0]LogXGEController: Cannot use XGE Controller as Incredibuild is not installed on this machine.
[2020.12.07-03.29.02:565][  0]LogShaderCompilers: Cannot use XGE Shader Compiler as Incredibuild is not installed on this machine.
[2020.12.07-03.29.02:565][  0]LogShaderCompilers: Display: Using Local Shader Compiler.
[2020.12.07-03.29.03:315][  0]LogDerivedDataCache: Display: Max Cache Size: 512 MB
[2020.12.07-03.29.03:368][  0]LogDerivedDataCache: Loaded boot cache 0.05s 75MB C:/Users/Kaue/AppData/Local/UnrealEngine/4.25/DerivedDataCache/Boot.ddc.
[2020.12.07-03.29.03:368][  0]LogDerivedDataCache: Display: Loaded Boot cache: C:/Users/Kaue/AppData/Local/UnrealEngine/4.25/DerivedDataCache/Boot.ddc
[2020.12.07-03.29.03:368][  0]LogDerivedDataCache: FDerivedDataBackendGraph:  Pak pak cache file ../../../../../Github/ProjectFalls/DerivedDataCache/DDC.ddp not found, will not use a pak cache.
[2020.12.07-03.29.03:368][  0]LogDerivedDataCache: Unable to find inner node Pak for hierarchical cache Hierarchy.
[2020.12.07-03.29.03:368][  0]LogDerivedDataCache: FDerivedDataBackendGraph:  CompressedPak pak cache file ../../../../../Github/ProjectFalls/DerivedDataCache/Compressed.ddp not found, will not use a pak cache.
[2020.12.07-03.29.03:368][  0]LogDerivedDataCache: Unable to find inner node CompressedPak for hierarchical cache Hierarchy.
[2020.12.07-03.29.03:378][  0]LogDerivedDataCache: Display: Pak cache opened for reading ../../../Engine/DerivedDataCache/Compressed.ddp.
[2020.12.07-03.29.03:379][  0]LogDerivedDataCache: FDerivedDataBackendGraph:  EnterprisePak pak cache file ../../../Enterprise/DerivedDataCache/Compressed.ddp not found, will not use a pak cache.
[2020.12.07-03.29.03:379][  0]LogDerivedDataCache: Unable to find inner node EnterprisePak for hierarchical cache Hierarchy.
[2020.12.07-03.29.03:380][  0]LogDerivedDataCache: Using Local data cache path C:/Users/Kaue/AppData/Local/UnrealEngine/Common/DerivedDataCache: Writable
[2020.12.07-03.29.03:380][  0]LogDerivedDataCache: Shared data cache path not found in *engine.ini, will not use an Shared cache.
[2020.12.07-03.29.03:380][  0]LogDerivedDataCache: Unable to find inner node Shared for hierarchical cache Hierarchy.
[2020.12.07-03.29.03:425][  0]LogSlate: Using FreeType 2.10.0
[2020.12.07-03.29.03:426][  0]LogSlate: SlateFontServices - WITH_FREETYPE: 1, WITH_HARFBUZZ: 1
[2020.12.07-03.29.03:455][  0]LogAssetRegistry: FAssetRegistry took 0.0026 seconds to start up
[2020.12.07-03.29.03:682][  0]LogInit: Selected Device Profile: [Windows]
[2020.12.07-03.29.03:802][  0]LogMeshReduction: Using QuadricMeshReduction for automatic static mesh reduction
[2020.12.07-03.29.03:802][  0]LogMeshReduction: Using SimplygonMeshReduction for automatic skeletal mesh reduction
[2020.12.07-03.29.03:802][  0]LogMeshReduction: Using ProxyLODMeshReduction for automatic mesh merging
[2020.12.07-03.29.03:802][  0]LogMeshReduction: No distributed automatic mesh merging module available
[2020.12.07-03.29.03:803][  0]LogMeshMerging: No distributed automatic mesh merging module available
[2020.12.07-03.29.03:820][  0]LogNetVersion: ProjectFalls 1.0.0, NetCL: 13144385, EngineNetVer: 14, GameNetVer: 0 (Checksum: 4208646214)
[2020.12.07-03.29.04:295][  0]LogAISub: UAISubsystem::UAISubsystem AISubsystem (000001CDC3BB9BC0), frame # 0
[2020.12.07-03.29.04:295][  0]LogAISub: UAISubsystem::UAISubsystem AIPerceptionSystem (000001CDC3AFBC40), frame # 0
[2020.12.07-03.29.04:296][  0]LogAISub: UAISubsystem::UAISubsystem EnvQueryManager (000001CDC3B65E00), frame # 0
[2020.12.07-03.29.04:345][  0]LogPackageLocalizationCache: Processed 19 localized package path(s) for 1 prioritized culture(s) in 0.041233 seconds
[2020.12.07-03.29.04:350][  0]LogUObjectArray: 15917 objects as part of root set at end of initial load.
[2020.12.07-03.29.04:350][  0]LogUObjectAllocator: 3965568 out of 0 bytes used by permanent object pool.
[2020.12.07-03.29.04:350][  0]LogUObjectArray: CloseDisregardForGC: 0/0 objects in disregard for GC pool
[2020.12.07-03.29.04:796][  0]LogTcpMessaging: Initializing TcpMessaging bridge
[2020.12.07-03.29.04:801][  0]LogUdpMessaging: Initializing bridge on interface 0.0.0.0:0 to multicast group 230.0.0.1:6666.
[2020.12.07-03.29.04:901][  0]SourceControl: Source control is disabled
[2020.12.07-03.29.04:901][  0]SourceControl: Source control is disabled
[2020.12.07-03.29.04:905][  0]SourceControl: Source control is disabled
[2020.12.07-03.29.04:909][  0]SourceControl: Source control is disabled
[2020.12.07-03.29.04:918][  0]SourceControl: Source control is disabled
[2020.12.07-03.29.04:936][  0]LogVSAccessor: Display: Unable to create Visual Studio setup instance: 80040154
[2020.12.07-03.29.04:937][  0]LogVSAccessor: Display: Unable to create Visual Studio setup instance: 80040154
[2020.12.07-03.29.05:257][  0]LogAndroidPermission: UAndroidPermissionCallbackProxy::GetInstance
[2020.12.07-03.29.05:284][  0]LogAudioCaptureCore: Display: No Audio Capture implementations found. Audio input will be silent.
[2020.12.07-03.29.05:284][  0]LogAudioCaptureCore: Display: No Audio Capture implementations found. Audio input will be silent.
[2020.12.07-03.29.05:347][  0]LogOcInput: OculusInput pre-init called
[2020.12.07-03.29.05:365][  0]LogWindows: Failed to load 'OVRPlugin.dll' (GetLastError=126)
[2020.12.07-03.29.05:365][  0]LogWindows: File 'OVRPlugin.dll' does not exist
[2020.12.07-03.29.05:438][  0]LogEngine: Initializing Engine...
[2020.12.07-03.29.05:439][  0]LogHMD: Failed to initialize OpenVR with code 110
[2020.12.07-03.29.05:439][  0]LogMagicLeap: Warning: VR disabled because ZI is not enabled.  To enable, in the editor, Edit -> Project Settings -> Plugins -> Magic Leap Plugin -> Enable Zero Iteration
[2020.12.07-03.29.05:440][  0]LogStats: UGameplayTagsManager::InitializeManager -  0.000 s
[2020.12.07-03.29.05:563][  0]LogInit: Initializing FReadOnlyCVARCache
[2020.12.07-03.29.05:572][  0]LogAIModule: Creating AISystem for world Untitled
[2020.12.07-03.29.05:572][  0]LogAISub: UAISubsystem::UAISubsystem EnvQueryManager (000001CDC73A4600), frame # 0
[2020.12.07-03.29.05:573][  0]LogAISub: UAISubsystem::UAISubsystem AIPerceptionSystem (000001CDC73BD940), frame # 0
[2020.12.07-03.29.05:591][  0]LogAudioMixer: Display: Audio Mixer Platform Settings:
[2020.12.07-03.29.05:592][  0]LogAudioMixer: Display: 	Sample Rate:						  48000
[2020.12.07-03.29.05:592][  0]LogAudioMixer: Display: 	Callback Buffer Frame Size Requested: 1024
[2020.12.07-03.29.05:592][  0]LogAudioMixer: Display: 	Callback Buffer Frame Size To Use:	  1024
[2020.12.07-03.29.05:592][  0]LogAudioMixer: Display: 	Number of buffers to queue:			  2
[2020.12.07-03.29.05:592][  0]LogAudioMixer: Display: 	Max Channels (voices):				  32
[2020.12.07-03.29.05:592][  0]LogAudioMixer: Display: 	Number of Async Source Workers:		  0
[2020.12.07-03.29.05:592][  0]LogAudio: Display: AudioDevice MaxSources: 32
[2020.12.07-03.29.05:592][  0]LogAudio: Display: Using built-in audio occlusion.
[2020.12.07-03.29.05:592][  0]LogAudioMixer: Display: Initializing audio mixer.
[2020.12.07-03.29.05:630][  0]LogAudioMixer: Display: 0: FrontLeft
[2020.12.07-03.29.05:630][  0]LogAudioMixer: Display: 1: FrontRight
[2020.12.07-03.29.05:709][  0]LogAudioMixer: Display: Using Audio Device Alto-falantes (Jabra EVOLVE 20)
[2020.12.07-03.29.05:712][  0]LogAudioMixer: Display: Initializing Sound Submixes...
[2020.12.07-03.29.05:717][  0]LogAudioMixer: Display: Creating Master Submix 'MasterSubmixDefault'
[2020.12.07-03.29.05:717][  0]LogAudioMixer: Display: Creating Master Submix 'MasterReverbSubmixDefault'
[2020.12.07-03.29.05:718][  0]LogAudioMixer: Display: Creating Master Submix 'MasterEQSubmixDefault'
[2020.12.07-03.29.05:718][  0]LogInit: FAudioDevice initialized.
[2020.12.07-03.29.05:719][  0]LogNetVersion: Set ProjectVersion to 1.0.0.0. Version Checksum will be recalculated on next use.
[2020.12.07-03.29.05:798][  0]LogDerivedDataCache: Saved boot cache 0.08s 75MB C:/Users/Kaue/AppData/Local/UnrealEngine/4.25/DerivedDataCache/Boot.ddc.
[2020.12.07-03.29.05:802][  0]LogInit: Texture streaming: Enabled
[2020.12.07-03.29.05:829][  0]LogEngineSessionManager: EngineSessionManager initialized
[2020.12.07-03.29.05:829][  0]LogEngineSessionManager: EngineSessionManager sent abnormal shutdown report. Type=Crashed, SessionId={257D0B76-4AF0-BE3E-901B-73AE5648754D}
[2020.12.07-03.29.05:830][  0]LogEditorSessionSummary: Verbose: Initializing EditorSessionSummaryWriter for editor session tracking
[2020.12.07-03.29.05:846][  0]LogEditorSessionSummary: EditorSessionSummaryWriter initialized
[2020.12.07-03.29.05:887][  0]LogInit: Transaction tracking system initialized
[2020.12.07-03.29.05:916][  0]BlueprintLog: New page: Editor Load
[2020.12.07-03.29.06:008][  0]LocalizationService: Localization service is disabled
[2020.12.07-03.29.06:114][  0]LogVSAccessor: Display: Unable to create Visual Studio setup instance: 80040154
[2020.12.07-03.29.06:115][  0]LogVSAccessor: Display: Unable to create Visual Studio setup instance: 80040154
[2020.12.07-03.29.06:206][  0]LogCook: Display: Max memory allowance for cook 16384mb min free memory 0mb
[2020.12.07-03.29.06:206][  0]LogCook: Display: Mobile HDR setting 1
[2020.12.07-03.29.06:371][  0]LogFileCache: Scanning file cache for directory 'E:/Github/ProjectFalls/Content/' took 0.01s
[2020.12.07-03.29.06:622][  0]SourceControl: Source control is disabled
[2020.12.07-03.29.06:622][  0]LogUnrealEdMisc: Loading editor; pre map load, took 8.373
[2020.12.07-03.29.06:622][  0]Cmd: MAP LOAD FILE="../../../../../Github/ProjectFalls/Content/ThirdPersonBP/Maps/ThirdPersonExampleMap.umap" TEMPLATE=0 SHOWPROGRESS=1 FEATURELEVEL=3
[2020.12.07-03.29.06:623][  0]LightingResults: New page: Lighting Build
[2020.12.07-03.29.06:624][  0]LogWorld: UWorld::CleanupWorld for Untitled, bSessionEnded=true, bCleanupResources=true
[2020.12.07-03.29.06:624][  0]LogSlate: InvalidateAllWidgets triggered.  All widgets were invalidated
[2020.12.07-03.29.06:624][  0]MapCheck: New page: Map Check
[2020.12.07-03.29.06:624][  0]LightingResults: New page: Lighting Build
[2020.12.07-03.29.06:633][  0]LogAISub: UAISubsystem::~UAISubsystem EnvQueryManager (000001CDC73A4600), frame # 0
[2020.12.07-03.29.06:633][  0]LogAISub: UAISubsystem::~UAISubsystem AIPerceptionSystem (000001CDC73BD940), frame # 0
[2020.12.07-03.29.06:633][  0]LogUObjectHash: Compacting FUObjectHashTables data took   0.60ms
[2020.12.07-03.29.07:175][  0]LogAIModule: Creating AISystem for world ThirdPersonExampleMap
[2020.12.07-03.29.07:175][  0]LogAISub: UAISubsystem::UAISubsystem EnvQueryManager (000001CDB8F27E00), frame # 0
[2020.12.07-03.29.07:175][  0]LogAISub: UAISubsystem::UAISubsystem AIPerceptionSystem (000001CDC67F9800), frame # 0
[2020.12.07-03.29.07:182][  0]LogEditorServer: Finished looking for orphan Actors (0.000 secs)
[2020.12.07-03.29.07:193][  0]LogUObjectHash: Compacting FUObjectHashTables data took   0.77ms
[2020.12.07-03.29.07:193][  0]Cmd: MAP CHECKDEP NOCLEARLOG
[2020.12.07-03.29.07:193][  0]MapCheck: Map check complete: 0 Error(s), 0 Warning(s), took 0.288ms to complete.
[2020.12.07-03.29.07:193][  0]LogFileHelpers: Loading map 'ThirdPersonExampleMap' took 0.571
[2020.12.07-03.29.07:195][  0]LogUnrealEdMisc: Total Editor Startup Time, took 8.945
[2020.12.07-03.29.07:343][  0]LogSlate: Updating window title bar state: overlay mode, drag disabled, window buttons hidden, title bar hidden
[2020.12.07-03.29.07:350][  0]LogSlate: Updating window title bar state: overlay mode, drag disabled, window buttons hidden, title bar hidden
[2020.12.07-03.29.07:356][  0]LogSlate: Updating window title bar state: overlay mode, drag disabled, window buttons hidden, title bar hidden
[2020.12.07-03.29.07:362][  0]LogSlate: Updating window title bar state: overlay mode, drag disabled, window buttons hidden, title bar hidden
[2020.12.07-03.29.07:376][  0]LogCollectionManager: Loaded 0 collections in 0.001020 seconds
[2020.12.07-03.29.07:390][  0]LogFileCache: Scanning file cache for directory 'E:/Github/ProjectFalls/Saved/Collections/' took 0.00s
[2020.12.07-03.29.07:390][  0]LogFileCache: Scanning file cache for directory 'E:/Github/ProjectFalls/Content/Developers/Kaue/Collections/' took 0.00s
[2020.12.07-03.29.07:390][  0]LogFileCache: Scanning file cache for directory 'E:/Github/ProjectFalls/Content/Collections/' took 0.00s
[2020.12.07-03.29.07:390][  0]LogContentBrowser: Native class hierarchy populated in 0.0081 seconds. Added 3427 classes and 821 folders.
[2020.12.07-03.29.07:393][  0]LogContentBrowser: Native class hierarchy updated for 'WidgetCarousel' in 0.0003 seconds. Added 0 classes and 0 folders.
[2020.12.07-03.29.07:495][  0]LogContentBrowser: Native class hierarchy updated for 'AddContentDialog' in 0.0003 seconds. Added 0 classes and 0 folders.
[2020.12.07-03.29.07:496][  0]LogContentBrowser: Native class hierarchy updated for 'SceneOutliner' in 0.0003 seconds. Added 2 classes and 0 folders.
[2020.12.07-03.29.07:647][  0]LogSlate: Took 0.000313 seconds to synchronously load lazily loaded font '../../../Engine/Content/Slate/Fonts/Roboto-Regular.ttf' (155K)
[2020.12.07-03.29.07:649][  0]LogSlate: Took 0.000499 seconds to synchronously load lazily loaded font '../../../Engine/Content/Slate/Fonts/Roboto-Bold.ttf' (160K)
[2020.12.07-03.29.07:652][  0]LogSlate: Took 0.000261 seconds to synchronously load lazily loaded font '../../../Engine/Content/Editor/Slate/Fonts/FontAwesome.ttf' (139K)
[2020.12.07-03.29.07:712][  0]LogRenderer: Reallocating scene render targets to support 1704x852 Format 9 NumSamples 1 (Frame:1).
[2020.12.07-03.29.07:812][  0]LogContentBrowser: Native class hierarchy updated for 'HierarchicalLODOutliner' in 0.0003 seconds. Added 0 classes and 0 folders.
[2020.12.07-03.29.07:812][  0]LogLoad: (Engine Initialization) Total time: 9.56 seconds
[2020.12.07-03.29.07:812][  0]LogLoad: (Engine Initialization) Total Blueprint compile time: 0.00 seconds
[2020.12.07-03.29.07:853][  0]LogAssetRegistry: Asset discovery search completed in 4.3981 seconds
[2020.12.07-03.29.07:857][  0]LogCollectionManager: Fixed up redirectors for 0 collections in 0.000003 seconds (updated 0 objects)
[2020.12.07-03.29.07:858][  0]LogContentStreaming: Texture pool size now 800 MB
[2020.12.07-03.29.15:370][336]LogTemp: Repeating last play command: New Editor Window (PIE)
[2020.12.07-03.29.15:385][336]LogPlayLevel: PlayLevel: No blueprints needed recompiling
[2020.12.07-03.29.15:386][336]PIE: New page: PIE session: ThirdPersonExampleMap (Dec 6, 2020, 10:29:15 PM)
[2020.12.07-03.29.15:387][336]LogOnline: OSS: Creating online subsystem instance for: NULL
[2020.12.07-03.29.15:388][336]LogOnline: OSS: TryLoadSubsystemAndSetDefault: Loaded subsystem for module [NULL]
[2020.12.07-03.29.15:388][336]LogPlayLevel: Creating play world package: /Game/ThirdPersonBP/Maps/UEDPIE_0_ThirdPersonExampleMap
[2020.12.07-03.29.15:401][336]LogPlayLevel: PIE: StaticDuplicateObject took: (0.013339s)
[2020.12.07-03.29.15:403][336]LogAIModule: Creating AISystem for world ThirdPersonExampleMap
[2020.12.07-03.29.15:403][336]LogAISub: UAISubsystem::UAISubsystem EnvQueryManager (000001CDDB92FE00), frame # 336
[2020.12.07-03.29.15:403][336]LogAISub: UAISubsystem::UAISubsystem AIPerceptionSystem (000001CD9FCDF9C0), frame # 336
[2020.12.07-03.29.15:403][336]LogPlayLevel: PIE: World Init took: (0.002011s)
[2020.12.07-03.29.15:403][336]LogPlayLevel: PIE: Created PIE world by copying editor world from /Game/ThirdPersonBP/Maps/ThirdPersonExampleMap.ThirdPersonExampleMap to /Game/ThirdPersonBP/Maps/UEDPIE_0_ThirdPersonExampleMap.ThirdPersonExampleMap (0.015653s)
[2020.12.07-03.29.15:413][336]LogUObjectHash: Compacting FUObjectHashTables data took   0.72ms
[2020.12.07-03.29.15:416][336]LogAudioMixer: Display: Audio Mixer Platform Settings:
[2020.12.07-03.29.15:416][336]LogAudioMixer: Display: 	Sample Rate:						  48000
[2020.12.07-03.29.15:416][336]LogAudioMixer: Display: 	Callback Buffer Frame Size Requested: 1024
[2020.12.07-03.29.15:416][336]LogAudioMixer: Display: 	Callback Buffer Frame Size To Use:	  1024
[2020.12.07-03.29.15:416][336]LogAudioMixer: Display: 	Number of buffers to queue:			  2
[2020.12.07-03.29.15:416][336]LogAudioMixer: Display: 	Max Channels (voices):				  32
[2020.12.07-03.29.15:416][336]LogAudioMixer: Display: 	Number of Async Source Workers:		  0
[2020.12.07-03.29.15:416][336]LogAudio: Display: AudioDevice MaxSources: 32
[2020.12.07-03.29.15:416][336]LogAudio: Display: Using built-in audio occlusion.
[2020.12.07-03.29.15:416][336]LogAudioMixer: Display: Initializing audio mixer.
[2020.12.07-03.29.15:438][336]LogAudioMixer: Display: 0: FrontLeft
[2020.12.07-03.29.15:438][336]LogAudioMixer: Display: 1: FrontRight
[2020.12.07-03.29.15:487][336]LogAudioMixer: Display: Using Audio Device Alto-falantes (Jabra EVOLVE 20)
[2020.12.07-03.29.15:487][336]LogAudioMixer: Display: Initializing Sound Submixes...
[2020.12.07-03.29.15:488][336]LogAudioMixer: Display: Creating Master Submix 'MasterSubmixDefault'
[2020.12.07-03.29.15:488][336]LogAudioMixer: Display: Creating Master Submix 'MasterReverbSubmixDefault'
[2020.12.07-03.29.15:488][336]LogAudioMixer: Display: Creating Master Submix 'MasterEQSubmixDefault'
[2020.12.07-03.29.15:500][336]LogInit: FAudioDevice initialized.
[2020.12.07-03.29.15:547][336]LogSlate: Updating window title bar state: overlay mode, drag disabled, window buttons hidden, title bar hidden
[2020.12.07-03.29.15:550][336]LogLoad: Game class is 'ThirdPersonGameMode_C'
[2020.12.07-03.29.15:552][336]LogWorld: Bringing World /Game/ThirdPersonBP/Maps/UEDPIE_0_ThirdPersonExampleMap.ThirdPersonExampleMap up for play (max tick rate 0) at 2020.12.07-00.29.15
[2020.12.07-03.29.15:552][336]LogWorld: Bringing up level for play took: 0.001407
[2020.12.07-03.29.15:552][336]LogOnline: OSS: Creating online subsystem instance for: :Context_1
[2020.12.07-03.29.15:557][336]LogContentBrowser: Native class hierarchy updated for 'MovieSceneCapture' in 0.0004 seconds. Added 20 classes and 0 folders.
[2020.12.07-03.29.15:559][336]PIE: Server logged in
[2020.12.07-03.29.15:560][336]PIE: Play in editor total start time 0.181 seconds.
[2020.12.07-03.29.37:121][892]LogSlate: Updating window title bar state: overlay mode, drag disabled, window buttons hidden, title bar hidden
[2020.12.07-03.29.37:121][892]LogWorld: BeginTearingDown for /Game/ThirdPersonBP/Maps/UEDPIE_0_ThirdPersonExampleMap
[2020.12.07-03.29.37:121][892]LogSlate: Window 'ProjectFalls Preview [NetMode: Standalone] (64-bit/Windows) ' being destroyed
[2020.12.07-03.29.37:127][892]LogWorld: UWorld::CleanupWorld for ThirdPersonExampleMap, bSessionEnded=true, bCleanupResources=true
[2020.12.07-03.29.37:128][892]LogSlate: InvalidateAllWidgets triggered.  All widgets were invalidated
[2020.12.07-03.29.37:133][892]LogPlayLevel: Display: Shutting down PIE online subsystems
[2020.12.07-03.29.37:135][892]LogSlate: InvalidateAllWidgets triggered.  All widgets were invalidated
[2020.12.07-03.29.37:161][892]LogAISub: UAISubsystem::~UAISubsystem AIPerceptionSystem (000001CD9FCDF9C0), frame # 2892
[2020.12.07-03.29.37:161][892]LogAISub: UAISubsystem::~UAISubsystem EnvQueryManager (000001CDDB92FE00), frame # 2892
[2020.12.07-03.29.37:162][892]LogUObjectHash: Compacting FUObjectHashTables data took   0.67ms
[2020.12.07-03.29.37:185][893]LogPlayLevel: Display: Destroying online subsystem :Context_1
[2020.12.07-03.29.38:014][977]LogEditorViewport: Clicking on Actor (LMB): ThirdPersonCharacter_C (ThirdPersonCharacter)
[2020.12.07-03.29.39:784][ 99]LogUObjectHash: Compacting FUObjectHashTables data took   1.06ms
[2020.12.07-03.29.43:081][345]LogSlate: Took 0.000579 seconds to synchronously load lazily loaded font '../../../Engine/Content/Slate/Fonts/Roboto-Light.ttf' (167K)
[2020.12.07-03.29.44:802][459]LogEditorViewport: Clicking on Actor (LMB): StaticMeshActor (Floor)
[2020.12.07-03.29.45:607][539]LogEditorViewport: Clicking on Actor (LMB): ThirdPersonCharacter_C (ThirdPersonCharacter)
[2020.12.07-03.29.46:930][638]LogEditorViewport: Clicking on Actor (context menu): ThirdPersonCharacter_C (ThirdPersonCharacter)
[2020.12.07-03.29.48:129][764]LogEditorViewport: Clicking on Actor (LMB): StaticMeshActor (Floor)
[2020.12.07-03.30.07:783][343]LogSlate: Took 0.000308 seconds to synchronously load lazily loaded font '../../../Engine/Content/Slate/Fonts/Roboto-Light.ttf' (167K)
[2020.12.07-03.30.07:798][343]LogAssetEditorSubsystem: Opening Asset editor for AnimSequence /Game/Max/Animations/WalkRun/weapom/Crouch_Idle_4.Crouch_Idle_4
[2020.12.07-03.30.07:808][343]LogContentBrowser: Native class hierarchy updated for 'SkeletonEditor' in 0.0004 seconds. Added 1 classes and 2 folders.
[2020.12.07-03.30.07:970][343]LogActorComponent: RegisterComponentWithWorld: (/Engine/Transient.World_6:PersistentLevel.AnimationEditorPreviewActor_0.DebugSkelMeshComponent_0) Already registered. Aborting.
[2020.12.07-03.30.07:972][343]LogContentBrowser: Native class hierarchy updated for 'PinnedCommandList' in 0.0003 seconds. Added 1 classes and 0 folders.
[2020.12.07-03.30.08:100][343]LogSkeletalMesh: USkeletalMeshComponent::InitArticulated : Bodies already created (/Engine/Transient.World_6:PersistentLevel.AnimationEditorPreviewActor_0.DebugSkelMeshComponent_0) - call TermArticulated first.
[2020.12.07-03.30.08:451][343]LogContentBrowser: Verbose: The majority of assets in the view are of type: AnimSequence
[2020.12.07-03.30.12:729][602]LogSlate: Window 'Crouch_Idle_4' being destroyed
[2020.12.07-03.30.12:741][602]LogSlate: Window 'Crouch_Idle_4' being destroyed
[2020.12.07-03.30.12:742][602]LogWorld: UWorld::CleanupWorld for World_6, bSessionEnded=true, bCleanupResources=true
[2020.12.07-03.30.12:742][602]LogSlate: InvalidateAllWidgets triggered.  All widgets were invalidated
[2020.12.07-03.30.12:795][602]LogWorld: UWorld::CleanupWorld for World_7, bSessionEnded=true, bCleanupResources=true
[2020.12.07-03.30.12:795][602]LogSlate: InvalidateAllWidgets triggered.  All widgets were invalidated
[2020.12.07-03.30.14:505][741]LogAssetEditorSubsystem: Opening Asset editor for AnimSequence /Game/Max/Animations/WalkRun/weapom/Crouch_Idle_3.Crouch_Idle_3
[2020.12.07-03.30.14:510][741]LogActorComponent: RegisterComponentWithWorld: (/Engine/Transient.World_9:PersistentLevel.AnimationEditorPreviewActor_0.DebugSkelMeshComponent_0) Already registered. Aborting.
[2020.12.07-03.30.14:631][741]LogSkeletalMesh: USkeletalMeshComponent::InitArticulated : Bodies already created (/Engine/Transient.World_9:PersistentLevel.AnimationEditorPreviewActor_0.DebugSkelMeshComponent_0) - call TermArticulated first.
[2020.12.07-03.30.14:967][741]LogContentBrowser: Verbose: The majority of assets in the view are of type: AnimSequence
[2020.12.07-03.30.22:714][224]LogSlate: Window 'Crouch_Idle_3' being destroyed
[2020.12.07-03.30.22:727][224]LogSlate: Window 'Crouch_Idle_3' being destroyed
[2020.12.07-03.30.22:727][224]LogWorld: UWorld::CleanupWorld for World_9, bSessionEnded=true, bCleanupResources=true
[2020.12.07-03.30.22:728][224]LogSlate: InvalidateAllWidgets triggered.  All widgets were invalidated
[2020.12.07-03.30.22:784][224]LogWorld: UWorld::CleanupWorld for World_10, bSessionEnded=true, bCleanupResources=true
[2020.12.07-03.30.22:784][224]LogSlate: InvalidateAllWidgets triggered.  All widgets were invalidated
[2020.12.07-03.30.25:918][476]LogAssetEditorSubsystem: Opening Asset editor for AnimSequence /Game/Max/Animations/WalkRun/weapom/Crouch_Idle_4.Crouch_Idle_4
[2020.12.07-03.30.25:923][476]LogActorComponent: RegisterComponentWithWorld: (/Engine/Transient.World_11:PersistentLevel.AnimationEditorPreviewActor_0.DebugSkelMeshComponent_0) Already registered. Aborting.
[2020.12.07-03.30.26:047][476]LogSkeletalMesh: USkeletalMeshComponent::InitArticulated : Bodies already created (/Engine/Transient.World_11:PersistentLevel.AnimationEditorPreviewActor_0.DebugSkelMeshComponent_0) - call TermArticulated first.
[2020.12.07-03.30.26:357][476]LogContentBrowser: Verbose: The majority of assets in the view are of type: AnimSequence
[2020.12.07-03.30.37:588][171]LogSlate: Window 'Crouch_Idle_4' being destroyed
[2020.12.07-03.30.37:600][171]LogSlate: Window 'Crouch_Idle_4' being destroyed
[2020.12.07-03.30.37:600][171]LogWorld: UWorld::CleanupWorld for World_11, bSessionEnded=true, bCleanupResources=true
[2020.12.07-03.30.37:600][171]LogSlate: InvalidateAllWidgets triggered.  All widgets were invalidated
[2020.12.07-03.30.37:656][171]LogWorld: UWorld::CleanupWorld for World_12, bSessionEnded=true, bCleanupResources=true
[2020.12.07-03.30.37:657][171]LogSlate: InvalidateAllWidgets triggered.  All widgets were invalidated
[2020.12.07-03.30.50:361][112]Cmd: OBJ SAVEPACKAGE PACKAGE="/Game/Max/Animations/WalkRun/weapom/Crouched_Walking_2" FILE="../../../../../Github/ProjectFalls/Content/Max/Animations/WalkRun/weapom/Crouched_Walking_2.uasset" SILENT=true
[2020.12.07-03.30.50:369][112]LogSavePackage: Moving '../../../../../Github/ProjectFalls/Saved/Crouched_Walking_2A37B91FE40CA4A462BC9E7BE69D33FB6.tmp' to '../../../../../Github/ProjectFalls/Content/Max/Animations/WalkRun/weapom/Crouched_Walking_2.uasset'
[2020.12.07-03.30.50:466][112]LogUObjectHash: Compacting FUObjectHashTables data took   0.62ms
[2020.12.07-03.30.50:488][112]LogUObjectHash: Compacting FUObjectHashTables data took   0.62ms
[2020.12.07-03.30.50:497][112]LogUObjectHash: Compacting FUObjectHashTables data took   0.21ms
[2020.12.07-03.30.50:561][112]AssetCheck: New page: Asset Save: Crouched_Walking_2
[2020.12.07-03.30.50:561][112]LogContentValidation: Display: Validating AnimSequence /Game/Max/Animations/WalkRun/weapom/Crouched_Walking_2.Crouched_Walking_2
[2020.12.07-03.30.53:842][317]LogAssetEditorSubsystem: Opening Asset editor for AnimSequence /Game/Max/Animations/WalkRun/weapom/Crouched_Walking_2.Crouched_Walking_2
[2020.12.07-03.30.53:847][317]LogActorComponent: RegisterComponentWithWorld: (/Engine/Transient.World_13:PersistentLevel.AnimationEditorPreviewActor_0.DebugSkelMeshComponent_0) Already registered. Aborting.
[2020.12.07-03.30.53:971][317]LogSkeletalMesh: USkeletalMeshComponent::InitArticulated : Bodies already created (/Engine/Transient.World_13:PersistentLevel.AnimationEditorPreviewActor_0.DebugSkelMeshComponent_0) - call TermArticulated first.
[2020.12.07-03.30.54:297][317]LogContentBrowser: Verbose: The majority of assets in the view are of type: AnimSequence
[2020.12.07-03.31.23:379][114]Cmd: OBJ SAVEPACKAGE PACKAGE="/Game/Max/Animations/WalkRun/weapom/Crouched_Walking_2" FILE="../../../../../Github/ProjectFalls/Content/Max/Animations/WalkRun/weapom/Crouched_Walking_2.uasset" SILENT=true
[2020.12.07-03.31.23:399][114]LogSavePackage: Moving '../../../../../Github/ProjectFalls/Saved/Crouched_Walking_2D928C9BB49885E96CB3D38B335FE0710.tmp' to '../../../../../Github/ProjectFalls/Content/Max/Animations/WalkRun/weapom/Crouched_Walking_2.uasset'
[2020.12.07-03.31.23:418][114]AssetCheck: New page: Asset Save: Crouched_Walking_2
[2020.12.07-03.31.23:418][114]LogContentValidation: Display: Validating AnimSequence /Game/Max/Animations/WalkRun/weapom/Crouched_Walking_2.Crouched_Walking_2
[2020.12.07-03.31.24:596][194]LogSlate: Window 'Crouched_Walking_2' being destroyed
[2020.12.07-03.31.24:602][194]LogSlate: Window 'Crouched_Walking_2' being destroyed
[2020.12.07-03.31.24:603][194]LogWorld: UWorld::CleanupWorld for World_13, bSessionEnded=true, bCleanupResources=true
[2020.12.07-03.31.24:603][194]LogSlate: InvalidateAllWidgets triggered.  All widgets were invalidated
[2020.12.07-03.31.24:661][194]LogWorld: UWorld::CleanupWorld for World_14, bSessionEnded=true, bCleanupResources=true
[2020.12.07-03.31.24:661][194]LogSlate: InvalidateAllWidgets triggered.  All widgets were invalidated
[2020.12.07-03.31.27:314][458]LogAssetEditorSubsystem: Opening Asset editor for AnimSequence /Game/Max/Animations/WalkRun/weapom/Crouched_Walking_2.Crouched_Walking_2
[2020.12.07-03.31.27:319][458]LogActorComponent: RegisterComponentWithWorld: (/Engine/Transient.World_15:PersistentLevel.AnimationEditorPreviewActor_0.DebugSkelMeshComponent_0) Already registered. Aborting.
[2020.12.07-03.31.27:440][458]LogSkeletalMesh: USkeletalMeshComponent::InitArticulated : Bodies already created (/Engine/Transient.World_15:PersistentLevel.AnimationEditorPreviewActor_0.DebugSkelMeshComponent_0) - call TermArticulated first.
[2020.12.07-03.31.27:773][458]LogContentBrowser: Verbose: The majority of assets in the view are of type: AnimSequence
[2020.12.07-03.31.32:538][759]LogSlate: Window 'Crouched_Walking_2' being destroyed
[2020.12.07-03.31.32:550][759]LogSlate: Window 'Crouched_Walking_2' being destroyed
[2020.12.07-03.31.32:551][759]LogWorld: UWorld::CleanupWorld for World_15, bSessionEnded=true, bCleanupResources=true
[2020.12.07-03.31.32:551][759]LogSlate: InvalidateAllWidgets triggered.  All widgets were invalidated
[2020.12.07-03.31.32:606][759]LogWorld: UWorld::CleanupWorld for World_16, bSessionEnded=true, bCleanupResources=true
[2020.12.07-03.31.32:606][759]LogSlate: InvalidateAllWidgets triggered.  All widgets were invalidated
[2020.12.07-03.31.33:928][848]LogAssetEditorSubsystem: Opening Asset editor for AnimSequence /Game/Max/Animations/WalkRun/weapom/Crouched_Walking_2.Crouched_Walking_2
[2020.12.07-03.31.33:933][848]LogActorComponent: RegisterComponentWithWorld: (/Engine/Transient.World_17:PersistentLevel.AnimationEditorPreviewActor_0.DebugSkelMeshComponent_0) Already registered. Aborting.
[2020.12.07-03.31.34:056][848]LogSkeletalMesh: USkeletalMeshComponent::InitArticulated : Bodies already created (/Engine/Transient.World_17:PersistentLevel.AnimationEditorPreviewActor_0.DebugSkelMeshComponent_0) - call TermArticulated first.
[2020.12.07-03.31.34:386][848]LogContentBrowser: Verbose: The majority of assets in the view are of type: AnimSequence
[2020.12.07-03.31.49:784][786]Cmd: OBJ SAVEPACKAGE PACKAGE="/Game/Max/Animations/WalkRun/weapom/Crouched_Walking_2" FILE="../../../../../Github/ProjectFalls/Content/Max/Animations/WalkRun/weapom/Crouched_Walking_2.uasset" SILENT=true
[2020.12.07-03.31.49:804][786]LogSavePackage: Moving '../../../../../Github/ProjectFalls/Saved/Crouched_Walking_27BA7AF1B441F58A45752B89BEAA958D7.tmp' to '../../../../../Github/ProjectFalls/Content/Max/Animations/WalkRun/weapom/Crouched_Walking_2.uasset'
[2020.12.07-03.31.49:822][786]AssetCheck: New page: Asset Save: Crouched_Walking_2
[2020.12.07-03.31.49:822][786]LogContentValidation: Display: Validating AnimSequence /Game/Max/Animations/WalkRun/weapom/Crouched_Walking_2.Crouched_Walking_2
[2020.12.07-03.32.34:233][781]LogSlate: Window 'Crouched_Walking_2' being destroyed
[2020.12.07-03.32.34:247][781]LogSlate: Window 'Crouched_Walking_2' being destroyed
[2020.12.07-03.32.34:247][781]LogWorld: UWorld::CleanupWorld for World_17, bSessionEnded=true, bCleanupResources=true
[2020.12.07-03.32.34:247][781]LogSlate: InvalidateAllWidgets triggered.  All widgets were invalidated
[2020.12.07-03.32.34:307][781]LogWorld: UWorld::CleanupWorld for World_18, bSessionEnded=true, bCleanupResources=true
[2020.12.07-03.32.34:307][781]LogSlate: InvalidateAllWidgets triggered.  All widgets were invalidated
[2020.12.07-03.32.35:430][870]LogAssetEditorSubsystem: Opening Asset editor for AnimSequence /Game/Max/Animations/WalkRun/weapom/Crouched_Walking_2.Crouched_Walking_2
[2020.12.07-03.32.35:434][870]LogActorComponent: RegisterComponentWithWorld: (/Engine/Transient.World_19:PersistentLevel.AnimationEditorPreviewActor_0.DebugSkelMeshComponent_0) Already registered. Aborting.
[2020.12.07-03.32.35:558][870]LogSkeletalMesh: USkeletalMeshComponent::InitArticulated : Bodies already created (/Engine/Transient.World_19:PersistentLevel.AnimationEditorPreviewActor_0.DebugSkelMeshComponent_0) - call TermArticulated first.
[2020.12.07-03.32.35:888][870]LogContentBrowser: Verbose: The majority of assets in the view are of type: AnimSequence
[2020.12.07-03.33.32:464][629]LogEditorTransaction: Undo Move Key
[2020.12.07-03.33.32:545][629]LogActorComponent: RegisterComponentWithWorld: (/Engine/Transient.World_19:PersistentLevel.AnimationEditorPreviewActor_0.DebugSkelMeshComponent_0) Already registered. Aborting.
[2020.12.07-03.33.49:350][632]LogEditorTransaction: Undo Move Key
[2020.12.07-03.33.49:425][632]LogActorComponent: RegisterComponentWithWorld: (/Engine/Transient.World_19:PersistentLevel.AnimationEditorPreviewActor_0.DebugSkelMeshComponent_0) Already registered. Aborting.
[2020.12.07-03.33.49:956][649]LogEditorTransaction: Undo Move Key
[2020.12.07-03.33.50:028][649]LogActorComponent: RegisterComponentWithWorld: (/Engine/Transient.World_19:PersistentLevel.AnimationEditorPreviewActor_0.DebugSkelMeshComponent_0) Already registered. Aborting.
[2020.12.07-03.34.01:219][351]LogEditorTransaction: Undo Move Key
[2020.12.07-03.34.01:291][351]LogActorComponent: RegisterComponentWithWorld: (/Engine/Transient.World_19:PersistentLevel.AnimationEditorPreviewActor_0.DebugSkelMeshComponent_0) Already registered. Aborting.
[2020.12.07-03.34.01:567][357]LogEditorTransaction: Undo Move Key
[2020.12.07-03.34.01:639][357]LogActorComponent: RegisterComponentWithWorld: (/Engine/Transient.World_19:PersistentLevel.AnimationEditorPreviewActor_0.DebugSkelMeshComponent_0) Already registered. Aborting.
[2020.12.07-03.34.01:938][372]LogEditorTransaction: Undo Set Key
[2020.12.07-03.34.02:013][372]LogActorComponent: RegisterComponentWithWorld: (/Engine/Transient.World_19:PersistentLevel.AnimationEditorPreviewActor_0.DebugSkelMeshComponent_0) Already registered. Aborting.
[2020.12.07-03.35.25:757][582]Cmd: OBJ SAVEPACKAGE PACKAGE="/Game/Max/Animations/WalkRun/weapom/Crouched_Walking_2" FILE="../../../../../Github/ProjectFalls/Content/Max/Animations/WalkRun/weapom/Crouched_Walking_2.uasset" SILENT=true
[2020.12.07-03.35.25:775][582]LogAnimationCompression: Building Anim DDC data for AnimSequence /Game/Max/Animations/WalkRun/weapom/Crouched_Walking_2.Crouched_Walking_2
[2020.12.07-03.35.25:810][582]LogSavePackage: Moving '../../../../../Github/ProjectFalls/Saved/Crouched_Walking_23636BEC64894C6E96155BC8D7DD1B3FE.tmp' to '../../../../../Github/ProjectFalls/Content/Max/Animations/WalkRun/weapom/Crouched_Walking_2.uasset'
[2020.12.07-03.35.25:829][582]AssetCheck: New page: Asset Save: Crouched_Walking_2
[2020.12.07-03.35.25:829][582]LogContentValidation: Display: Validating AnimSequence /Game/Max/Animations/WalkRun/weapom/Crouched_Walking_2.Crouched_Walking_2
[2020.12.07-03.35.26:700][631]LogSlate: Window 'Crouched_Walking_2' being destroyed
[2020.12.07-03.35.26:707][631]LogSlate: Window 'Crouched_Walking_2' being destroyed
[2020.12.07-03.35.26:707][631]LogWorld: UWorld::CleanupWorld for World_19, bSessionEnded=true, bCleanupResources=true
[2020.12.07-03.35.26:707][631]LogSlate: InvalidateAllWidgets triggered.  All widgets were invalidated
[2020.12.07-03.35.26:781][631]LogWorld: UWorld::CleanupWorld for World_20, bSessionEnded=true, bCleanupResources=true
[2020.12.07-03.35.26:781][631]LogSlate: InvalidateAllWidgets triggered.  All widgets were invalidated
[2020.12.07-03.35.28:962][802]LogAssetEditorSubsystem: Opening Asset editor for AnimSequence /Game/Max/Animations/WalkRun/weapom/Crouched_Walking_2.Crouched_Walking_2
[2020.12.07-03.35.28:967][802]LogActorComponent: RegisterComponentWithWorld: (/Engine/Transient.World_21:PersistentLevel.AnimationEditorPreviewActor_0.DebugSkelMeshComponent_0) Already registered. Aborting.
[2020.12.07-03.35.29:089][802]LogSkeletalMesh: USkeletalMeshComponent::InitArticulated : Bodies already created (/Engine/Transient.World_21:PersistentLevel.AnimationEditorPreviewActor_0.DebugSkelMeshComponent_0) - call TermArticulated first.
[2020.12.07-03.35.29:396][802]LogContentBrowser: Verbose: The majority of assets in the view are of type: AnimSequence
[2020.12.07-03.35.42:133][642]Cmd: OBJ SAVEPACKAGE PACKAGE="/Game/Max/Animations/WalkRun/weapom/Crouched_Walking_2" FILE="../../../../../Github/ProjectFalls/Content/Max/Animations/WalkRun/weapom/Crouched_Walking_2.uasset" SILENT=true
[2020.12.07-03.35.42:150][642]LogAnimationCompression: Building Anim DDC data for AnimSequence /Game/Max/Animations/WalkRun/weapom/Crouched_Walking_2.Crouched_Walking_2
[2020.12.07-03.35.42:186][642]LogSavePackage: Moving '../../../../../Github/ProjectFalls/Saved/Crouched_Walking_2EEDB2BB54F7215A5108449BCB3B7AE56.tmp' to '../../../../../Github/ProjectFalls/Content/Max/Animations/WalkRun/weapom/Crouched_Walking_2.uasset'
[2020.12.07-03.35.42:204][642]AssetCheck: New page: Asset Save: Crouched_Walking_2
[2020.12.07-03.35.42:204][642]LogContentValidation: Display: Validating AnimSequence /Game/Max/Animations/WalkRun/weapom/Crouched_Walking_2.Crouched_Walking_2
[2020.12.07-03.35.43:119][706]LogSlate: Window 'Crouched_Walking_2' being destroyed
[2020.12.07-03.35.43:123][706]LogSlate: Window 'Crouched_Walking_2' being destroyed
[2020.12.07-03.35.43:124][706]LogWorld: UWorld::CleanupWorld for World_21, bSessionEnded=true, bCleanupResources=true
[2020.12.07-03.35.43:124][706]LogSlate: InvalidateAllWidgets triggered.  All widgets were invalidated
[2020.12.07-03.35.43:182][706]LogWorld: UWorld::CleanupWorld for World_22, bSessionEnded=true, bCleanupResources=true
[2020.12.07-03.35.43:182][706]LogSlate: InvalidateAllWidgets triggered.  All widgets were invalidated
[2020.12.07-03.35.57:135][ 97]Cmd: OBJ SAVEPACKAGE PACKAGE="/Game/Max/Animations/WalkRun/weapom/Crouch_Colt" FILE="../../../../../Github/ProjectFalls/Content/Max/Animations/WalkRun/weapom/Crouch_Colt.uasset" SILENT=true
[2020.12.07-03.35.57:145][ 97]LogSavePackage: Moving '../../../../../Github/ProjectFalls/Saved/Crouch_ColtF9B78D114BC96B0757DF389AA0992409.tmp' to '../../../../../Github/ProjectFalls/Content/Max/Animations/WalkRun/weapom/Crouch_Colt.uasset'
[2020.12.07-03.35.57:232][ 97]LogUObjectHash: Compacting FUObjectHashTables data took   0.66ms
[2020.12.07-03.35.57:257][ 97]LogUObjectHash: Compacting FUObjectHashTables data took   0.59ms
[2020.12.07-03.35.57:267][ 97]LogUObjectHash: Compacting FUObjectHashTables data took   0.29ms
[2020.12.07-03.35.57:331][ 97]AssetCheck: New page: Asset Save: Crouch_Colt
[2020.12.07-03.35.57:331][ 97]LogContentValidation: Display: Validating AnimSequence /Game/Max/Animations/WalkRun/weapom/Crouch_Colt.Crouch_Colt
[2020.12.07-03.36.07:709][259]Cmd: OBJ SAVEPACKAGE PACKAGE="/Game/Max/Animations/WalkRun/weapom/Crouch_Colt_Aim" FILE="../../../../../Github/ProjectFalls/Content/Max/Animations/WalkRun/weapom/Crouch_Colt_Aim.uasset" SILENT=true
[2020.12.07-03.36.07:717][259]LogSavePackage: Moving '../../../../../Github/ProjectFalls/Saved/Crouch_Colt_AimE3FA3AD949D30B607AF83E905BD9315B.tmp' to '../../../../../Github/ProjectFalls/Content/Max/Animations/WalkRun/weapom/Crouch_Colt_Aim.uasset'
[2020.12.07-03.36.07:801][259]LogUObjectHash: Compacting FUObjectHashTables data took   0.58ms
[2020.12.07-03.36.07:823][259]LogUObjectHash: Compacting FUObjectHashTables data took   0.63ms
[2020.12.07-03.36.07:833][259]LogUObjectHash: Compacting FUObjectHashTables data took   0.23ms
[2020.12.07-03.36.07:898][259]AssetCheck: New page: Asset Save: Crouch_Colt_Aim
[2020.12.07-03.36.07:898][259]LogContentValidation: Display: Validating AnimSequence /Game/Max/Animations/WalkRun/weapom/Crouch_Colt_Aim.Crouch_Colt_Aim
[2020.12.07-03.36.22:230][564]Cmd: OBJ SAVEPACKAGE PACKAGE="/Game/Max/Animations/WalkRun/weapom/Crouch_walk_Colt" FILE="../../../../../Github/ProjectFalls/Content/Max/Animations/WalkRun/weapom/Crouch_walk_Colt.uasset" SILENT=true
[2020.12.07-03.36.22:238][564]LogSavePackage: Moving '../../../../../Github/ProjectFalls/Saved/Crouch_walk_ColtC7B8750D46D850BDE6C5ABB0DEAB37C3.tmp' to '../../../../../Github/ProjectFalls/Content/Max/Animations/WalkRun/weapom/Crouch_walk_Colt.uasset'
[2020.12.07-03.36.22:351][564]LogUObjectHash: Compacting FUObjectHashTables data took   0.63ms
[2020.12.07-03.36.22:368][564]LogUObjectHash: Compacting FUObjectHashTables data took   0.58ms
[2020.12.07-03.36.22:377][564]LogUObjectHash: Compacting FUObjectHashTables data took   0.21ms
[2020.12.07-03.36.22:443][564]AssetCheck: New page: Asset Save: Crouch_walk_Colt
[2020.12.07-03.36.22:443][564]LogContentValidation: Display: Validating AnimSequence /Game/Max/Animations/WalkRun/weapom/Crouch_walk_Colt.Crouch_walk_Colt
[2020.12.07-03.36.32:130][292]LogSlate: Window 'Pick Skeleton' being destroyed
[2020.12.07-03.36.42:171][907]LogRHI: Error: Present Fail Count 1
[2020.12.07-03.36.42:171][907]LogRHI: Error: SyncInterval 0
[2020.12.07-03.36.42:171][907]LogRHI: Error: SwapChainDesc.BufferDesc.Width 648
[2020.12.07-03.36.42:171][907]LogRHI: Error: SwapChainDesc.BufferDesc.Height 97
[2020.12.07-03.36.42:171][907]LogRHI: Error: SwapChainDesc.BufferDesc.RefreshRate.Numerator 0
[2020.12.07-03.36.42:171][907]LogRHI: Error: SwapChainDesc.BufferDesc.RefreshRate.Denominator 0
[2020.12.07-03.36.42:171][907]LogRHI: Error: SwapChainDesc.BufferDesc.Format 24
[2020.12.07-03.36.42:171][907]LogRHI: Error: SwapChainDesc.BufferDesc.ScanlineOrdering 0
[2020.12.07-03.36.42:171][907]LogRHI: Error: SwapChainDesc.BufferDesc.Scaling 0
[2020.12.07-03.36.42:171][907]LogRHI: Error: SwapChainDesc.SampleDesc.Count 1
[2020.12.07-03.36.42:171][907]LogRHI: Error: SwapChainDesc.SampleDesc.Quality 0
[2020.12.07-03.36.42:171][907]LogRHI: Error: SwapChainDesc.BufferUsage 48
[2020.12.07-03.36.42:171][907]LogRHI: Error: SwapChainDesc.BufferCount 2
[2020.12.07-03.36.42:171][907]LogRHI: Error: SwapChainDesc.OutputWindow 00000000004706D8
[2020.12.07-03.36.42:171][907]LogRHI: Error: SwapChainDesc.Windowed true
[2020.12.07-03.36.42:171][907]LogRHI: Error: SwapChainDesc.SwapEffect 4
[2020.12.07-03.36.42:171][907]LogRHI: Error: SwapChainDesc.Flags 2050
[2020.12.07-03.36.42:171][907]LogD3D11RHI: Error: Result failed 
 at D:/Build/++UE4/Sync/Engine/Source/Runtime/Windows/D3D11RHI/Private/D3D11Query.cpp:348 
 with error DXGI_ERROR_DEVICE_REMOVED DXGI_ERROR_DRIVER_INTERNAL_ERROR
[2020.12.07-03.36.42:171][907]LogD3D11RHI: [Aftermath] GDynamicRHI=000001CDA56620C0, GDX11NVAfterMathEnabled=0, Result=0xFFFFFFFF, bDeviceActive=0
[2020.12.07-03.36.42:171][907]LogWindows: Windows GetLastError: A operação foi concluída com êxito. (0)
[2020.12.07-03.36.45:155][907]LogWindows: FPlatformMisc::RequestExit(0)
[2020.12.07-03.36.45:155][907]LogCore: Engine exit requested (reason: Win RequestExit)
[2020.12.07-03.36.45:155][907]LogWindows: FPlatformMisc::RequestExit(1)
[2020.12.07-03.36.45:155][907]LogCore: Engine exit requested (reason: Win RequestExit; note: exit was already requested)
[2020.12.07-03.36.45:171][907]Log file closed, 12/07/20 00:36:45
