Log file open, 12/07/20 00:18:15
LogInit: Display: Running engine for game: ProjectFalls
LogPlatformFile: Not using cached read wrapper
LogTaskGraph: Started task graph with 5 named threads and 20 total threads with 3 sets of task threads.
LogStats: Stats thread started at 0.268653
LogD3D11RHI: Loaded GFSDK_Aftermath_Lib.x64.dll
LogICUInternationalization: ICU TimeZone Detection - Raw Offset: -3:00, Platform Override: ''
LogPluginManager: Mounting plugin Paper2D
LogPluginManager: Mounting plugin AISupport
LogPluginManager: Mounting plugin LightPropagationVolume
LogPluginManager: Mounting plugin CameraShakePreviewer
LogPluginManager: Mounting plugin ActorLayerUtilities
LogPluginManager: Mounting plugin AnimationSharing
LogPluginManager: Mounting plugin CLionSourceCodeAccess
LogPluginManager: Mounting plugin CodeLiteSourceCodeAccess
LogPluginManager: Mounting plugin GitSourceControl
LogPluginManager: Mounting plugin KDevelopSourceCodeAccess
LogPluginManager: Mounting plugin NullSourceCodeAccess
LogPluginManager: Mounting plugin PerforceSourceControl
LogPluginManager: Mounting plugin PlasticSourceControl
LogPluginManager: Mounting plugin RiderSourceCodeAccess
LogPluginManager: Mounting plugin SubversionSourceControl
LogPluginManager: Mounting plugin UObjectPlugin
LogPluginManager: Mounting plugin VisualStudioCodeSourceCodeAccess
LogPluginManager: Mounting plugin VisualStudioSourceCodeAccess
LogPluginManager: Mounting plugin XCodeSourceCodeAccess
LogPluginManager: Mounting plugin AssetManagerEditor
LogPluginManager: Mounting plugin CryptoKeys
LogPluginManager: Mounting plugin CurveEditorTools
LogPluginManager: Mounting plugin DataValidation
LogPluginManager: Mounting plugin EditorScriptingUtilities
LogPluginManager: Mounting plugin FacialAnimation
LogPluginManager: Mounting plugin GameplayTagsEditor
LogPluginManager: Mounting plugin GeometryMode
LogPluginManager: Mounting plugin MacGraphicsSwitching
LogPluginManager: Mounting plugin MaterialAnalyzer
LogPluginManager: Mounting plugin MobileLauncherProfileWizard
LogPluginManager: Mounting plugin PluginBrowser
LogPluginManager: Mounting plugin SpeedTreeImporter
LogPluginManager: Mounting plugin DatasmithContent
LogPluginManager: Mounting plugin VariantManagerContent
LogPluginManager: Mounting plugin AlembicImporter
LogPluginManager: Mounting plugin AutomationUtils
LogPluginManager: Mounting plugin BackChannel
LogPluginManager: Mounting plugin ChaosCloth
LogPluginManager: Mounting plugin ChaosClothEditor
LogPluginManager: Mounting plugin ChaosEditor
LogPluginManager: Mounting plugin ChaosNiagara
LogPluginManager: Mounting plugin ChaosSolverPlugin
LogPluginManager: Mounting plugin CharacterAI
LogPluginManager: Mounting plugin GeometryCache
LogPluginManager: Mounting plugin GeometryCollectionPlugin
LogPluginManager: Mounting plugin GeometryProcessing
LogPluginManager: Mounting plugin PlanarCut
LogPluginManager: Mounting plugin PlatformCrypto
LogPluginManager: Mounting plugin ProxyLODPlugin
LogPluginManager: Mounting plugin SkeletalReduction
LogPluginManager: Mounting plugin Niagara
LogPluginManager: Mounting plugin MagicLeap
LogPluginManager: Mounting plugin MagicLeapLightEstimation
LogPluginManager: Mounting plugin MagicLeapMedia
LogPluginManager: Mounting plugin MagicLeapPassableWorld
LogPluginManager: Mounting plugin MLSDK
LogPluginManager: Mounting plugin AndroidMedia
LogPluginManager: Mounting plugin AvfMedia
LogPluginManager: Mounting plugin ImgMedia
LogPluginManager: Mounting plugin MediaCompositing
LogPluginManager: Mounting plugin MediaPlayerEditor
LogPluginManager: Mounting plugin WebMMedia
LogPluginManager: Mounting plugin WmfMedia
LogPluginManager: Mounting plugin MeshPainting
LogPluginManager: Mounting plugin TcpMessaging
LogPluginManager: Mounting plugin UdpMessaging
LogPluginManager: Mounting plugin ActorSequence
LogPluginManager: Mounting plugin LevelSequenceEditor
LogPluginManager: Mounting plugin MatineeToLevelSequence
LogPluginManager: Mounting plugin MovieRenderPipeline
LogPluginManager: Mounting plugin TemplateSequence
LogPluginManager: Mounting plugin NetcodeUnitTest
LogPluginManager: Mounting plugin NUTUnrealEngine4
LogPluginManager: Mounting plugin OnlineSubsystemGooglePlay
LogPluginManager: Mounting plugin OnlineSubsystemIOS
LogPluginManager: Mounting plugin OnlineSubsystem
LogPluginManager: Mounting plugin OnlineSubsystemNull
LogPluginManager: Mounting plugin OnlineSubsystemUtils
LogPluginManager: Mounting plugin LauncherChunkInstaller
LogPluginManager: Mounting plugin AndroidDeviceProfileSelector
LogPluginManager: Mounting plugin AndroidMoviePlayer
LogPluginManager: Mounting plugin AndroidPermission
LogPluginManager: Mounting plugin AppleImageUtils
LogPluginManager: Mounting plugin AppleMoviePlayer
LogPluginManager: Mounting plugin ArchVisCharacter
LogPluginManager: Mounting plugin AssetTags
LogPluginManager: Mounting plugin AudioCapture
LogPluginManager: Mounting plugin CableComponent
LogPluginManager: Mounting plugin CustomMeshComponent
LogPluginManager: Mounting plugin EditableMesh
LogPluginManager: Mounting plugin ExampleDeviceProfileSelector
LogPluginManager: Mounting plugin GoogleCloudMessaging
LogPluginManager: Mounting plugin GooglePAD
LogPluginManager: Mounting plugin IOSDeviceProfileSelector
LogPluginManager: Mounting plugin LinuxDeviceProfileSelector
LogPluginManager: Mounting plugin LocationServicesBPLibrary
LogPluginManager: Mounting plugin MobilePatchingUtils
LogPluginManager: Mounting plugin OculusVR
LogPluginManager: Mounting plugin PhysXVehicles
LogPluginManager: Mounting plugin PostSplashScreen
LogPluginManager: Mounting plugin ProceduralMeshComponent
LogPluginManager: Mounting plugin RuntimePhysXCooking
LogPluginManager: Mounting plugin SignificanceManager
LogPluginManager: Mounting plugin SoundFields
LogPluginManager: Mounting plugin SteamVR
LogPluginManager: Mounting plugin Synthesis
LogPluginManager: Mounting plugin WebMMoviePlayer
LogPluginManager: Mounting plugin WindowsMoviePlayer
LogPluginManager: Mounting plugin ScreenshotTools
LogInit: Using libcurl 7.55.1-DEV
LogInit:  - built for x86_64-pc-win32
LogInit:  - supports SSL with OpenSSL/1.1.1
LogInit:  - supports HTTP deflate (compression) using libz 1.2.8
LogInit:  - other features:
LogInit:      CURL_VERSION_SSL
LogInit:      CURL_VERSION_LIBZ
LogInit:      CURL_VERSION_IPV6
LogInit:      CURL_VERSION_ASYNCHDNS
LogInit:      CURL_VERSION_LARGEFILE
LogInit:      CURL_VERSION_IDN
LogInit:  CurlRequestOptions (configurable via config and command line):
LogInit:  - bVerifyPeer = true  - Libcurl will verify peer certificate
LogInit:  - bUseHttpProxy = false  - Libcurl will NOT use HTTP proxy
LogInit:  - bDontReuseConnections = false  - Libcurl will reuse connections
LogInit:  - MaxHostConnections = 16  - Libcurl will limit the number of connections to a host
LogInit:  - LocalHostAddr = Default
LogInit:  - BufferSize = 65536
LogOnline: OSS: Creating online subsystem instance for: NULL
LogInit: WinSock: version 1.1 (2.2), MaxSocks=32767, MaxUdp=65467
LogOnline: OSS: TryLoadSubsystemAndSetDefault: Loaded subsystem for module [NULL]
LogInit: Build: ++UE4+Release-4.25-CL-14469661
LogInit: Engine Version: 4.25.4-14469661+++UE4+Release-4.25
LogInit: Compatible Engine Version: 4.25.0-13144385+++UE4+Release-4.25
LogInit: Net CL: 13144385
LogInit: OS: Windows 10 (Release 1909) (), CPU: Intel(R) Core(TM) i5-9400F CPU @ 2.90GHz, GPU: NVIDIA GeForce GTX 1050 Ti
LogInit: Compiled (64-bit): Oct 11 2020 08:10:49
LogInit: Compiled with Visual C++: 19.24.28315.00
LogInit: Build Configuration: Development
LogInit: Branch Name: ++UE4+Release-4.25
LogInit: Command Line: 
LogInit: Base Directory: E:/epic/UE_4.25/Engine/Binaries/Win64/
LogInit: Allocator: TBB
LogInit: Installed Engine Build: 1
LogDevObjectVersion: Number of dev versions registered: 26
LogDevObjectVersion:   Dev-Blueprints (B0D832E4-1F89-4F0D-ACCF-7EB736FD4AA2): 10
LogDevObjectVersion:   Dev-Build (E1C64328-A22C-4D53-A36C-8E866417BD8C): 0
LogDevObjectVersion:   Dev-Core (375EC13C-06E4-48FB-B500-84F0262A717E): 4
LogDevObjectVersion:   Dev-Editor (E4B068ED-F494-42E9-A231-DA0B2E46BB41): 38
LogDevObjectVersion:   Dev-Framework (CFFC743F-43B0-4480-9391-14DF171D2073): 37
LogDevObjectVersion:   Dev-Mobile (B02B49B5-BB20-44E9-A304-32B752E40360): 2
LogDevObjectVersion:   Dev-Networking (A4E4105C-59A1-49B5-A7C5-40C4547EDFEE): 0
LogDevObjectVersion:   Dev-Online (39C831C9-5AE6-47DC-9A44-9C173E1C8E7C): 0
LogDevObjectVersion:   Dev-Physics (78F01B33-EBEA-4F98-B9B4-84EACCB95AA2): 4
LogDevObjectVersion:   Dev-Platform (6631380F-2D4D-43E0-8009-CF276956A95A): 0
LogDevObjectVersion:   Dev-Rendering (12F88B9F-8875-4AFC-A67C-D90C383ABD29): 43
LogDevObjectVersion:   Dev-Sequencer (7B5AE74C-D270-4C10-A958-57980B212A5A): 12
LogDevObjectVersion:   Dev-VR (D7296918-1DD6-4BDD-9DE2-64A83CC13884): 3
LogDevObjectVersion:   Dev-LoadTimes (C2A15278-BFE7-4AFE-6C17-90FF531DF755): 1
LogDevObjectVersion:   Private-Geometry (6EACA3D4-40EC-4CC1-B786-8BED09428FC5): 3
LogDevObjectVersion:   Dev-AnimPhys (29E575DD-E0A3-4627-9D10-D276232CDCEA): 17
LogDevObjectVersion:   Dev-Anim (AF43A65D-7FD3-4947-9873-3E8ED9C1BB05): 7
LogDevObjectVersion:   Dev-ReflectionCapture (6B266CEC-1EC7-4B8F-A30B-E4D90942FC07): 1
LogDevObjectVersion:   Dev-Automation (0DF73D61-A23F-47EA-B727-89E90C41499A): 1
LogDevObjectVersion:   FortniteMain (601D1886-AC64-4F84-AA16-D3DE0DEAC7D6): 31
LogDevObjectVersion:   Dev-Enterprise (9DFFBCD6-494F-0158-E221-12823C92A888): 10
LogDevObjectVersion:   Dev-Niagara (F2AED0AC-9AFE-416F-8664-AA7FFA26D6FC): 1
LogDevObjectVersion:   Dev-Destruction (174F1F0B-B4C6-45A5-B13F-2EE8D0FB917D): 10
LogDevObjectVersion:   Dev-Physics-Ext (35F94A83-E258-406C-A318-09F59610247C): 37
LogDevObjectVersion:   Dev-PhysicsMaterial-Chaos (B68FC16E-8B1B-42E2-B453-215C058844FE): 1
LogDevObjectVersion:   Dev-CineCamera (B2E18506-4273-CFC2-A54E-F4BB758BBA07): 1
LogInit: Presizing for max 25165824 objects, including 0 objects not considered by GC, pre-allocating 0 bytes for permanent pool.
LogConfig: Applying CVar settings from Section [/Script/Engine.StreamingSettings] File [E:/Github/ProjectFalls/Saved/Config/Windows/Engine.ini]
LogConfig: Setting CVar [[s.MinBulkDataSizeForAsyncLoading:131072]]
LogConfig: Setting CVar [[s.AsyncLoadingThreadEnabled:0]]
LogConfig: Setting CVar [[s.EventDrivenLoaderEnabled:1]]
LogConfig: Setting CVar [[s.WarnIfTimeLimitExceeded:0]]
LogConfig: Setting CVar [[s.TimeLimitExceededMultiplier:1.5]]
LogConfig: Setting CVar [[s.TimeLimitExceededMinTime:0.005]]
LogConfig: Setting CVar [[s.UseBackgroundLevelStreaming:1]]
LogConfig: Setting CVar [[s.PriorityAsyncLoadingExtraTime:15.0]]
LogConfig: Setting CVar [[s.LevelStreamingActorsUpdateTimeLimit:5.0]]
LogConfig: Setting CVar [[s.PriorityLevelStreamingActorsUpdateExtraTime:5.0]]
LogConfig: Setting CVar [[s.LevelStreamingComponentsRegistrationGranularity:10]]
LogConfig: Setting CVar [[s.UnregisterComponentsTimeLimit:1.0]]
LogConfig: Setting CVar [[s.LevelStreamingComponentsUnregistrationGranularity:5]]
LogConfig: Setting CVar [[s.FlushStreamingOnExit:1]]
LogInit: Object subsystem initialized
LogConfig: Setting CVar [[con.DebugEarlyDefault:1]]
LogConfig: Setting CVar [[r.setres:1280x720]]
[2020.12.07-03.18.15:813][  0]LogConfig: Setting CVar [[r.VSync:0]]
[2020.12.07-03.18.15:813][  0]LogConfig: Setting CVar [[r.RHICmdBypass:0]]
[2020.12.07-03.18.15:813][  0]LogConfig: Applying CVar settings from Section [/Script/Engine.RendererSettings] File [E:/Github/ProjectFalls/Saved/Config/Windows/Engine.ini]
[2020.12.07-03.18.15:813][  0]LogConfig: Setting CVar [[r.GPUCrashDebugging:0]]
[2020.12.07-03.18.15:813][  0]LogConfig: Applying CVar settings from Section [/Script/Engine.RendererOverrideSettings] File [E:/Github/ProjectFalls/Saved/Config/Windows/Engine.ini]
[2020.12.07-03.18.15:813][  0]LogConfig: Applying CVar settings from Section [/Script/Engine.StreamingSettings] File [E:/Github/ProjectFalls/Saved/Config/Windows/Engine.ini]
[2020.12.07-03.18.15:813][  0]LogConfig: Setting CVar [[s.MinBulkDataSizeForAsyncLoading:131072]]
[2020.12.07-03.18.15:813][  0]LogConfig: Setting CVar [[s.AsyncLoadingThreadEnabled:0]]
[2020.12.07-03.18.15:813][  0]LogConfig: Setting CVar [[s.EventDrivenLoaderEnabled:1]]
[2020.12.07-03.18.15:813][  0]LogConfig: Setting CVar [[s.WarnIfTimeLimitExceeded:0]]
[2020.12.07-03.18.15:813][  0]LogConfig: Setting CVar [[s.TimeLimitExceededMultiplier:1.5]]
[2020.12.07-03.18.15:813][  0]LogConfig: Setting CVar [[s.TimeLimitExceededMinTime:0.005]]
[2020.12.07-03.18.15:813][  0]LogConfig: Setting CVar [[s.UseBackgroundLevelStreaming:1]]
[2020.12.07-03.18.15:813][  0]LogConfig: Setting CVar [[s.PriorityAsyncLoadingExtraTime:15.0]]
[2020.12.07-03.18.15:813][  0]LogConfig: Setting CVar [[s.LevelStreamingActorsUpdateTimeLimit:5.0]]
[2020.12.07-03.18.15:813][  0]LogConfig: Setting CVar [[s.PriorityLevelStreamingActorsUpdateExtraTime:5.0]]
[2020.12.07-03.18.15:813][  0]LogConfig: Setting CVar [[s.LevelStreamingComponentsRegistrationGranularity:10]]
[2020.12.07-03.18.15:814][  0]LogConfig: Setting CVar [[s.UnregisterComponentsTimeLimit:1.0]]
[2020.12.07-03.18.15:814][  0]LogConfig: Setting CVar [[s.LevelStreamingComponentsUnregistrationGranularity:5]]
[2020.12.07-03.18.15:814][  0]LogConfig: Setting CVar [[s.FlushStreamingOnExit:1]]
[2020.12.07-03.18.15:814][  0]LogConfig: Applying CVar settings from Section [/Script/Engine.GarbageCollectionSettings] File [E:/Github/ProjectFalls/Saved/Config/Windows/Engine.ini]
[2020.12.07-03.18.15:814][  0]LogConfig: Setting CVar [[gc.MaxObjectsNotConsideredByGC:1]]
[2020.12.07-03.18.15:814][  0]LogConfig: Setting CVar [[gc.SizeOfPermanentObjectPool:0]]
[2020.12.07-03.18.15:814][  0]LogConfig: Setting CVar [[gc.FlushStreamingOnGC:0]]
[2020.12.07-03.18.15:814][  0]LogConfig: Setting CVar [[gc.NumRetriesBeforeForcingGC:10]]
[2020.12.07-03.18.15:814][  0]LogConfig: Setting CVar [[gc.AllowParallelGC:1]]
[2020.12.07-03.18.15:814][  0]LogConfig: Setting CVar [[gc.TimeBetweenPurgingPendingKillObjects:61.1]]
[2020.12.07-03.18.15:814][  0]LogConfig: Setting CVar [[gc.MaxObjectsInEditor:25165824]]
[2020.12.07-03.18.15:814][  0]LogConfig: Setting CVar [[gc.IncrementalBeginDestroyEnabled:1]]
[2020.12.07-03.18.15:814][  0]LogConfig: Setting CVar [[gc.CreateGCClusters:1]]
[2020.12.07-03.18.15:814][  0]LogConfig: Setting CVar [[gc.MinGCClusterSize:5]]
[2020.12.07-03.18.15:814][  0]LogConfig: Setting CVar [[gc.ActorClusteringEnabled:0]]
[2020.12.07-03.18.15:814][  0]LogConfig: Setting CVar [[gc.BlueprintClusteringEnabled:0]]
[2020.12.07-03.18.15:814][  0]LogConfig: Setting CVar [[gc.UseDisregardForGCOnDedicatedServers:0]]
[2020.12.07-03.18.15:814][  0]LogConfig: Applying CVar settings from Section [/Script/Engine.NetworkSettings] File [E:/Github/ProjectFalls/Saved/Config/Windows/Engine.ini]
[2020.12.07-03.18.15:814][  0]LogConfig: Applying CVar settings from Section [/Script/UnrealEd.CookerSettings] File [E:/Github/ProjectFalls/Saved/Config/Windows/Engine.ini]
[2020.12.07-03.18.15:818][  0]LogConfig: Applying CVar settings from Section [ViewDistanceQuality@3] File [E:/Github/ProjectFalls/Saved/Config/Windows/Scalability.ini]
[2020.12.07-03.18.15:818][  0]LogConfig: Setting CVar [[r.SkeletalMeshLODBias:0]]
[2020.12.07-03.18.15:818][  0]LogConfig: Setting CVar [[r.ViewDistanceScale:1.0]]
[2020.12.07-03.18.15:818][  0]LogConfig: Applying CVar settings from Section [AntiAliasingQuality@3] File [E:/Github/ProjectFalls/Saved/Config/Windows/Scalability.ini]
[2020.12.07-03.18.15:818][  0]LogConfig: Setting CVar [[r.PostProcessAAQuality:4]]
[2020.12.07-03.18.15:818][  0]LogConfig: Applying CVar settings from Section [ShadowQuality@3] File [E:/Github/ProjectFalls/Saved/Config/Windows/Scalability.ini]
[2020.12.07-03.18.15:818][  0]LogConfig: Setting CVar [[r.LightFunctionQuality:1]]
[2020.12.07-03.18.15:818][  0]LogConfig: Setting CVar [[r.ShadowQuality:5]]
[2020.12.07-03.18.15:818][  0]LogConfig: Setting CVar [[r.Shadow.CSM.MaxCascades:10]]
[2020.12.07-03.18.15:818][  0]LogConfig: Setting CVar [[r.Shadow.MaxResolution:2048]]
[2020.12.07-03.18.15:818][  0]LogConfig: Setting CVar [[r.Shadow.MaxCSMResolution:2048]]
[2020.12.07-03.18.15:818][  0]LogConfig: Setting CVar [[r.Shadow.RadiusThreshold:0.01]]
[2020.12.07-03.18.15:818][  0]LogConfig: Setting CVar [[r.Shadow.DistanceScale:1.0]]
[2020.12.07-03.18.15:818][  0]LogConfig: Setting CVar [[r.Shadow.CSM.TransitionScale:1.0]]
[2020.12.07-03.18.15:818][  0]LogConfig: Setting CVar [[r.Shadow.PreShadowResolutionFactor:1.0]]
[2020.12.07-03.18.15:818][  0]LogConfig: Setting CVar [[r.DistanceFieldShadowing:1]]
[2020.12.07-03.18.15:818][  0]LogConfig: Setting CVar [[r.DistanceFieldAO:1]]
[2020.12.07-03.18.15:818][  0]LogConfig: Setting CVar [[r.AOQuality:2]]
[2020.12.07-03.18.15:818][  0]LogConfig: Setting CVar [[r.VolumetricFog:1]]
[2020.12.07-03.18.15:818][  0]LogConfig: Setting CVar [[r.VolumetricFog.GridPixelSize:8]]
[2020.12.07-03.18.15:818][  0]LogConfig: Setting CVar [[r.VolumetricFog.GridSizeZ:128]]
[2020.12.07-03.18.15:818][  0]LogConfig: Setting CVar [[r.VolumetricFog.HistoryMissSupersampleCount:4]]
[2020.12.07-03.18.15:819][  0]LogConfig: Setting CVar [[r.LightMaxDrawDistanceScale:1]]
[2020.12.07-03.18.15:819][  0]LogConfig: Setting CVar [[r.CapsuleShadows:1]]
[2020.12.07-03.18.15:819][  0]LogConfig: Applying CVar settings from Section [PostProcessQuality@3] File [E:/Github/ProjectFalls/Saved/Config/Windows/Scalability.ini]
[2020.12.07-03.18.15:819][  0]LogConfig: Setting CVar [[r.MotionBlurQuality:4]]
[2020.12.07-03.18.15:819][  0]LogConfig: Setting CVar [[r.AmbientOcclusionMipLevelFactor:0.4]]
[2020.12.07-03.18.15:819][  0]LogConfig: Setting CVar [[r.AmbientOcclusionMaxQuality:100]]
[2020.12.07-03.18.15:819][  0]LogConfig: Setting CVar [[r.AmbientOcclusionLevels:-1]]
[2020.12.07-03.18.15:819][  0]LogConfig: Setting CVar [[r.AmbientOcclusionRadiusScale:1.0]]
[2020.12.07-03.18.15:819][  0]LogConfig: Setting CVar [[r.DepthOfFieldQuality:2]]
[2020.12.07-03.18.15:819][  0]LogConfig: Setting CVar [[r.RenderTargetPoolMin:400]]
[2020.12.07-03.18.15:819][  0]LogConfig: Setting CVar [[r.LensFlareQuality:2]]
[2020.12.07-03.18.15:819][  0]LogConfig: Setting CVar [[r.SceneColorFringeQuality:1]]
[2020.12.07-03.18.15:819][  0]LogConfig: Setting CVar [[r.EyeAdaptationQuality:2]]
[2020.12.07-03.18.15:819][  0]LogConfig: Setting CVar [[r.BloomQuality:5]]
[2020.12.07-03.18.15:819][  0]LogConfig: Setting CVar [[r.FastBlurThreshold:100]]
[2020.12.07-03.18.15:819][  0]LogConfig: Setting CVar [[r.Upscale.Quality:3]]
[2020.12.07-03.18.15:819][  0]LogConfig: Setting CVar [[r.Tonemapper.GrainQuantization:1]]
[2020.12.07-03.18.15:819][  0]LogConfig: Setting CVar [[r.LightShaftQuality:1]]
[2020.12.07-03.18.15:819][  0]LogConfig: Setting CVar [[r.Filter.SizeScale:1]]
[2020.12.07-03.18.15:819][  0]LogConfig: Setting CVar [[r.Tonemapper.Quality:5]]
[2020.12.07-03.18.15:819][  0]LogConfig: Setting CVar [[r.DOF.Gather.AccumulatorQuality:1        ; higher gathering accumulator quality]]
[2020.12.07-03.18.15:819][  0]LogConfig: Setting CVar [[r.DOF.Gather.PostfilterMethod:1          ; Median3x3 postfilering method]]
[2020.12.07-03.18.15:819][  0]LogConfig: Setting CVar [[r.DOF.Gather.EnableBokehSettings:0       ; no bokeh simulation when gathering]]
[2020.12.07-03.18.15:819][  0]LogConfig: Setting CVar [[r.DOF.Gather.RingCount:4                 ; medium number of samples when gathering]]
[2020.12.07-03.18.15:819][  0]LogConfig: Setting CVar [[r.DOF.Scatter.ForegroundCompositing:1    ; additive foreground scattering]]
[2020.12.07-03.18.15:819][  0]LogConfig: Setting CVar [[r.DOF.Scatter.BackgroundCompositing:2    ; additive background scattering]]
[2020.12.07-03.18.15:819][  0]LogConfig: Setting CVar [[r.DOF.Scatter.EnableBokehSettings:1      ; bokeh simulation when scattering]]
[2020.12.07-03.18.15:819][  0]LogConfig: Setting CVar [[r.DOF.Scatter.MaxSpriteRatio:0.1         ; only a maximum of 10% of scattered bokeh]]
[2020.12.07-03.18.15:819][  0]LogConfig: Setting CVar [[r.DOF.Recombine.Quality:1                ; cheap slight out of focus]]
[2020.12.07-03.18.15:819][  0]LogConfig: Setting CVar [[r.DOF.Recombine.EnableBokehSettings:0    ; no bokeh simulation on slight out of focus]]
[2020.12.07-03.18.15:819][  0]LogConfig: Setting CVar [[r.DOF.TemporalAAQuality:1                ; more stable temporal accumulation]]
[2020.12.07-03.18.15:819][  0]LogConfig: Setting CVar [[r.DOF.Kernel.MaxForegroundRadius:0.025]]
[2020.12.07-03.18.15:819][  0]LogConfig: Setting CVar [[r.DOF.Kernel.MaxBackgroundRadius:0.025]]
[2020.12.07-03.18.15:819][  0]LogConfig: Applying CVar settings from Section [TextureQuality@3] File [E:/Github/ProjectFalls/Saved/Config/Windows/Scalability.ini]
[2020.12.07-03.18.15:819][  0]LogConfig: Setting CVar [[r.Streaming.MipBias:0]]
[2020.12.07-03.18.15:819][  0]LogConfig: Setting CVar [[r.Streaming.AmortizeCPUToGPUCopy:0]]
[2020.12.07-03.18.15:819][  0]LogConfig: Setting CVar [[r.Streaming.MaxNumTexturesToStreamPerFrame:0]]
[2020.12.07-03.18.15:819][  0]LogConfig: Setting CVar [[r.Streaming.Boost:1]]
[2020.12.07-03.18.15:819][  0]LogConfig: Setting CVar [[r.MaxAnisotropy:8]]
[2020.12.07-03.18.15:819][  0]LogConfig: Setting CVar [[r.VT.MaxAnisotropy:8]]
[2020.12.07-03.18.15:819][  0]LogConfig: Setting CVar [[r.Streaming.LimitPoolSizeToVRAM:0]]
[2020.12.07-03.18.15:819][  0]LogConfig: Setting CVar [[r.Streaming.PoolSize:1000]]
[2020.12.07-03.18.15:819][  0]LogConfig: Setting CVar [[r.Streaming.MaxEffectiveScreenSize:0]]
[2020.12.07-03.18.15:820][  0]LogConfig: Applying CVar settings from Section [EffectsQuality@3] File [E:/Github/ProjectFalls/Saved/Config/Windows/Scalability.ini]
[2020.12.07-03.18.15:820][  0]LogConfig: Setting CVar [[r.TranslucencyLightingVolumeDim:64]]
[2020.12.07-03.18.15:820][  0]LogConfig: Setting CVar [[r.RefractionQuality:2]]
[2020.12.07-03.18.15:820][  0]LogConfig: Setting CVar [[r.SSR.Quality:3]]
[2020.12.07-03.18.15:820][  0]LogConfig: Setting CVar [[r.SSR.HalfResSceneColor:0]]
[2020.12.07-03.18.15:820][  0]LogConfig: Setting CVar [[r.SceneColorFormat:4]]
[2020.12.07-03.18.15:820][  0]LogConfig: Setting CVar [[r.DetailMode:2]]
[2020.12.07-03.18.15:820][  0]LogConfig: Setting CVar [[r.TranslucencyVolumeBlur:1]]
[2020.12.07-03.18.15:820][  0]LogConfig: Setting CVar [[r.MaterialQualityLevel:1 ; High quality]]
[2020.12.07-03.18.15:820][  0]LogConfig: Setting CVar [[r.SSS.Scale:1]]
[2020.12.07-03.18.15:820][  0]LogConfig: Setting CVar [[r.SSS.SampleSet:2]]
[2020.12.07-03.18.15:820][  0]LogConfig: Setting CVar [[r.SSS.Quality:1]]
[2020.12.07-03.18.15:820][  0]LogConfig: Setting CVar [[r.SSS.HalfRes:0]]
[2020.12.07-03.18.15:820][  0]LogConfig: Setting CVar [[r.SSGI.Quality:3]]
[2020.12.07-03.18.15:820][  0]LogConfig: Setting CVar [[r.EmitterSpawnRateScale:1.0]]
[2020.12.07-03.18.15:820][  0]LogConfig: Setting CVar [[r.ParticleLightQuality:2]]
[2020.12.07-03.18.15:820][  0]LogConfig: Setting CVar [[r.SkyAtmosphere.AerialPerspectiveLUT.FastApplyOnOpaque:1 ; Always have FastSkyLUT 1 in this case to avoid wrong sky]]
[2020.12.07-03.18.15:820][  0]LogConfig: Setting CVar [[r.SkyAtmosphere.AerialPerspectiveLUT.SampleCountPerSlice:1]]
[2020.12.07-03.18.15:820][  0]LogConfig: Setting CVar [[r.SkyAtmosphere.AerialPerspectiveLUT.DepthResolution:16.0]]
[2020.12.07-03.18.15:820][  0]LogConfig: Setting CVar [[r.SkyAtmosphere.FastSkyLUT:1]]
[2020.12.07-03.18.15:820][  0]LogConfig: Setting CVar [[r.SkyAtmosphere.FastSkyLUT.SampleCountMin:4.0]]
[2020.12.07-03.18.15:820][  0]LogConfig: Setting CVar [[r.SkyAtmosphere.FastSkyLUT.SampleCountMax:32.0]]
[2020.12.07-03.18.15:820][  0]LogConfig: Setting CVar [[r.SkyAtmosphere.SampleCountMin:4.0]]
[2020.12.07-03.18.15:820][  0]LogConfig: Setting CVar [[r.SkyAtmosphere.SampleCountMax:32.0]]
[2020.12.07-03.18.15:820][  0]LogConfig: Setting CVar [[r.SkyAtmosphere.TransmittanceLUT.UseSmallFormat:0]]
[2020.12.07-03.18.15:820][  0]LogConfig: Setting CVar [[r.SkyAtmosphere.TransmittanceLUT.SampleCount:10.0]]
[2020.12.07-03.18.15:820][  0]LogConfig: Setting CVar [[r.SkyAtmosphere.MultiScatteringLUT.SampleCount:15.0]]
[2020.12.07-03.18.15:820][  0]LogConfig: Applying CVar settings from Section [FoliageQuality@3] File [E:/Github/ProjectFalls/Saved/Config/Windows/Scalability.ini]
[2020.12.07-03.18.15:820][  0]LogConfig: Setting CVar [[foliage.DensityScale:1.0]]
[2020.12.07-03.18.15:820][  0]LogConfig: Setting CVar [[grass.DensityScale:1.0]]
[2020.12.07-03.18.15:820][  0]LogConfig: Applying CVar settings from Section [ShadingQuality@3] File [E:/Github/ProjectFalls/Saved/Config/Windows/Scalability.ini]
[2020.12.07-03.18.15:820][  0]LogConfig: Setting CVar [[r.HairStrands.SkyLighting.SampleCount:16]]
[2020.12.07-03.18.15:820][  0]LogConfig: Setting CVar [[r.HairStrands.SkyLighting.JitterIntegration:0]]
[2020.12.07-03.18.15:820][  0]LogConfig: Setting CVar [[r.HairStrands.SkyAO.SampleCount:16]]
[2020.12.07-03.18.15:820][  0]LogConfig: Setting CVar [[r.HairStrands.DeepShadow.SuperSampling:0]]
[2020.12.07-03.18.15:820][  0]LogConfig: Setting CVar [[r.HairStrands.VisibilityPPLL:0]]
[2020.12.07-03.18.15:820][  0]LogConfig: Setting CVar [[r.HairStrands.RasterizationScale:0.5]]
[2020.12.07-03.18.15:820][  0]LogConfig: Setting CVar [[r.HairStrands.VelocityRasterizationScale:1]]
[2020.12.07-03.18.15:820][  0]LogInit: Selected Device Profile: [Windows]
[2020.12.07-03.18.15:820][  0]LogInit: Applying CVar settings loaded from the selected device profile: [Windows]
[2020.12.07-03.18.15:820][  0]LogHAL: Display: Platform has ~ 24 GB [25699905536 / 34359738368 / 24], which maps to Larger [LargestMinGB=32, LargerMinGB=12, DefaultMinGB=8, SmallerMinGB=6, SmallestMinGB=0)
[2020.12.07-03.18.15:821][  0]LogInit: Going up to parent DeviceProfile []
[2020.12.07-03.18.15:821][  0]LogConfig: Applying CVar settings from Section [ViewDistanceQuality@2] File [E:/Github/ProjectFalls/Saved/Config/Windows/Scalability.ini]
[2020.12.07-03.18.15:821][  0]LogConfig: Setting CVar [[r.SkeletalMeshLODBias:0]]
[2020.12.07-03.18.15:821][  0]LogConfig: Setting CVar [[r.ViewDistanceScale:0.8]]
[2020.12.07-03.18.15:821][  0]LogConfig: Applying CVar settings from Section [AntiAliasingQuality@2] File [E:/Github/ProjectFalls/Saved/Config/Windows/Scalability.ini]
[2020.12.07-03.18.15:821][  0]LogConfig: Setting CVar [[r.PostProcessAAQuality:3]]
[2020.12.07-03.18.15:821][  0]LogConfig: Applying CVar settings from Section [ShadowQuality@2] File [E:/Github/ProjectFalls/Saved/Config/Windows/Scalability.ini]
[2020.12.07-03.18.15:821][  0]LogConfig: Setting CVar [[r.LightFunctionQuality:1]]
[2020.12.07-03.18.15:821][  0]LogConfig: Setting CVar [[r.ShadowQuality:5]]
[2020.12.07-03.18.15:821][  0]LogConfig: Setting CVar [[r.Shadow.CSM.MaxCascades:4]]
[2020.12.07-03.18.15:821][  0]LogConfig: Setting CVar [[r.Shadow.MaxResolution:1024]]
[2020.12.07-03.18.15:821][  0]LogConfig: Setting CVar [[r.Shadow.MaxCSMResolution:2048]]
[2020.12.07-03.18.15:821][  0]LogConfig: Setting CVar [[r.Shadow.RadiusThreshold:0.04]]
[2020.12.07-03.18.15:821][  0]LogConfig: Setting CVar [[r.Shadow.DistanceScale:0.85]]
[2020.12.07-03.18.15:821][  0]LogConfig: Setting CVar [[r.Shadow.CSM.TransitionScale:0.8]]
[2020.12.07-03.18.15:821][  0]LogConfig: Setting CVar [[r.Shadow.PreShadowResolutionFactor:0.5]]
[2020.12.07-03.18.15:821][  0]LogConfig: Setting CVar [[r.DistanceFieldShadowing:1]]
[2020.12.07-03.18.15:821][  0]LogConfig: Setting CVar [[r.DistanceFieldAO:1]]
[2020.12.07-03.18.15:821][  0]LogConfig: Setting CVar [[r.AOQuality:1]]
[2020.12.07-03.18.15:821][  0]LogConfig: Setting CVar [[r.VolumetricFog:1]]
[2020.12.07-03.18.15:821][  0]LogConfig: Setting CVar [[r.VolumetricFog.GridPixelSize:16]]
[2020.12.07-03.18.15:821][  0]LogConfig: Setting CVar [[r.VolumetricFog.GridSizeZ:64]]
[2020.12.07-03.18.15:821][  0]LogConfig: Setting CVar [[r.VolumetricFog.HistoryMissSupersampleCount:4]]
[2020.12.07-03.18.15:821][  0]LogConfig: Setting CVar [[r.LightMaxDrawDistanceScale:1]]
[2020.12.07-03.18.15:821][  0]LogConfig: Setting CVar [[r.CapsuleShadows:1]]
[2020.12.07-03.18.15:821][  0]LogConfig: Applying CVar settings from Section [PostProcessQuality@2] File [E:/Github/ProjectFalls/Saved/Config/Windows/Scalability.ini]
[2020.12.07-03.18.15:821][  0]LogConfig: Setting CVar [[r.MotionBlurQuality:3]]
[2020.12.07-03.18.15:821][  0]LogConfig: Setting CVar [[r.AmbientOcclusionMipLevelFactor:0.6]]
[2020.12.07-03.18.15:821][  0]LogConfig: Setting CVar [[r.AmbientOcclusionMaxQuality:100]]
[2020.12.07-03.18.15:821][  0]LogConfig: Setting CVar [[r.AmbientOcclusionLevels:-1]]
[2020.12.07-03.18.15:821][  0]LogConfig: Setting CVar [[r.AmbientOcclusionRadiusScale:1.5]]
[2020.12.07-03.18.15:821][  0]LogConfig: Setting CVar [[r.DepthOfFieldQuality:2]]
[2020.12.07-03.18.15:821][  0]LogConfig: Setting CVar [[r.RenderTargetPoolMin:400]]
[2020.12.07-03.18.15:821][  0]LogConfig: Setting CVar [[r.LensFlareQuality:2]]
[2020.12.07-03.18.15:821][  0]LogConfig: Setting CVar [[r.SceneColorFringeQuality:1]]
[2020.12.07-03.18.15:821][  0]LogConfig: Setting CVar [[r.EyeAdaptationQuality:2]]
[2020.12.07-03.18.15:821][  0]LogConfig: Setting CVar [[r.BloomQuality:5]]
[2020.12.07-03.18.15:821][  0]LogConfig: Setting CVar [[r.FastBlurThreshold:3]]
[2020.12.07-03.18.15:821][  0]LogConfig: Setting CVar [[r.Upscale.Quality:2]]
[2020.12.07-03.18.15:821][  0]LogConfig: Setting CVar [[r.Tonemapper.GrainQuantization:1]]
[2020.12.07-03.18.15:821][  0]LogConfig: Setting CVar [[r.LightShaftQuality:1]]
[2020.12.07-03.18.15:821][  0]LogConfig: Setting CVar [[r.Filter.SizeScale:0.8]]
[2020.12.07-03.18.15:821][  0]LogConfig: Setting CVar [[r.Tonemapper.Quality:5]]
[2020.12.07-03.18.15:821][  0]LogConfig: Setting CVar [[r.DOF.Gather.AccumulatorQuality:0        ; lower gathering accumulator quality]]
[2020.12.07-03.18.15:822][  0]LogConfig: Setting CVar [[r.DOF.Gather.PostfilterMethod:2          ; Max3x3 postfilering method]]
[2020.12.07-03.18.15:822][  0]LogConfig: Setting CVar [[r.DOF.Gather.EnableBokehSettings:0       ; no bokeh simulation when gathering]]
[2020.12.07-03.18.15:822][  0]LogConfig: Setting CVar [[r.DOF.Gather.RingCount:4                 ; medium number of samples when gathering]]
[2020.12.07-03.18.15:822][  0]LogConfig: Setting CVar [[r.DOF.Scatter.ForegroundCompositing:1    ; additive foreground scattering]]
[2020.12.07-03.18.15:822][  0]LogConfig: Setting CVar [[r.DOF.Scatter.BackgroundCompositing:1    ; no background occlusion]]
[2020.12.07-03.18.15:822][  0]LogConfig: Setting CVar [[r.DOF.Scatter.EnableBokehSettings:0      ; no bokeh simulation when scattering]]
[2020.12.07-03.18.15:822][  0]LogConfig: Setting CVar [[r.DOF.Scatter.MaxSpriteRatio:0.04        ; only a maximum of 4% of scattered bokeh]]
[2020.12.07-03.18.15:822][  0]LogConfig: Setting CVar [[r.DOF.Recombine.Quality:0                ; no slight out of focus]]
[2020.12.07-03.18.15:822][  0]LogConfig: Setting CVar [[r.DOF.TemporalAAQuality:0                ; faster temporal accumulation]]
[2020.12.07-03.18.15:822][  0]LogConfig: Setting CVar [[r.DOF.Kernel.MaxForegroundRadius:0.012   ; required because of AccumulatorQuality=0]]
[2020.12.07-03.18.15:822][  0]LogConfig: Setting CVar [[r.DOF.Kernel.MaxBackgroundRadius:0.012   ; required because of AccumulatorQuality=0]]
[2020.12.07-03.18.15:822][  0]LogConfig: Applying CVar settings from Section [TextureQuality@2] File [E:/Github/ProjectFalls/Saved/Config/Windows/Scalability.ini]
[2020.12.07-03.18.15:822][  0]LogConfig: Setting CVar [[r.Streaming.MipBias:0]]
[2020.12.07-03.18.15:822][  0]LogConfig: Setting CVar [[r.Streaming.AmortizeCPUToGPUCopy:0]]
[2020.12.07-03.18.15:822][  0]LogConfig: Setting CVar [[r.Streaming.MaxNumTexturesToStreamPerFrame:0]]
[2020.12.07-03.18.15:822][  0]LogConfig: Setting CVar [[r.Streaming.Boost:1]]
[2020.12.07-03.18.15:822][  0]LogConfig: Setting CVar [[r.MaxAnisotropy:4]]
[2020.12.07-03.18.15:822][  0]LogConfig: Setting CVar [[r.VT.MaxAnisotropy:8]]
[2020.12.07-03.18.15:822][  0]LogConfig: Setting CVar [[r.Streaming.LimitPoolSizeToVRAM:1]]
[2020.12.07-03.18.15:822][  0]LogConfig: Setting CVar [[r.Streaming.PoolSize:800]]
[2020.12.07-03.18.15:822][  0]LogConfig: Setting CVar [[r.Streaming.MaxEffectiveScreenSize:0]]
[2020.12.07-03.18.15:822][  0]LogConfig: Applying CVar settings from Section [EffectsQuality@2] File [E:/Github/ProjectFalls/Saved/Config/Windows/Scalability.ini]
[2020.12.07-03.18.15:822][  0]LogConfig: Setting CVar [[r.TranslucencyLightingVolumeDim:48]]
[2020.12.07-03.18.15:822][  0]LogConfig: Setting CVar [[r.RefractionQuality:2]]
[2020.12.07-03.18.15:822][  0]LogConfig: Setting CVar [[r.SSR.Quality:2]]
[2020.12.07-03.18.15:822][  0]LogConfig: Setting CVar [[r.SSR.HalfResSceneColor:1]]
[2020.12.07-03.18.15:822][  0]LogConfig: Setting CVar [[r.SceneColorFormat:3]]
[2020.12.07-03.18.15:822][  0]LogConfig: Setting CVar [[r.DetailMode:1]]
[2020.12.07-03.18.15:822][  0]LogConfig: Setting CVar [[r.TranslucencyVolumeBlur:1]]
[2020.12.07-03.18.15:822][  0]LogConfig: Setting CVar [[r.MaterialQualityLevel:1 ; High quality]]
[2020.12.07-03.18.15:822][  0]LogConfig: Setting CVar [[r.SSS.Scale:1]]
[2020.12.07-03.18.15:822][  0]LogConfig: Setting CVar [[r.SSS.SampleSet:1]]
[2020.12.07-03.18.15:822][  0]LogConfig: Setting CVar [[r.SSS.Quality:-1]]
[2020.12.07-03.18.15:822][  0]LogConfig: Setting CVar [[r.SSS.HalfRes:1]]
[2020.12.07-03.18.15:822][  0]LogConfig: Setting CVar [[r.SSGI.Quality:2]]
[2020.12.07-03.18.15:822][  0]LogConfig: Setting CVar [[r.EmitterSpawnRateScale:0.5]]
[2020.12.07-03.18.15:822][  0]LogConfig: Setting CVar [[r.ParticleLightQuality:1]]
[2020.12.07-03.18.15:822][  0]LogConfig: Setting CVar [[r.SkyAtmosphere.AerialPerspectiveLUT.FastApplyOnOpaque:1 ; Always have FastSkyLUT 1 in this case to avoid wrong sky]]
[2020.12.07-03.18.15:822][  0]LogConfig: Setting CVar [[r.SkyAtmosphere.AerialPerspectiveLUT.SampleCountPerSlice:1]]
[2020.12.07-03.18.15:822][  0]LogConfig: Setting CVar [[r.SkyAtmosphere.AerialPerspectiveLUT.DepthResolution:16.0]]
[2020.12.07-03.18.15:822][  0]LogConfig: Setting CVar [[r.SkyAtmosphere.FastSkyLUT:1]]
[2020.12.07-03.18.15:822][  0]LogConfig: Setting CVar [[r.SkyAtmosphere.FastSkyLUT.SampleCountMin:4.0]]
[2020.12.07-03.18.15:822][  0]LogConfig: Setting CVar [[r.SkyAtmosphere.FastSkyLUT.SampleCountMax:32.0]]
[2020.12.07-03.18.15:822][  0]LogConfig: Setting CVar [[r.SkyAtmosphere.SampleCountMin:4.0]]
[2020.12.07-03.18.15:823][  0]LogConfig: Setting CVar [[r.SkyAtmosphere.SampleCountMax:32.0]]
[2020.12.07-03.18.15:823][  0]LogConfig: Setting CVar [[r.SkyAtmosphere.TransmittanceLUT.UseSmallFormat:0]]
[2020.12.07-03.18.15:823][  0]LogConfig: Setting CVar [[r.SkyAtmosphere.TransmittanceLUT.SampleCount:10.0]]
[2020.12.07-03.18.15:823][  0]LogConfig: Setting CVar [[r.SkyAtmosphere.MultiScatteringLUT.SampleCount:15.0]]
[2020.12.07-03.18.15:823][  0]LogConfig: Applying CVar settings from Section [FoliageQuality@2] File [E:/Github/ProjectFalls/Saved/Config/Windows/Scalability.ini]
[2020.12.07-03.18.15:823][  0]LogConfig: Setting CVar [[foliage.DensityScale:0.8]]
[2020.12.07-03.18.15:823][  0]LogConfig: Setting CVar [[grass.DensityScale:0.8]]
[2020.12.07-03.18.15:823][  0]LogConfig: Applying CVar settings from Section [ShadingQuality@2] File [E:/Github/ProjectFalls/Saved/Config/Windows/Scalability.ini]
[2020.12.07-03.18.15:823][  0]LogConfig: Setting CVar [[r.HairStrands.SkyLighting.SampleCount:16]]
[2020.12.07-03.18.15:823][  0]LogConfig: Setting CVar [[r.HairStrands.SkyLighting.JitterIntegration:0]]
[2020.12.07-03.18.15:823][  0]LogConfig: Setting CVar [[r.HairStrands.SkyAO.SampleCount:16]]
[2020.12.07-03.18.15:823][  0]LogConfig: Setting CVar [[r.HairStrands.DeepShadow.SuperSampling:0]]
[2020.12.07-03.18.15:823][  0]LogConfig: Setting CVar [[r.HairStrands.VisibilityPPLL:0]]
[2020.12.07-03.18.15:823][  0]LogConfig: Setting CVar [[r.HairStrands.RasterizationScale:0.5]]
[2020.12.07-03.18.15:823][  0]LogConfig: Setting CVar [[r.HairStrands.VelocityRasterizationScale:1]]
[2020.12.07-03.18.15:823][  0]LogConfig: Applying CVar settings from Section [Startup] File [../../../Engine/Config/ConsoleVariables.ini]
[2020.12.07-03.18.15:824][  0]LogConfig: Setting CVar [[net.UseAdaptiveNetUpdateFrequency:0]]
[2020.12.07-03.18.15:824][  0]LogConfig: Setting CVar [[p.chaos.AllowCreatePhysxBodies:1]]
[2020.12.07-03.18.15:824][  0]LogConfig: Setting CVar [[fx.SkipVectorVMBackendOptimizations:1]]
[2020.12.07-03.18.15:824][  0]LogConfig: Applying CVar settings from Section [ConsoleVariables] File [E:/Github/ProjectFalls/Saved/Config/Windows/Engine.ini]
[2020.12.07-03.18.15:824][  0]LogInit: Computer: BACON_PC
[2020.12.07-03.18.15:824][  0]LogInit: User: Kaue
[2020.12.07-03.18.15:824][  0]LogInit: CPU Page size=4096, Cores=6
[2020.12.07-03.18.15:824][  0]LogInit: High frequency timer resolution =10.000000 MHz
[2020.12.07-03.18.15:824][  0]LogMemory: Memory total: Physical=23.9GB (24GB approx)
[2020.12.07-03.18.15:824][  0]LogMemory: Platform Memory Stats for Windows
[2020.12.07-03.18.15:824][  0]LogMemory: Process Physical Memory: 113.93 MB used, 113.93 MB peak
[2020.12.07-03.18.15:824][  0]LogMemory: Process Virtual Memory: 96.15 MB used, 96.16 MB peak
[2020.12.07-03.18.15:824][  0]LogMemory: Physical Memory: 7240.42 MB used,  17268.92 MB free, 24509.34 MB total
[2020.12.07-03.18.15:824][  0]LogMemory: Virtual Memory: 5102.78 MB used,  134212624.00 MB free, 134217728.00 MB total
[2020.12.07-03.18.15:833][  0]LogWindows: WindowsPlatformFeatures enabled
[2020.12.07-03.18.15:935][  0]LogInit: Physics initialised using underlying interface: PhysX
[2020.12.07-03.18.15:936][  0]LogInit: Overriding language with editor language configuration option (en).
[2020.12.07-03.18.15:936][  0]LogInit: Overriding locale with editor locale configuration option (en).
[2020.12.07-03.18.16:135][  0]LogInit: Setting process to per monitor DPI aware
[2020.12.07-03.18.16:173][  0]LogSlate: New Slate User Created.  User Index 0, Is Virtual User: 0
[2020.12.07-03.18.16:174][  0]LogSlate: Slate User Registered.  User Index 0, Is Virtual User: 0
[2020.12.07-03.18.16:465][  0]LogHMD: Failed to initialize OpenVR with code 110
[2020.12.07-03.18.16:465][  0]LogD3D11RHI: D3D11 min allowed feature level: 11_0
[2020.12.07-03.18.16:465][  0]LogD3D11RHI: D3D11 max allowed feature level: 11_0
[2020.12.07-03.18.16:465][  0]LogD3D11RHI: D3D11 adapters:
[2020.12.07-03.18.16:532][  0]LogD3D11RHI:    0. 'NVIDIA GeForce GTX 1050 Ti' (Feature Level 11_0)
[2020.12.07-03.18.16:532][  0]LogD3D11RHI:       4018/0/12254 MB DedicatedVideo/DedicatedSystem/SharedSystem, Outputs:1, VendorId:0x10de
[2020.12.07-03.18.16:535][  0]LogD3D11RHI:    1. 'Microsoft Basic Render Driver' (Feature Level 11_0)
[2020.12.07-03.18.16:535][  0]LogD3D11RHI:       0/0/12254 MB DedicatedVideo/DedicatedSystem/SharedSystem, Outputs:0, VendorId:0x1414
[2020.12.07-03.18.16:535][  0]LogD3D11RHI: Chosen D3D11 Adapter: 0
[2020.12.07-03.18.16:542][  0]LogD3D11RHI: Creating new Direct3DDevice
[2020.12.07-03.18.16:542][  0]LogD3D11RHI:     GPU DeviceId: 0x1c82 (for the marketing name, search the web for "GPU Device Id")
[2020.12.07-03.18.16:542][  0]LogWindows: EnumDisplayDevices:
[2020.12.07-03.18.16:542][  0]LogWindows:    0. 'NVIDIA GeForce GTX 1050 Ti' (P:1 D:1)
[2020.12.07-03.18.16:543][  0]LogWindows:    1. 'NVIDIA GeForce GTX 1050 Ti' (P:0 D:0)
[2020.12.07-03.18.16:544][  0]LogWindows:    2. 'NVIDIA GeForce GTX 1050 Ti' (P:0 D:0)
[2020.12.07-03.18.16:544][  0]LogWindows:    3. 'NVIDIA GeForce GTX 1050 Ti' (P:0 D:0)
[2020.12.07-03.18.16:545][  0]LogWindows: DebugString: FoundDriverCount:4 
[2020.12.07-03.18.16:545][  0]LogD3D11RHI:     Adapter Name: NVIDIA GeForce GTX 1050 Ti
[2020.12.07-03.18.16:545][  0]LogD3D11RHI:   Driver Version: 457.51 (internal:27.21.14.5751, unified:457.51)
[2020.12.07-03.18.16:545][  0]LogD3D11RHI:      Driver Date: 11-22-2020
[2020.12.07-03.18.16:545][  0]LogRHI: Texture pool is 2812 MB (70% of 4018 MB)
[2020.12.07-03.18.16:586][  0]LogD3D11RHI: RHI has support for 64 bit atomics
[2020.12.07-03.18.16:587][  0]LogD3D11RHI: Async texture creation enabled
[2020.12.07-03.18.16:587][  0]LogD3D11RHI: Array index from any shader is supported
[2020.12.07-03.18.16:589][  0]LogD3D11RHI: HDR output is supported on display 0 (NvId: 0x80061082).
[2020.12.07-03.18.16:614][  0]LogD3D11RHI: GPU Timing Frequency: 1000.000000 (Debug: 2 1)
[2020.12.07-03.18.17:057][  0]LogTargetPlatformManager: Display: Loaded TargetPlatform 'AllDesktop'
[2020.12.07-03.18.17:083][  0]LogTargetPlatformManager: Display: Loaded TargetPlatform 'Android'
[2020.12.07-03.18.17:083][  0]LogTargetPlatformManager: Display: Loaded TargetPlatform 'Android_ASTC'
[2020.12.07-03.18.17:083][  0]LogTargetPlatformManager: Display: Loaded TargetPlatform 'Android_DXT'
[2020.12.07-03.18.17:083][  0]LogTargetPlatformManager: Display: Loaded TargetPlatform 'Android_ETC2'
[2020.12.07-03.18.17:083][  0]LogTargetPlatformManager: Display: Loaded TargetPlatform 'AndroidClient'
[2020.12.07-03.18.17:083][  0]LogTargetPlatformManager: Display: Loaded TargetPlatform 'Android_ASTCClient'
[2020.12.07-03.18.17:083][  0]LogTargetPlatformManager: Display: Loaded TargetPlatform 'Android_DXTClient'
[2020.12.07-03.18.17:083][  0]LogTargetPlatformManager: Display: Loaded TargetPlatform 'Android_ETC2Client'
[2020.12.07-03.18.17:083][  0]LogTargetPlatformManager: Display: Loaded TargetPlatform 'Android_Multi'
[2020.12.07-03.18.17:083][  0]LogTargetPlatformManager: Display: Loaded TargetPlatform 'Android_MultiClient'
[2020.12.07-03.18.17:111][  0]LogTargetPlatformManager: Display: Loaded TargetPlatform 'IOSClient'
[2020.12.07-03.18.17:111][  0]LogTargetPlatformManager: Display: Loaded TargetPlatform 'IOS'
[2020.12.07-03.18.17:126][  0]LogTargetPlatformManager: Display: Loaded TargetPlatform 'Linux'
[2020.12.07-03.18.17:138][  0]LogTargetPlatformManager: Display: Loaded TargetPlatform 'LinuxNoEditor'
[2020.12.07-03.18.17:150][  0]LogTargetPlatformManager: Display: Loaded TargetPlatform 'LinuxClient'
[2020.12.07-03.18.17:162][  0]LogTargetPlatformManager: Display: Loaded TargetPlatform 'LinuxServer'
[2020.12.07-03.18.17:174][  0]LogTargetPlatformManager: Display: Loaded TargetPlatform 'LinuxAArch64NoEditor'
[2020.12.07-03.18.17:186][  0]LogTargetPlatformManager: Display: Loaded TargetPlatform 'LinuxAArch64Client'
[2020.12.07-03.18.17:198][  0]LogTargetPlatformManager: Display: Loaded TargetPlatform 'LinuxAArch64Server'
[2020.12.07-03.18.17:232][  0]LogTargetPlatformManager: Display: Loaded TargetPlatform 'Lumin'
[2020.12.07-03.18.17:233][  0]LogTargetPlatformManager: Display: Loaded TargetPlatform 'LuminClient'
[2020.12.07-03.18.17:253][  0]LogTargetPlatformManager: Display: Loaded TargetPlatform 'TVOSClient'
[2020.12.07-03.18.17:253][  0]LogTargetPlatformManager: Display: Loaded TargetPlatform 'TVOS'
[2020.12.07-03.18.17:265][  0]LogTargetPlatformManager: Display: Loaded TargetPlatform 'WindowsNoEditor'
[2020.12.07-03.18.17:277][  0]LogTargetPlatformManager: Display: Loaded TargetPlatform 'Windows'
[2020.12.07-03.18.17:288][  0]LogTargetPlatformManager: Display: Loaded TargetPlatform 'WindowsClient'
[2020.12.07-03.18.17:300][  0]LogTargetPlatformManager: Display: Loaded TargetPlatform 'WindowsServer'
[2020.12.07-03.18.17:300][  0]LogTargetPlatformManager: Display: Building Assets For Windows
[2020.12.07-03.18.17:311][  0]LogAudioDebug: Display: Lib vorbis DLL was dynamically loaded.
[2020.12.07-03.18.17:414][  0]LogShaderCompilers: Guid format shader working directory is 11 characters bigger than the processId version (../../../../../Github/ProjectFalls/Intermediate/Shaders/WorkingDirectory/7428/).
[2020.12.07-03.18.17:414][  0]LogShaderCompilers: Cleaned the shader compiler working directory 'C:/Users/Kaue/AppData/Local/Temp/UnrealShaderWorkingDir/B58CDFA540FF4656AC70ED8E889AD6DC/'.
[2020.12.07-03.18.17:415][  0]LogXGEController: Cleaning working directory: C:/Users/Kaue/AppData/Local/Temp/UnrealXGEWorkingDir/
[2020.12.07-03.18.17:415][  0]LogXGEController: Cannot use XGE Controller as Incredibuild is not installed on this machine.
[2020.12.07-03.18.17:415][  0]LogShaderCompilers: Cannot use XGE Shader Compiler as Incredibuild is not installed on this machine.
[2020.12.07-03.18.17:415][  0]LogShaderCompilers: Display: Using Local Shader Compiler.
[2020.12.07-03.18.18:226][  0]LogDerivedDataCache: Display: Max Cache Size: 512 MB
[2020.12.07-03.18.18:287][  0]LogDerivedDataCache: Loaded boot cache 0.06s 75MB C:/Users/Kaue/AppData/Local/UnrealEngine/4.25/DerivedDataCache/Boot.ddc.
[2020.12.07-03.18.18:287][  0]LogDerivedDataCache: Display: Loaded Boot cache: C:/Users/Kaue/AppData/Local/UnrealEngine/4.25/DerivedDataCache/Boot.ddc
[2020.12.07-03.18.18:288][  0]LogDerivedDataCache: FDerivedDataBackendGraph:  Pak pak cache file ../../../../../Github/ProjectFalls/DerivedDataCache/DDC.ddp not found, will not use a pak cache.
[2020.12.07-03.18.18:288][  0]LogDerivedDataCache: Unable to find inner node Pak for hierarchical cache Hierarchy.
[2020.12.07-03.18.18:288][  0]LogDerivedDataCache: FDerivedDataBackendGraph:  CompressedPak pak cache file ../../../../../Github/ProjectFalls/DerivedDataCache/Compressed.ddp not found, will not use a pak cache.
[2020.12.07-03.18.18:288][  0]LogDerivedDataCache: Unable to find inner node CompressedPak for hierarchical cache Hierarchy.
[2020.12.07-03.18.18:298][  0]LogDerivedDataCache: Display: Pak cache opened for reading ../../../Engine/DerivedDataCache/Compressed.ddp.
[2020.12.07-03.18.18:298][  0]LogDerivedDataCache: FDerivedDataBackendGraph:  EnterprisePak pak cache file ../../../Enterprise/DerivedDataCache/Compressed.ddp not found, will not use a pak cache.
[2020.12.07-03.18.18:298][  0]LogDerivedDataCache: Unable to find inner node EnterprisePak for hierarchical cache Hierarchy.
[2020.12.07-03.18.18:299][  0]LogDerivedDataCache: Using Local data cache path C:/Users/Kaue/AppData/Local/UnrealEngine/Common/DerivedDataCache: Writable
[2020.12.07-03.18.18:299][  0]LogDerivedDataCache: Shared data cache path not found in *engine.ini, will not use an Shared cache.
[2020.12.07-03.18.18:299][  0]LogDerivedDataCache: Unable to find inner node Shared for hierarchical cache Hierarchy.
[2020.12.07-03.18.18:348][  0]LogSlate: Using FreeType 2.10.0
[2020.12.07-03.18.18:349][  0]LogSlate: SlateFontServices - WITH_FREETYPE: 1, WITH_HARFBUZZ: 1
[2020.12.07-03.18.18:385][  0]LogAssetRegistry: FAssetRegistry took 0.0027 seconds to start up
[2020.12.07-03.18.18:640][  0]LogInit: Selected Device Profile: [Windows]
[2020.12.07-03.18.18:768][  0]LogMeshReduction: Using QuadricMeshReduction for automatic static mesh reduction
[2020.12.07-03.18.18:768][  0]LogMeshReduction: Using SimplygonMeshReduction for automatic skeletal mesh reduction
[2020.12.07-03.18.18:768][  0]LogMeshReduction: Using ProxyLODMeshReduction for automatic mesh merging
[2020.12.07-03.18.18:768][  0]LogMeshReduction: No distributed automatic mesh merging module available
[2020.12.07-03.18.18:768][  0]LogMeshMerging: No distributed automatic mesh merging module available
[2020.12.07-03.18.18:786][  0]LogNetVersion: ProjectFalls 1.0.0, NetCL: 13144385, EngineNetVer: 14, GameNetVer: 0 (Checksum: 4208646214)
[2020.12.07-03.18.19:328][  0]LogAISub: UAISubsystem::UAISubsystem AISubsystem (000001A4ADFFDBC0), frame # 0
[2020.12.07-03.18.19:328][  0]LogAISub: UAISubsystem::UAISubsystem AIPerceptionSystem (000001A4ADF3FC40), frame # 0
[2020.12.07-03.18.19:330][  0]LogAISub: UAISubsystem::UAISubsystem EnvQueryManager (000001A4ADFB9E00), frame # 0
[2020.12.07-03.18.19:382][  0]LogPackageLocalizationCache: Processed 19 localized package path(s) for 1 prioritized culture(s) in 0.045240 seconds
[2020.12.07-03.18.19:387][  0]LogUObjectArray: 15917 objects as part of root set at end of initial load.
[2020.12.07-03.18.19:387][  0]LogUObjectAllocator: 3965568 out of 0 bytes used by permanent object pool.
[2020.12.07-03.18.19:387][  0]LogUObjectArray: CloseDisregardForGC: 0/0 objects in disregard for GC pool
[2020.12.07-03.18.19:865][  0]LogTcpMessaging: Initializing TcpMessaging bridge
[2020.12.07-03.18.19:870][  0]LogUdpMessaging: Initializing bridge on interface 0.0.0.0:0 to multicast group 230.0.0.1:6666.
[2020.12.07-03.18.19:975][  0]SourceControl: Source control is disabled
[2020.12.07-03.18.19:976][  0]SourceControl: Source control is disabled
[2020.12.07-03.18.19:980][  0]SourceControl: Source control is disabled
[2020.12.07-03.18.19:984][  0]SourceControl: Source control is disabled
[2020.12.07-03.18.19:992][  0]SourceControl: Source control is disabled
[2020.12.07-03.18.20:012][  0]LogVSAccessor: Display: Unable to create Visual Studio setup instance: 80040154
[2020.12.07-03.18.20:012][  0]LogVSAccessor: Display: Unable to create Visual Studio setup instance: 80040154
[2020.12.07-03.18.20:362][  0]LogAndroidPermission: UAndroidPermissionCallbackProxy::GetInstance
[2020.12.07-03.18.20:391][  0]LogAudioCaptureCore: Display: No Audio Capture implementations found. Audio input will be silent.
[2020.12.07-03.18.20:391][  0]LogAudioCaptureCore: Display: No Audio Capture implementations found. Audio input will be silent.
[2020.12.07-03.18.20:461][  0]LogOcInput: OculusInput pre-init called
[2020.12.07-03.18.20:481][  0]LogWindows: Failed to load 'OVRPlugin.dll' (GetLastError=126)
[2020.12.07-03.18.20:481][  0]LogWindows: File 'OVRPlugin.dll' does not exist
[2020.12.07-03.18.20:551][  0]LogEngine: Initializing Engine...
[2020.12.07-03.18.20:552][  0]LogHMD: Failed to initialize OpenVR with code 110
[2020.12.07-03.18.20:552][  0]LogMagicLeap: Warning: VR disabled because ZI is not enabled.  To enable, in the editor, Edit -> Project Settings -> Plugins -> Magic Leap Plugin -> Enable Zero Iteration
[2020.12.07-03.18.20:554][  0]LogStats: UGameplayTagsManager::InitializeManager -  0.000 s
[2020.12.07-03.18.20:725][  0]LogInit: Initializing FReadOnlyCVARCache
[2020.12.07-03.18.20:736][  0]LogAIModule: Creating AISystem for world Untitled
[2020.12.07-03.18.20:736][  0]LogAISub: UAISubsystem::UAISubsystem EnvQueryManager (000001A4B1540600), frame # 0
[2020.12.07-03.18.20:736][  0]LogAISub: UAISubsystem::UAISubsystem AIPerceptionSystem (000001A4B1555940), frame # 0
[2020.12.07-03.18.20:743][  0]LogAudioMixer: Display: Audio Mixer Platform Settings:
[2020.12.07-03.18.20:743][  0]LogAudioMixer: Display: 	Sample Rate:						  48000
[2020.12.07-03.18.20:743][  0]LogAudioMixer: Display: 	Callback Buffer Frame Size Requested: 1024
[2020.12.07-03.18.20:743][  0]LogAudioMixer: Display: 	Callback Buffer Frame Size To Use:	  1024
[2020.12.07-03.18.20:743][  0]LogAudioMixer: Display: 	Number of buffers to queue:			  2
[2020.12.07-03.18.20:743][  0]LogAudioMixer: Display: 	Max Channels (voices):				  32
[2020.12.07-03.18.20:743][  0]LogAudioMixer: Display: 	Number of Async Source Workers:		  0
[2020.12.07-03.18.20:743][  0]LogAudio: Display: AudioDevice MaxSources: 32
[2020.12.07-03.18.20:744][  0]LogAudio: Display: Using built-in audio occlusion.
[2020.12.07-03.18.20:744][  0]LogAudioMixer: Display: Initializing audio mixer.
[2020.12.07-03.18.20:785][  0]LogAudioMixer: Display: 0: FrontLeft
[2020.12.07-03.18.20:785][  0]LogAudioMixer: Display: 1: FrontRight
[2020.12.07-03.18.20:855][  0]LogAudioMixer: Display: Using Audio Device Alto-falantes (Jabra EVOLVE 20)
[2020.12.07-03.18.20:855][  0]LogAudioMixer: Display: Initializing Sound Submixes...
[2020.12.07-03.18.20:860][  0]LogAudioMixer: Display: Creating Master Submix 'MasterSubmixDefault'
[2020.12.07-03.18.20:860][  0]LogAudioMixer: Display: Creating Master Submix 'MasterReverbSubmixDefault'
[2020.12.07-03.18.20:861][  0]LogAudioMixer: Display: Creating Master Submix 'MasterEQSubmixDefault'
[2020.12.07-03.18.20:867][  0]LogInit: FAudioDevice initialized.
[2020.12.07-03.18.20:868][  0]LogNetVersion: Set ProjectVersion to 1.0.0.0. Version Checksum will be recalculated on next use.
[2020.12.07-03.18.20:949][  0]LogDerivedDataCache: Saved boot cache 0.08s 75MB C:/Users/Kaue/AppData/Local/UnrealEngine/4.25/DerivedDataCache/Boot.ddc.
[2020.12.07-03.18.20:953][  0]LogInit: Texture streaming: Enabled
[2020.12.07-03.18.20:983][  0]LogEngineSessionManager: EngineSessionManager initialized
[2020.12.07-03.18.20:983][  0]LogEngineSessionManager: EngineSessionManager sent abnormal shutdown report. Type=Crashed, SessionId={031F596A-4BCC-582F-E41A-AA922DA94108}
[2020.12.07-03.18.20:983][  0]LogEditorSessionSummary: Verbose: Initializing EditorSessionSummaryWriter for editor session tracking
[2020.12.07-03.18.21:000][  0]LogEditorSessionSummary: EditorSessionSummaryWriter initialized
[2020.12.07-03.18.21:043][  0]LogInit: Transaction tracking system initialized
[2020.12.07-03.18.21:074][  0]BlueprintLog: New page: Editor Load
[2020.12.07-03.18.21:174][  0]LocalizationService: Localization service is disabled
[2020.12.07-03.18.21:288][  0]LogVSAccessor: Display: Unable to create Visual Studio setup instance: 80040154
[2020.12.07-03.18.21:289][  0]LogVSAccessor: Display: Unable to create Visual Studio setup instance: 80040154
[2020.12.07-03.18.21:387][  0]LogCook: Display: Max memory allowance for cook 16384mb min free memory 0mb
[2020.12.07-03.18.21:388][  0]LogCook: Display: Mobile HDR setting 1
[2020.12.07-03.18.21:565][  0]LogFileCache: Scanning file cache for directory 'E:/Github/ProjectFalls/Content/' took 0.01s
[2020.12.07-03.18.21:884][  0]SourceControl: Source control is disabled
[2020.12.07-03.18.21:884][  0]LogUnrealEdMisc: Loading editor; pre map load, took 9.105
[2020.12.07-03.18.21:884][  0]Cmd: MAP LOAD FILE="../../../../../Github/ProjectFalls/Content/ThirdPersonBP/Maps/ThirdPersonExampleMap.umap" TEMPLATE=0 SHOWPROGRESS=1 FEATURELEVEL=3
[2020.12.07-03.18.21:884][  0]LightingResults: New page: Lighting Build
[2020.12.07-03.18.21:886][  0]LogWorld: UWorld::CleanupWorld for Untitled, bSessionEnded=true, bCleanupResources=true
[2020.12.07-03.18.21:886][  0]LogSlate: InvalidateAllWidgets triggered.  All widgets were invalidated
[2020.12.07-03.18.21:886][  0]MapCheck: New page: Map Check
[2020.12.07-03.18.21:886][  0]LightingResults: New page: Lighting Build
[2020.12.07-03.18.21:895][  0]LogAISub: UAISubsystem::~UAISubsystem EnvQueryManager (000001A4B1540600), frame # 0
[2020.12.07-03.18.21:895][  0]LogAISub: UAISubsystem::~UAISubsystem AIPerceptionSystem (000001A4B1555940), frame # 0
[2020.12.07-03.18.21:896][  0]LogUObjectHash: Compacting FUObjectHashTables data took   0.58ms
[2020.12.07-03.18.21:924][  0]LogLinker: Warning: While loading '../../../../../Github/ProjectFalls/Content/Max/Animations/Max_CrouchWalk.uasset' failed to load '/Game/Max/Animations/WalkRun/Crouch_Idle__1_': Can't find file.
[2020.12.07-03.18.21:925][  0]LogLinker: Warning: While loading '../../../../../Github/ProjectFalls/Content/Max/Animations/Max_CrouchWalk.uasset' failed to load '/Game/Max/Animations/WalkRun/Crouch_Idle__1_': Can't find file.
[2020.12.07-03.18.21:927][  0]LogLinker: Warning: While loading '../../../../../Github/ProjectFalls/Content/Max/Animations/Max_CrouchWalk.uasset' failed to load '/Game/Max/Animations/WalkRun/Crouch_Idle__1_': Can't find file.
[2020.12.07-03.18.21:927][  0]LogLinker: Warning: While loading '../../../../../Github/ProjectFalls/Content/Max/Animations/Max_CrouchWalk.uasset' failed to load '/Game/Max/Animations/WalkRun/Crouch_Idle__1_': Can't find file.
[2020.12.07-03.18.22:003][  0]LogLinker: Warning: While loading '../../../../../Github/ProjectFalls/Content/Max/Animations/Max_Blueprint.uasset' failed to load '/Game/Max/Animations/WalkRun/Crouch_Idle__1_': Can't find file.
[2020.12.07-03.18.22:003][  0]LoadErrors: Failed to load /Game/Max/Animations/WalkRun/Crouch_Idle__1_.Crouch_Idle__1_ Referenced by Max_CrouchWalk
[2020.12.07-03.18.22:004][  0]LogLinker: Warning: While loading '../../../../../Github/ProjectFalls/Content/Max/Animations/Max_Blueprint.uasset' failed to load '/Game/Max/Animations/WalkRun/Crouch_Idle__1_': Can't find file.
[2020.12.07-03.18.22:004][  0]LoadErrors: Failed to load /Game/Max/Animations/WalkRun/Crouch_Idle__1_.Crouch_Idle__1_ Referenced by Max_CrouchWalk
[2020.12.07-03.18.22:484][  0]LoadErrors: Error: The BlendSpace  Max_CrouchWalk  has sample with no animation. Recommend to remove sample point or set new animation.
[2020.12.07-03.18.22:520][  0]LogAIModule: Creating AISystem for world ThirdPersonExampleMap
[2020.12.07-03.18.22:521][  0]LogAISub: UAISubsystem::UAISubsystem EnvQueryManager (000001A4A4243E00), frame # 0
[2020.12.07-03.18.22:521][  0]LogAISub: UAISubsystem::UAISubsystem AIPerceptionSystem (000001A49E200F40), frame # 0
[2020.12.07-03.18.22:528][  0]LogEditorServer: Finished looking for orphan Actors (0.000 secs)
[2020.12.07-03.18.22:540][  0]LogUObjectHash: Compacting FUObjectHashTables data took   1.17ms
[2020.12.07-03.18.22:540][  0]Cmd: MAP CHECKDEP NOCLEARLOG
[2020.12.07-03.18.22:541][  0]MapCheck: Map check complete: 0 Error(s), 0 Warning(s), took 0.331ms to complete.
[2020.12.07-03.18.22:541][  0]LogFileHelpers: Loading map 'ThirdPersonExampleMap' took 0.657
[2020.12.07-03.18.22:543][  0]LogUnrealEdMisc: Total Editor Startup Time, took 9.764
[2020.12.07-03.18.22:682][  0]LogSlate: Updating window title bar state: overlay mode, drag disabled, window buttons hidden, title bar hidden
[2020.12.07-03.18.22:689][  0]LogSlate: Updating window title bar state: overlay mode, drag disabled, window buttons hidden, title bar hidden
[2020.12.07-03.18.22:696][  0]LogSlate: Updating window title bar state: overlay mode, drag disabled, window buttons hidden, title bar hidden
[2020.12.07-03.18.22:704][  0]LogSlate: Updating window title bar state: overlay mode, drag disabled, window buttons hidden, title bar hidden
[2020.12.07-03.18.22:718][  0]LogCollectionManager: Loaded 0 collections in 0.001140 seconds
[2020.12.07-03.18.22:732][  0]LogFileCache: Scanning file cache for directory 'E:/Github/ProjectFalls/Saved/Collections/' took 0.00s
[2020.12.07-03.18.22:732][  0]LogFileCache: Scanning file cache for directory 'E:/Github/ProjectFalls/Content/Developers/Kaue/Collections/' took 0.00s
[2020.12.07-03.18.22:732][  0]LogFileCache: Scanning file cache for directory 'E:/Github/ProjectFalls/Content/Collections/' took 0.00s
[2020.12.07-03.18.22:732][  0]LogContentBrowser: Native class hierarchy populated in 0.0087 seconds. Added 3427 classes and 821 folders.
[2020.12.07-03.18.22:736][  0]LogContentBrowser: Native class hierarchy updated for 'WidgetCarousel' in 0.0003 seconds. Added 0 classes and 0 folders.
[2020.12.07-03.18.22:844][  0]LogContentBrowser: Native class hierarchy updated for 'AddContentDialog' in 0.0003 seconds. Added 0 classes and 0 folders.
[2020.12.07-03.18.22:846][  0]LogContentBrowser: Native class hierarchy updated for 'SceneOutliner' in 0.0004 seconds. Added 2 classes and 0 folders.
[2020.12.07-03.18.23:007][  0]LogSlate: Took 0.000371 seconds to synchronously load lazily loaded font '../../../Engine/Content/Slate/Fonts/Roboto-Regular.ttf' (155K)
[2020.12.07-03.18.23:009][  0]LogSlate: Took 0.000354 seconds to synchronously load lazily loaded font '../../../Engine/Content/Slate/Fonts/Roboto-Bold.ttf' (160K)
[2020.12.07-03.18.23:013][  0]LogSlate: Took 0.000248 seconds to synchronously load lazily loaded font '../../../Engine/Content/Editor/Slate/Fonts/FontAwesome.ttf' (139K)
[2020.12.07-03.18.23:075][  0]LogRenderer: Reallocating scene render targets to support 1704x852 Format 9 NumSamples 1 (Frame:1).
[2020.12.07-03.18.23:187][  0]LogContentBrowser: Native class hierarchy updated for 'HierarchicalLODOutliner' in 0.0003 seconds. Added 0 classes and 0 folders.
[2020.12.07-03.18.23:187][  0]LogLoad: (Engine Initialization) Total time: 10.41 seconds
[2020.12.07-03.18.23:187][  0]LogLoad: (Engine Initialization) Total Blueprint compile time: 0.00 seconds
[2020.12.07-03.18.23:227][  0]LogAssetRegistry: Asset discovery search completed in 4.8431 seconds
[2020.12.07-03.18.23:231][  0]LogCollectionManager: Fixed up redirectors for 0 collections in 0.000003 seconds (updated 0 objects)
[2020.12.07-03.18.23:232][  0]LogContentStreaming: Texture pool size now 800 MB
[2020.12.07-03.18.23:336][  0]LogSlate: Took 0.000224 seconds to synchronously load lazily loaded font '../../../Engine/Content/Slate/Fonts/DroidSansMono.ttf' (77K)
[2020.12.07-03.18.25:130][173]LogSlate: Window 'Message Log' being destroyed
[2020.12.07-03.18.25:134][173]LogSlate: Window 'Message Log' being destroyed
[2020.12.07-03.18.27:660][440]LogSlate: Took 0.000291 seconds to synchronously load lazily loaded font '../../../Engine/Content/Slate/Fonts/Roboto-Light.ttf' (167K)
[2020.12.07-03.19.05:939][830]LogSlate: Took 0.000296 seconds to synchronously load lazily loaded font '../../../Engine/Content/Slate/Fonts/Roboto-Light.ttf' (167K)
[2020.12.07-03.19.05:963][830]LogFactory: FactoryCreateFile: StaticMesh with FbxFactory (0 0 ../../../../../NightmareStudios/Personagem1/Animations/Crouch Idle.fbx)
[2020.12.07-03.19.05:978][830]LogFbx: Loading FBX Scene from ../../../../../NightmareStudios/Personagem1/Animations/Crouch Idle.fbx
[2020.12.07-03.19.06:000][830]LogFbx: FBX Scene Loaded Succesfully
[2020.12.07-03.19.09:208][830]LogSlate: Window 'FBX Import Options' being destroyed
[2020.12.07-03.19.09:226][830]LogFbx: SortedLinks :(0) Hips
[2020.12.07-03.19.09:226][830]LogFbx: SortedLinks :(1) Spine
[2020.12.07-03.19.09:226][830]LogFbx: SortedLinks :(2) Spine1
[2020.12.07-03.19.09:226][830]LogFbx: SortedLinks :(3) Spine2
[2020.12.07-03.19.09:226][830]LogFbx: SortedLinks :(4) Neck
[2020.12.07-03.19.09:226][830]LogFbx: SortedLinks :(5) Head
[2020.12.07-03.19.09:226][830]LogFbx: SortedLinks :(6) HeadTop_End
[2020.12.07-03.19.09:227][830]LogFbx: SortedLinks :(7) LeftShoulder
[2020.12.07-03.19.09:227][830]LogFbx: SortedLinks :(8) LeftArm
[2020.12.07-03.19.09:227][830]LogFbx: SortedLinks :(9) LeftForeArm
[2020.12.07-03.19.09:227][830]LogFbx: SortedLinks :(10) LeftHand
[2020.12.07-03.19.09:227][830]LogFbx: SortedLinks :(11) LeftHandThumb1
[2020.12.07-03.19.09:227][830]LogFbx: SortedLinks :(12) LeftHandThumb2
[2020.12.07-03.19.09:227][830]LogFbx: SortedLinks :(13) LeftHandThumb3
[2020.12.07-03.19.09:227][830]LogFbx: SortedLinks :(14) LeftHandThumb4
[2020.12.07-03.19.09:227][830]LogFbx: SortedLinks :(15) LeftHandIndex1
[2020.12.07-03.19.09:227][830]LogFbx: SortedLinks :(16) LeftHandIndex2
[2020.12.07-03.19.09:227][830]LogFbx: SortedLinks :(17) LeftHandIndex3
[2020.12.07-03.19.09:227][830]LogFbx: SortedLinks :(18) LeftHandIndex4
[2020.12.07-03.19.09:227][830]LogFbx: SortedLinks :(19) LeftHandMiddle1
[2020.12.07-03.19.09:227][830]LogFbx: SortedLinks :(20) LeftHandMiddle2
[2020.12.07-03.19.09:227][830]LogFbx: SortedLinks :(21) LeftHandMiddle3
[2020.12.07-03.19.09:227][830]LogFbx: SortedLinks :(22) LeftHandMiddle4
[2020.12.07-03.19.09:227][830]LogFbx: SortedLinks :(23) LeftHandRing1
[2020.12.07-03.19.09:227][830]LogFbx: SortedLinks :(24) LeftHandRing2
[2020.12.07-03.19.09:227][830]LogFbx: SortedLinks :(25) LeftHandRing3
[2020.12.07-03.19.09:227][830]LogFbx: SortedLinks :(26) LeftHandRing4
[2020.12.07-03.19.09:227][830]LogFbx: SortedLinks :(27) LeftHandPinky1
[2020.12.07-03.19.09:227][830]LogFbx: SortedLinks :(28) LeftHandPinky2
[2020.12.07-03.19.09:227][830]LogFbx: SortedLinks :(29) LeftHandPinky3
[2020.12.07-03.19.09:227][830]LogFbx: SortedLinks :(30) LeftHandPinky4
[2020.12.07-03.19.09:227][830]LogFbx: SortedLinks :(31) RightShoulder
[2020.12.07-03.19.09:227][830]LogFbx: SortedLinks :(32) RightArm
[2020.12.07-03.19.09:227][830]LogFbx: SortedLinks :(33) RightForeArm
[2020.12.07-03.19.09:227][830]LogFbx: SortedLinks :(34) RightHand
[2020.12.07-03.19.09:227][830]LogFbx: SortedLinks :(35) RightHandThumb1
[2020.12.07-03.19.09:227][830]LogFbx: SortedLinks :(36) RightHandThumb2
[2020.12.07-03.19.09:227][830]LogFbx: SortedLinks :(37) RightHandThumb3
[2020.12.07-03.19.09:227][830]LogFbx: SortedLinks :(38) RightHandThumb4
[2020.12.07-03.19.09:227][830]LogFbx: SortedLinks :(39) RightHandIndex1
[2020.12.07-03.19.09:227][830]LogFbx: SortedLinks :(40) RightHandIndex2
[2020.12.07-03.19.09:227][830]LogFbx: SortedLinks :(41) RightHandIndex3
[2020.12.07-03.19.09:227][830]LogFbx: SortedLinks :(42) RightHandIndex4
[2020.12.07-03.19.09:227][830]LogFbx: SortedLinks :(43) RightHandMiddle1
[2020.12.07-03.19.09:227][830]LogFbx: SortedLinks :(44) RightHandMiddle2
[2020.12.07-03.19.09:227][830]LogFbx: SortedLinks :(45) RightHandMiddle3
[2020.12.07-03.19.09:227][830]LogFbx: SortedLinks :(46) RightHandMiddle4
[2020.12.07-03.19.09:227][830]LogFbx: SortedLinks :(47) RightHandRing1
[2020.12.07-03.19.09:227][830]LogFbx: SortedLinks :(48) RightHandRing2
[2020.12.07-03.19.09:227][830]LogFbx: SortedLinks :(49) RightHandRing3
[2020.12.07-03.19.09:227][830]LogFbx: SortedLinks :(50) RightHandRing4
[2020.12.07-03.19.09:227][830]LogFbx: SortedLinks :(51) RightHandPinky1
[2020.12.07-03.19.09:228][830]LogFbx: SortedLinks :(52) RightHandPinky2
[2020.12.07-03.19.09:228][830]LogFbx: SortedLinks :(53) RightHandPinky3
[2020.12.07-03.19.09:228][830]LogFbx: SortedLinks :(54) RightHandPinky4
[2020.12.07-03.19.09:228][830]LogFbx: SortedLinks :(55) LeftUpLeg
[2020.12.07-03.19.09:228][830]LogFbx: SortedLinks :(56) LeftLeg
[2020.12.07-03.19.09:228][830]LogFbx: SortedLinks :(57) LeftFoot
[2020.12.07-03.19.09:228][830]LogFbx: SortedLinks :(58) LeftToeBase
[2020.12.07-03.19.09:228][830]LogFbx: SortedLinks :(59) LeftToe_End
[2020.12.07-03.19.09:228][830]LogFbx: SortedLinks :(60) RightUpLeg
[2020.12.07-03.19.09:228][830]LogFbx: SortedLinks :(61) RightLeg
[2020.12.07-03.19.09:228][830]LogFbx: SortedLinks :(62) RightFoot
[2020.12.07-03.19.09:228][830]LogFbx: SortedLinks :(63) RightToeBase
[2020.12.07-03.19.09:228][830]LogFbx: SortedLinks :(64) RightToe_End
[2020.12.07-03.19.09:231][830]LogFbx: Parsing AnimStack mixamo.com
[2020.12.07-03.19.09:483][830]LogAnimationCompression: Building Anim DDC data for AnimSequence /Game/Max/Animations/WalkRun/Crouch_Idle.Crouch_Idle
[2020.12.07-03.19.18:319][343]LogUObjectHash: Compacting FUObjectHashTables data took   0.53ms
[2020.12.07-03.19.20:000][343]LogSlate: Window 'Delete Assets' being destroyed
[2020.12.07-03.19.20:768][343]LogUObjectGlobals: Force Deleting 1 Package(s):
	Asset Name: /Game/Max/Animations/WalkRun/Crouch_Idle_2.Crouch_Idle_2
[2020.12.07-03.19.21:511][343]LogUObjectHash: Compacting FUObjectHashTables data took   0.55ms
[2020.12.07-03.19.25:127][707]Cmd: OBJ SAVEPACKAGE PACKAGE="/Game/Max/Animations/WalkRun/weapom/Crouch_Idle_3" FILE="../../../../../Github/ProjectFalls/Content/Max/Animations/WalkRun/weapom/Crouch_Idle_3.uasset" SILENT=true
[2020.12.07-03.19.25:136][707]LogSavePackage: Moving '../../../../../Github/ProjectFalls/Saved/Crouch_Idle_3EDABD58D4851455EBC407C8AE8DC10DA.tmp' to '../../../../../Github/ProjectFalls/Content/Max/Animations/WalkRun/weapom/Crouch_Idle_3.uasset'
[2020.12.07-03.19.25:229][707]LogUObjectHash: Compacting FUObjectHashTables data took   0.58ms
[2020.12.07-03.19.25:247][707]LogUObjectHash: Compacting FUObjectHashTables data took   0.56ms
[2020.12.07-03.19.25:257][707]LogUObjectHash: Compacting FUObjectHashTables data took   0.21ms
[2020.12.07-03.19.25:336][707]AssetCheck: New page: Asset Save: Crouch_Idle_3
[2020.12.07-03.19.25:336][707]LogContentValidation: Display: Validating AnimSequence /Game/Max/Animations/WalkRun/weapom/Crouch_Idle_3.Crouch_Idle_3
[2020.12.07-03.19.44:802][925]LogAssetEditorSubsystem: Opening Asset editor for BlendSpace /Game/Max/Animations/Max_CrouchWalk.Max_CrouchWalk
[2020.12.07-03.19.44:812][925]LogContentBrowser: Native class hierarchy updated for 'SkeletonEditor' in 0.0003 seconds. Added 1 classes and 2 folders.
[2020.12.07-03.19.44:975][925]LogActorComponent: RegisterComponentWithWorld: (/Engine/Transient.World_4:PersistentLevel.AnimationEditorPreviewActor_0.DebugSkelMeshComponent_0) Already registered. Aborting.
[2020.12.07-03.19.44:976][925]LogContentBrowser: Native class hierarchy updated for 'PinnedCommandList' in 0.0003 seconds. Added 1 classes and 0 folders.
[2020.12.07-03.19.45:096][925]LogSkeletalMesh: USkeletalMeshComponent::InitArticulated : Bodies already created (/Engine/Transient.World_4:PersistentLevel.AnimationEditorPreviewActor_0.DebugSkelMeshComponent_0) - call TermArticulated first.
[2020.12.07-03.19.45:456][925]LogContentBrowser: Verbose: The majority of assets in the view are of type: AnimSequence
[2020.12.07-03.19.54:772][575]Cmd: OBJ SAVEPACKAGE PACKAGE="/Game/Max/Animations/Max_CrouchWalk" FILE="../../../../../Github/ProjectFalls/Content/Max/Animations/Max_CrouchWalk.uasset" SILENT=true
[2020.12.07-03.19.54:794][575]LogSavePackage: Moving '../../../../../Github/ProjectFalls/Saved/Max_CrouchWalk8D17F0A843F85A2BDB2FFE95E6E2779D.tmp' to '../../../../../Github/ProjectFalls/Content/Max/Animations/Max_CrouchWalk.uasset'
[2020.12.07-03.19.54:813][575]AssetCheck: New page: Asset Save: Max_CrouchWalk
[2020.12.07-03.19.54:813][575]LogContentValidation: Display: Validating BlendSpace /Game/Max/Animations/Max_CrouchWalk.Max_CrouchWalk
[2020.12.07-03.19.55:917][650]LogSlate: Window 'Max_CrouchWalk' being destroyed
[2020.12.07-03.19.55:921][650]LogSlate: Window 'Max_CrouchWalk' being destroyed
[2020.12.07-03.19.55:921][650]LogWorld: UWorld::CleanupWorld for World_4, bSessionEnded=true, bCleanupResources=true
[2020.12.07-03.19.55:921][650]LogSlate: InvalidateAllWidgets triggered.  All widgets were invalidated
[2020.12.07-03.19.55:974][650]LogWorld: UWorld::CleanupWorld for World_5, bSessionEnded=true, bCleanupResources=true
[2020.12.07-03.19.55:974][650]LogSlate: InvalidateAllWidgets triggered.  All widgets were invalidated
[2020.12.07-03.19.57:653][845]LogTemp: Repeating last play command: New Editor Window (PIE)
[2020.12.07-03.19.57:667][845]LogPlayLevel: PlayLevel: No blueprints needed recompiling
[2020.12.07-03.19.57:668][845]PIE: New page: PIE session: ThirdPersonExampleMap (Dec 6, 2020, 10:19:57 PM)
[2020.12.07-03.19.57:669][845]LogOnline: OSS: Creating online subsystem instance for: NULL
[2020.12.07-03.19.57:670][845]LogOnline: OSS: TryLoadSubsystemAndSetDefault: Loaded subsystem for module [NULL]
[2020.12.07-03.19.57:670][845]LogPlayLevel: Creating play world package: /Game/ThirdPersonBP/Maps/UEDPIE_0_ThirdPersonExampleMap
[2020.12.07-03.19.57:680][845]LogPlayLevel: PIE: StaticDuplicateObject took: (0.010365s)
[2020.12.07-03.19.57:681][845]LogAIModule: Creating AISystem for world ThirdPersonExampleMap
[2020.12.07-03.19.57:681][845]LogAISub: UAISubsystem::UAISubsystem EnvQueryManager (000001A55C589200), frame # 5845
[2020.12.07-03.19.57:681][845]LogAISub: UAISubsystem::UAISubsystem AIPerceptionSystem (000001A4AE0DB380), frame # 5845
[2020.12.07-03.19.57:682][845]LogPlayLevel: PIE: World Init took: (0.001201s)
[2020.12.07-03.19.57:682][845]LogPlayLevel: PIE: Created PIE world by copying editor world from /Game/ThirdPersonBP/Maps/ThirdPersonExampleMap.ThirdPersonExampleMap to /Game/ThirdPersonBP/Maps/UEDPIE_0_ThirdPersonExampleMap.ThirdPersonExampleMap (0.011802s)
[2020.12.07-03.19.57:697][845]LogUObjectHash: Compacting FUObjectHashTables data took   0.58ms
[2020.12.07-03.19.57:706][845]LogAudioMixer: Display: Audio Mixer Platform Settings:
[2020.12.07-03.19.57:706][845]LogAudioMixer: Display: 	Sample Rate:						  48000
[2020.12.07-03.19.57:706][845]LogAudioMixer: Display: 	Callback Buffer Frame Size Requested: 1024
[2020.12.07-03.19.57:706][845]LogAudioMixer: Display: 	Callback Buffer Frame Size To Use:	  1024
[2020.12.07-03.19.57:706][845]LogAudioMixer: Display: 	Number of buffers to queue:			  2
[2020.12.07-03.19.57:706][845]LogAudioMixer: Display: 	Max Channels (voices):				  32
[2020.12.07-03.19.57:706][845]LogAudioMixer: Display: 	Number of Async Source Workers:		  0
[2020.12.07-03.19.57:706][845]LogAudio: Display: AudioDevice MaxSources: 32
[2020.12.07-03.19.57:706][845]LogAudio: Display: Using built-in audio occlusion.
[2020.12.07-03.19.57:706][845]LogAudioMixer: Display: Initializing audio mixer.
[2020.12.07-03.19.57:728][845]LogAudioMixer: Display: 0: FrontLeft
[2020.12.07-03.19.57:728][845]LogAudioMixer: Display: 1: FrontRight
[2020.12.07-03.19.57:780][845]LogAudioMixer: Display: Using Audio Device Alto-falantes (Jabra EVOLVE 20)
[2020.12.07-03.19.57:780][845]LogAudioMixer: Display: Initializing Sound Submixes...
[2020.12.07-03.19.57:780][845]LogAudioMixer: Display: Creating Master Submix 'MasterSubmixDefault'
[2020.12.07-03.19.57:780][845]LogAudioMixer: Display: Creating Master Submix 'MasterReverbSubmixDefault'
[2020.12.07-03.19.57:780][845]LogAudioMixer: Display: Creating Master Submix 'MasterEQSubmixDefault'
[2020.12.07-03.19.57:796][845]LogInit: FAudioDevice initialized.
[2020.12.07-03.19.57:840][845]LogSlate: Updating window title bar state: overlay mode, drag disabled, window buttons hidden, title bar hidden
[2020.12.07-03.19.57:897][845]LogLoad: Game class is 'ThirdPersonGameMode_C'
[2020.12.07-03.19.57:898][845]LogWorld: Bringing World /Game/ThirdPersonBP/Maps/UEDPIE_0_ThirdPersonExampleMap.ThirdPersonExampleMap up for play (max tick rate 0) at 2020.12.07-00.19.57
[2020.12.07-03.19.57:899][845]LogWorld: Bringing up level for play took: 0.001117
[2020.12.07-03.19.57:899][845]LogOnline: OSS: Creating online subsystem instance for: :Context_9
[2020.12.07-03.19.57:904][845]LogContentBrowser: Native class hierarchy updated for 'MovieSceneCapture' in 0.0004 seconds. Added 20 classes and 0 folders.
[2020.12.07-03.19.57:906][845]PIE: Server logged in
[2020.12.07-03.19.57:907][845]PIE: Play in editor total start time 0.247 seconds.
[2020.12.07-03.20.03:931][556]LogSlate: Updating window title bar state: overlay mode, drag disabled, window buttons hidden, title bar hidden
[2020.12.07-03.20.03:931][556]LogWorld: BeginTearingDown for /Game/ThirdPersonBP/Maps/UEDPIE_0_ThirdPersonExampleMap
[2020.12.07-03.20.03:932][556]LogSlate: Window 'ProjectFalls Preview [NetMode: Standalone] (64-bit/Windows) ' being destroyed
[2020.12.07-03.20.03:945][556]LogWorld: UWorld::CleanupWorld for ThirdPersonExampleMap, bSessionEnded=true, bCleanupResources=true
[2020.12.07-03.20.03:946][556]LogSlate: InvalidateAllWidgets triggered.  All widgets were invalidated
[2020.12.07-03.20.03:954][556]LogPlayLevel: Display: Shutting down PIE online subsystems
[2020.12.07-03.20.03:956][556]LogSlate: InvalidateAllWidgets triggered.  All widgets were invalidated
[2020.12.07-03.20.03:983][556]LogAISub: UAISubsystem::~UAISubsystem AIPerceptionSystem (000001A4AE0DB380), frame # 6556
[2020.12.07-03.20.03:983][556]LogAISub: UAISubsystem::~UAISubsystem EnvQueryManager (000001A55C589200), frame # 6556
[2020.12.07-03.20.03:985][556]LogUObjectHash: Compacting FUObjectHashTables data took   1.29ms
[2020.12.07-03.20.04:011][557]LogPlayLevel: Display: Destroying online subsystem :Context_9
[2020.12.07-03.20.06:282][773]LogAssetEditorSubsystem: Opening Asset editor for BlendSpace /Game/Max/Animations/Max_CrouchWalk.Max_CrouchWalk
[2020.12.07-03.20.06:287][773]LogActorComponent: RegisterComponentWithWorld: (/Engine/Transient.World_8:PersistentLevel.AnimationEditorPreviewActor_0.DebugSkelMeshComponent_0) Already registered. Aborting.
[2020.12.07-03.20.06:403][773]LogSkeletalMesh: USkeletalMeshComponent::InitArticulated : Bodies already created (/Engine/Transient.World_8:PersistentLevel.AnimationEditorPreviewActor_0.DebugSkelMeshComponent_0) - call TermArticulated first.
[2020.12.07-03.20.06:717][773]LogContentBrowser: Verbose: The majority of assets in the view are of type: AnimSequence
[2020.12.07-03.20.08:923][936]LogSlate: Window 'Max_CrouchWalk' being destroyed
[2020.12.07-03.20.08:937][936]LogSlate: Window 'Max_CrouchWalk' being destroyed
[2020.12.07-03.20.08:937][936]LogWorld: UWorld::CleanupWorld for World_8, bSessionEnded=true, bCleanupResources=true
[2020.12.07-03.20.08:937][936]LogSlate: InvalidateAllWidgets triggered.  All widgets were invalidated
[2020.12.07-03.20.08:991][936]LogWorld: UWorld::CleanupWorld for World_9, bSessionEnded=true, bCleanupResources=true
[2020.12.07-03.20.08:991][936]LogSlate: InvalidateAllWidgets triggered.  All widgets were invalidated
[2020.12.07-03.20.09:771][ 16]Cmd: OBJ SAVEPACKAGE PACKAGE="/Game/Max/Animations/WalkRun/Crouch_Idle" FILE="../../../../../Github/ProjectFalls/Content/Max/Animations/WalkRun/Crouch_Idle.uasset" SILENT=true
[2020.12.07-03.20.09:778][ 16]LogSavePackage: Moving '../../../../../Github/ProjectFalls/Saved/Crouch_Idle59BF072F4CE079E9427AF899CE644DB9.tmp' to '../../../../../Github/ProjectFalls/Content/Max/Animations/WalkRun/Crouch_Idle.uasset'
[2020.12.07-03.20.09:792][ 16]AssetCheck: New page: Asset Save: Crouch_Idle
[2020.12.07-03.20.09:792][ 16]LogContentValidation: Display: Validating AnimSequence /Game/Max/Animations/WalkRun/Crouch_Idle.Crouch_Idle
[2020.12.07-03.20.10:499][ 62]LogAssetEditorSubsystem: Opening Asset editor for AnimBlueprint /Game/Max/Animations/Max_Blueprint.Max_Blueprint
[2020.12.07-03.20.10:507][ 62]LogActorComponent: RegisterComponentWithWorld: (/Engine/Transient.World_11:PersistentLevel.AnimationEditorPreviewActor_0.DebugSkelMeshComponent_0) Already registered. Aborting.
[2020.12.07-03.20.10:723][ 62]LogContentBrowser: Native class hierarchy updated for 'BlueprintGraph' in 0.0005 seconds. Added 125 classes and 0 folders.
[2020.12.07-03.20.11:445][ 62]LogSkeletalMesh: USkeletalMeshComponent::InitArticulated : Bodies already created (/Engine/Transient.World_11:PersistentLevel.AnimationEditorPreviewActor_0.DebugSkelMeshComponent_0) - call TermArticulated first.
[2020.12.07-03.20.11:756][ 62]LogSlate: Took 0.000312 seconds to synchronously load lazily loaded font '../../../Engine/Content/Slate/Fonts/Roboto-BoldCondensed.ttf' (158K)
[2020.12.07-03.20.11:821][ 62]LogContentBrowser: Verbose: The majority of assets in the view are of type: AnimSequence
[2020.12.07-03.20.15:117][349]LogSlate: Took 0.000397 seconds to synchronously load lazily loaded font '../../../Engine/Content/Slate/Fonts/Roboto-Italic.ttf' (157K)
[2020.12.07-03.20.28:706][467]LogSlate: Window 'Max_Blueprint' being destroyed
[2020.12.07-03.20.28:720][467]LogSlate: Window 'Max_Blueprint' being destroyed
[2020.12.07-03.20.28:735][467]LogWorld: UWorld::CleanupWorld for World_11, bSessionEnded=true, bCleanupResources=true
[2020.12.07-03.20.28:735][467]LogSlate: InvalidateAllWidgets triggered.  All widgets were invalidated
[2020.12.07-03.20.28:738][467]LogWorld: UWorld::CleanupWorld for World_10, bSessionEnded=true, bCleanupResources=true
[2020.12.07-03.20.28:738][467]LogSlate: InvalidateAllWidgets triggered.  All widgets were invalidated
[2020.12.07-03.20.28:820][467]LogWorld: UWorld::CleanupWorld for World_12, bSessionEnded=true, bCleanupResources=true
[2020.12.07-03.20.28:820][467]LogSlate: InvalidateAllWidgets triggered.  All widgets were invalidated
[2020.12.07-03.20.45:609][163]LogAssetEditorSubsystem: Opening Asset editor for AnimSequence /Game/Max/Animations/WalkRun/weapom/Crouch_Idle_3.Crouch_Idle_3
[2020.12.07-03.20.45:615][163]LogActorComponent: RegisterComponentWithWorld: (/Engine/Transient.World_13:PersistentLevel.AnimationEditorPreviewActor_0.DebugSkelMeshComponent_0) Already registered. Aborting.
[2020.12.07-03.20.45:728][163]LogSkeletalMesh: USkeletalMeshComponent::InitArticulated : Bodies already created (/Engine/Transient.World_13:PersistentLevel.AnimationEditorPreviewActor_0.DebugSkelMeshComponent_0) - call TermArticulated first.
[2020.12.07-03.20.46:363][163]LogContentBrowser: Verbose: The majority of assets in the view are of type: AnimSequence
[2020.12.07-03.21.02:303][166]Cmd: TRANSACTION UNDO
[2020.12.07-03.21.02:303][166]LogEditorTransaction: Undo Rotate Bone
[2020.12.07-03.21.02:391][166]LogActorComponent: RegisterComponentWithWorld: (/Engine/Transient.World_13:PersistentLevel.AnimationEditorPreviewActor_0.DebugSkelMeshComponent_0) Already registered. Aborting.
[2020.12.07-03.21.08:807][521]Cmd: TRANSACTION UNDO
[2020.12.07-03.21.08:807][521]LogEditorTransaction: Undo Rotate Bone
[2020.12.07-03.21.08:887][521]LogActorComponent: RegisterComponentWithWorld: (/Engine/Transient.World_13:PersistentLevel.AnimationEditorPreviewActor_0.DebugSkelMeshComponent_0) Already registered. Aborting.
[2020.12.07-03.21.32:109][916]Cmd: OBJ SAVEPACKAGE PACKAGE="/Game/Max/Animations/WalkRun/weapom/Crouch_Idle_3" FILE="../../../../../Github/ProjectFalls/Content/Max/Animations/WalkRun/weapom/Crouch_Idle_3.uasset" SILENT=true
[2020.12.07-03.21.32:128][916]LogSavePackage: Moving '../../../../../Github/ProjectFalls/Saved/Crouch_Idle_3AB9866B443210994EFA1629D32D47464.tmp' to '../../../../../Github/ProjectFalls/Content/Max/Animations/WalkRun/weapom/Crouch_Idle_3.uasset'
[2020.12.07-03.21.32:149][916]AssetCheck: New page: Asset Save: Crouch_Idle_3
[2020.12.07-03.21.32:150][916]LogContentValidation: Display: Validating AnimSequence /Game/Max/Animations/WalkRun/weapom/Crouch_Idle_3.Crouch_Idle_3
[2020.12.07-03.22.04:260][862]Cmd: OBJ SAVEPACKAGE PACKAGE="/Game/Max/Animations/WalkRun/weapom/Crouch_Idle_3" FILE="../../../../../Github/ProjectFalls/Content/Max/Animations/WalkRun/weapom/Crouch_Idle_3.uasset" SILENT=true
[2020.12.07-03.22.04:277][862]LogAnimationCompression: Building Anim DDC data for AnimSequence /Game/Max/Animations/WalkRun/weapom/Crouch_Idle_3.Crouch_Idle_3
[2020.12.07-03.22.04:328][862]LogSavePackage: Moving '../../../../../Github/ProjectFalls/Saved/Crouch_Idle_39776DC0C4711A0E1AE7203AF11084297.tmp' to '../../../../../Github/ProjectFalls/Content/Max/Animations/WalkRun/weapom/Crouch_Idle_3.uasset'
[2020.12.07-03.22.04:349][862]AssetCheck: New page: Asset Save: Crouch_Idle_3
[2020.12.07-03.22.04:349][862]LogContentValidation: Display: Validating AnimSequence /Game/Max/Animations/WalkRun/weapom/Crouch_Idle_3.Crouch_Idle_3
[2020.12.07-03.22.05:333][928]LogSlate: Window 'Crouch_Idle_3' being destroyed
[2020.12.07-03.22.05:339][928]LogSlate: Window 'Crouch_Idle_3' being destroyed
[2020.12.07-03.22.05:340][928]LogWorld: UWorld::CleanupWorld for World_13, bSessionEnded=true, bCleanupResources=true
[2020.12.07-03.22.05:340][928]LogSlate: InvalidateAllWidgets triggered.  All widgets were invalidated
[2020.12.07-03.22.05:354][928]LogWorld: UWorld::CleanupWorld for World_15, bSessionEnded=true, bCleanupResources=true
[2020.12.07-03.22.05:354][928]LogSlate: InvalidateAllWidgets triggered.  All widgets were invalidated
[2020.12.07-03.22.05:418][928]LogWorld: UWorld::CleanupWorld for World_14, bSessionEnded=true, bCleanupResources=true
[2020.12.07-03.22.05:418][928]LogSlate: InvalidateAllWidgets triggered.  All widgets were invalidated
[2020.12.07-03.22.14:811][630]LogAssetEditorSubsystem: Opening Asset editor for AnimSequence /Game/Max/Animations/WalkRun/weapom/Crouch_Idle_4.Crouch_Idle_4
[2020.12.07-03.22.14:817][630]LogActorComponent: RegisterComponentWithWorld: (/Engine/Transient.World_16:PersistentLevel.AnimationEditorPreviewActor_0.DebugSkelMeshComponent_0) Already registered. Aborting.
[2020.12.07-03.22.14:935][630]LogSkeletalMesh: USkeletalMeshComponent::InitArticulated : Bodies already created (/Engine/Transient.World_16:PersistentLevel.AnimationEditorPreviewActor_0.DebugSkelMeshComponent_0) - call TermArticulated first.
[2020.12.07-03.22.15:256][630]LogContentBrowser: Verbose: The majority of assets in the view are of type: AnimSequence
[2020.12.07-03.26.49:444][653]Cmd: OBJ SAVEPACKAGE PACKAGE="/Game/Max/Animations/WalkRun/weapom/Crouch_Idle_4" FILE="../../../../../Github/ProjectFalls/Content/Max/Animations/WalkRun/weapom/Crouch_Idle_4.uasset" SILENT=true
[2020.12.07-03.26.49:447][653]LogAnimationCompression: Building Anim DDC data for AnimSequence /Game/Max/Animations/WalkRun/weapom/Crouch_Idle_4.Crouch_Idle_4
[2020.12.07-03.26.49:510][653]LogSavePackage: Moving '../../../../../Github/ProjectFalls/Saved/Crouch_Idle_441773700456E3C2EED96369BBF6D9214.tmp' to '../../../../../Github/ProjectFalls/Content/Max/Animations/WalkRun/weapom/Crouch_Idle_4.uasset'
[2020.12.07-03.26.49:544][653]AssetCheck: New page: Asset Save: Crouch_Idle_4
[2020.12.07-03.26.49:545][653]LogContentValidation: Display: Validating AnimSequence /Game/Max/Animations/WalkRun/weapom/Crouch_Idle_4.Crouch_Idle_4
[2020.12.07-03.27.19:385][600]Cmd: TRANSACTION UNDO
[2020.12.07-03.27.19:385][600]LogEditorTransaction: Undo Remove Curves
[2020.12.07-03.27.19:472][600]LogActorComponent: RegisterComponentWithWorld: (/Engine/Transient.World_16:PersistentLevel.AnimationEditorPreviewActor_0.DebugSkelMeshComponent_0) Already registered. Aborting.
[2020.12.07-03.27.19:909][608]Cmd: TRANSACTION UNDO
[2020.12.07-03.27.19:909][608]LogEditorTransaction: Undo Remove Curves
[2020.12.07-03.27.19:982][608]LogActorComponent: RegisterComponentWithWorld: (/Engine/Transient.World_16:PersistentLevel.AnimationEditorPreviewActor_0.DebugSkelMeshComponent_0) Already registered. Aborting.
[2020.12.07-03.27.20:179][618]Cmd: TRANSACTION UNDO
[2020.12.07-03.27.20:179][618]LogEditorTransaction: Undo Remove Curves
[2020.12.07-03.27.20:251][618]LogActorComponent: RegisterComponentWithWorld: (/Engine/Transient.World_16:PersistentLevel.AnimationEditorPreviewActor_0.DebugSkelMeshComponent_0) Already registered. Aborting.
[2020.12.07-03.27.20:720][647]Cmd: TRANSACTION UNDO
[2020.12.07-03.27.20:720][647]LogEditorTransaction: Undo Rotate Bone
[2020.12.07-03.27.20:794][647]LogActorComponent: RegisterComponentWithWorld: (/Engine/Transient.World_16:PersistentLevel.AnimationEditorPreviewActor_0.DebugSkelMeshComponent_0) Already registered. Aborting.
[2020.12.07-03.28.45:660][964]Cmd: OBJ SAVEPACKAGE PACKAGE="/Game/Max/Animations/WalkRun/weapom/Crouch_Idle_4" FILE="../../../../../Github/ProjectFalls/Content/Max/Animations/WalkRun/weapom/Crouch_Idle_4.uasset" SILENT=true
[2020.12.07-03.28.45:679][964]LogAnimationCompression: Building Anim DDC data for AnimSequence /Game/Max/Animations/WalkRun/weapom/Crouch_Idle_4.Crouch_Idle_4
[2020.12.07-03.28.45:732][964]LogSavePackage: Moving '../../../../../Github/ProjectFalls/Saved/Crouch_Idle_491E1AF8B4951129EA3B7F2B5A9CFEF07.tmp' to '../../../../../Github/ProjectFalls/Content/Max/Animations/WalkRun/weapom/Crouch_Idle_4.uasset'
[2020.12.07-03.28.45:755][964]AssetCheck: New page: Asset Save: Crouch_Idle_4
[2020.12.07-03.28.45:755][964]LogContentValidation: Display: Validating AnimSequence /Game/Max/Animations/WalkRun/weapom/Crouch_Idle_4.Crouch_Idle_4
[2020.12.07-03.28.48:922][167]LogSlate: Window 'Crouch_Idle_4' being destroyed
[2020.12.07-03.28.48:935][167]LogSlate: Window 'Crouch_Idle_4' being destroyed
[2020.12.07-03.28.48:935][167]LogWorld: UWorld::CleanupWorld for World_16, bSessionEnded=true, bCleanupResources=true
[2020.12.07-03.28.48:936][167]LogSlate: InvalidateAllWidgets triggered.  All widgets were invalidated
[2020.12.07-03.28.49:041][167]LogWorld: UWorld::CleanupWorld for World_17, bSessionEnded=true, bCleanupResources=true
[2020.12.07-03.28.49:041][167]LogSlate: InvalidateAllWidgets triggered.  All widgets were invalidated
[2020.12.07-03.28.51:072][330]LogRHI: Error: Present Fail Count 1
[2020.12.07-03.28.51:072][330]LogRHI: Error: SyncInterval 0
[2020.12.07-03.28.51:072][330]LogRHI: Error: SwapChainDesc.BufferDesc.Width 648
[2020.12.07-03.28.51:072][330]LogRHI: Error: SwapChainDesc.BufferDesc.Height 97
[2020.12.07-03.28.51:072][330]LogRHI: Error: SwapChainDesc.BufferDesc.RefreshRate.Numerator 0
[2020.12.07-03.28.51:072][330]LogRHI: Error: SwapChainDesc.BufferDesc.RefreshRate.Denominator 0
[2020.12.07-03.28.51:072][330]LogRHI: Error: SwapChainDesc.BufferDesc.Format 24
[2020.12.07-03.28.51:072][330]LogRHI: Error: SwapChainDesc.BufferDesc.ScanlineOrdering 0
[2020.12.07-03.28.51:072][330]LogRHI: Error: SwapChainDesc.BufferDesc.Scaling 0
[2020.12.07-03.28.51:072][330]LogRHI: Error: SwapChainDesc.SampleDesc.Count 1
[2020.12.07-03.28.51:072][330]LogRHI: Error: SwapChainDesc.SampleDesc.Quality 0
[2020.12.07-03.28.51:072][330]LogRHI: Error: SwapChainDesc.BufferUsage 48
[2020.12.07-03.28.51:072][330]LogRHI: Error: SwapChainDesc.BufferCount 2
[2020.12.07-03.28.51:072][330]LogRHI: Error: SwapChainDesc.OutputWindow 000000000034052A
[2020.12.07-03.28.51:072][330]LogRHI: Error: SwapChainDesc.Windowed true
[2020.12.07-03.28.51:072][330]LogRHI: Error: SwapChainDesc.SwapEffect 4
[2020.12.07-03.28.51:072][330]LogRHI: Error: SwapChainDesc.Flags 2050
[2020.12.07-03.28.51:072][330]LogD3D11RHI: Error: Result failed 
 at D:/Build/++UE4/Sync/Engine/Source/Runtime/Windows/D3D11RHI/Private/D3D11Query.cpp:348 
 with error DXGI_ERROR_DEVICE_REMOVED DXGI_ERROR_DRIVER_INTERNAL_ERROR
[2020.12.07-03.28.51:072][330]LogD3D11RHI: [Aftermath] GDynamicRHI=000001A4F5B760C0, GDX11NVAfterMathEnabled=0, Result=0xFFFFFFFF, bDeviceActive=0
[2020.12.07-03.28.51:072][330]LogWindows: Windows GetLastError: A operação foi concluída com êxito. (0)
[2020.12.07-03.28.54:781][330]LogWindows: FPlatformMisc::RequestExit(0)
[2020.12.07-03.28.54:781][330]LogCore: Engine exit requested (reason: Win RequestExit)
[2020.12.07-03.28.54:781][330]LogWindows: FPlatformMisc::RequestExit(1)
[2020.12.07-03.28.54:781][330]LogCore: Engine exit requested (reason: Win RequestExit; note: exit was already requested)
[2020.12.07-03.28.54:802][330]Log file closed, 12/07/20 00:28:54
