Log file open, 12/06/20 21:59:00
LogInit: Display: Running engine for game: ProjectFalls
LogPlatformFile: Not using cached read wrapper
LogTaskGraph: Started task graph with 5 named threads and 20 total threads with 3 sets of task threads.
LogStats: Stats thread started at 0.208423
LogD3D11RHI: Loaded GFSDK_Aftermath_Lib.x64.dll
LogICUInternationalization: ICU TimeZone Detection - Raw Offset: -3:00, Platform Override: ''
LogPluginManager: Mounting plugin Paper2D
LogPluginManager: Mounting plugin AISupport
LogPluginManager: Mounting plugin LightPropagationVolume
LogPluginManager: Mounting plugin CameraShakePreviewer
LogPluginManager: Mounting plugin ActorLayerUtilities
LogPluginManager: Mounting plugin AnimationSharing
LogPluginManager: Mounting plugin CLionSourceCodeAccess
LogPluginManager: Mounting plugin CodeLiteSourceCodeAccess
LogPluginManager: Mounting plugin GitSourceControl
LogPluginManager: Mounting plugin KDevelopSourceCodeAccess
LogPluginManager: Mounting plugin NullSourceCodeAccess
LogPluginManager: Mounting plugin PerforceSourceControl
LogPluginManager: Mounting plugin PlasticSourceControl
LogPluginManager: Mounting plugin RiderSourceCodeAccess
LogPluginManager: Mounting plugin SubversionSourceControl
LogPluginManager: Mounting plugin UObjectPlugin
LogPluginManager: Mounting plugin VisualStudioCodeSourceCodeAccess
LogPluginManager: Mounting plugin VisualStudioSourceCodeAccess
LogPluginManager: Mounting plugin XCodeSourceCodeAccess
LogPluginManager: Mounting plugin AssetManagerEditor
LogPluginManager: Mounting plugin CryptoKeys
LogPluginManager: Mounting plugin CurveEditorTools
LogPluginManager: Mounting plugin DataValidation
LogPluginManager: Mounting plugin EditorScriptingUtilities
LogPluginManager: Mounting plugin FacialAnimation
LogPluginManager: Mounting plugin GameplayTagsEditor
LogPluginManager: Mounting plugin GeometryMode
LogPluginManager: Mounting plugin MacGraphicsSwitching
LogPluginManager: Mounting plugin MaterialAnalyzer
LogPluginManager: Mounting plugin MobileLauncherProfileWizard
LogPluginManager: Mounting plugin PluginBrowser
LogPluginManager: Mounting plugin SpeedTreeImporter
LogPluginManager: Mounting plugin DatasmithContent
LogPluginManager: Mounting plugin VariantManagerContent
LogPluginManager: Mounting plugin AlembicImporter
LogPluginManager: Mounting plugin AutomationUtils
LogPluginManager: Mounting plugin BackChannel
LogPluginManager: Mounting plugin ChaosCloth
LogPluginManager: Mounting plugin ChaosClothEditor
LogPluginManager: Mounting plugin ChaosEditor
LogPluginManager: Mounting plugin ChaosNiagara
LogPluginManager: Mounting plugin ChaosSolverPlugin
LogPluginManager: Mounting plugin CharacterAI
LogPluginManager: Mounting plugin GeometryCache
LogPluginManager: Mounting plugin GeometryCollectionPlugin
LogPluginManager: Mounting plugin GeometryProcessing
LogPluginManager: Mounting plugin PlanarCut
LogPluginManager: Mounting plugin PlatformCrypto
LogPluginManager: Mounting plugin ProxyLODPlugin
LogPluginManager: Mounting plugin SkeletalReduction
LogPluginManager: Mounting plugin Niagara
LogPluginManager: Mounting plugin MagicLeap
LogPluginManager: Mounting plugin MagicLeapLightEstimation
LogPluginManager: Mounting plugin MagicLeapMedia
LogPluginManager: Mounting plugin MagicLeapPassableWorld
LogPluginManager: Mounting plugin MLSDK
LogPluginManager: Mounting plugin AndroidMedia
LogPluginManager: Mounting plugin AvfMedia
LogPluginManager: Mounting plugin ImgMedia
LogPluginManager: Mounting plugin MediaCompositing
LogPluginManager: Mounting plugin MediaPlayerEditor
LogPluginManager: Mounting plugin WebMMedia
LogPluginManager: Mounting plugin WmfMedia
LogPluginManager: Mounting plugin MeshPainting
LogPluginManager: Mounting plugin TcpMessaging
LogPluginManager: Mounting plugin UdpMessaging
LogPluginManager: Mounting plugin ActorSequence
LogPluginManager: Mounting plugin LevelSequenceEditor
LogPluginManager: Mounting plugin MatineeToLevelSequence
LogPluginManager: Mounting plugin MovieRenderPipeline
LogPluginManager: Mounting plugin TemplateSequence
LogPluginManager: Mounting plugin NetcodeUnitTest
LogPluginManager: Mounting plugin NUTUnrealEngine4
LogPluginManager: Mounting plugin OnlineSubsystemGooglePlay
LogPluginManager: Mounting plugin OnlineSubsystemIOS
LogPluginManager: Mounting plugin OnlineSubsystem
LogPluginManager: Mounting plugin OnlineSubsystemNull
LogPluginManager: Mounting plugin OnlineSubsystemUtils
LogPluginManager: Mounting plugin LauncherChunkInstaller
LogPluginManager: Mounting plugin AndroidDeviceProfileSelector
LogPluginManager: Mounting plugin AndroidMoviePlayer
LogPluginManager: Mounting plugin AndroidPermission
LogPluginManager: Mounting plugin AppleImageUtils
LogPluginManager: Mounting plugin AppleMoviePlayer
LogPluginManager: Mounting plugin ArchVisCharacter
LogPluginManager: Mounting plugin AssetTags
LogPluginManager: Mounting plugin AudioCapture
LogPluginManager: Mounting plugin CableComponent
LogPluginManager: Mounting plugin CustomMeshComponent
LogPluginManager: Mounting plugin EditableMesh
LogPluginManager: Mounting plugin ExampleDeviceProfileSelector
LogPluginManager: Mounting plugin GoogleCloudMessaging
LogPluginManager: Mounting plugin GooglePAD
LogPluginManager: Mounting plugin IOSDeviceProfileSelector
LogPluginManager: Mounting plugin LinuxDeviceProfileSelector
LogPluginManager: Mounting plugin LocationServicesBPLibrary
LogPluginManager: Mounting plugin MobilePatchingUtils
LogPluginManager: Mounting plugin OculusVR
LogPluginManager: Mounting plugin PhysXVehicles
LogPluginManager: Mounting plugin PostSplashScreen
LogPluginManager: Mounting plugin ProceduralMeshComponent
LogPluginManager: Mounting plugin RuntimePhysXCooking
LogPluginManager: Mounting plugin SignificanceManager
LogPluginManager: Mounting plugin SoundFields
LogPluginManager: Mounting plugin SteamVR
LogPluginManager: Mounting plugin Synthesis
LogPluginManager: Mounting plugin WebMMoviePlayer
LogPluginManager: Mounting plugin WindowsMoviePlayer
LogPluginManager: Mounting plugin ScreenshotTools
LogInit: Using libcurl 7.55.1-DEV
LogInit:  - built for x86_64-pc-win32
LogInit:  - supports SSL with OpenSSL/1.1.1
LogInit:  - supports HTTP deflate (compression) using libz 1.2.8
LogInit:  - other features:
LogInit:      CURL_VERSION_SSL
LogInit:      CURL_VERSION_LIBZ
LogInit:      CURL_VERSION_IPV6
LogInit:      CURL_VERSION_ASYNCHDNS
LogInit:      CURL_VERSION_LARGEFILE
LogInit:      CURL_VERSION_IDN
LogInit:  CurlRequestOptions (configurable via config and command line):
LogInit:  - bVerifyPeer = true  - Libcurl will verify peer certificate
LogInit:  - bUseHttpProxy = false  - Libcurl will NOT use HTTP proxy
LogInit:  - bDontReuseConnections = false  - Libcurl will reuse connections
LogInit:  - MaxHostConnections = 16  - Libcurl will limit the number of connections to a host
LogInit:  - LocalHostAddr = Default
LogInit:  - BufferSize = 65536
LogOnline: OSS: Creating online subsystem instance for: NULL
LogInit: WinSock: version 1.1 (2.2), MaxSocks=32767, MaxUdp=65467
LogOnline: OSS: TryLoadSubsystemAndSetDefault: Loaded subsystem for module [NULL]
LogInit: Build: ++UE4+Release-4.25-CL-14469661
LogInit: Engine Version: 4.25.4-14469661+++UE4+Release-4.25
LogInit: Compatible Engine Version: 4.25.0-13144385+++UE4+Release-4.25
LogInit: Net CL: 13144385
LogInit: OS: Windows 10 (Release 1909) (), CPU: Intel(R) Core(TM) i5-9400F CPU @ 2.90GHz, GPU: NVIDIA GeForce GTX 1050 Ti
LogInit: Compiled (64-bit): Oct 11 2020 08:10:49
LogInit: Compiled with Visual C++: 19.24.28315.00
LogInit: Build Configuration: Development
LogInit: Branch Name: ++UE4+Release-4.25
LogInit: Command Line: 
LogInit: Base Directory: E:/epic/UE_4.25/Engine/Binaries/Win64/
LogInit: Allocator: TBB
LogInit: Installed Engine Build: 1
LogDevObjectVersion: Number of dev versions registered: 26
LogDevObjectVersion:   Dev-Blueprints (B0D832E4-1F89-4F0D-ACCF-7EB736FD4AA2): 10
LogDevObjectVersion:   Dev-Build (E1C64328-A22C-4D53-A36C-8E866417BD8C): 0
LogDevObjectVersion:   Dev-Core (375EC13C-06E4-48FB-B500-84F0262A717E): 4
LogDevObjectVersion:   Dev-Editor (E4B068ED-F494-42E9-A231-DA0B2E46BB41): 38
LogDevObjectVersion:   Dev-Framework (CFFC743F-43B0-4480-9391-14DF171D2073): 37
LogDevObjectVersion:   Dev-Mobile (B02B49B5-BB20-44E9-A304-32B752E40360): 2
LogDevObjectVersion:   Dev-Networking (A4E4105C-59A1-49B5-A7C5-40C4547EDFEE): 0
LogDevObjectVersion:   Dev-Online (39C831C9-5AE6-47DC-9A44-9C173E1C8E7C): 0
LogDevObjectVersion:   Dev-Physics (78F01B33-EBEA-4F98-B9B4-84EACCB95AA2): 4
LogDevObjectVersion:   Dev-Platform (6631380F-2D4D-43E0-8009-CF276956A95A): 0
LogDevObjectVersion:   Dev-Rendering (12F88B9F-8875-4AFC-A67C-D90C383ABD29): 43
LogDevObjectVersion:   Dev-Sequencer (7B5AE74C-D270-4C10-A958-57980B212A5A): 12
LogDevObjectVersion:   Dev-VR (D7296918-1DD6-4BDD-9DE2-64A83CC13884): 3
LogDevObjectVersion:   Dev-LoadTimes (C2A15278-BFE7-4AFE-6C17-90FF531DF755): 1
LogDevObjectVersion:   Private-Geometry (6EACA3D4-40EC-4CC1-B786-8BED09428FC5): 3
LogDevObjectVersion:   Dev-AnimPhys (29E575DD-E0A3-4627-9D10-D276232CDCEA): 17
LogDevObjectVersion:   Dev-Anim (AF43A65D-7FD3-4947-9873-3E8ED9C1BB05): 7
LogDevObjectVersion:   Dev-ReflectionCapture (6B266CEC-1EC7-4B8F-A30B-E4D90942FC07): 1
LogDevObjectVersion:   Dev-Automation (0DF73D61-A23F-47EA-B727-89E90C41499A): 1
LogDevObjectVersion:   FortniteMain (601D1886-AC64-4F84-AA16-D3DE0DEAC7D6): 31
LogDevObjectVersion:   Dev-Enterprise (9DFFBCD6-494F-0158-E221-12823C92A888): 10
LogDevObjectVersion:   Dev-Niagara (F2AED0AC-9AFE-416F-8664-AA7FFA26D6FC): 1
LogDevObjectVersion:   Dev-Destruction (174F1F0B-B4C6-45A5-B13F-2EE8D0FB917D): 10
LogDevObjectVersion:   Dev-Physics-Ext (35F94A83-E258-406C-A318-09F59610247C): 37
LogDevObjectVersion:   Dev-PhysicsMaterial-Chaos (B68FC16E-8B1B-42E2-B453-215C058844FE): 1
LogDevObjectVersion:   Dev-CineCamera (B2E18506-4273-CFC2-A54E-F4BB758BBA07): 1
LogInit: Presizing for max 25165824 objects, including 0 objects not considered by GC, pre-allocating 0 bytes for permanent pool.
LogConfig: Applying CVar settings from Section [/Script/Engine.StreamingSettings] File [E:/UNREAL/ProjectFalls/Saved/Config/Windows/Engine.ini]
LogConfig: Setting CVar [[s.MinBulkDataSizeForAsyncLoading:131072]]
LogConfig: Setting CVar [[s.AsyncLoadingThreadEnabled:0]]
LogConfig: Setting CVar [[s.EventDrivenLoaderEnabled:1]]
LogConfig: Setting CVar [[s.WarnIfTimeLimitExceeded:0]]
LogConfig: Setting CVar [[s.TimeLimitExceededMultiplier:1.5]]
LogConfig: Setting CVar [[s.TimeLimitExceededMinTime:0.005]]
LogConfig: Setting CVar [[s.UseBackgroundLevelStreaming:1]]
LogConfig: Setting CVar [[s.PriorityAsyncLoadingExtraTime:15.0]]
LogConfig: Setting CVar [[s.LevelStreamingActorsUpdateTimeLimit:5.0]]
LogConfig: Setting CVar [[s.PriorityLevelStreamingActorsUpdateExtraTime:5.0]]
LogConfig: Setting CVar [[s.LevelStreamingComponentsRegistrationGranularity:10]]
LogConfig: Setting CVar [[s.UnregisterComponentsTimeLimit:1.0]]
LogConfig: Setting CVar [[s.LevelStreamingComponentsUnregistrationGranularity:5]]
LogConfig: Setting CVar [[s.FlushStreamingOnExit:1]]
LogInit: Object subsystem initialized
LogConfig: Setting CVar [[con.DebugEarlyDefault:1]]
LogConfig: Setting CVar [[r.setres:1280x720]]
[2020.12.07-00.59.01:412][  0]LogConfig: Setting CVar [[r.VSync:0]]
[2020.12.07-00.59.01:412][  0]LogConfig: Setting CVar [[r.RHICmdBypass:0]]
[2020.12.07-00.59.01:413][  0]LogConfig: Applying CVar settings from Section [/Script/Engine.RendererSettings] File [E:/UNREAL/ProjectFalls/Saved/Config/Windows/Engine.ini]
[2020.12.07-00.59.01:413][  0]LogConfig: Setting CVar [[r.GPUCrashDebugging:0]]
[2020.12.07-00.59.01:413][  0]LogConfig: Applying CVar settings from Section [/Script/Engine.RendererOverrideSettings] File [E:/UNREAL/ProjectFalls/Saved/Config/Windows/Engine.ini]
[2020.12.07-00.59.01:413][  0]LogConfig: Applying CVar settings from Section [/Script/Engine.StreamingSettings] File [E:/UNREAL/ProjectFalls/Saved/Config/Windows/Engine.ini]
[2020.12.07-00.59.01:413][  0]LogConfig: Setting CVar [[s.MinBulkDataSizeForAsyncLoading:131072]]
[2020.12.07-00.59.01:413][  0]LogConfig: Setting CVar [[s.AsyncLoadingThreadEnabled:0]]
[2020.12.07-00.59.01:413][  0]LogConfig: Setting CVar [[s.EventDrivenLoaderEnabled:1]]
[2020.12.07-00.59.01:413][  0]LogConfig: Setting CVar [[s.WarnIfTimeLimitExceeded:0]]
[2020.12.07-00.59.01:413][  0]LogConfig: Setting CVar [[s.TimeLimitExceededMultiplier:1.5]]
[2020.12.07-00.59.01:413][  0]LogConfig: Setting CVar [[s.TimeLimitExceededMinTime:0.005]]
[2020.12.07-00.59.01:413][  0]LogConfig: Setting CVar [[s.UseBackgroundLevelStreaming:1]]
[2020.12.07-00.59.01:413][  0]LogConfig: Setting CVar [[s.PriorityAsyncLoadingExtraTime:15.0]]
[2020.12.07-00.59.01:413][  0]LogConfig: Setting CVar [[s.LevelStreamingActorsUpdateTimeLimit:5.0]]
[2020.12.07-00.59.01:413][  0]LogConfig: Setting CVar [[s.PriorityLevelStreamingActorsUpdateExtraTime:5.0]]
[2020.12.07-00.59.01:413][  0]LogConfig: Setting CVar [[s.LevelStreamingComponentsRegistrationGranularity:10]]
[2020.12.07-00.59.01:413][  0]LogConfig: Setting CVar [[s.UnregisterComponentsTimeLimit:1.0]]
[2020.12.07-00.59.01:413][  0]LogConfig: Setting CVar [[s.LevelStreamingComponentsUnregistrationGranularity:5]]
[2020.12.07-00.59.01:413][  0]LogConfig: Setting CVar [[s.FlushStreamingOnExit:1]]
[2020.12.07-00.59.01:413][  0]LogConfig: Applying CVar settings from Section [/Script/Engine.GarbageCollectionSettings] File [E:/UNREAL/ProjectFalls/Saved/Config/Windows/Engine.ini]
[2020.12.07-00.59.01:413][  0]LogConfig: Setting CVar [[gc.MaxObjectsNotConsideredByGC:1]]
[2020.12.07-00.59.01:413][  0]LogConfig: Setting CVar [[gc.SizeOfPermanentObjectPool:0]]
[2020.12.07-00.59.01:413][  0]LogConfig: Setting CVar [[gc.FlushStreamingOnGC:0]]
[2020.12.07-00.59.01:413][  0]LogConfig: Setting CVar [[gc.NumRetriesBeforeForcingGC:10]]
[2020.12.07-00.59.01:413][  0]LogConfig: Setting CVar [[gc.AllowParallelGC:1]]
[2020.12.07-00.59.01:413][  0]LogConfig: Setting CVar [[gc.TimeBetweenPurgingPendingKillObjects:61.1]]
[2020.12.07-00.59.01:413][  0]LogConfig: Setting CVar [[gc.MaxObjectsInEditor:25165824]]
[2020.12.07-00.59.01:413][  0]LogConfig: Setting CVar [[gc.IncrementalBeginDestroyEnabled:1]]
[2020.12.07-00.59.01:413][  0]LogConfig: Setting CVar [[gc.CreateGCClusters:1]]
[2020.12.07-00.59.01:413][  0]LogConfig: Setting CVar [[gc.MinGCClusterSize:5]]
[2020.12.07-00.59.01:413][  0]LogConfig: Setting CVar [[gc.ActorClusteringEnabled:0]]
[2020.12.07-00.59.01:413][  0]LogConfig: Setting CVar [[gc.BlueprintClusteringEnabled:0]]
[2020.12.07-00.59.01:413][  0]LogConfig: Setting CVar [[gc.UseDisregardForGCOnDedicatedServers:0]]
[2020.12.07-00.59.01:413][  0]LogConfig: Applying CVar settings from Section [/Script/Engine.NetworkSettings] File [E:/UNREAL/ProjectFalls/Saved/Config/Windows/Engine.ini]
[2020.12.07-00.59.01:413][  0]LogConfig: Applying CVar settings from Section [/Script/UnrealEd.CookerSettings] File [E:/UNREAL/ProjectFalls/Saved/Config/Windows/Engine.ini]
[2020.12.07-00.59.01:416][  0]LogConfig: Applying CVar settings from Section [ViewDistanceQuality@3] File [E:/UNREAL/ProjectFalls/Saved/Config/Windows/Scalability.ini]
[2020.12.07-00.59.01:416][  0]LogConfig: Setting CVar [[r.SkeletalMeshLODBias:0]]
[2020.12.07-00.59.01:417][  0]LogConfig: Setting CVar [[r.ViewDistanceScale:1.0]]
[2020.12.07-00.59.01:417][  0]LogConfig: Applying CVar settings from Section [AntiAliasingQuality@3] File [E:/UNREAL/ProjectFalls/Saved/Config/Windows/Scalability.ini]
[2020.12.07-00.59.01:417][  0]LogConfig: Setting CVar [[r.PostProcessAAQuality:4]]
[2020.12.07-00.59.01:417][  0]LogConfig: Applying CVar settings from Section [ShadowQuality@3] File [E:/UNREAL/ProjectFalls/Saved/Config/Windows/Scalability.ini]
[2020.12.07-00.59.01:417][  0]LogConfig: Setting CVar [[r.LightFunctionQuality:1]]
[2020.12.07-00.59.01:417][  0]LogConfig: Setting CVar [[r.ShadowQuality:5]]
[2020.12.07-00.59.01:417][  0]LogConfig: Setting CVar [[r.Shadow.CSM.MaxCascades:10]]
[2020.12.07-00.59.01:417][  0]LogConfig: Setting CVar [[r.Shadow.MaxResolution:2048]]
[2020.12.07-00.59.01:417][  0]LogConfig: Setting CVar [[r.Shadow.MaxCSMResolution:2048]]
[2020.12.07-00.59.01:417][  0]LogConfig: Setting CVar [[r.Shadow.RadiusThreshold:0.01]]
[2020.12.07-00.59.01:417][  0]LogConfig: Setting CVar [[r.Shadow.DistanceScale:1.0]]
[2020.12.07-00.59.01:417][  0]LogConfig: Setting CVar [[r.Shadow.CSM.TransitionScale:1.0]]
[2020.12.07-00.59.01:417][  0]LogConfig: Setting CVar [[r.Shadow.PreShadowResolutionFactor:1.0]]
[2020.12.07-00.59.01:417][  0]LogConfig: Setting CVar [[r.DistanceFieldShadowing:1]]
[2020.12.07-00.59.01:417][  0]LogConfig: Setting CVar [[r.DistanceFieldAO:1]]
[2020.12.07-00.59.01:417][  0]LogConfig: Setting CVar [[r.AOQuality:2]]
[2020.12.07-00.59.01:417][  0]LogConfig: Setting CVar [[r.VolumetricFog:1]]
[2020.12.07-00.59.01:417][  0]LogConfig: Setting CVar [[r.VolumetricFog.GridPixelSize:8]]
[2020.12.07-00.59.01:417][  0]LogConfig: Setting CVar [[r.VolumetricFog.GridSizeZ:128]]
[2020.12.07-00.59.01:417][  0]LogConfig: Setting CVar [[r.VolumetricFog.HistoryMissSupersampleCount:4]]
[2020.12.07-00.59.01:417][  0]LogConfig: Setting CVar [[r.LightMaxDrawDistanceScale:1]]
[2020.12.07-00.59.01:417][  0]LogConfig: Setting CVar [[r.CapsuleShadows:1]]
[2020.12.07-00.59.01:417][  0]LogConfig: Applying CVar settings from Section [PostProcessQuality@3] File [E:/UNREAL/ProjectFalls/Saved/Config/Windows/Scalability.ini]
[2020.12.07-00.59.01:417][  0]LogConfig: Setting CVar [[r.MotionBlurQuality:4]]
[2020.12.07-00.59.01:417][  0]LogConfig: Setting CVar [[r.AmbientOcclusionMipLevelFactor:0.4]]
[2020.12.07-00.59.01:417][  0]LogConfig: Setting CVar [[r.AmbientOcclusionMaxQuality:100]]
[2020.12.07-00.59.01:417][  0]LogConfig: Setting CVar [[r.AmbientOcclusionLevels:-1]]
[2020.12.07-00.59.01:417][  0]LogConfig: Setting CVar [[r.AmbientOcclusionRadiusScale:1.0]]
[2020.12.07-00.59.01:417][  0]LogConfig: Setting CVar [[r.DepthOfFieldQuality:2]]
[2020.12.07-00.59.01:417][  0]LogConfig: Setting CVar [[r.RenderTargetPoolMin:400]]
[2020.12.07-00.59.01:417][  0]LogConfig: Setting CVar [[r.LensFlareQuality:2]]
[2020.12.07-00.59.01:417][  0]LogConfig: Setting CVar [[r.SceneColorFringeQuality:1]]
[2020.12.07-00.59.01:417][  0]LogConfig: Setting CVar [[r.EyeAdaptationQuality:2]]
[2020.12.07-00.59.01:417][  0]LogConfig: Setting CVar [[r.BloomQuality:5]]
[2020.12.07-00.59.01:417][  0]LogConfig: Setting CVar [[r.FastBlurThreshold:100]]
[2020.12.07-00.59.01:417][  0]LogConfig: Setting CVar [[r.Upscale.Quality:3]]
[2020.12.07-00.59.01:417][  0]LogConfig: Setting CVar [[r.Tonemapper.GrainQuantization:1]]
[2020.12.07-00.59.01:417][  0]LogConfig: Setting CVar [[r.LightShaftQuality:1]]
[2020.12.07-00.59.01:417][  0]LogConfig: Setting CVar [[r.Filter.SizeScale:1]]
[2020.12.07-00.59.01:417][  0]LogConfig: Setting CVar [[r.Tonemapper.Quality:5]]
[2020.12.07-00.59.01:417][  0]LogConfig: Setting CVar [[r.DOF.Gather.AccumulatorQuality:1        ; higher gathering accumulator quality]]
[2020.12.07-00.59.01:417][  0]LogConfig: Setting CVar [[r.DOF.Gather.PostfilterMethod:1          ; Median3x3 postfilering method]]
[2020.12.07-00.59.01:417][  0]LogConfig: Setting CVar [[r.DOF.Gather.EnableBokehSettings:0       ; no bokeh simulation when gathering]]
[2020.12.07-00.59.01:417][  0]LogConfig: Setting CVar [[r.DOF.Gather.RingCount:4                 ; medium number of samples when gathering]]
[2020.12.07-00.59.01:417][  0]LogConfig: Setting CVar [[r.DOF.Scatter.ForegroundCompositing:1    ; additive foreground scattering]]
[2020.12.07-00.59.01:417][  0]LogConfig: Setting CVar [[r.DOF.Scatter.BackgroundCompositing:2    ; additive background scattering]]
[2020.12.07-00.59.01:417][  0]LogConfig: Setting CVar [[r.DOF.Scatter.EnableBokehSettings:1      ; bokeh simulation when scattering]]
[2020.12.07-00.59.01:417][  0]LogConfig: Setting CVar [[r.DOF.Scatter.MaxSpriteRatio:0.1         ; only a maximum of 10% of scattered bokeh]]
[2020.12.07-00.59.01:417][  0]LogConfig: Setting CVar [[r.DOF.Recombine.Quality:1                ; cheap slight out of focus]]
[2020.12.07-00.59.01:418][  0]LogConfig: Setting CVar [[r.DOF.Recombine.EnableBokehSettings:0    ; no bokeh simulation on slight out of focus]]
[2020.12.07-00.59.01:418][  0]LogConfig: Setting CVar [[r.DOF.TemporalAAQuality:1                ; more stable temporal accumulation]]
[2020.12.07-00.59.01:418][  0]LogConfig: Setting CVar [[r.DOF.Kernel.MaxForegroundRadius:0.025]]
[2020.12.07-00.59.01:418][  0]LogConfig: Setting CVar [[r.DOF.Kernel.MaxBackgroundRadius:0.025]]
[2020.12.07-00.59.01:418][  0]LogConfig: Applying CVar settings from Section [TextureQuality@3] File [E:/UNREAL/ProjectFalls/Saved/Config/Windows/Scalability.ini]
[2020.12.07-00.59.01:418][  0]LogConfig: Setting CVar [[r.Streaming.MipBias:0]]
[2020.12.07-00.59.01:418][  0]LogConfig: Setting CVar [[r.Streaming.AmortizeCPUToGPUCopy:0]]
[2020.12.07-00.59.01:418][  0]LogConfig: Setting CVar [[r.Streaming.MaxNumTexturesToStreamPerFrame:0]]
[2020.12.07-00.59.01:418][  0]LogConfig: Setting CVar [[r.Streaming.Boost:1]]
[2020.12.07-00.59.01:418][  0]LogConfig: Setting CVar [[r.MaxAnisotropy:8]]
[2020.12.07-00.59.01:418][  0]LogConfig: Setting CVar [[r.VT.MaxAnisotropy:8]]
[2020.12.07-00.59.01:418][  0]LogConfig: Setting CVar [[r.Streaming.LimitPoolSizeToVRAM:0]]
[2020.12.07-00.59.01:418][  0]LogConfig: Setting CVar [[r.Streaming.PoolSize:1000]]
[2020.12.07-00.59.01:418][  0]LogConfig: Setting CVar [[r.Streaming.MaxEffectiveScreenSize:0]]
[2020.12.07-00.59.01:418][  0]LogConfig: Applying CVar settings from Section [EffectsQuality@3] File [E:/UNREAL/ProjectFalls/Saved/Config/Windows/Scalability.ini]
[2020.12.07-00.59.01:418][  0]LogConfig: Setting CVar [[r.TranslucencyLightingVolumeDim:64]]
[2020.12.07-00.59.01:418][  0]LogConfig: Setting CVar [[r.RefractionQuality:2]]
[2020.12.07-00.59.01:418][  0]LogConfig: Setting CVar [[r.SSR.Quality:3]]
[2020.12.07-00.59.01:418][  0]LogConfig: Setting CVar [[r.SSR.HalfResSceneColor:0]]
[2020.12.07-00.59.01:418][  0]LogConfig: Setting CVar [[r.SceneColorFormat:4]]
[2020.12.07-00.59.01:418][  0]LogConfig: Setting CVar [[r.DetailMode:2]]
[2020.12.07-00.59.01:418][  0]LogConfig: Setting CVar [[r.TranslucencyVolumeBlur:1]]
[2020.12.07-00.59.01:418][  0]LogConfig: Setting CVar [[r.MaterialQualityLevel:1 ; High quality]]
[2020.12.07-00.59.01:418][  0]LogConfig: Setting CVar [[r.SSS.Scale:1]]
[2020.12.07-00.59.01:418][  0]LogConfig: Setting CVar [[r.SSS.SampleSet:2]]
[2020.12.07-00.59.01:418][  0]LogConfig: Setting CVar [[r.SSS.Quality:1]]
[2020.12.07-00.59.01:418][  0]LogConfig: Setting CVar [[r.SSS.HalfRes:0]]
[2020.12.07-00.59.01:418][  0]LogConfig: Setting CVar [[r.SSGI.Quality:3]]
[2020.12.07-00.59.01:418][  0]LogConfig: Setting CVar [[r.EmitterSpawnRateScale:1.0]]
[2020.12.07-00.59.01:418][  0]LogConfig: Setting CVar [[r.ParticleLightQuality:2]]
[2020.12.07-00.59.01:418][  0]LogConfig: Setting CVar [[r.SkyAtmosphere.AerialPerspectiveLUT.FastApplyOnOpaque:1 ; Always have FastSkyLUT 1 in this case to avoid wrong sky]]
[2020.12.07-00.59.01:418][  0]LogConfig: Setting CVar [[r.SkyAtmosphere.AerialPerspectiveLUT.SampleCountPerSlice:1]]
[2020.12.07-00.59.01:418][  0]LogConfig: Setting CVar [[r.SkyAtmosphere.AerialPerspectiveLUT.DepthResolution:16.0]]
[2020.12.07-00.59.01:418][  0]LogConfig: Setting CVar [[r.SkyAtmosphere.FastSkyLUT:1]]
[2020.12.07-00.59.01:418][  0]LogConfig: Setting CVar [[r.SkyAtmosphere.FastSkyLUT.SampleCountMin:4.0]]
[2020.12.07-00.59.01:418][  0]LogConfig: Setting CVar [[r.SkyAtmosphere.FastSkyLUT.SampleCountMax:32.0]]
[2020.12.07-00.59.01:418][  0]LogConfig: Setting CVar [[r.SkyAtmosphere.SampleCountMin:4.0]]
[2020.12.07-00.59.01:418][  0]LogConfig: Setting CVar [[r.SkyAtmosphere.SampleCountMax:32.0]]
[2020.12.07-00.59.01:418][  0]LogConfig: Setting CVar [[r.SkyAtmosphere.TransmittanceLUT.UseSmallFormat:0]]
[2020.12.07-00.59.01:418][  0]LogConfig: Setting CVar [[r.SkyAtmosphere.TransmittanceLUT.SampleCount:10.0]]
[2020.12.07-00.59.01:418][  0]LogConfig: Setting CVar [[r.SkyAtmosphere.MultiScatteringLUT.SampleCount:15.0]]
[2020.12.07-00.59.01:418][  0]LogConfig: Applying CVar settings from Section [FoliageQuality@3] File [E:/UNREAL/ProjectFalls/Saved/Config/Windows/Scalability.ini]
[2020.12.07-00.59.01:418][  0]LogConfig: Setting CVar [[foliage.DensityScale:1.0]]
[2020.12.07-00.59.01:418][  0]LogConfig: Setting CVar [[grass.DensityScale:1.0]]
[2020.12.07-00.59.01:418][  0]LogConfig: Applying CVar settings from Section [ShadingQuality@3] File [E:/UNREAL/ProjectFalls/Saved/Config/Windows/Scalability.ini]
[2020.12.07-00.59.01:418][  0]LogConfig: Setting CVar [[r.HairStrands.SkyLighting.SampleCount:16]]
[2020.12.07-00.59.01:418][  0]LogConfig: Setting CVar [[r.HairStrands.SkyLighting.JitterIntegration:0]]
[2020.12.07-00.59.01:418][  0]LogConfig: Setting CVar [[r.HairStrands.SkyAO.SampleCount:16]]
[2020.12.07-00.59.01:418][  0]LogConfig: Setting CVar [[r.HairStrands.DeepShadow.SuperSampling:0]]
[2020.12.07-00.59.01:418][  0]LogConfig: Setting CVar [[r.HairStrands.VisibilityPPLL:0]]
[2020.12.07-00.59.01:419][  0]LogConfig: Setting CVar [[r.HairStrands.RasterizationScale:0.5]]
[2020.12.07-00.59.01:419][  0]LogConfig: Setting CVar [[r.HairStrands.VelocityRasterizationScale:1]]
[2020.12.07-00.59.01:419][  0]LogInit: Selected Device Profile: [Windows]
[2020.12.07-00.59.01:419][  0]LogInit: Applying CVar settings loaded from the selected device profile: [Windows]
[2020.12.07-00.59.01:419][  0]LogHAL: Display: Platform has ~ 24 GB [25699905536 / 34359738368 / 24], which maps to Larger [LargestMinGB=32, LargerMinGB=12, DefaultMinGB=8, SmallerMinGB=6, SmallestMinGB=0)
[2020.12.07-00.59.01:419][  0]LogInit: Going up to parent DeviceProfile []
[2020.12.07-00.59.01:419][  0]LogConfig: Applying CVar settings from Section [ViewDistanceQuality@2] File [E:/UNREAL/ProjectFalls/Saved/Config/Windows/Scalability.ini]
[2020.12.07-00.59.01:419][  0]LogConfig: Setting CVar [[r.SkeletalMeshLODBias:0]]
[2020.12.07-00.59.01:419][  0]LogConfig: Setting CVar [[r.ViewDistanceScale:0.8]]
[2020.12.07-00.59.01:419][  0]LogConfig: Applying CVar settings from Section [AntiAliasingQuality@2] File [E:/UNREAL/ProjectFalls/Saved/Config/Windows/Scalability.ini]
[2020.12.07-00.59.01:419][  0]LogConfig: Setting CVar [[r.PostProcessAAQuality:3]]
[2020.12.07-00.59.01:419][  0]LogConfig: Applying CVar settings from Section [ShadowQuality@2] File [E:/UNREAL/ProjectFalls/Saved/Config/Windows/Scalability.ini]
[2020.12.07-00.59.01:419][  0]LogConfig: Setting CVar [[r.LightFunctionQuality:1]]
[2020.12.07-00.59.01:419][  0]LogConfig: Setting CVar [[r.ShadowQuality:5]]
[2020.12.07-00.59.01:419][  0]LogConfig: Setting CVar [[r.Shadow.CSM.MaxCascades:4]]
[2020.12.07-00.59.01:419][  0]LogConfig: Setting CVar [[r.Shadow.MaxResolution:1024]]
[2020.12.07-00.59.01:419][  0]LogConfig: Setting CVar [[r.Shadow.MaxCSMResolution:2048]]
[2020.12.07-00.59.01:419][  0]LogConfig: Setting CVar [[r.Shadow.RadiusThreshold:0.04]]
[2020.12.07-00.59.01:419][  0]LogConfig: Setting CVar [[r.Shadow.DistanceScale:0.85]]
[2020.12.07-00.59.01:419][  0]LogConfig: Setting CVar [[r.Shadow.CSM.TransitionScale:0.8]]
[2020.12.07-00.59.01:419][  0]LogConfig: Setting CVar [[r.Shadow.PreShadowResolutionFactor:0.5]]
[2020.12.07-00.59.01:419][  0]LogConfig: Setting CVar [[r.DistanceFieldShadowing:1]]
[2020.12.07-00.59.01:419][  0]LogConfig: Setting CVar [[r.DistanceFieldAO:1]]
[2020.12.07-00.59.01:419][  0]LogConfig: Setting CVar [[r.AOQuality:1]]
[2020.12.07-00.59.01:419][  0]LogConfig: Setting CVar [[r.VolumetricFog:1]]
[2020.12.07-00.59.01:419][  0]LogConfig: Setting CVar [[r.VolumetricFog.GridPixelSize:16]]
[2020.12.07-00.59.01:419][  0]LogConfig: Setting CVar [[r.VolumetricFog.GridSizeZ:64]]
[2020.12.07-00.59.01:419][  0]LogConfig: Setting CVar [[r.VolumetricFog.HistoryMissSupersampleCount:4]]
[2020.12.07-00.59.01:419][  0]LogConfig: Setting CVar [[r.LightMaxDrawDistanceScale:1]]
[2020.12.07-00.59.01:419][  0]LogConfig: Setting CVar [[r.CapsuleShadows:1]]
[2020.12.07-00.59.01:419][  0]LogConfig: Applying CVar settings from Section [PostProcessQuality@2] File [E:/UNREAL/ProjectFalls/Saved/Config/Windows/Scalability.ini]
[2020.12.07-00.59.01:419][  0]LogConfig: Setting CVar [[r.MotionBlurQuality:3]]
[2020.12.07-00.59.01:419][  0]LogConfig: Setting CVar [[r.AmbientOcclusionMipLevelFactor:0.6]]
[2020.12.07-00.59.01:419][  0]LogConfig: Setting CVar [[r.AmbientOcclusionMaxQuality:100]]
[2020.12.07-00.59.01:419][  0]LogConfig: Setting CVar [[r.AmbientOcclusionLevels:-1]]
[2020.12.07-00.59.01:419][  0]LogConfig: Setting CVar [[r.AmbientOcclusionRadiusScale:1.5]]
[2020.12.07-00.59.01:419][  0]LogConfig: Setting CVar [[r.DepthOfFieldQuality:2]]
[2020.12.07-00.59.01:419][  0]LogConfig: Setting CVar [[r.RenderTargetPoolMin:400]]
[2020.12.07-00.59.01:419][  0]LogConfig: Setting CVar [[r.LensFlareQuality:2]]
[2020.12.07-00.59.01:419][  0]LogConfig: Setting CVar [[r.SceneColorFringeQuality:1]]
[2020.12.07-00.59.01:419][  0]LogConfig: Setting CVar [[r.EyeAdaptationQuality:2]]
[2020.12.07-00.59.01:419][  0]LogConfig: Setting CVar [[r.BloomQuality:5]]
[2020.12.07-00.59.01:419][  0]LogConfig: Setting CVar [[r.FastBlurThreshold:3]]
[2020.12.07-00.59.01:419][  0]LogConfig: Setting CVar [[r.Upscale.Quality:2]]
[2020.12.07-00.59.01:419][  0]LogConfig: Setting CVar [[r.Tonemapper.GrainQuantization:1]]
[2020.12.07-00.59.01:420][  0]LogConfig: Setting CVar [[r.LightShaftQuality:1]]
[2020.12.07-00.59.01:420][  0]LogConfig: Setting CVar [[r.Filter.SizeScale:0.8]]
[2020.12.07-00.59.01:420][  0]LogConfig: Setting CVar [[r.Tonemapper.Quality:5]]
[2020.12.07-00.59.01:420][  0]LogConfig: Setting CVar [[r.DOF.Gather.AccumulatorQuality:0        ; lower gathering accumulator quality]]
[2020.12.07-00.59.01:420][  0]LogConfig: Setting CVar [[r.DOF.Gather.PostfilterMethod:2          ; Max3x3 postfilering method]]
[2020.12.07-00.59.01:420][  0]LogConfig: Setting CVar [[r.DOF.Gather.EnableBokehSettings:0       ; no bokeh simulation when gathering]]
[2020.12.07-00.59.01:420][  0]LogConfig: Setting CVar [[r.DOF.Gather.RingCount:4                 ; medium number of samples when gathering]]
[2020.12.07-00.59.01:420][  0]LogConfig: Setting CVar [[r.DOF.Scatter.ForegroundCompositing:1    ; additive foreground scattering]]
[2020.12.07-00.59.01:420][  0]LogConfig: Setting CVar [[r.DOF.Scatter.BackgroundCompositing:1    ; no background occlusion]]
[2020.12.07-00.59.01:420][  0]LogConfig: Setting CVar [[r.DOF.Scatter.EnableBokehSettings:0      ; no bokeh simulation when scattering]]
[2020.12.07-00.59.01:420][  0]LogConfig: Setting CVar [[r.DOF.Scatter.MaxSpriteRatio:0.04        ; only a maximum of 4% of scattered bokeh]]
[2020.12.07-00.59.01:420][  0]LogConfig: Setting CVar [[r.DOF.Recombine.Quality:0                ; no slight out of focus]]
[2020.12.07-00.59.01:420][  0]LogConfig: Setting CVar [[r.DOF.TemporalAAQuality:0                ; faster temporal accumulation]]
[2020.12.07-00.59.01:420][  0]LogConfig: Setting CVar [[r.DOF.Kernel.MaxForegroundRadius:0.012   ; required because of AccumulatorQuality=0]]
[2020.12.07-00.59.01:420][  0]LogConfig: Setting CVar [[r.DOF.Kernel.MaxBackgroundRadius:0.012   ; required because of AccumulatorQuality=0]]
[2020.12.07-00.59.01:420][  0]LogConfig: Applying CVar settings from Section [TextureQuality@2] File [E:/UNREAL/ProjectFalls/Saved/Config/Windows/Scalability.ini]
[2020.12.07-00.59.01:420][  0]LogConfig: Setting CVar [[r.Streaming.MipBias:0]]
[2020.12.07-00.59.01:420][  0]LogConfig: Setting CVar [[r.Streaming.AmortizeCPUToGPUCopy:0]]
[2020.12.07-00.59.01:420][  0]LogConfig: Setting CVar [[r.Streaming.MaxNumTexturesToStreamPerFrame:0]]
[2020.12.07-00.59.01:420][  0]LogConfig: Setting CVar [[r.Streaming.Boost:1]]
[2020.12.07-00.59.01:420][  0]LogConfig: Setting CVar [[r.MaxAnisotropy:4]]
[2020.12.07-00.59.01:420][  0]LogConfig: Setting CVar [[r.VT.MaxAnisotropy:8]]
[2020.12.07-00.59.01:420][  0]LogConfig: Setting CVar [[r.Streaming.LimitPoolSizeToVRAM:1]]
[2020.12.07-00.59.01:420][  0]LogConfig: Setting CVar [[r.Streaming.PoolSize:800]]
[2020.12.07-00.59.01:420][  0]LogConfig: Setting CVar [[r.Streaming.MaxEffectiveScreenSize:0]]
[2020.12.07-00.59.01:420][  0]LogConfig: Applying CVar settings from Section [EffectsQuality@2] File [E:/UNREAL/ProjectFalls/Saved/Config/Windows/Scalability.ini]
[2020.12.07-00.59.01:420][  0]LogConfig: Setting CVar [[r.TranslucencyLightingVolumeDim:48]]
[2020.12.07-00.59.01:420][  0]LogConfig: Setting CVar [[r.RefractionQuality:2]]
[2020.12.07-00.59.01:420][  0]LogConfig: Setting CVar [[r.SSR.Quality:2]]
[2020.12.07-00.59.01:420][  0]LogConfig: Setting CVar [[r.SSR.HalfResSceneColor:1]]
[2020.12.07-00.59.01:420][  0]LogConfig: Setting CVar [[r.SceneColorFormat:3]]
[2020.12.07-00.59.01:420][  0]LogConfig: Setting CVar [[r.DetailMode:1]]
[2020.12.07-00.59.01:420][  0]LogConfig: Setting CVar [[r.TranslucencyVolumeBlur:1]]
[2020.12.07-00.59.01:420][  0]LogConfig: Setting CVar [[r.MaterialQualityLevel:1 ; High quality]]
[2020.12.07-00.59.01:420][  0]LogConfig: Setting CVar [[r.SSS.Scale:1]]
[2020.12.07-00.59.01:420][  0]LogConfig: Setting CVar [[r.SSS.SampleSet:1]]
[2020.12.07-00.59.01:420][  0]LogConfig: Setting CVar [[r.SSS.Quality:-1]]
[2020.12.07-00.59.01:420][  0]LogConfig: Setting CVar [[r.SSS.HalfRes:1]]
[2020.12.07-00.59.01:420][  0]LogConfig: Setting CVar [[r.SSGI.Quality:2]]
[2020.12.07-00.59.01:420][  0]LogConfig: Setting CVar [[r.EmitterSpawnRateScale:0.5]]
[2020.12.07-00.59.01:420][  0]LogConfig: Setting CVar [[r.ParticleLightQuality:1]]
[2020.12.07-00.59.01:420][  0]LogConfig: Setting CVar [[r.SkyAtmosphere.AerialPerspectiveLUT.FastApplyOnOpaque:1 ; Always have FastSkyLUT 1 in this case to avoid wrong sky]]
[2020.12.07-00.59.01:420][  0]LogConfig: Setting CVar [[r.SkyAtmosphere.AerialPerspectiveLUT.SampleCountPerSlice:1]]
[2020.12.07-00.59.01:420][  0]LogConfig: Setting CVar [[r.SkyAtmosphere.AerialPerspectiveLUT.DepthResolution:16.0]]
[2020.12.07-00.59.01:420][  0]LogConfig: Setting CVar [[r.SkyAtmosphere.FastSkyLUT:1]]
[2020.12.07-00.59.01:420][  0]LogConfig: Setting CVar [[r.SkyAtmosphere.FastSkyLUT.SampleCountMin:4.0]]
[2020.12.07-00.59.01:420][  0]LogConfig: Setting CVar [[r.SkyAtmosphere.FastSkyLUT.SampleCountMax:32.0]]
[2020.12.07-00.59.01:420][  0]LogConfig: Setting CVar [[r.SkyAtmosphere.SampleCountMin:4.0]]
[2020.12.07-00.59.01:420][  0]LogConfig: Setting CVar [[r.SkyAtmosphere.SampleCountMax:32.0]]
[2020.12.07-00.59.01:420][  0]LogConfig: Setting CVar [[r.SkyAtmosphere.TransmittanceLUT.UseSmallFormat:0]]
[2020.12.07-00.59.01:420][  0]LogConfig: Setting CVar [[r.SkyAtmosphere.TransmittanceLUT.SampleCount:10.0]]
[2020.12.07-00.59.01:421][  0]LogConfig: Setting CVar [[r.SkyAtmosphere.MultiScatteringLUT.SampleCount:15.0]]
[2020.12.07-00.59.01:421][  0]LogConfig: Applying CVar settings from Section [FoliageQuality@2] File [E:/UNREAL/ProjectFalls/Saved/Config/Windows/Scalability.ini]
[2020.12.07-00.59.01:421][  0]LogConfig: Setting CVar [[foliage.DensityScale:0.8]]
[2020.12.07-00.59.01:421][  0]LogConfig: Setting CVar [[grass.DensityScale:0.8]]
[2020.12.07-00.59.01:421][  0]LogConfig: Applying CVar settings from Section [ShadingQuality@2] File [E:/UNREAL/ProjectFalls/Saved/Config/Windows/Scalability.ini]
[2020.12.07-00.59.01:421][  0]LogConfig: Setting CVar [[r.HairStrands.SkyLighting.SampleCount:16]]
[2020.12.07-00.59.01:421][  0]LogConfig: Setting CVar [[r.HairStrands.SkyLighting.JitterIntegration:0]]
[2020.12.07-00.59.01:421][  0]LogConfig: Setting CVar [[r.HairStrands.SkyAO.SampleCount:16]]
[2020.12.07-00.59.01:421][  0]LogConfig: Setting CVar [[r.HairStrands.DeepShadow.SuperSampling:0]]
[2020.12.07-00.59.01:421][  0]LogConfig: Setting CVar [[r.HairStrands.VisibilityPPLL:0]]
[2020.12.07-00.59.01:421][  0]LogConfig: Setting CVar [[r.HairStrands.RasterizationScale:0.5]]
[2020.12.07-00.59.01:421][  0]LogConfig: Setting CVar [[r.HairStrands.VelocityRasterizationScale:1]]
[2020.12.07-00.59.01:421][  0]LogConfig: Applying CVar settings from Section [Startup] File [../../../Engine/Config/ConsoleVariables.ini]
[2020.12.07-00.59.01:421][  0]LogConfig: Setting CVar [[net.UseAdaptiveNetUpdateFrequency:0]]
[2020.12.07-00.59.01:421][  0]LogConfig: Setting CVar [[p.chaos.AllowCreatePhysxBodies:1]]
[2020.12.07-00.59.01:421][  0]LogConfig: Setting CVar [[fx.SkipVectorVMBackendOptimizations:1]]
[2020.12.07-00.59.01:421][  0]LogConfig: Applying CVar settings from Section [ConsoleVariables] File [E:/UNREAL/ProjectFalls/Saved/Config/Windows/Engine.ini]
[2020.12.07-00.59.01:421][  0]LogInit: Computer: BACON_PC
[2020.12.07-00.59.01:421][  0]LogInit: User: Kaue
[2020.12.07-00.59.01:421][  0]LogInit: CPU Page size=4096, Cores=6
[2020.12.07-00.59.01:421][  0]LogInit: High frequency timer resolution =10.000000 MHz
[2020.12.07-00.59.01:422][  0]LogMemory: Memory total: Physical=23.9GB (24GB approx)
[2020.12.07-00.59.01:422][  0]LogMemory: Platform Memory Stats for Windows
[2020.12.07-00.59.01:422][  0]LogMemory: Process Physical Memory: 113.73 MB used, 113.73 MB peak
[2020.12.07-00.59.01:422][  0]LogMemory: Process Virtual Memory: 95.80 MB used, 95.81 MB peak
[2020.12.07-00.59.01:422][  0]LogMemory: Physical Memory: 6184.29 MB used,  18325.05 MB free, 24509.34 MB total
[2020.12.07-00.59.01:422][  0]LogMemory: Virtual Memory: 5102.78 MB used,  134212624.00 MB free, 134217728.00 MB total
[2020.12.07-00.59.01:430][  0]LogWindows: WindowsPlatformFeatures enabled
[2020.12.07-00.59.01:530][  0]LogInit: Physics initialised using underlying interface: PhysX
[2020.12.07-00.59.01:532][  0]LogInit: Overriding language with editor language configuration option (en).
[2020.12.07-00.59.01:532][  0]LogInit: Overriding locale with editor locale configuration option (en).
[2020.12.07-00.59.01:730][  0]LogInit: Setting process to per monitor DPI aware
[2020.12.07-00.59.01:758][  0]LogSlate: New Slate User Created.  User Index 0, Is Virtual User: 0
[2020.12.07-00.59.01:758][  0]LogSlate: Slate User Registered.  User Index 0, Is Virtual User: 0
[2020.12.07-00.59.02:026][  0]LogHMD: Failed to initialize OpenVR with code 110
[2020.12.07-00.59.02:026][  0]LogD3D11RHI: D3D11 min allowed feature level: 11_0
[2020.12.07-00.59.02:026][  0]LogD3D11RHI: D3D11 max allowed feature level: 11_0
[2020.12.07-00.59.02:027][  0]LogD3D11RHI: D3D11 adapters:
[2020.12.07-00.59.02:093][  0]LogD3D11RHI:    0. 'NVIDIA GeForce GTX 1050 Ti' (Feature Level 11_0)
[2020.12.07-00.59.02:093][  0]LogD3D11RHI:       4018/0/12254 MB DedicatedVideo/DedicatedSystem/SharedSystem, Outputs:1, VendorId:0x10de
[2020.12.07-00.59.02:096][  0]LogD3D11RHI:    1. 'Microsoft Basic Render Driver' (Feature Level 11_0)
[2020.12.07-00.59.02:096][  0]LogD3D11RHI:       0/0/12254 MB DedicatedVideo/DedicatedSystem/SharedSystem, Outputs:0, VendorId:0x1414
[2020.12.07-00.59.02:096][  0]LogD3D11RHI: Chosen D3D11 Adapter: 0
[2020.12.07-00.59.02:102][  0]LogD3D11RHI: Creating new Direct3DDevice
[2020.12.07-00.59.02:102][  0]LogD3D11RHI:     GPU DeviceId: 0x1c82 (for the marketing name, search the web for "GPU Device Id")
[2020.12.07-00.59.02:102][  0]LogWindows: EnumDisplayDevices:
[2020.12.07-00.59.02:102][  0]LogWindows:    0. 'NVIDIA GeForce GTX 1050 Ti' (P:1 D:1)
[2020.12.07-00.59.02:103][  0]LogWindows:    1. 'NVIDIA GeForce GTX 1050 Ti' (P:0 D:0)
[2020.12.07-00.59.02:104][  0]LogWindows:    2. 'NVIDIA GeForce GTX 1050 Ti' (P:0 D:0)
[2020.12.07-00.59.02:104][  0]LogWindows:    3. 'NVIDIA GeForce GTX 1050 Ti' (P:0 D:0)
[2020.12.07-00.59.02:105][  0]LogWindows: DebugString: FoundDriverCount:4 
[2020.12.07-00.59.02:105][  0]LogD3D11RHI:     Adapter Name: NVIDIA GeForce GTX 1050 Ti
[2020.12.07-00.59.02:105][  0]LogD3D11RHI:   Driver Version: 457.51 (internal:27.21.14.5751, unified:457.51)
[2020.12.07-00.59.02:105][  0]LogD3D11RHI:      Driver Date: 11-22-2020
[2020.12.07-00.59.02:105][  0]LogRHI: Texture pool is 2812 MB (70% of 4018 MB)
[2020.12.07-00.59.02:143][  0]LogD3D11RHI: RHI has support for 64 bit atomics
[2020.12.07-00.59.02:143][  0]LogD3D11RHI: Async texture creation enabled
[2020.12.07-00.59.02:143][  0]LogD3D11RHI: Array index from any shader is supported
[2020.12.07-00.59.02:146][  0]LogD3D11RHI: HDR output is supported on display 0 (NvId: 0x80061082).
[2020.12.07-00.59.02:169][  0]LogD3D11RHI: GPU Timing Frequency: 1000.000000 (Debug: 2 1)
[2020.12.07-00.59.02:557][  0]LogTargetPlatformManager: Display: Loaded TargetPlatform 'AllDesktop'
[2020.12.07-00.59.02:581][  0]LogTargetPlatformManager: Display: Loaded TargetPlatform 'Android'
[2020.12.07-00.59.02:581][  0]LogTargetPlatformManager: Display: Loaded TargetPlatform 'Android_ASTC'
[2020.12.07-00.59.02:581][  0]LogTargetPlatformManager: Display: Loaded TargetPlatform 'Android_DXT'
[2020.12.07-00.59.02:581][  0]LogTargetPlatformManager: Display: Loaded TargetPlatform 'Android_ETC2'
[2020.12.07-00.59.02:581][  0]LogTargetPlatformManager: Display: Loaded TargetPlatform 'AndroidClient'
[2020.12.07-00.59.02:581][  0]LogTargetPlatformManager: Display: Loaded TargetPlatform 'Android_ASTCClient'
[2020.12.07-00.59.02:581][  0]LogTargetPlatformManager: Display: Loaded TargetPlatform 'Android_DXTClient'
[2020.12.07-00.59.02:581][  0]LogTargetPlatformManager: Display: Loaded TargetPlatform 'Android_ETC2Client'
[2020.12.07-00.59.02:581][  0]LogTargetPlatformManager: Display: Loaded TargetPlatform 'Android_Multi'
[2020.12.07-00.59.02:581][  0]LogTargetPlatformManager: Display: Loaded TargetPlatform 'Android_MultiClient'
[2020.12.07-00.59.02:609][  0]LogTargetPlatformManager: Display: Loaded TargetPlatform 'IOSClient'
[2020.12.07-00.59.02:609][  0]LogTargetPlatformManager: Display: Loaded TargetPlatform 'IOS'
[2020.12.07-00.59.02:622][  0]LogTargetPlatformManager: Display: Loaded TargetPlatform 'Linux'
[2020.12.07-00.59.02:633][  0]LogTargetPlatformManager: Display: Loaded TargetPlatform 'LinuxNoEditor'
[2020.12.07-00.59.02:645][  0]LogTargetPlatformManager: Display: Loaded TargetPlatform 'LinuxClient'
[2020.12.07-00.59.02:656][  0]LogTargetPlatformManager: Display: Loaded TargetPlatform 'LinuxServer'
[2020.12.07-00.59.02:667][  0]LogTargetPlatformManager: Display: Loaded TargetPlatform 'LinuxAArch64NoEditor'
[2020.12.07-00.59.02:679][  0]LogTargetPlatformManager: Display: Loaded TargetPlatform 'LinuxAArch64Client'
[2020.12.07-00.59.02:690][  0]LogTargetPlatformManager: Display: Loaded TargetPlatform 'LinuxAArch64Server'
[2020.12.07-00.59.02:723][  0]LogTargetPlatformManager: Display: Loaded TargetPlatform 'Lumin'
[2020.12.07-00.59.02:723][  0]LogTargetPlatformManager: Display: Loaded TargetPlatform 'LuminClient'
[2020.12.07-00.59.02:743][  0]LogTargetPlatformManager: Display: Loaded TargetPlatform 'TVOSClient'
[2020.12.07-00.59.02:743][  0]LogTargetPlatformManager: Display: Loaded TargetPlatform 'TVOS'
[2020.12.07-00.59.02:754][  0]LogTargetPlatformManager: Display: Loaded TargetPlatform 'WindowsNoEditor'
[2020.12.07-00.59.02:766][  0]LogTargetPlatformManager: Display: Loaded TargetPlatform 'Windows'
[2020.12.07-00.59.02:778][  0]LogTargetPlatformManager: Display: Loaded TargetPlatform 'WindowsClient'
[2020.12.07-00.59.02:789][  0]LogTargetPlatformManager: Display: Loaded TargetPlatform 'WindowsServer'
[2020.12.07-00.59.02:789][  0]LogTargetPlatformManager: Display: Building Assets For Windows
[2020.12.07-00.59.02:800][  0]LogAudioDebug: Display: Lib vorbis DLL was dynamically loaded.
[2020.12.07-00.59.02:897][  0]LogShaderCompilers: Guid format shader working directory is 10 characters bigger than the processId version (../../../../../UNREAL/ProjectFalls/Intermediate/Shaders/WorkingDirectory/10688/).
[2020.12.07-00.59.02:897][  0]LogShaderCompilers: Cleaned the shader compiler working directory 'C:/Users/Kaue/AppData/Local/Temp/UnrealShaderWorkingDir/DA770C414DA9BA2501E22CB25041A274/'.
[2020.12.07-00.59.02:898][  0]LogXGEController: Cleaning working directory: C:/Users/Kaue/AppData/Local/Temp/UnrealXGEWorkingDir/
[2020.12.07-00.59.02:898][  0]LogXGEController: Cannot use XGE Controller as Incredibuild is not installed on this machine.
[2020.12.07-00.59.02:898][  0]LogShaderCompilers: Cannot use XGE Shader Compiler as Incredibuild is not installed on this machine.
[2020.12.07-00.59.02:898][  0]LogShaderCompilers: Display: Using Local Shader Compiler.
[2020.12.07-00.59.03:676][  0]LogDerivedDataCache: Display: Max Cache Size: 512 MB
[2020.12.07-00.59.03:732][  0]LogDerivedDataCache: Loaded boot cache 0.06s 75MB C:/Users/Kaue/AppData/Local/UnrealEngine/4.25/DerivedDataCache/Boot.ddc.
[2020.12.07-00.59.03:732][  0]LogDerivedDataCache: Display: Loaded Boot cache: C:/Users/Kaue/AppData/Local/UnrealEngine/4.25/DerivedDataCache/Boot.ddc
[2020.12.07-00.59.03:733][  0]LogDerivedDataCache: FDerivedDataBackendGraph:  Pak pak cache file ../../../../../UNREAL/ProjectFalls/DerivedDataCache/DDC.ddp not found, will not use a pak cache.
[2020.12.07-00.59.03:733][  0]LogDerivedDataCache: Unable to find inner node Pak for hierarchical cache Hierarchy.
[2020.12.07-00.59.03:733][  0]LogDerivedDataCache: FDerivedDataBackendGraph:  CompressedPak pak cache file ../../../../../UNREAL/ProjectFalls/DerivedDataCache/Compressed.ddp not found, will not use a pak cache.
[2020.12.07-00.59.03:733][  0]LogDerivedDataCache: Unable to find inner node CompressedPak for hierarchical cache Hierarchy.
[2020.12.07-00.59.03:743][  0]LogDerivedDataCache: Display: Pak cache opened for reading ../../../Engine/DerivedDataCache/Compressed.ddp.
[2020.12.07-00.59.03:743][  0]LogDerivedDataCache: FDerivedDataBackendGraph:  EnterprisePak pak cache file ../../../Enterprise/DerivedDataCache/Compressed.ddp not found, will not use a pak cache.
[2020.12.07-00.59.03:743][  0]LogDerivedDataCache: Unable to find inner node EnterprisePak for hierarchical cache Hierarchy.
[2020.12.07-00.59.03:744][  0]LogDerivedDataCache: Using Local data cache path C:/Users/Kaue/AppData/Local/UnrealEngine/Common/DerivedDataCache: Writable
[2020.12.07-00.59.03:744][  0]LogDerivedDataCache: Shared data cache path not found in *engine.ini, will not use an Shared cache.
[2020.12.07-00.59.03:744][  0]LogDerivedDataCache: Unable to find inner node Shared for hierarchical cache Hierarchy.
[2020.12.07-00.59.03:791][  0]LogSlate: Using FreeType 2.10.0
[2020.12.07-00.59.03:792][  0]LogSlate: SlateFontServices - WITH_FREETYPE: 1, WITH_HARFBUZZ: 1
[2020.12.07-00.59.03:823][  0]LogAssetRegistry: FAssetRegistry took 0.0025 seconds to start up
[2020.12.07-00.59.04:053][  0]LogInit: Selected Device Profile: [Windows]
[2020.12.07-00.59.04:176][  0]LogMeshReduction: Using QuadricMeshReduction for automatic static mesh reduction
[2020.12.07-00.59.04:176][  0]LogMeshReduction: Using SimplygonMeshReduction for automatic skeletal mesh reduction
[2020.12.07-00.59.04:176][  0]LogMeshReduction: Using ProxyLODMeshReduction for automatic mesh merging
[2020.12.07-00.59.04:176][  0]LogMeshReduction: No distributed automatic mesh merging module available
[2020.12.07-00.59.04:176][  0]LogMeshMerging: No distributed automatic mesh merging module available
[2020.12.07-00.59.04:193][  0]LogNetVersion: ProjectFalls 1.0.0, NetCL: 13144385, EngineNetVer: 14, GameNetVer: 0 (Checksum: 4208646214)
[2020.12.07-00.59.04:678][  0]LogAISub: UAISubsystem::UAISubsystem AISubsystem (000002BA3ECF5BC0), frame # 0
[2020.12.07-00.59.04:678][  0]LogAISub: UAISubsystem::UAISubsystem AIPerceptionSystem (000002BA3EC37C40), frame # 0
[2020.12.07-00.59.04:679][  0]LogAISub: UAISubsystem::UAISubsystem EnvQueryManager (000002BA3ECA9E00), frame # 0
[2020.12.07-00.59.04:726][  0]LogPackageLocalizationCache: Processed 19 localized package path(s) for 1 prioritized culture(s) in 0.040077 seconds
[2020.12.07-00.59.04:730][  0]LogUObjectArray: 15917 objects as part of root set at end of initial load.
[2020.12.07-00.59.04:730][  0]LogUObjectAllocator: 3965568 out of 0 bytes used by permanent object pool.
[2020.12.07-00.59.04:730][  0]LogUObjectArray: CloseDisregardForGC: 0/0 objects in disregard for GC pool
[2020.12.07-00.59.05:159][  0]LogTcpMessaging: Initializing TcpMessaging bridge
[2020.12.07-00.59.05:164][  0]LogUdpMessaging: Initializing bridge on interface 0.0.0.0:0 to multicast group 230.0.0.1:6666.
[2020.12.07-00.59.05:258][  0]SourceControl: Source control is disabled
[2020.12.07-00.59.05:258][  0]SourceControl: Source control is disabled
[2020.12.07-00.59.05:262][  0]SourceControl: Source control is disabled
[2020.12.07-00.59.05:266][  0]SourceControl: Source control is disabled
[2020.12.07-00.59.05:275][  0]SourceControl: Source control is disabled
[2020.12.07-00.59.05:290][  0]LogVSAccessor: Display: Unable to create Visual Studio setup instance: 80040154
[2020.12.07-00.59.05:291][  0]LogVSAccessor: Display: Unable to create Visual Studio setup instance: 80040154
[2020.12.07-00.59.05:600][  0]LogAndroidPermission: UAndroidPermissionCallbackProxy::GetInstance
[2020.12.07-00.59.05:625][  0]LogAudioCaptureCore: Display: No Audio Capture implementations found. Audio input will be silent.
[2020.12.07-00.59.05:625][  0]LogAudioCaptureCore: Display: No Audio Capture implementations found. Audio input will be silent.
[2020.12.07-00.59.05:686][  0]LogOcInput: OculusInput pre-init called
[2020.12.07-00.59.05:704][  0]LogWindows: Failed to load 'OVRPlugin.dll' (GetLastError=126)
[2020.12.07-00.59.05:705][  0]LogWindows: File 'OVRPlugin.dll' does not exist
[2020.12.07-00.59.05:768][  0]LogEngine: Initializing Engine...
[2020.12.07-00.59.05:769][  0]LogHMD: Failed to initialize OpenVR with code 110
[2020.12.07-00.59.05:769][  0]LogMagicLeap: Warning: VR disabled because ZI is not enabled.  To enable, in the editor, Edit -> Project Settings -> Plugins -> Magic Leap Plugin -> Enable Zero Iteration
[2020.12.07-00.59.05:770][  0]LogStats: UGameplayTagsManager::InitializeManager -  0.000 s
[2020.12.07-00.59.05:886][  0]LogInit: Initializing FReadOnlyCVARCache
[2020.12.07-00.59.05:895][  0]LogAIModule: Creating AISystem for world Untitled
[2020.12.07-00.59.05:895][  0]LogAISub: UAISubsystem::UAISubsystem EnvQueryManager (000002BA416B8600), frame # 0
[2020.12.07-00.59.05:895][  0]LogAISub: UAISubsystem::UAISubsystem AIPerceptionSystem (000002BA416D1940), frame # 0
[2020.12.07-00.59.05:913][  0]LogAudioMixer: Display: Audio Mixer Platform Settings:
[2020.12.07-00.59.05:913][  0]LogAudioMixer: Display: 	Sample Rate:						  48000
[2020.12.07-00.59.05:913][  0]LogAudioMixer: Display: 	Callback Buffer Frame Size Requested: 1024
[2020.12.07-00.59.05:913][  0]LogAudioMixer: Display: 	Callback Buffer Frame Size To Use:	  1024
[2020.12.07-00.59.05:913][  0]LogAudioMixer: Display: 	Number of buffers to queue:			  2
[2020.12.07-00.59.05:913][  0]LogAudioMixer: Display: 	Max Channels (voices):				  32
[2020.12.07-00.59.05:913][  0]LogAudioMixer: Display: 	Number of Async Source Workers:		  0
[2020.12.07-00.59.05:913][  0]LogAudio: Display: AudioDevice MaxSources: 32
[2020.12.07-00.59.05:913][  0]LogAudio: Display: Using built-in audio occlusion.
[2020.12.07-00.59.05:913][  0]LogAudioMixer: Display: Initializing audio mixer.
[2020.12.07-00.59.05:952][  0]LogAudioMixer: Display: 0: FrontLeft
[2020.12.07-00.59.05:952][  0]LogAudioMixer: Display: 1: FrontRight
[2020.12.07-00.59.06:026][  0]LogAudioMixer: Display: Using Audio Device Alto-falantes (Jabra EVOLVE 20)
[2020.12.07-00.59.06:029][  0]LogAudioMixer: Display: Initializing Sound Submixes...
[2020.12.07-00.59.06:033][  0]LogAudioMixer: Display: Creating Master Submix 'MasterSubmixDefault'
[2020.12.07-00.59.06:033][  0]LogAudioMixer: Display: Creating Master Submix 'MasterReverbSubmixDefault'
[2020.12.07-00.59.06:034][  0]LogAudioMixer: Display: Creating Master Submix 'MasterEQSubmixDefault'
[2020.12.07-00.59.06:035][  0]LogInit: FAudioDevice initialized.
[2020.12.07-00.59.06:035][  0]LogNetVersion: Set ProjectVersion to 1.0.0.0. Version Checksum will be recalculated on next use.
[2020.12.07-00.59.06:110][  0]LogDerivedDataCache: Saved boot cache 0.07s 75MB C:/Users/Kaue/AppData/Local/UnrealEngine/4.25/DerivedDataCache/Boot.ddc.
[2020.12.07-00.59.06:113][  0]LogInit: Texture streaming: Enabled
[2020.12.07-00.59.06:140][  0]LogEngineSessionManager: EngineSessionManager initialized
[2020.12.07-00.59.06:140][  0]LogEngineSessionManager: EngineSessionManager sent abnormal shutdown report. Type=Crashed, SessionId={D8E584D8-49B0-F0C9-E1BA-E9B6EEAEC56C}
[2020.12.07-00.59.06:140][  0]LogEditorSessionSummary: Verbose: Initializing EditorSessionSummaryWriter for editor session tracking
[2020.12.07-00.59.06:155][  0]LogEditorSessionSummary: EditorSessionSummaryWriter initialized
[2020.12.07-00.59.06:195][  0]LogInit: Transaction tracking system initialized
[2020.12.07-00.59.06:223][  0]BlueprintLog: New page: Editor Load
[2020.12.07-00.59.06:310][  0]LocalizationService: Localization service is disabled
[2020.12.07-00.59.06:410][  0]LogVSAccessor: Display: Unable to create Visual Studio setup instance: 80040154
[2020.12.07-00.59.06:410][  0]LogVSAccessor: Display: Unable to create Visual Studio setup instance: 80040154
[2020.12.07-00.59.06:497][  0]LogCook: Display: Max memory allowance for cook 16384mb min free memory 0mb
[2020.12.07-00.59.06:497][  0]LogCook: Display: Mobile HDR setting 1
[2020.12.07-00.59.06:611][  0]LogFileCache: Scanning file cache for directory 'E:/UNREAL/ProjectFalls/Content/' took 0.01s
[2020.12.07-00.59.06:908][  0]SourceControl: Source control is disabled
[2020.12.07-00.59.06:908][  0]LogUnrealEdMisc: Loading editor; pre map load, took 8.276
[2020.12.07-00.59.06:908][  0]Cmd: MAP LOAD FILE="../../../../../UNREAL/ProjectFalls/Content/ThirdPersonBP/Maps/ThirdPersonExampleMap.umap" TEMPLATE=0 SHOWPROGRESS=1 FEATURELEVEL=3
[2020.12.07-00.59.06:909][  0]LightingResults: New page: Lighting Build
[2020.12.07-00.59.06:910][  0]LogWorld: UWorld::CleanupWorld for Untitled, bSessionEnded=true, bCleanupResources=true
[2020.12.07-00.59.06:910][  0]LogSlate: InvalidateAllWidgets triggered.  All widgets were invalidated
[2020.12.07-00.59.06:910][  0]MapCheck: New page: Map Check
[2020.12.07-00.59.06:910][  0]LightingResults: New page: Lighting Build
[2020.12.07-00.59.06:918][  0]LogAISub: UAISubsystem::~UAISubsystem EnvQueryManager (000002BA416B8600), frame # 0
[2020.12.07-00.59.06:918][  0]LogAISub: UAISubsystem::~UAISubsystem AIPerceptionSystem (000002BA416D1940), frame # 0
[2020.12.07-00.59.06:918][  0]LogUObjectHash: Compacting FUObjectHashTables data took   0.59ms
[2020.12.07-00.59.07:439][  0]LogAIModule: Creating AISystem for world ThirdPersonExampleMap
[2020.12.07-00.59.07:439][  0]LogAISub: UAISubsystem::UAISubsystem EnvQueryManager (000002BA37817E00), frame # 0
[2020.12.07-00.59.07:439][  0]LogAISub: UAISubsystem::UAISubsystem AIPerceptionSystem (000002BA3358F740), frame # 0
[2020.12.07-00.59.07:450][  0]LogEditorServer: Finished looking for orphan Actors (0.000 secs)
[2020.12.07-00.59.07:460][  0]LogUObjectHash: Compacting FUObjectHashTables data took   0.75ms
[2020.12.07-00.59.07:460][  0]Cmd: MAP CHECKDEP NOCLEARLOG
[2020.12.07-00.59.07:461][  0]MapCheck: Map check complete: 0 Error(s), 0 Warning(s), took 0.28ms to complete.
[2020.12.07-00.59.07:461][  0]LogFileHelpers: Loading map 'ThirdPersonExampleMap' took 0.553
[2020.12.07-00.59.07:462][  0]LogUnrealEdMisc: Total Editor Startup Time, took 8.830
[2020.12.07-00.59.07:587][  0]LogSlate: Updating window title bar state: overlay mode, drag disabled, window buttons hidden, title bar hidden
[2020.12.07-00.59.07:593][  0]LogSlate: Updating window title bar state: overlay mode, drag disabled, window buttons hidden, title bar hidden
[2020.12.07-00.59.07:599][  0]LogSlate: Updating window title bar state: overlay mode, drag disabled, window buttons hidden, title bar hidden
[2020.12.07-00.59.07:606][  0]LogSlate: Updating window title bar state: overlay mode, drag disabled, window buttons hidden, title bar hidden
[2020.12.07-00.59.07:618][  0]LogCollectionManager: Loaded 0 collections in 0.001002 seconds
[2020.12.07-00.59.07:632][  0]LogFileCache: Scanning file cache for directory 'E:/UNREAL/ProjectFalls/Saved/Collections/' took 0.00s
[2020.12.07-00.59.07:633][  0]LogFileCache: Scanning file cache for directory 'E:/UNREAL/ProjectFalls/Content/Developers/Kaue/Collections/' took 0.00s
[2020.12.07-00.59.07:633][  0]LogFileCache: Scanning file cache for directory 'E:/UNREAL/ProjectFalls/Content/Collections/' took 0.00s
[2020.12.07-00.59.07:633][  0]LogContentBrowser: Native class hierarchy populated in 0.0080 seconds. Added 3427 classes and 821 folders.
[2020.12.07-00.59.07:635][  0]LogContentBrowser: Native class hierarchy updated for 'WidgetCarousel' in 0.0003 seconds. Added 0 classes and 0 folders.
[2020.12.07-00.59.07:737][  0]LogContentBrowser: Native class hierarchy updated for 'AddContentDialog' in 0.0003 seconds. Added 0 classes and 0 folders.
[2020.12.07-00.59.07:738][  0]LogContentBrowser: Native class hierarchy updated for 'SceneOutliner' in 0.0003 seconds. Added 2 classes and 0 folders.
[2020.12.07-00.59.07:931][  0]LogSlate: Took 0.000256 seconds to synchronously load lazily loaded font '../../../Engine/Content/Slate/Fonts/Roboto-Regular.ttf' (155K)
[2020.12.07-00.59.07:933][  0]LogSlate: Took 0.000237 seconds to synchronously load lazily loaded font '../../../Engine/Content/Slate/Fonts/Roboto-Bold.ttf' (160K)
[2020.12.07-00.59.07:936][  0]LogSlate: Took 0.000210 seconds to synchronously load lazily loaded font '../../../Engine/Content/Editor/Slate/Fonts/FontAwesome.ttf' (139K)
[2020.12.07-00.59.07:996][  0]LogRenderer: Reallocating scene render targets to support 1704x852 Format 9 NumSamples 1 (Frame:1).
[2020.12.07-00.59.08:094][  0]LogContentBrowser: Native class hierarchy updated for 'HierarchicalLODOutliner' in 0.0003 seconds. Added 0 classes and 0 folders.
[2020.12.07-00.59.08:094][  0]LogLoad: (Engine Initialization) Total time: 9.46 seconds
[2020.12.07-00.59.08:094][  0]LogLoad: (Engine Initialization) Total Blueprint compile time: 0.00 seconds
[2020.12.07-00.59.08:136][  0]LogAssetRegistry: Asset discovery search completed in 4.3133 seconds
[2020.12.07-00.59.08:139][  0]LogCollectionManager: Fixed up redirectors for 0 collections in 0.000002 seconds (updated 0 objects)
[2020.12.07-00.59.08:141][  0]LogContentStreaming: Texture pool size now 800 MB
[2020.12.07-00.59.09:453][  4]LogSlate: Took 0.000243 seconds to synchronously load lazily loaded font '../../../Engine/Content/Slate/Fonts/Roboto-Light.ttf' (167K)
[2020.12.07-00.59.13:324][211]LogSlate: Window 'Message Log' being destroyed
[2020.12.07-00.59.13:329][211]LogSlate: Window 'Message Log' being destroyed
[2020.12.07-00.59.19:787][884]LogEditorViewport: Clicking on Actor (LMB): ThirdPersonCharacter_C (ThirdPersonCharacter)
[2020.12.07-00.59.20:040][890]LogEditorViewport: Clicking on Actor (context menu): ThirdPersonCharacter_C (ThirdPersonCharacter)
[2020.12.07-00.59.20:753][965]LogAssetEditorSubsystem: Opening Asset editor for Blueprint /Game/ThirdPersonBP/Blueprints/ThirdPersonCharacter.ThirdPersonCharacter
[2020.12.07-00.59.20:981][965]LogContentBrowser: Native class hierarchy updated for 'BlueprintGraph' in 0.0006 seconds. Added 125 classes and 0 folders.
[2020.12.07-00.59.21:800][965]LogSlate: Took 0.000242 seconds to synchronously load lazily loaded font '../../../Engine/Content/Slate/Fonts/Roboto-BoldCondensed.ttf' (158K)
[2020.12.07-00.59.21:900][966]LogSlate: Took 0.000243 seconds to synchronously load lazily loaded font '../../../Engine/Content/Slate/Fonts/Roboto-Italic.ttf' (157K)
[2020.12.07-00.59.40:495][295]Cmd: OBJ SAVEPACKAGE PACKAGE="/Game/ThirdPersonBP/Blueprints/ThirdPersonCharacter" FILE="../../../../../UNREAL/ProjectFalls/Content/ThirdPersonBP/Blueprints/ThirdPersonCharacter.uasset" SILENT=true
[2020.12.07-00.59.40:545][295]LogSavePackage: Moving '../../../../../UNREAL/ProjectFalls/Saved/ThirdPersonCharacterB051A2EC4BB07E86C490248A84FD5A22.tmp' to '../../../../../UNREAL/ProjectFalls/Content/ThirdPersonBP/Blueprints/ThirdPersonCharacter.uasset'
[2020.12.07-00.59.40:571][295]AssetCheck: New page: Asset Save: ThirdPersonCharacter
[2020.12.07-00.59.40:572][295]LogContentValidation: Display: Validating Blueprint /Game/ThirdPersonBP/Blueprints/ThirdPersonCharacter.ThirdPersonCharacter
[2020.12.07-00.59.41:202][334]BlueprintLog: New page: Compile ThirdPersonCharacter
[2020.12.07-00.59.41:317][334]LogUObjectHash: Compacting FUObjectHashTables data took   1.61ms
[2020.12.07-00.59.41:440][334]LogSlate: Took 0.000250 seconds to synchronously load lazily loaded font '../../../Engine/Content/Slate/Fonts/DroidSansMono.ttf' (77K)
[2020.12.07-01.00.43:386][922]LogUObjectHash: Compacting FUObjectHashTables data took   1.86ms
[2020.12.07-01.00.43:428][922]LogUObjectHash: Compacting FUObjectHashTables data took   0.40ms
[2020.12.07-01.00.43:469][922]LogSavePackage: Moving '../../../../../UNREAL/ProjectFalls/Saved/ThirdPersonExampleMapC0FAC2384C7F35D7064AE9A170C4469C.tmp' to '../../../../../UNREAL/ProjectFalls/Content/ThirdPersonBP/Maps/ThirdPersonExampleMap.umap'
[2020.12.07-01.00.43:485][922]LogFileHelpers: Saving map 'ThirdPersonExampleMap' took 0.076
[2020.12.07-01.00.43:606][922]LogSavePackage: Moving '../../../../../UNREAL/ProjectFalls/Saved/ThirdPersonExampleMap_BuiltData99AF973A4878115C5325E9B8E0149162.tmp' to '../../../../../UNREAL/ProjectFalls/Content/ThirdPersonBP/Maps/ThirdPersonExampleMap_BuiltData.uasset'
[2020.12.07-01.00.43:625][922]Cmd: OBJ SAVEPACKAGE PACKAGE="/Game/ThirdPersonBP/Blueprints/ThirdPersonCharacter" FILE="../../../../../UNREAL/ProjectFalls/Content/ThirdPersonBP/Blueprints/ThirdPersonCharacter.uasset" SILENT=true
[2020.12.07-01.00.43:675][922]LogSavePackage: Moving '../../../../../UNREAL/ProjectFalls/Saved/ThirdPersonCharacter43185D4E4BA70DE552962688B136FAE5.tmp' to '../../../../../UNREAL/ProjectFalls/Content/ThirdPersonBP/Blueprints/ThirdPersonCharacter.uasset'
[2020.12.07-01.00.43:706][922]AssetCheck: New page: Asset Save: multiple assets
[2020.12.07-01.00.43:706][922]LogContentValidation: Display: Validating World /Game/ThirdPersonBP/Maps/ThirdPersonExampleMap.ThirdPersonExampleMap
[2020.12.07-01.00.43:706][922]LogContentValidation: Display: Validating MapBuildDataRegistry /Game/ThirdPersonBP/Maps/ThirdPersonExampleMap_BuiltData.ThirdPersonExampleMap_BuiltData
[2020.12.07-01.00.43:706][922]LogContentValidation: Display: Validating Blueprint /Game/ThirdPersonBP/Blueprints/ThirdPersonCharacter.ThirdPersonCharacter
[2020.12.07-01.00.44:265][957]BlueprintLog: New page: Compile ThirdPersonCharacter
[2020.12.07-01.00.44:372][957]LogUObjectHash: Compacting FUObjectHashTables data took   1.67ms
[2020.12.07-01.01.03:942][409]LogEditorTransaction: Undo Move Node
[2020.12.07-01.01.18:755][404]BlueprintLog: New page: Compile ThirdPersonCharacter
[2020.12.07-01.01.18:862][404]LogUObjectHash: Compacting FUObjectHashTables data took   1.95ms
[2020.12.07-01.01.45:238][151]BlueprintLog: New page: Compile ThirdPersonCharacter
[2020.12.07-01.01.45:347][151]LogUObjectHash: Compacting FUObjectHashTables data took   1.85ms
[2020.12.07-01.02.04:075][539]LogUObjectHash: Compacting FUObjectHashTables data took   1.75ms
[2020.12.07-01.02.04:118][539]LogUObjectHash: Compacting FUObjectHashTables data took   0.41ms
[2020.12.07-01.02.04:152][539]LogSavePackage: Moving '../../../../../UNREAL/ProjectFalls/Saved/ThirdPersonExampleMap2524A31B4758858E2C9C6694F5575F3F.tmp' to '../../../../../UNREAL/ProjectFalls/Content/ThirdPersonBP/Maps/ThirdPersonExampleMap.umap'
[2020.12.07-01.02.04:168][539]LogFileHelpers: Saving map 'ThirdPersonExampleMap' took 0.068
[2020.12.07-01.02.04:247][539]LogSavePackage: Moving '../../../../../UNREAL/ProjectFalls/Saved/ThirdPersonExampleMap_BuiltData9009A09A42C3AB7E43F25F841DE86F9D.tmp' to '../../../../../UNREAL/ProjectFalls/Content/ThirdPersonBP/Maps/ThirdPersonExampleMap_BuiltData.uasset'
[2020.12.07-01.02.04:259][539]Cmd: OBJ SAVEPACKAGE PACKAGE="/Game/ThirdPersonBP/Blueprints/ThirdPersonCharacter" FILE="../../../../../UNREAL/ProjectFalls/Content/ThirdPersonBP/Blueprints/ThirdPersonCharacter.uasset" SILENT=true
[2020.12.07-01.02.04:311][539]LogSavePackage: Moving '../../../../../UNREAL/ProjectFalls/Saved/ThirdPersonCharacter73543C7C4889B3F49DF2C2A4DEC33D07.tmp' to '../../../../../UNREAL/ProjectFalls/Content/ThirdPersonBP/Blueprints/ThirdPersonCharacter.uasset'
[2020.12.07-01.02.04:337][539]AssetCheck: New page: Asset Save: multiple assets
[2020.12.07-01.02.04:337][539]LogContentValidation: Display: Validating World /Game/ThirdPersonBP/Maps/ThirdPersonExampleMap.ThirdPersonExampleMap
[2020.12.07-01.02.04:337][539]LogContentValidation: Display: Validating MapBuildDataRegistry /Game/ThirdPersonBP/Maps/ThirdPersonExampleMap_BuiltData.ThirdPersonExampleMap_BuiltData
[2020.12.07-01.02.04:337][539]LogContentValidation: Display: Validating Blueprint /Game/ThirdPersonBP/Blueprints/ThirdPersonCharacter.ThirdPersonCharacter
[2020.12.07-01.02.05:460][610]Cmd: OBJ SAVEPACKAGE PACKAGE="/Game/ThirdPersonBP/Blueprints/ThirdPersonCharacter" FILE="../../../../../UNREAL/ProjectFalls/Content/ThirdPersonBP/Blueprints/ThirdPersonCharacter.uasset" SILENT=true
[2020.12.07-01.02.05:506][610]LogSavePackage: Moving '../../../../../UNREAL/ProjectFalls/Saved/ThirdPersonCharacter0A1513B74DDF64106DA0CB894AB94F06.tmp' to '../../../../../UNREAL/ProjectFalls/Content/ThirdPersonBP/Blueprints/ThirdPersonCharacter.uasset'
[2020.12.07-01.02.05:526][610]AssetCheck: New page: Asset Save: ThirdPersonCharacter
[2020.12.07-01.02.05:526][610]LogContentValidation: Display: Validating Blueprint /Game/ThirdPersonBP/Blueprints/ThirdPersonCharacter.ThirdPersonCharacter
[2020.12.07-01.02.06:026][643]BlueprintLog: New page: Compile ThirdPersonCharacter
[2020.12.07-01.02.06:134][643]LogUObjectHash: Compacting FUObjectHashTables data took   1.57ms
[2020.12.07-01.02.44:718][523]LogUObjectHash: Compacting FUObjectHashTables data took   1.79ms
[2020.12.07-01.02.44:763][523]LogUObjectHash: Compacting FUObjectHashTables data took   0.41ms
[2020.12.07-01.02.44:797][523]LogSavePackage: Moving '../../../../../UNREAL/ProjectFalls/Saved/ThirdPersonExampleMap91469BE745854DD19671548BF050E7B4.tmp' to '../../../../../UNREAL/ProjectFalls/Content/ThirdPersonBP/Maps/ThirdPersonExampleMap.umap'
[2020.12.07-01.02.44:813][523]LogFileHelpers: Saving map 'ThirdPersonExampleMap' took 0.067
[2020.12.07-01.02.44:891][523]LogSavePackage: Moving '../../../../../UNREAL/ProjectFalls/Saved/ThirdPersonExampleMap_BuiltData4136850548BC02EEA93C3BB291B370C7.tmp' to '../../../../../UNREAL/ProjectFalls/Content/ThirdPersonBP/Maps/ThirdPersonExampleMap_BuiltData.uasset'
[2020.12.07-01.02.44:902][523]Cmd: OBJ SAVEPACKAGE PACKAGE="/Game/ThirdPersonBP/Blueprints/ThirdPersonCharacter" FILE="../../../../../UNREAL/ProjectFalls/Content/ThirdPersonBP/Blueprints/ThirdPersonCharacter.uasset" SILENT=true
[2020.12.07-01.02.44:953][523]LogSavePackage: Moving '../../../../../UNREAL/ProjectFalls/Saved/ThirdPersonCharacter064DB95F4B8A1AA4AFCE58B4C944E8FD.tmp' to '../../../../../UNREAL/ProjectFalls/Content/ThirdPersonBP/Blueprints/ThirdPersonCharacter.uasset'
[2020.12.07-01.02.44:981][523]AssetCheck: New page: Asset Save: multiple assets
[2020.12.07-01.02.44:982][523]LogContentValidation: Display: Validating World /Game/ThirdPersonBP/Maps/ThirdPersonExampleMap.ThirdPersonExampleMap
[2020.12.07-01.02.44:982][523]LogContentValidation: Display: Validating MapBuildDataRegistry /Game/ThirdPersonBP/Maps/ThirdPersonExampleMap_BuiltData.ThirdPersonExampleMap_BuiltData
[2020.12.07-01.02.44:982][523]LogContentValidation: Display: Validating Blueprint /Game/ThirdPersonBP/Blueprints/ThirdPersonCharacter.ThirdPersonCharacter
[2020.12.07-01.02.45:623][566]BlueprintLog: New page: Compile ThirdPersonCharacter
[2020.12.07-01.02.45:728][566]LogUObjectHash: Compacting FUObjectHashTables data took   1.56ms
[2020.12.07-01.02.46:300][593]Cmd: OBJ SAVEPACKAGE PACKAGE="/Game/ThirdPersonBP/Blueprints/ThirdPersonCharacter" FILE="../../../../../UNREAL/ProjectFalls/Content/ThirdPersonBP/Blueprints/ThirdPersonCharacter.uasset" SILENT=true
[2020.12.07-01.02.46:349][593]LogSavePackage: Moving '../../../../../UNREAL/ProjectFalls/Saved/ThirdPersonCharacter9484B47C40AA6ED1FE389BA5961E998D.tmp' to '../../../../../UNREAL/ProjectFalls/Content/ThirdPersonBP/Blueprints/ThirdPersonCharacter.uasset'
[2020.12.07-01.02.46:370][593]AssetCheck: New page: Asset Save: ThirdPersonCharacter
[2020.12.07-01.02.46:370][593]LogContentValidation: Display: Validating Blueprint /Game/ThirdPersonBP/Blueprints/ThirdPersonCharacter.ThirdPersonCharacter
[2020.12.07-01.03.33:275][ 71]BlueprintLog: New page: Compile ThirdPersonCharacter
[2020.12.07-01.03.33:387][ 71]LogUObjectHash: Compacting FUObjectHashTables data took   1.89ms
[2020.12.07-01.03.34:232][113]LogUObjectHash: Compacting FUObjectHashTables data took   1.83ms
[2020.12.07-01.03.34:276][113]LogUObjectHash: Compacting FUObjectHashTables data took   0.40ms
[2020.12.07-01.03.34:310][113]LogSavePackage: Moving '../../../../../UNREAL/ProjectFalls/Saved/ThirdPersonExampleMapA5550F5449DC533838222E96AB524AD9.tmp' to '../../../../../UNREAL/ProjectFalls/Content/ThirdPersonBP/Maps/ThirdPersonExampleMap.umap'
[2020.12.07-01.03.34:326][113]LogFileHelpers: Saving map 'ThirdPersonExampleMap' took 0.067
[2020.12.07-01.03.34:403][113]LogSavePackage: Moving '../../../../../UNREAL/ProjectFalls/Saved/ThirdPersonExampleMap_BuiltDataAE08D0E4414875EDA06296B658003BA1.tmp' to '../../../../../UNREAL/ProjectFalls/Content/ThirdPersonBP/Maps/ThirdPersonExampleMap_BuiltData.uasset'
[2020.12.07-01.03.34:414][113]Cmd: OBJ SAVEPACKAGE PACKAGE="/Game/ThirdPersonBP/Blueprints/ThirdPersonCharacter" FILE="../../../../../UNREAL/ProjectFalls/Content/ThirdPersonBP/Blueprints/ThirdPersonCharacter.uasset" SILENT=true
[2020.12.07-01.03.34:466][113]LogSavePackage: Moving '../../../../../UNREAL/ProjectFalls/Saved/ThirdPersonCharacterBC52B8824A222412C22BB795A2CBE003.tmp' to '../../../../../UNREAL/ProjectFalls/Content/ThirdPersonBP/Blueprints/ThirdPersonCharacter.uasset'
[2020.12.07-01.03.34:494][113]AssetCheck: New page: Asset Save: multiple assets
[2020.12.07-01.03.34:494][113]LogContentValidation: Display: Validating World /Game/ThirdPersonBP/Maps/ThirdPersonExampleMap.ThirdPersonExampleMap
[2020.12.07-01.03.34:494][113]LogContentValidation: Display: Validating MapBuildDataRegistry /Game/ThirdPersonBP/Maps/ThirdPersonExampleMap_BuiltData.ThirdPersonExampleMap_BuiltData
[2020.12.07-01.03.34:494][113]LogContentValidation: Display: Validating Blueprint /Game/ThirdPersonBP/Blueprints/ThirdPersonCharacter.ThirdPersonCharacter
[2020.12.07-01.03.35:311][165]Cmd: OBJ SAVEPACKAGE PACKAGE="/Game/ThirdPersonBP/Blueprints/ThirdPersonCharacter" FILE="../../../../../UNREAL/ProjectFalls/Content/ThirdPersonBP/Blueprints/ThirdPersonCharacter.uasset" SILENT=true
[2020.12.07-01.03.35:358][165]LogSavePackage: Moving '../../../../../UNREAL/ProjectFalls/Saved/ThirdPersonCharacterF9F312ED4A74685103DC0AA6543A50F5.tmp' to '../../../../../UNREAL/ProjectFalls/Content/ThirdPersonBP/Blueprints/ThirdPersonCharacter.uasset'
[2020.12.07-01.03.35:379][165]AssetCheck: New page: Asset Save: ThirdPersonCharacter
[2020.12.07-01.03.35:379][165]LogContentValidation: Display: Validating Blueprint /Game/ThirdPersonBP/Blueprints/ThirdPersonCharacter.ThirdPersonCharacter
[2020.12.07-01.03.36:903][268]LogSlate: Window 'ThirdPersonCharacter' being destroyed
[2020.12.07-01.03.36:911][268]LogSlate: Window 'ThirdPersonCharacter' being destroyed
[2020.12.07-01.03.36:912][268]LogWorld: UWorld::CleanupWorld for World_2, bSessionEnded=true, bCleanupResources=true
[2020.12.07-01.03.36:912][268]LogSlate: InvalidateAllWidgets triggered.  All widgets were invalidated
[2020.12.07-01.03.37:824][336]LogTemp: Repeating last play command: Selected Viewport
[2020.12.07-01.03.37:839][336]LogPlayLevel: PlayLevel: No blueprints needed recompiling
[2020.12.07-01.03.37:839][336]PIE: New page: PIE session: ThirdPersonExampleMap (Dec 6, 2020, 8:03:37 PM)
[2020.12.07-01.03.37:840][336]LogOnline: OSS: Creating online subsystem instance for: NULL
[2020.12.07-01.03.37:841][336]LogOnline: OSS: TryLoadSubsystemAndSetDefault: Loaded subsystem for module [NULL]
[2020.12.07-01.03.37:841][336]LogPlayLevel: Creating play world package: /Game/ThirdPersonBP/Maps/UEDPIE_0_ThirdPersonExampleMap
[2020.12.07-01.03.37:851][336]LogPlayLevel: PIE: StaticDuplicateObject took: (0.009338s)
[2020.12.07-01.03.37:852][336]LogAIModule: Creating AISystem for world ThirdPersonExampleMap
[2020.12.07-01.03.37:852][336]LogAISub: UAISubsystem::UAISubsystem EnvQueryManager (000002BA78E9AE00), frame # 19336
[2020.12.07-01.03.37:852][336]LogAISub: UAISubsystem::UAISubsystem AIPerceptionSystem (000002BAA842C400), frame # 19336
[2020.12.07-01.03.37:852][336]LogPlayLevel: PIE: World Init took: (0.001216s)
[2020.12.07-01.03.37:852][336]LogPlayLevel: PIE: Created PIE world by copying editor world from /Game/ThirdPersonBP/Maps/ThirdPersonExampleMap.ThirdPersonExampleMap to /Game/ThirdPersonBP/Maps/UEDPIE_0_ThirdPersonExampleMap.ThirdPersonExampleMap (0.010739s)
[2020.12.07-01.03.37:871][336]LogUObjectHash: Compacting FUObjectHashTables data took   1.61ms
[2020.12.07-01.03.37:873][336]LogAudioMixer: Display: Audio Mixer Platform Settings:
[2020.12.07-01.03.37:873][336]LogAudioMixer: Display: 	Sample Rate:						  48000
[2020.12.07-01.03.37:873][336]LogAudioMixer: Display: 	Callback Buffer Frame Size Requested: 1024
[2020.12.07-01.03.37:873][336]LogAudioMixer: Display: 	Callback Buffer Frame Size To Use:	  1024
[2020.12.07-01.03.37:873][336]LogAudioMixer: Display: 	Number of buffers to queue:			  2
[2020.12.07-01.03.37:873][336]LogAudioMixer: Display: 	Max Channels (voices):				  32
[2020.12.07-01.03.37:873][336]LogAudioMixer: Display: 	Number of Async Source Workers:		  0
[2020.12.07-01.03.37:873][336]LogAudio: Display: AudioDevice MaxSources: 32
[2020.12.07-01.03.37:873][336]LogAudio: Display: Using built-in audio occlusion.
[2020.12.07-01.03.37:873][336]LogAudioMixer: Display: Initializing audio mixer.
[2020.12.07-01.03.37:894][336]LogAudioMixer: Display: 0: FrontLeft
[2020.12.07-01.03.37:894][336]LogAudioMixer: Display: 1: FrontRight
[2020.12.07-01.03.37:941][336]LogAudioMixer: Display: Using Audio Device Alto-falantes (Jabra EVOLVE 20)
[2020.12.07-01.03.37:941][336]LogAudioMixer: Display: Initializing Sound Submixes...
[2020.12.07-01.03.37:941][336]LogAudioMixer: Display: Creating Master Submix 'MasterSubmixDefault'
[2020.12.07-01.03.37:941][336]LogAudioMixer: Display: Creating Master Submix 'MasterReverbSubmixDefault'
[2020.12.07-01.03.37:942][336]LogAudioMixer: Display: Creating Master Submix 'MasterEQSubmixDefault'
[2020.12.07-01.03.37:953][336]LogInit: FAudioDevice initialized.
[2020.12.07-01.03.37:967][336]LogLoad: Game class is 'ThirdPersonGameMode_C'
[2020.12.07-01.03.37:969][336]LogWorld: Bringing World /Game/ThirdPersonBP/Maps/UEDPIE_0_ThirdPersonExampleMap.ThirdPersonExampleMap up for play (max tick rate 0) at 2020.12.06-22.03.37
[2020.12.07-01.03.37:969][336]LogWorld: Bringing up level for play took: 0.001065
[2020.12.07-01.03.37:969][336]LogOnline: OSS: Creating online subsystem instance for: :Context_5
[2020.12.07-01.03.37:982][336]LogContentBrowser: Native class hierarchy updated for 'MovieSceneCapture' in 0.0004 seconds. Added 20 classes and 0 folders.
[2020.12.07-01.03.37:982][336]PIE: Server logged in
[2020.12.07-01.03.37:983][336]PIE: Play in editor total start time 0.151 seconds.
[2020.12.07-01.04.24:938][902]LogSlate: Updating window title bar state: overlay mode, drag disabled, window buttons hidden, title bar hidden
[2020.12.07-01.04.24:938][902]LogWorld: BeginTearingDown for /Game/ThirdPersonBP/Maps/UEDPIE_0_ThirdPersonExampleMap
[2020.12.07-01.04.24:938][902]LogWorld: UWorld::CleanupWorld for ThirdPersonExampleMap, bSessionEnded=true, bCleanupResources=true
[2020.12.07-01.04.24:938][902]LogSlate: InvalidateAllWidgets triggered.  All widgets were invalidated
[2020.12.07-01.04.24:949][902]LogPlayLevel: Display: Shutting down PIE online subsystems
[2020.12.07-01.04.24:953][902]LogSlate: InvalidateAllWidgets triggered.  All widgets were invalidated
[2020.12.07-01.04.24:976][902]LogSlate: Updating window title bar state: overlay mode, drag disabled, window buttons hidden, title bar hidden
[2020.12.07-01.04.25:008][902]LogAISub: UAISubsystem::~UAISubsystem AIPerceptionSystem (000002BAA842C400), frame # 24902
[2020.12.07-01.04.25:008][902]LogAISub: UAISubsystem::~UAISubsystem EnvQueryManager (000002BA78E9AE00), frame # 24902
[2020.12.07-01.04.25:025][902]LogUObjectHash: Compacting FUObjectHashTables data took   2.89ms
[2020.12.07-01.04.25:062][903]LogPlayLevel: Display: Destroying online subsystem :Context_5
[2020.12.07-01.04.25:986][997]LogUObjectHash: Compacting FUObjectHashTables data took   2.42ms
[2020.12.07-01.04.27:269][128]LogUObjectHash: Compacting FUObjectHashTables data took   0.36ms
[2020.12.07-01.04.27:304][128]LogSavePackage: Moving '../../../../../UNREAL/ProjectFalls/Saved/ThirdPersonExampleMapD90DF3EE4DED7A71358E25A6538D0BEB.tmp' to '../../../../../UNREAL/ProjectFalls/Content/ThirdPersonBP/Maps/ThirdPersonExampleMap.umap'
[2020.12.07-01.04.27:397][128]LogSavePackage: Moving '../../../../../UNREAL/ProjectFalls/Saved/ThirdPersonExampleMap_BuiltData4300EF8E45B9A62E80217388E91E2D2B.tmp' to '../../../../../UNREAL/ProjectFalls/Content/ThirdPersonBP/Maps/ThirdPersonExampleMap_BuiltData.uasset'
[2020.12.07-01.04.27:423][128]AssetCheck: New page: Asset Save: multiple assets
[2020.12.07-01.04.27:423][128]LogContentValidation: Display: Validating World /Game/ThirdPersonBP/Maps/ThirdPersonExampleMap.ThirdPersonExampleMap
[2020.12.07-01.04.27:423][128]LogContentValidation: Display: Validating MapBuildDataRegistry /Game/ThirdPersonBP/Maps/ThirdPersonExampleMap_BuiltData.ThirdPersonExampleMap_BuiltData
[2020.12.07-01.04.55:643][181]LogUObjectHash: Compacting FUObjectHashTables data took   0.39ms
[2020.12.07-01.04.56:608][286]LogEditorViewport: Clicking on Actor (LMB): BP_Sky_Sphere_C (SkySphereBlueprint)
[2020.12.07-01.04.57:326][351]LogUObjectHash: Compacting FUObjectHashTables data took   0.35ms
[2020.12.07-01.04.58:115][428]LogUObjectHash: Compacting FUObjectHashTables data took   0.36ms
[2020.12.07-01.05.12:993][689]LogSlate: Took 0.000334 seconds to synchronously load lazily loaded font '../../../Engine/Content/Slate/Fonts/Roboto-Light.ttf' (167K)
[2020.12.07-01.05.26:169][984]LogAssetEditorSubsystem: Opening Asset editor for AnimBlueprint /Game/Max/Animations/Max_Blueprint.Max_Blueprint
[2020.12.07-01.05.26:183][984]LogContentBrowser: Native class hierarchy updated for 'SkeletonEditor' in 0.0004 seconds. Added 1 classes and 2 folders.
[2020.12.07-01.05.26:342][984]LogActorComponent: RegisterComponentWithWorld: (/Engine/Transient.World_7:PersistentLevel.AnimationEditorPreviewActor_0.DebugSkelMeshComponent_0) Already registered. Aborting.
[2020.12.07-01.05.26:348][984]LogContentBrowser: Native class hierarchy updated for 'PinnedCommandList' in 0.0003 seconds. Added 1 classes and 0 folders.
[2020.12.07-01.05.26:733][984]LogSkeletalMesh: USkeletalMeshComponent::InitArticulated : Bodies already created (/Engine/Transient.World_7:PersistentLevel.AnimationEditorPreviewActor_0.DebugSkelMeshComponent_0) - call TermArticulated first.
[2020.12.07-01.05.27:357][984]LogContentBrowser: Verbose: The majority of assets in the view are of type: AnimSequence
[2020.12.07-01.05.48:818][678]LogEditorTransaction: Undo Create Pin Link
[2020.12.07-01.05.48:907][678]LogActorComponent: RegisterComponentWithWorld: (/Engine/Transient.World_7:PersistentLevel.AnimationEditorPreviewActor_0.DebugSkelMeshComponent_0) Already registered. Aborting.
[2020.12.07-01.05.58:552][362]BlueprintLog: New page: Compile Max_Blueprint
[2020.12.07-01.05.58:564][362]LogBlueprint: Warning: [Compiler Max_Blueprint] Sprinting_Forward_Roll to Max_Pistol  will never be taken, please connect something to  Can Enter Transition
[2020.12.07-01.05.58:622][362]LogUObjectHash: Compacting FUObjectHashTables data took   3.16ms
[2020.12.07-01.06.11:818][350]BlueprintLog: New page: Compile Max_Blueprint
[2020.12.07-01.06.11:862][350]LogUObjectHash: Compacting FUObjectHashTables data took   2.79ms
[2020.12.07-01.06.13:510][485]LogSlate: Window 'Max_Blueprint' being destroyed
[2020.12.07-01.06.13:531][485]LogSlate: Window 'Max_Blueprint' being destroyed
[2020.12.07-01.06.13:545][485]LogWorld: UWorld::CleanupWorld for World_7, bSessionEnded=true, bCleanupResources=true
[2020.12.07-01.06.13:545][485]LogSlate: InvalidateAllWidgets triggered.  All widgets were invalidated
[2020.12.07-01.06.13:550][485]LogWorld: UWorld::CleanupWorld for World_6, bSessionEnded=true, bCleanupResources=true
[2020.12.07-01.06.13:550][485]LogSlate: InvalidateAllWidgets triggered.  All widgets were invalidated
[2020.12.07-01.06.13:650][485]LogWorld: UWorld::CleanupWorld for World_8, bSessionEnded=true, bCleanupResources=true
[2020.12.07-01.06.13:650][485]LogSlate: InvalidateAllWidgets triggered.  All widgets were invalidated
[2020.12.07-01.06.15:779][725]LogUObjectHash: Compacting FUObjectHashTables data took   2.67ms
[2020.12.07-01.06.15:815][725]Cmd: OBJ SAVEPACKAGE PACKAGE="/Game/Max/Animations/Max_Blueprint" FILE="../../../../../UNREAL/ProjectFalls/Content/Max/Animations/Max_Blueprint.uasset" SILENT=true
[2020.12.07-01.06.15:879][725]LogSavePackage: Moving '../../../../../UNREAL/ProjectFalls/Saved/Max_Blueprint19A49B3E48587B37E92FB0BBBACE3004.tmp' to '../../../../../UNREAL/ProjectFalls/Content/Max/Animations/Max_Blueprint.uasset'
[2020.12.07-01.06.15:895][725]AssetCheck: New page: Asset Save: Max_Blueprint
[2020.12.07-01.06.15:896][725]LogContentValidation: Display: Validating AnimBlueprint /Game/Max/Animations/Max_Blueprint.Max_Blueprint
[2020.12.07-01.06.16:633][811]LogTemp: Repeating last play command: Selected Viewport
[2020.12.07-01.06.16:648][811]LogPlayLevel: PlayLevel: No blueprints needed recompiling
[2020.12.07-01.06.16:648][811]PIE: New page: PIE session: ThirdPersonExampleMap (Dec 6, 2020, 8:06:16 PM)
[2020.12.07-01.06.16:670][811]LogPlayLevel: Creating play world package: /Game/ThirdPersonBP/Maps/UEDPIE_0_ThirdPersonExampleMap
[2020.12.07-01.06.16:680][811]LogPlayLevel: PIE: StaticDuplicateObject took: (0.009914s)
[2020.12.07-01.06.16:681][811]LogAIModule: Creating AISystem for world ThirdPersonExampleMap
[2020.12.07-01.06.16:681][811]LogAISub: UAISubsystem::UAISubsystem EnvQueryManager (000002BA7551B000), frame # 34811
[2020.12.07-01.06.16:681][811]LogAISub: UAISubsystem::UAISubsystem AIPerceptionSystem (000002BAA8A17EC0), frame # 34811
[2020.12.07-01.06.16:682][811]LogPlayLevel: PIE: World Init took: (0.001221s)
[2020.12.07-01.06.16:682][811]LogPlayLevel: PIE: Created PIE world by copying editor world from /Game/ThirdPersonBP/Maps/ThirdPersonExampleMap.ThirdPersonExampleMap to /Game/ThirdPersonBP/Maps/UEDPIE_0_ThirdPersonExampleMap.ThirdPersonExampleMap (0.011366s)
[2020.12.07-01.06.16:720][811]LogUObjectHash: Compacting FUObjectHashTables data took   2.51ms
[2020.12.07-01.06.16:723][811]LogAudioMixer: Display: Audio Mixer Platform Settings:
[2020.12.07-01.06.16:724][811]LogAudioMixer: Display: 	Sample Rate:						  48000
[2020.12.07-01.06.16:724][811]LogAudioMixer: Display: 	Callback Buffer Frame Size Requested: 1024
[2020.12.07-01.06.16:724][811]LogAudioMixer: Display: 	Callback Buffer Frame Size To Use:	  1024
[2020.12.07-01.06.16:724][811]LogAudioMixer: Display: 	Number of buffers to queue:			  2
[2020.12.07-01.06.16:724][811]LogAudioMixer: Display: 	Max Channels (voices):				  32
[2020.12.07-01.06.16:724][811]LogAudioMixer: Display: 	Number of Async Source Workers:		  0
[2020.12.07-01.06.16:724][811]LogAudio: Display: AudioDevice MaxSources: 32
[2020.12.07-01.06.16:724][811]LogAudio: Display: Using built-in audio occlusion.
[2020.12.07-01.06.16:724][811]LogAudioMixer: Display: Initializing audio mixer.
[2020.12.07-01.06.16:744][811]LogAudioMixer: Display: 0: FrontLeft
[2020.12.07-01.06.16:744][811]LogAudioMixer: Display: 1: FrontRight
[2020.12.07-01.06.16:790][811]LogAudioMixer: Display: Using Audio Device Alto-falantes (Jabra EVOLVE 20)
[2020.12.07-01.06.16:791][811]LogAudioMixer: Display: Initializing Sound Submixes...
[2020.12.07-01.06.16:791][811]LogAudioMixer: Display: Creating Master Submix 'MasterSubmixDefault'
[2020.12.07-01.06.16:791][811]LogAudioMixer: Display: Creating Master Submix 'MasterReverbSubmixDefault'
[2020.12.07-01.06.16:791][811]LogAudioMixer: Display: Creating Master Submix 'MasterEQSubmixDefault'
[2020.12.07-01.06.16:803][811]LogInit: FAudioDevice initialized.
[2020.12.07-01.06.16:810][811]LogLoad: Game class is 'ThirdPersonGameMode_C'
[2020.12.07-01.06.16:812][811]LogWorld: Bringing World /Game/ThirdPersonBP/Maps/UEDPIE_0_ThirdPersonExampleMap.ThirdPersonExampleMap up for play (max tick rate 0) at 2020.12.06-22.06.16
[2020.12.07-01.06.16:813][811]LogWorld: Bringing up level for play took: 0.001087
[2020.12.07-01.06.16:813][811]LogOnline: OSS: Creating online subsystem instance for: :Context_12
[2020.12.07-01.06.16:815][811]PIE: Server logged in
[2020.12.07-01.06.16:816][811]PIE: Play in editor total start time 0.175 seconds.
[2020.12.07-01.06.42:047][827]LogSlate: Updating window title bar state: overlay mode, drag disabled, window buttons hidden, title bar hidden
[2020.12.07-01.06.42:047][827]LogWorld: BeginTearingDown for /Game/ThirdPersonBP/Maps/UEDPIE_0_ThirdPersonExampleMap
[2020.12.07-01.06.42:047][827]LogWorld: UWorld::CleanupWorld for ThirdPersonExampleMap, bSessionEnded=true, bCleanupResources=true
[2020.12.07-01.06.42:048][827]LogSlate: InvalidateAllWidgets triggered.  All widgets were invalidated
[2020.12.07-01.06.42:054][827]LogPlayLevel: Display: Shutting down PIE online subsystems
[2020.12.07-01.06.42:057][827]LogSlate: InvalidateAllWidgets triggered.  All widgets were invalidated
[2020.12.07-01.06.42:085][827]LogSlate: Updating window title bar state: overlay mode, drag disabled, window buttons hidden, title bar hidden
[2020.12.07-01.06.42:086][827]LogAISub: UAISubsystem::~UAISubsystem AIPerceptionSystem (000002BAA8A17EC0), frame # 37827
[2020.12.07-01.06.42:086][827]LogAISub: UAISubsystem::~UAISubsystem EnvQueryManager (000002BA7551B000), frame # 37827
[2020.12.07-01.06.42:088][827]LogUObjectHash: Compacting FUObjectHashTables data took   1.42ms
[2020.12.07-01.06.42:116][828]LogPlayLevel: Display: Destroying online subsystem :Context_12
[2020.12.07-01.06.43:457][985]LogUObjectHash: Compacting FUObjectHashTables data took   1.33ms
[2020.12.07-01.06.46:495][340]LogEditorViewport: Clicking on Actor (LMB): ThirdPersonCharacter_C (ThirdPersonCharacter)
[2020.12.07-01.06.46:877][364]LogEditorViewport: Clicking on Actor (context menu): ThirdPersonCharacter_C (ThirdPersonCharacter)
[2020.12.07-01.06.47:778][427]LogAssetEditorSubsystem: Opening Asset editor for Blueprint /Game/ThirdPersonBP/Blueprints/ThirdPersonCharacter.ThirdPersonCharacter
[2020.12.07-01.06.50:654][580]LogSlate: Window 'ThirdPersonCharacter' being destroyed
[2020.12.07-01.06.50:667][580]LogSlate: Window 'ThirdPersonCharacter' being destroyed
[2020.12.07-01.06.50:668][580]LogWorld: UWorld::CleanupWorld for World_10, bSessionEnded=true, bCleanupResources=true
[2020.12.07-01.06.50:668][580]LogSlate: InvalidateAllWidgets triggered.  All widgets were invalidated
[2020.12.07-01.06.51:847][654]LogAssetEditorSubsystem: Opening Asset editor for AnimBlueprint /Game/Max/Animations/Max_Blueprint.Max_Blueprint
[2020.12.07-01.06.51:854][654]LogActorComponent: RegisterComponentWithWorld: (/Engine/Transient.World_12:PersistentLevel.AnimationEditorPreviewActor_0.DebugSkelMeshComponent_0) Already registered. Aborting.
[2020.12.07-01.06.52:178][654]LogSkeletalMesh: USkeletalMeshComponent::InitArticulated : Bodies already created (/Engine/Transient.World_12:PersistentLevel.AnimationEditorPreviewActor_0.DebugSkelMeshComponent_0) - call TermArticulated first.
[2020.12.07-01.06.52:520][654]LogContentBrowser: Verbose: The majority of assets in the view are of type: AnimSequence
[2020.12.07-01.07.15:027][118]LogUObjectHash: Compacting FUObjectHashTables data took   1.93ms
[2020.12.07-01.07.15:061][118]Cmd: OBJ SAVEPACKAGE PACKAGE="/Game/Max/Animations/Max_Blueprint" FILE="../../../../../UNREAL/ProjectFalls/Content/Max/Animations/Max_Blueprint.uasset" SILENT=true
[2020.12.07-01.07.15:114][118]LogSavePackage: Moving '../../../../../UNREAL/ProjectFalls/Saved/Max_Blueprint25619B884130C3F623C337AA4FBA1C8D.tmp' to '../../../../../UNREAL/ProjectFalls/Content/Max/Animations/Max_Blueprint.uasset'
[2020.12.07-01.07.15:135][118]AssetCheck: New page: Asset Save: Max_Blueprint
[2020.12.07-01.07.15:135][118]LogContentValidation: Display: Validating AnimBlueprint /Game/Max/Animations/Max_Blueprint.Max_Blueprint
[2020.12.07-01.07.16:503][205]Cmd: OBJ SAVEPACKAGE PACKAGE="/Game/Max/Animations/Max_Blueprint" FILE="../../../../../UNREAL/ProjectFalls/Content/Max/Animations/Max_Blueprint.uasset" SILENT=true
[2020.12.07-01.07.16:550][205]LogSavePackage: Moving '../../../../../UNREAL/ProjectFalls/Saved/Max_Blueprint43E55CCE444BA39BA58F96BD62187BE6.tmp' to '../../../../../UNREAL/ProjectFalls/Content/Max/Animations/Max_Blueprint.uasset'
[2020.12.07-01.07.16:571][205]AssetCheck: New page: Asset Save: Max_Blueprint
[2020.12.07-01.07.16:571][205]LogContentValidation: Display: Validating AnimBlueprint /Game/Max/Animations/Max_Blueprint.Max_Blueprint
[2020.12.07-01.07.17:138][242]BlueprintLog: New page: Compile Max_Blueprint
[2020.12.07-01.07.17:144][242]LogBlueprint: Warning: [Compiler Max_Blueprint] Sprinting_Forward_Roll to Max_Pistol_2  will never be taken, please connect something to  Can Enter Transition
[2020.12.07-01.07.17:175][242]LogUObjectHash: Compacting FUObjectHashTables data took   1.61ms
[2020.12.07-01.07.31:408][141]Cmd: OBJ SAVEPACKAGE PACKAGE="/Game/Max/Animations/Max_Blueprint" FILE="../../../../../UNREAL/ProjectFalls/Content/Max/Animations/Max_Blueprint.uasset" SILENT=true
[2020.12.07-01.07.31:461][141]LogSavePackage: Moving '../../../../../UNREAL/ProjectFalls/Saved/Max_Blueprint3FC1DFB3454EFBB57CC2D4A3499B1988.tmp' to '../../../../../UNREAL/ProjectFalls/Content/Max/Animations/Max_Blueprint.uasset'
[2020.12.07-01.07.31:483][141]AssetCheck: New page: Asset Save: Max_Blueprint
[2020.12.07-01.07.31:483][141]LogContentValidation: Display: Validating AnimBlueprint /Game/Max/Animations/Max_Blueprint.Max_Blueprint
[2020.12.07-01.07.32:042][177]BlueprintLog: New page: Compile Max_Blueprint
[2020.12.07-01.07.32:081][177]LogUObjectHash: Compacting FUObjectHashTables data took   1.98ms
[2020.12.07-01.07.33:272][253]LogSlate: Window 'Max_Blueprint' being destroyed
[2020.12.07-01.07.33:303][253]LogSlate: Window 'Max_Blueprint' being destroyed
[2020.12.07-01.07.33:340][253]LogWorld: UWorld::CleanupWorld for World_12, bSessionEnded=true, bCleanupResources=true
[2020.12.07-01.07.33:340][253]LogSlate: InvalidateAllWidgets triggered.  All widgets were invalidated
[2020.12.07-01.07.33:343][253]LogWorld: UWorld::CleanupWorld for World_11, bSessionEnded=true, bCleanupResources=true
[2020.12.07-01.07.33:343][253]LogSlate: InvalidateAllWidgets triggered.  All widgets were invalidated
[2020.12.07-01.07.33:426][253]LogWorld: UWorld::CleanupWorld for World_13, bSessionEnded=true, bCleanupResources=true
[2020.12.07-01.07.33:426][253]LogSlate: InvalidateAllWidgets triggered.  All widgets were invalidated
[2020.12.07-01.07.34:157][322]LogTemp: Repeating last play command: Selected Viewport
[2020.12.07-01.07.34:172][322]LogPlayLevel: PlayLevel: No blueprints needed recompiling
[2020.12.07-01.07.34:172][322]PIE: New page: PIE session: ThirdPersonExampleMap (Dec 6, 2020, 8:07:34 PM)
[2020.12.07-01.07.34:220][322]LogPlayLevel: Creating play world package: /Game/ThirdPersonBP/Maps/UEDPIE_0_ThirdPersonExampleMap
[2020.12.07-01.07.34:229][322]LogPlayLevel: PIE: StaticDuplicateObject took: (0.009306s)
[2020.12.07-01.07.34:231][322]LogAIModule: Creating AISystem for world ThirdPersonExampleMap
[2020.12.07-01.07.34:231][322]LogAISub: UAISubsystem::UAISubsystem EnvQueryManager (000002BAA9D1F200), frame # 41322
[2020.12.07-01.07.34:231][322]LogAISub: UAISubsystem::UAISubsystem AIPerceptionSystem (000002BAF25B2E80), frame # 41322
[2020.12.07-01.07.34:231][322]LogPlayLevel: PIE: World Init took: (0.001394s)
[2020.12.07-01.07.34:231][322]LogPlayLevel: PIE: Created PIE world by copying editor world from /Game/ThirdPersonBP/Maps/ThirdPersonExampleMap.ThirdPersonExampleMap to /Game/ThirdPersonBP/Maps/UEDPIE_0_ThirdPersonExampleMap.ThirdPersonExampleMap (0.010953s)
[2020.12.07-01.07.34:253][322]LogUObjectHash: Compacting FUObjectHashTables data took   1.82ms
[2020.12.07-01.07.34:256][322]LogAudioMixer: Display: Audio Mixer Platform Settings:
[2020.12.07-01.07.34:256][322]LogAudioMixer: Display: 	Sample Rate:						  48000
[2020.12.07-01.07.34:256][322]LogAudioMixer: Display: 	Callback Buffer Frame Size Requested: 1024
[2020.12.07-01.07.34:256][322]LogAudioMixer: Display: 	Callback Buffer Frame Size To Use:	  1024
[2020.12.07-01.07.34:256][322]LogAudioMixer: Display: 	Number of buffers to queue:			  2
[2020.12.07-01.07.34:256][322]LogAudioMixer: Display: 	Max Channels (voices):				  32
[2020.12.07-01.07.34:256][322]LogAudioMixer: Display: 	Number of Async Source Workers:		  0
[2020.12.07-01.07.34:256][322]LogAudio: Display: AudioDevice MaxSources: 32
[2020.12.07-01.07.34:256][322]LogAudio: Display: Using built-in audio occlusion.
[2020.12.07-01.07.34:256][322]LogAudioMixer: Display: Initializing audio mixer.
[2020.12.07-01.07.34:277][322]LogAudioMixer: Display: 0: FrontLeft
[2020.12.07-01.07.34:277][322]LogAudioMixer: Display: 1: FrontRight
[2020.12.07-01.07.34:326][322]LogAudioMixer: Display: Using Audio Device Alto-falantes (Jabra EVOLVE 20)
[2020.12.07-01.07.34:326][322]LogAudioMixer: Display: Initializing Sound Submixes...
[2020.12.07-01.07.34:326][322]LogAudioMixer: Display: Creating Master Submix 'MasterSubmixDefault'
[2020.12.07-01.07.34:326][322]LogAudioMixer: Display: Creating Master Submix 'MasterReverbSubmixDefault'
[2020.12.07-01.07.34:326][322]LogAudioMixer: Display: Creating Master Submix 'MasterEQSubmixDefault'
[2020.12.07-01.07.34:338][322]LogInit: FAudioDevice initialized.
[2020.12.07-01.07.34:344][322]LogLoad: Game class is 'ThirdPersonGameMode_C'
[2020.12.07-01.07.34:346][322]LogWorld: Bringing World /Game/ThirdPersonBP/Maps/UEDPIE_0_ThirdPersonExampleMap.ThirdPersonExampleMap up for play (max tick rate 0) at 2020.12.06-22.07.34
[2020.12.07-01.07.34:346][322]LogWorld: Bringing up level for play took: 0.001028
[2020.12.07-01.07.34:346][322]LogOnline: OSS: Creating online subsystem instance for: :Context_17
[2020.12.07-01.07.34:348][322]PIE: Server logged in
[2020.12.07-01.07.34:349][322]PIE: Play in editor total start time 0.183 seconds.
[2020.12.07-01.08.17:138][444]LogSlate: Updating window title bar state: overlay mode, drag disabled, window buttons hidden, title bar hidden
[2020.12.07-01.08.17:138][444]LogWorld: BeginTearingDown for /Game/ThirdPersonBP/Maps/UEDPIE_0_ThirdPersonExampleMap
[2020.12.07-01.08.17:138][444]LogWorld: UWorld::CleanupWorld for ThirdPersonExampleMap, bSessionEnded=true, bCleanupResources=true
[2020.12.07-01.08.17:138][444]LogSlate: InvalidateAllWidgets triggered.  All widgets were invalidated
[2020.12.07-01.08.17:143][444]LogPlayLevel: Display: Shutting down PIE online subsystems
[2020.12.07-01.08.17:146][444]LogSlate: InvalidateAllWidgets triggered.  All widgets were invalidated
[2020.12.07-01.08.17:176][444]LogSlate: Updating window title bar state: overlay mode, drag disabled, window buttons hidden, title bar hidden
[2020.12.07-01.08.17:176][444]LogAISub: UAISubsystem::~UAISubsystem AIPerceptionSystem (000002BAF25B2E80), frame # 46444
[2020.12.07-01.08.17:176][444]LogAISub: UAISubsystem::~UAISubsystem EnvQueryManager (000002BAA9D1F200), frame # 46444
[2020.12.07-01.08.17:178][444]LogUObjectHash: Compacting FUObjectHashTables data took   1.48ms
[2020.12.07-01.08.17:216][445]LogPlayLevel: Display: Destroying online subsystem :Context_17
[2020.12.07-01.08.17:867][519]LogUObjectHash: Compacting FUObjectHashTables data took   1.42ms
[2020.12.07-01.08.18:501][593]LogEditorViewport: Clicking on Actor (LMB): LightmassImportanceVolume (LightmassImportanceVolume)
[2020.12.07-01.08.23:160][123]LogEditorViewport: Clicking on Actor (LMB): ThirdPersonCharacter_C (ThirdPersonCharacter)
[2020.12.07-01.08.23:456][140]LogEditorViewport: Clicking on Actor (context menu): ThirdPersonCharacter_C (ThirdPersonCharacter)
[2020.12.07-01.08.24:218][202]LogAssetEditorSubsystem: Opening Asset editor for Blueprint /Game/ThirdPersonBP/Blueprints/ThirdPersonCharacter.ThirdPersonCharacter
[2020.12.07-01.08.24:750][203]LogRHI: Error: Present Fail Count 1
[2020.12.07-01.08.24:750][203]LogRHI: Error: SyncInterval 0
[2020.12.07-01.08.24:750][203]LogRHI: Error: SwapChainDesc.BufferDesc.Width 2576
[2020.12.07-01.08.24:750][203]LogRHI: Error: SwapChainDesc.BufferDesc.Height 1056
[2020.12.07-01.08.24:750][203]LogRHI: Error: SwapChainDesc.BufferDesc.RefreshRate.Numerator 0
[2020.12.07-01.08.24:750][203]LogRHI: Error: SwapChainDesc.BufferDesc.RefreshRate.Denominator 0
[2020.12.07-01.08.24:750][203]LogRHI: Error: SwapChainDesc.BufferDesc.Format 24
[2020.12.07-01.08.24:750][203]LogRHI: Error: SwapChainDesc.BufferDesc.ScanlineOrdering 0
[2020.12.07-01.08.24:750][203]LogRHI: Error: SwapChainDesc.BufferDesc.Scaling 0
[2020.12.07-01.08.24:750][203]LogRHI: Error: SwapChainDesc.SampleDesc.Count 1
[2020.12.07-01.08.24:750][203]LogRHI: Error: SwapChainDesc.SampleDesc.Quality 0
[2020.12.07-01.08.24:750][203]LogRHI: Error: SwapChainDesc.BufferUsage 48
[2020.12.07-01.08.24:750][203]LogRHI: Error: SwapChainDesc.BufferCount 2
[2020.12.07-01.08.24:750][203]LogRHI: Error: SwapChainDesc.OutputWindow 0000000000510816
[2020.12.07-01.08.24:750][203]LogRHI: Error: SwapChainDesc.Windowed true
[2020.12.07-01.08.24:750][203]LogRHI: Error: SwapChainDesc.SwapEffect 4
[2020.12.07-01.08.24:750][203]LogRHI: Error: SwapChainDesc.Flags 2050
[2020.12.07-01.08.24:750][203]LogD3D11RHI: Error: Result failed 
 at D:/Build/++UE4/Sync/Engine/Source/Runtime/Windows/D3D11RHI/Private/D3D11Query.cpp:348 
 with error DXGI_ERROR_DEVICE_REMOVED DXGI_ERROR_DRIVER_INTERNAL_ERROR
[2020.12.07-01.08.24:750][203]LogD3D11RHI: [Aftermath] GDynamicRHI=000002BA1E3E60C0, GDX11NVAfterMathEnabled=0, Result=0xFFFFFFFF, bDeviceActive=0
[2020.12.07-01.08.24:750][203]LogWindows: Windows GetLastError: A operação foi concluída com êxito. (0)
[2020.12.07-01.08.27:603][203]LogWindows: FPlatformMisc::RequestExit(0)
[2020.12.07-01.08.27:603][203]LogCore: Engine exit requested (reason: Win RequestExit)
[2020.12.07-01.08.27:603][203]LogWindows: FPlatformMisc::RequestExit(1)
[2020.12.07-01.08.27:603][203]LogCore: Engine exit requested (reason: Win RequestExit; note: exit was already requested)
[2020.12.07-01.08.27:640][203]Log file closed, 12/06/20 22:08:27
